[2019-03-20T10:12:50.039] [INFO] response - { method: 'GET', url: '/favicon.ico', body: {}, costTime: 2 }
[2019-03-20T10:13:32.676] [INFO] response - { method: 'POST',
  url: '/user/login',
  body: { userName: 'admin', password: '123' },
  costTime: 126 }
[2019-03-20T10:13:32.723] [INFO] response - { method: 'POST',
  url: '/resourceLibrary/getImgs',
  body: { pageSize: '18', currentPage: '1' },
  costTime: 10 }
[2019-03-20T10:13:32.725] [INFO] response - { method: 'POST',
  url: '/websites/getWebsites',
  body: {},
  costTime: 9 }
[2019-03-20T10:13:39.938] [INFO] response - { method: 'POST',
  url: '/websites/getWebsites',
  body: {},
  costTime: 5 }
[2019-03-20T10:13:39.941] [INFO] response - { method: 'POST',
  url: '/resourceLibrary/getImgs',
  body: { pageSize: '18', currentPage: '1' },
  costTime: 12 }
[2019-03-20T10:13:46.141] [INFO] response - { method: 'POST',
  url: '/resourceLibrary/getImgs',
  body: { pageSize: '18', currentPage: '1' },
  costTime: 6 }
[2019-03-20T10:13:46.143] [INFO] response - { method: 'POST',
  url: '/resourceLibrary/getVideos',
  body: { pageSize: '18', currentPage: '1' },
  costTime: 7 }
[2019-03-20T10:13:48.562] [INFO] response - { method: 'POST',
  url: '/resourceLibrary/getImgs',
  body: { pageSize: '18', currentPage: '1' },
  costTime: 5 }
[2019-03-20T10:13:48.564] [INFO] response - { method: 'POST',
  url: '/resourceLibrary/getVideos',
  body: { pageSize: '18', currentPage: '1' },
  costTime: 6 }
[2019-03-20T10:22:28.578] [INFO] response - { method: 'POST',
  url: '/websites/getWebsites',
  body: {},
  costTime: 3 }
[2019-03-20T10:22:28.581] [INFO] response - { method: 'POST',
  url: '/resourceLibrary/getImgs',
  body: { pageSize: '18', currentPage: '1' },
  costTime: 8 }
[2019-03-20T10:27:12.708] [INFO] response - { method: 'POST',
  url: '/websites/getWebsites',
  body: {},
  costTime: 5 }
[2019-03-20T10:27:12.710] [INFO] response - { method: 'POST',
  url: '/resourceLibrary/getImgs',
  body: { pageSize: '18', currentPage: '1' },
  costTime: 9 }
[2019-03-20T10:27:15.719] [INFO] response - { method: 'POST',
  url: '/resourceLibrary/getImgs',
  body: { pageSize: '18', currentPage: '1' },
  costTime: 4 }
[2019-03-20T10:27:15.721] [INFO] response - { method: 'POST',
  url: '/resourceLibrary/getVideos',
  body: { pageSize: '18', currentPage: '1' },
  costTime: 5 }
[2019-03-20T10:27:17.921] [INFO] response - { method: 'POST',
  url: '/resourceLibrary/getImgs',
  body: { pageSize: '18', currentPage: '1' },
  costTime: 6 }
[2019-03-20T10:27:17.924] [INFO] response - { method: 'POST',
  url: '/resourceLibrary/getVideos',
  body: { pageSize: '18', currentPage: '1' },
  costTime: 7 }
[2019-03-20T10:42:16.565] [INFO] response - { method: 'POST',
  url: '/resourceLibrary/getImgs',
  body: { pageSize: '18', currentPage: '1' },
  costTime: 7 }
[2019-03-20T10:42:16.568] [INFO] response - { method: 'POST',
  url: '/resourceLibrary/getVideos',
  body: { pageSize: '18', currentPage: '1' },
  costTime: 5 }
[2019-03-20T10:42:20.208] [INFO] response - { method: 'POST',
  url: '/resourceLibrary/getImgs',
  body: { pageSize: '18', currentPage: '1' },
  costTime: 5 }
[2019-03-20T10:42:20.210] [INFO] response - { method: 'POST',
  url: '/resourceLibrary/getVideos',
  body: { pageSize: '18', currentPage: '1' },
  costTime: 5 }
[2019-03-20T10:42:25.341] [INFO] response - { method: 'POST',
  url: '/websites/getWebsites',
  body: {},
  costTime: 3 }
[2019-03-20T10:42:25.343] [INFO] response - { method: 'POST',
  url: '/resourceLibrary/getImgs',
  body: { pageSize: '18', currentPage: '1' },
  costTime: 6 }
[2019-03-20T10:42:34.616] [INFO] response - { method: 'POST',
  url: '/websites/getWebsites',
  body: {},
  costTime: 3 }
[2019-03-20T10:42:34.618] [INFO] response - { method: 'POST',
  url: '/resourceLibrary/getImgs',
  body: { pageSize: '18', currentPage: '1' },
  costTime: 7 }
[2019-03-20T13:35:54.211] [INFO] response - { method: 'POST',
  url: '/websites/getWebsites',
  body: {},
  costTime: 3 }
[2019-03-20T13:35:54.213] [INFO] response - { method: 'POST',
  url: '/resourceLibrary/getImgs',
  body: { pageSize: '18', currentPage: '1' },
  costTime: 7 }
[2019-03-20T14:14:17.461] [INFO] response - { method: 'POST',
  url: '/resourceLibrary/getImgs',
  body: { pageSize: '18', currentPage: '1' },
  costTime: 4 }
[2019-03-20T14:14:17.463] [INFO] response - { method: 'POST',
  url: '/resourceLibrary/getVideos',
  body: { pageSize: '18', currentPage: '1' },
  costTime: 5 }
[2019-03-20T15:31:31.433] [INFO] response - { method: 'POST',
  url: '/resourceLibrary/getImgs',
  body: { pageSize: '18', currentPage: '1' },
  costTime: 22 }
[2019-03-20T15:31:31.438] [INFO] response - { method: 'POST',
  url: '/websites/getWebsites',
  body: {},
  costTime: 21 }
[2019-03-20T15:31:32.824] [INFO] response - { method: 'POST',
  url: '/resourceLibrary/getImgs',
  body: { pageSize: '18', currentPage: '1' },
  costTime: 6 }
[2019-03-20T15:31:32.826] [INFO] response - { method: 'POST',
  url: '/resourceLibrary/getVideos',
  body: { pageSize: '18', currentPage: '1' },
  costTime: 6 }
[2019-03-20T15:39:53.974] [INFO] response - { method: 'POST',
  url: '/resourceLibrary/getImgs',
  body: { pageSize: '18', currentPage: '1' },
  costTime: 5 }
[2019-03-20T15:39:53.978] [INFO] response - { method: 'POST',
  url: '/resourceLibrary/getVideos',
  body: { pageSize: '18', currentPage: '1' },
  costTime: 7 }
[2019-03-20T15:59:43.518] [INFO] response - { method: 'POST',
  url: '/outRecord/addRecords',
  body: 
   { showDialog: 'true',
     recordName: 'sadad',
     userName: 'admin',
     replacePerson: 'asdasd',
     replacePersonId: '',
     startTime: '2019-03-05T16:00:00.000Z',
     endTime: '2019-03-29T16:00:00.000Z' },
  costTime: 27 }
[2019-03-20T16:09:59.161] [INFO] response - { method: 'POST', url: '/user/getUsers', body: {}, costTime: 16 }
[2019-03-20T16:10:27.000] [INFO] response - { method: 'POST', url: '/user/getUsers', body: {}, costTime: 4 }
[2019-03-20T16:10:37.857] [INFO] response - { method: 'POST', url: '/user/getUsers', body: {}, costTime: 1 }
[2019-03-20T16:21:17.826] [INFO] response - { method: 'POST', url: '/user/getUsers', body: {}, costTime: 3 }
[2019-03-20T16:21:17.882] [INFO] response - { method: 'POST', url: '/user/getUsers', body: {}, costTime: 2 }
[2019-03-20T16:21:17.935] [INFO] response - { method: 'POST', url: '/user/getUsers', body: {}, costTime: 2 }
[2019-03-20T16:23:53.473] [INFO] response - { method: 'POST',
  url: '/outRecord/getOutRecords',
  body: {},
  costTime: 1 }
[2019-03-20T16:23:53.476] [INFO] response - { method: 'POST', url: '/user/getUsers', body: {}, costTime: 2 }
[2019-03-20T16:24:01.073] [INFO] response - { method: 'POST',
  url: '/outRecord/getOutRecords',
  body: {},
  costTime: 0 }
[2019-03-20T16:24:01.077] [INFO] response - { method: 'POST', url: '/user/getUsers', body: {}, costTime: 2 }
[2019-03-20T16:24:16.094] [INFO] response - { method: 'POST',
  url: '/outRecord/getRecords',
  body: {},
  costTime: 3 }
[2019-03-20T16:24:16.097] [INFO] response - { method: 'POST', url: '/user/getUsers', body: {}, costTime: 5 }
[2019-03-20T16:24:21.741] [INFO] response - { method: 'POST',
  url: '/outRecord/getRecords',
  body: {},
  costTime: 3 }
[2019-03-20T16:24:21.742] [INFO] response - { method: 'POST', url: '/user/getUsers', body: {}, costTime: 3 }
[2019-03-20T16:25:17.696] [INFO] response - { method: 'POST',
  url: '/outRecord/getRecords',
  body: {},
  costTime: 3 }
[2019-03-20T16:25:17.697] [INFO] response - { method: 'POST', url: '/user/getUsers', body: {}, costTime: 2 }
[2019-03-20T16:25:56.673] [INFO] response - { method: 'POST',
  url: '/outRecord/addRecords',
  body: 
   { showDialog: 'true',
     recordPersonId: '',
     recordPersonName: '',
     userName: 'admin',
     userId: '',
     replacePerson: '阿达',
     replacePersonId: '',
     startTime: '2019-03-20T08:25:53.000Z',
     endTime: '2019-03-20T08:25:54.000Z',
     recordName: '阿达' },
  costTime: 27 }
[2019-03-20T16:26:01.769] [INFO] response - { method: 'POST',
  url: '/outRecord/getRecords',
  body: {},
  costTime: 4 }
[2019-03-20T16:26:01.770] [INFO] response - { method: 'POST', url: '/user/getUsers', body: {}, costTime: 4 }
[2019-03-20T16:28:26.330] [INFO] response - { method: 'POST',
  url: '/outRecord/getRecords',
  body: {},
  costTime: 3 }
[2019-03-20T16:28:26.332] [INFO] response - { method: 'POST', url: '/user/getUsers', body: {}, costTime: 3 }
[2019-03-20T16:29:20.313] [INFO] response - { method: 'POST',
  url: '/outRecord/getRecords',
  body: {},
  costTime: 3 }
[2019-03-20T16:29:20.315] [INFO] response - { method: 'POST', url: '/user/getUsers', body: {}, costTime: 3 }
[2019-03-20T16:29:51.411] [INFO] response - { method: 'POST',
  url: '/outRecord/addRecords',
  body: 
   { showDialog: 'true',
     recordPersonId: '',
     recordPersonName: '阿达',
     userName: 'admin',
     userId: '',
     replacePersonName: '电风扇覆盖',
     replacePersonId: '',
     startTime: '2019-03-20T08:29:43.000Z',
     endTime: '2019-03-20T08:29:45.000Z' },
  costTime: 7 }
[2019-03-20T16:29:57.235] [INFO] response - { method: 'POST',
  url: '/outRecord/getRecords',
  body: {},
  costTime: 2 }
[2019-03-20T16:29:57.237] [INFO] response - { method: 'POST', url: '/user/getUsers', body: {}, costTime: 3 }
[2019-03-20T16:30:47.755] [INFO] response - { method: 'POST',
  url: '/outRecord/getRecords',
  body: {},
  costTime: 17 }
[2019-03-20T16:30:47.763] [INFO] response - { method: 'POST', url: '/user/getUsers', body: {}, costTime: 18 }
[2019-03-20T16:31:01.052] [INFO] response - { method: 'POST',
  url: '/outRecord/addRecords',
  body: 
   { showDialog: 'true',
     recordPersonId: '',
     recordPersonName: '十大歌手',
     userName: 'admin',
     userId: '',
     replacePersonName: '合肥国际法',
     replacePersonId: '',
     startTime: '2019-03-20T08:30:58.000Z',
     endTime: '2019-03-20T08:30:59.000Z' },
  costTime: 20 }
[2019-03-20T16:31:06.460] [INFO] response - { method: 'POST',
  url: '/outRecord/getRecords',
  body: {},
  costTime: 4 }
[2019-03-20T16:31:06.462] [INFO] response - { method: 'POST', url: '/user/getUsers', body: {}, costTime: 4 }
[2019-03-20T16:36:15.517] [INFO] response - { method: 'POST',
  url: '/outRecord/getRecords',
  body: {},
  costTime: 4 }
[2019-03-20T16:36:15.519] [INFO] response - { method: 'POST', url: '/user/getUsers', body: {}, costTime: 4 }
[2019-03-20T16:38:42.687] [INFO] response - { method: 'POST',
  url: '/resourceLibrary/getImgs',
  body: { pageSize: '18', currentPage: '1' },
  costTime: 10 }
[2019-03-20T16:38:42.688] [INFO] response - { method: 'POST',
  url: '/resourceLibrary/getVideos',
  body: { pageSize: '18', currentPage: '1' },
  costTime: 7 }
[2019-03-20T16:38:45.591] [INFO] response - { method: 'POST',
  url: '/outRecord/getRecords',
  body: {},
  costTime: 2 }
[2019-03-20T16:38:45.593] [INFO] response - { method: 'POST', url: '/user/getUsers', body: {}, costTime: 3 }
[2019-03-20T16:41:26.901] [INFO] response - { method: 'POST',
  url: '/outRecord/getRecords',
  body: { pageSize: '10', currentPage: '0' },
  costTime: 3 }
[2019-03-20T16:41:26.902] [INFO] response - { method: 'POST', url: '/user/getUsers', body: {}, costTime: 3 }
[2019-03-20T16:41:47.683] [INFO] response - { method: 'POST',
  url: '/outRecord/getRecords',
  body: { pageSize: '10', currentPage: '0' },
  costTime: 3 }
[2019-03-20T16:41:47.685] [INFO] response - { method: 'POST', url: '/user/getUsers', body: {}, costTime: 3 }
[2019-03-20T16:42:31.916] [INFO] response - { method: 'POST',
  url: '/outRecord/getRecords',
  body: { pageSize: '10', currentPage: '0' },
  costTime: 3 }
[2019-03-20T16:42:31.917] [INFO] response - { method: 'POST', url: '/user/getUsers', body: {}, costTime: 2 }
[2019-03-20T16:47:58.453] [INFO] response - { method: 'POST', url: '/user/getUsers', body: {}, costTime: 11 }
[2019-03-20T16:48:04.610] [INFO] response - { method: 'POST', url: '/user/getUsers', body: {}, costTime: 6 }
[2019-03-20T16:49:06.578] [INFO] response - { method: 'POST', url: '/user/getUsers', body: {}, costTime: 15 }
[2019-03-20T16:49:24.475] [INFO] response - { method: 'POST', url: '/user/getUsers', body: {}, costTime: 30 }
[2019-03-20T16:50:21.704] [INFO] response - { method: 'POST', url: '/user/getUsers', body: {}, costTime: 7 }
[2019-03-20T16:50:23.131] [INFO] response - { method: 'POST', url: '/user/getUsers', body: {}, costTime: 5 }
[2019-03-20T16:51:15.015] [INFO] response - { method: 'POST', url: '/user/getUsers', body: {}, costTime: 12 }
[2019-03-20T16:51:15.022] [INFO] response - { method: 'POST',
  url: '/outRecord/getRecords',
  body: { pageSize: '10', currentPage: '1' },
  costTime: 27 }
[2019-03-20T16:52:58.748] [INFO] response - { method: 'POST', url: '/user/getUsers', body: {}, costTime: 3 }
[2019-03-20T16:52:58.749] [INFO] response - { method: 'POST',
  url: '/outRecord/getRecords',
  body: { pageSize: '10', currentPage: '1' },
  costTime: 6 }
[2019-03-20T16:53:05.236] [INFO] response - { method: 'POST', url: '/user/getUsers', body: {}, costTime: 15 }
[2019-03-20T16:53:05.241] [INFO] response - { method: 'POST',
  url: '/outRecord/getRecords',
  body: { pageSize: '10', currentPage: '1' },
  costTime: 26 }
[2019-03-20T16:54:54.568] [INFO] response - { method: 'POST', url: '/user/getUsers', body: {}, costTime: 3 }
[2019-03-20T16:54:54.569] [INFO] response - { method: 'POST',
  url: '/outRecord/getRecords',
  body: { pageSize: '10', currentPage: '1' },
  costTime: 5 }
[2019-03-20T16:56:07.317] [INFO] response - { method: 'POST', url: '/user/getUsers', body: {}, costTime: 14 }
[2019-03-20T16:56:07.324] [INFO] response - { method: 'POST',
  url: '/outRecord/getRecords',
  body: { pageSize: '10', currentPage: '1' },
  costTime: 27 }
[2019-03-20T16:57:27.766] [INFO] response - { method: 'POST',
  url: '/outRecord/getRecords',
  body: { pageSize: '10', currentPage: '1' },
  costTime: 21 }
[2019-03-20T16:57:27.777] [INFO] response - { method: 'POST', url: '/user/getUsers', body: {}, costTime: 24 }
[2019-03-20T16:59:50.386] [INFO] response - { method: 'POST',
  url: '/outRecord/addRecords',
  body: 
   { showDialog: 'true',
     recordPersonId: '',
     recordPersonName: '杨超林',
     userName: 'admin',
     userId: '',
     replacePersonName: '林邱恒',
     replacePersonId: '',
     startTime: '2019-03-20T08:59:43.000Z',
     endTime: '2019-03-30T16:00:00.000Z' },
  costTime: 30 }
[2019-03-20T16:59:55.553] [INFO] response - { method: 'POST', url: '/user/getUsers', body: {}, costTime: 3 }
[2019-03-20T16:59:55.555] [INFO] response - { method: 'POST',
  url: '/outRecord/getRecords',
  body: { pageSize: '10', currentPage: '1' },
  costTime: 7 }
[2019-03-20T17:03:13.404] [INFO] response - { method: 'POST',
  url: '/outRecord/addRecords',
  body: 
   { showDialog: 'true',
     recordPersonId: '',
     recordPersonName: '刘凯',
     userName: 'admin',
     userId: '',
     replacePersonName: '林邱恒',
     replacePersonId: '',
     startTime: '2019-03-20T09:03:10.000Z',
     endTime: '2019-03-28T16:00:00.000Z' },
  costTime: 3 }
[2019-03-20T17:03:17.874] [INFO] response - { method: 'POST',
  url: '/outRecord/getRecords',
  body: { pageSize: '10', currentPage: '1' },
  costTime: 3 }
[2019-03-20T17:03:17.875] [INFO] response - { method: 'POST', url: '/user/getUsers', body: {}, costTime: 2 }
[2019-03-20T17:04:01.619] [INFO] response - { method: 'POST', url: '/user/getUsers', body: {}, costTime: 1 }
[2019-03-20T17:04:01.620] [INFO] response - { method: 'POST',
  url: '/outRecord/getRecords',
  body: { pageSize: '10', currentPage: '1' },
  costTime: 4 }
[2019-03-20T17:04:38.230] [INFO] response - { method: 'POST', url: '/user/getUsers', body: {}, costTime: 2 }
[2019-03-20T17:04:38.231] [INFO] response - { method: 'POST',
  url: '/outRecord/getRecords',
  body: { pageSize: '10', currentPage: '1' },
  costTime: 7 }
[2019-03-20T17:09:29.317] [INFO] response - { method: 'POST',
  url: '/outRecord/addRecords',
  body: 
   { showDialog: 'true',
     recordPersonId: '',
     recordPersonName: '张三',
     userName: 'admin',
     userId: '',
     replacePersonName: '李四',
     replacePersonId: '',
     startTime: '2019-03-20T09:09:25.000Z',
     endTime: '2019-03-20T09:09:28.000Z' },
  costTime: 4 }
[2019-03-20T17:09:32.293] [INFO] response - { method: 'POST',
  url: '/outRecord/addRecords',
  body: 
   { showDialog: 'true',
     recordPersonId: '',
     recordPersonName: '张三',
     userName: 'admin',
     userId: '',
     replacePersonName: '李四',
     replacePersonId: '',
     startTime: '2019-03-20T09:09:25.000Z',
     endTime: '2019-03-20T09:09:28.000Z' },
  costTime: 7 }
[2019-03-20T17:09:34.724] [INFO] response - { method: 'POST',
  url: '/outRecord/addRecords',
  body: 
   { showDialog: 'true',
     recordPersonId: '',
     recordPersonName: '张三',
     userName: 'admin',
     userId: '',
     replacePersonName: '李四',
     replacePersonId: '',
     startTime: '2019-03-20T09:09:25.000Z',
     endTime: '2019-03-20T09:09:28.000Z' },
  costTime: 3 }
[2019-03-20T17:09:36.544] [INFO] response - { method: 'POST',
  url: '/outRecord/addRecords',
  body: 
   { showDialog: 'true',
     recordPersonId: '',
     recordPersonName: '张三',
     userName: 'admin',
     userId: '',
     replacePersonName: '李四',
     replacePersonId: '',
     startTime: '2019-03-20T09:09:25.000Z',
     endTime: '2019-03-20T09:09:28.000Z' },
  costTime: 2 }
[2019-03-20T17:09:38.107] [INFO] response - { method: 'POST',
  url: '/outRecord/addRecords',
  body: 
   { showDialog: 'true',
     recordPersonId: '',
     recordPersonName: '张三',
     userName: 'admin',
     userId: '',
     replacePersonName: '李四',
     replacePersonId: '',
     startTime: '2019-03-20T09:09:25.000Z',
     endTime: '2019-03-20T09:09:28.000Z' },
  costTime: 3 }
[2019-03-20T17:09:39.780] [INFO] response - { method: 'POST',
  url: '/outRecord/addRecords',
  body: 
   { showDialog: 'true',
     recordPersonId: '',
     recordPersonName: '张三',
     userName: 'admin',
     userId: '',
     replacePersonName: '李四',
     replacePersonId: '',
     startTime: '2019-03-20T09:09:25.000Z',
     endTime: '2019-03-20T09:09:28.000Z' },
  costTime: 3 }
[2019-03-20T17:09:41.389] [INFO] response - { method: 'POST',
  url: '/outRecord/addRecords',
  body: 
   { showDialog: 'true',
     recordPersonId: '',
     recordPersonName: '张三',
     userName: 'admin',
     userId: '',
     replacePersonName: '李四',
     replacePersonId: '',
     startTime: '2019-03-20T09:09:25.000Z',
     endTime: '2019-03-20T09:09:28.000Z' },
  costTime: 4 }
[2019-03-20T17:09:43.059] [INFO] response - { method: 'POST',
  url: '/outRecord/addRecords',
  body: 
   { showDialog: 'true',
     recordPersonId: '',
     recordPersonName: '张三',
     userName: 'admin',
     userId: '',
     replacePersonName: '李四',
     replacePersonId: '',
     startTime: '2019-03-20T09:09:25.000Z',
     endTime: '2019-03-20T09:09:28.000Z' },
  costTime: 3 }
[2019-03-20T17:09:44.826] [INFO] response - { method: 'POST',
  url: '/outRecord/addRecords',
  body: 
   { showDialog: 'true',
     recordPersonId: '',
     recordPersonName: '张三',
     userName: 'admin',
     userId: '',
     replacePersonName: '李四',
     replacePersonId: '',
     startTime: '2019-03-20T09:09:25.000Z',
     endTime: '2019-03-20T09:09:28.000Z' },
  costTime: 3 }
[2019-03-20T17:09:48.372] [INFO] response - { method: 'POST',
  url: '/outRecord/getRecords',
  body: { pageSize: '10', currentPage: '1' },
  costTime: 5 }
[2019-03-20T17:09:48.374] [INFO] response - { method: 'POST', url: '/user/getUsers', body: {}, costTime: 5 }
[2019-03-20T17:10:22.355] [INFO] response - { method: 'POST', url: '/user/getUsers', body: {}, costTime: 1 }
[2019-03-20T17:10:22.358] [INFO] response - { method: 'POST',
  url: '/outRecord/getRecords',
  body: { pageSize: '9', currentPage: '1' },
  costTime: 5 }
[2019-03-20T17:10:41.108] [INFO] response - { method: 'POST', url: '/user/getUsers', body: {}, costTime: 2 }
[2019-03-20T17:10:41.110] [INFO] response - { method: 'POST',
  url: '/outRecord/getRecords',
  body: { pageSize: '9', currentPage: '1' },
  costTime: 5 }
[2019-03-20T17:11:52.641] [INFO] response - { method: 'POST', url: '/user/getUsers', body: {}, costTime: 1 }
[2019-03-20T17:11:52.643] [INFO] response - { method: 'POST',
  url: '/outRecord/getRecords',
  body: { pageSize: '9', currentPage: '1' },
  costTime: 5 }
[2019-03-20T17:11:55.119] [INFO] response - { method: 'POST',
  url: '/outRecord/getRecords',
  body: { pageSize: '9', currentPage: '2' },
  costTime: 5 }
[2019-03-20T17:11:57.510] [INFO] response - { method: 'POST',
  url: '/outRecord/getRecords',
  body: { pageSize: '9', currentPage: '1' },
  costTime: 6 }
[2019-03-20T17:11:58.508] [INFO] response - { method: 'POST',
  url: '/outRecord/getRecords',
  body: { pageSize: '9', currentPage: '2' },
  costTime: 4 }
[2019-03-20T17:11:59.360] [INFO] response - { method: 'POST',
  url: '/outRecord/getRecords',
  body: { pageSize: '9', currentPage: '1' },
  costTime: 10 }
[2019-03-20T17:11:59.932] [INFO] response - { method: 'POST',
  url: '/outRecord/getRecords',
  body: { pageSize: '9', currentPage: '2' },
  costTime: 6 }
[2019-03-20T17:12:01.318] [INFO] response - { method: 'POST',
  url: '/outRecord/getRecords',
  body: { pageSize: '9', currentPage: '1' },
  costTime: 10 }
[2019-03-20T17:12:02.291] [INFO] response - { method: 'POST',
  url: '/outRecord/getRecords',
  body: { pageSize: '9', currentPage: '2' },
  costTime: 8 }
[2019-03-20T17:12:04.400] [INFO] response - { method: 'POST',
  url: '/outRecord/getRecords',
  body: { pageSize: '9', currentPage: '1' },
  costTime: 8 }
[2019-03-20T17:12:06.055] [INFO] response - { method: 'POST',
  url: '/outRecord/getRecords',
  body: { pageSize: '9', currentPage: '2' },
  costTime: 4 }
[2019-03-20T17:12:08.943] [INFO] response - { method: 'POST',
  url: '/resourceLibrary/getImgs',
  body: { pageSize: '18', currentPage: '1' },
  costTime: 7 }
[2019-03-20T17:12:08.944] [INFO] response - { method: 'POST',
  url: '/resourceLibrary/getVideos',
  body: { pageSize: '18', currentPage: '1' },
  costTime: 6 }
[2019-03-20T17:13:23.791] [INFO] response - { method: 'POST', url: '/user/getUsers', body: {}, costTime: 2 }
[2019-03-20T17:13:23.795] [INFO] response - { method: 'POST',
  url: '/outRecord/getRecords',
  body: { pageSize: '9', currentPage: '1' },
  costTime: 7 }
[2019-03-20T17:13:30.254] [INFO] response - { method: 'POST',
  url: '/outRecord/getRecords',
  body: { pageSize: '9', currentPage: '2' },
  costTime: 4 }
[2019-03-20T17:13:32.235] [INFO] response - { method: 'POST', url: '/user/getUsers', body: {}, costTime: 1 }
[2019-03-20T17:13:32.237] [INFO] response - { method: 'POST',
  url: '/outRecord/getRecords',
  body: { pageSize: '9', currentPage: '1' },
  costTime: 5 }
[2019-03-20T17:13:33.488] [INFO] response - { method: 'POST',
  url: '/resourceLibrary/getImgs',
  body: { pageSize: '18', currentPage: '1' },
  costTime: 6 }
[2019-03-20T17:13:33.490] [INFO] response - { method: 'POST',
  url: '/resourceLibrary/getVideos',
  body: { pageSize: '18', currentPage: '1' },
  costTime: 6 }
[2019-03-20T17:14:29.998] [INFO] response - { method: 'POST',
  url: '/resourceLibrary/getImgs',
  body: { pageSize: '18', currentPage: '1' },
  costTime: 6 }
[2019-03-20T17:14:30.000] [INFO] response - { method: 'POST',
  url: '/resourceLibrary/getVideos',
  body: { pageSize: '18', currentPage: '1' },
  costTime: 6 }
[2019-03-20T17:14:30.282] [INFO] response - { method: 'POST', url: '/user/getUsers', body: {}, costTime: 2 }
[2019-03-20T17:14:30.285] [INFO] response - { method: 'POST',
  url: '/outRecord/getRecords',
  body: { pageSize: '9', currentPage: '1' },
  costTime: 6 }
[2019-03-20T17:15:12.292] [INFO] response - { method: 'POST',
  url: '/resourceLibrary/getImgs',
  body: { pageSize: '18', currentPage: '1' },
  costTime: 3 }
[2019-03-20T17:15:12.293] [INFO] response - { method: 'POST',
  url: '/resourceLibrary/getVideos',
  body: { pageSize: '18', currentPage: '1' },
  costTime: 3 }
[2019-03-20T17:16:44.668] [INFO] response - { method: 'POST',
  url: '/resourceLibrary/getImgs',
  body: { pageSize: '18', currentPage: '1' },
  costTime: 7 }
[2019-03-20T17:16:44.670] [INFO] response - { method: 'POST',
  url: '/resourceLibrary/getVideos',
  body: { pageSize: '18', currentPage: '1' },
  costTime: 7 }
[2019-03-20T17:16:46.370] [INFO] response - { method: 'POST', url: '/user/getUsers', body: {}, costTime: 4 }
[2019-03-20T17:16:46.373] [INFO] response - { method: 'POST',
  url: '/outRecord/getRecords',
  body: { pageSize: '9', currentPage: '1' },
  costTime: 8 }
[2019-03-20T17:17:45.599] [INFO] response - { method: 'POST',
  url: '/outRecord/getRecords',
  body: { pageSize: '9', currentPage: '2' },
  costTime: 3 }
[2019-03-20T17:17:46.779] [INFO] response - { method: 'POST',
  url: '/outRecord/getRecords',
  body: { pageSize: '9', currentPage: '1' },
  costTime: 8 }
[2019-03-20T17:17:48.564] [INFO] response - { method: 'POST',
  url: '/outRecord/getRecords',
  body: { pageSize: '9', currentPage: '2' },
  costTime: 8 }
[2019-03-20T17:17:50.082] [INFO] response - { method: 'POST',
  url: '/outRecord/getRecords',
  body: { pageSize: '9', currentPage: '1' },
  costTime: 14 }
[2019-03-20T17:43:52.767] [INFO] response - { method: 'POST', url: '/user/getUsers', body: {}, costTime: 1 }
[2019-03-20T17:43:52.769] [INFO] response - { method: 'POST',
  url: '/outRecord/getRecords',
  body: { pageSize: '9', currentPage: '1' },
  costTime: 4 }
[2019-03-20T17:43:57.104] [INFO] response - { method: 'POST', url: '/user/getUsers', body: {}, costTime: 1 }
[2019-03-20T17:43:57.106] [INFO] response - { method: 'POST',
  url: '/outRecord/getRecords',
  body: { pageSize: '9', currentPage: '1' },
  costTime: 5 }
[2019-03-20T17:44:56.604] [INFO] response - { method: 'POST', url: '/user/getUsers', body: {}, costTime: 2 }
[2019-03-20T17:44:56.607] [INFO] response - { method: 'POST',
  url: '/outRecord/getRecords',
  body: { pageSize: '9', currentPage: '1' },
  costTime: 6 }
[2019-03-20T17:47:11.441] [INFO] response - { method: 'POST',
  url: '/outRecord/getRecords',
  body: { pageSize: '9', currentPage: '2' },
  costTime: 5 }
[2019-03-20T17:47:12.754] [INFO] response - { method: 'POST',
  url: '/outRecord/getRecords',
  body: { pageSize: '9', currentPage: '1' },
  costTime: 9 }
[2019-03-20T17:49:03.677] [INFO] response - { method: 'POST',
  url: '/outRecord/getRecords',
  body: { pageSize: '9', currentPage: '2' },
  costTime: 4 }
[2019-03-20T17:49:06.015] [INFO] response - { method: 'POST',
  url: '/outRecord/getRecords',
  body: { pageSize: '9', currentPage: '1' },
  costTime: 8 }
[2019-03-20T17:50:41.238] [INFO] response - { method: 'POST', url: '/user/getUsers', body: {}, costTime: 2 }
[2019-03-20T17:50:41.241] [INFO] response - { method: 'POST',
  url: '/outRecord/getRecords',
  body: { pageSize: '9', currentPage: '1' },
  costTime: 6 }
[2019-03-20T17:50:42.028] [INFO] response - { method: 'POST',
  url: '/resourceLibrary/getImgs',
  body: { pageSize: '18', currentPage: '1' },
  costTime: 6 }
[2019-03-20T17:50:42.029] [INFO] response - { method: 'POST',
  url: '/resourceLibrary/getVideos',
  body: { pageSize: '18', currentPage: '1' },
  costTime: 6 }
[2019-03-20T17:50:42.926] [INFO] response - { method: 'POST', url: '/user/getUsers', body: {}, costTime: 2 }
[2019-03-20T17:50:42.929] [INFO] response - { method: 'POST',
  url: '/outRecord/getRecords',
  body: { pageSize: '9', currentPage: '1' },
  costTime: 6 }
[2019-03-20T17:50:44.255] [INFO] response - { method: 'POST',
  url: '/resourceLibrary/getImgs',
  body: { pageSize: '18', currentPage: '1' },
  costTime: 6 }
[2019-03-20T17:50:44.256] [INFO] response - { method: 'POST',
  url: '/resourceLibrary/getVideos',
  body: { pageSize: '18', currentPage: '1' },
  costTime: 6 }
[2019-03-20T17:51:01.043] [INFO] response - { method: 'POST',
  url: '/resourceLibrary/getImgs',
  body: { pageSize: '18', currentPage: '1' },
  costTime: 4 }
[2019-03-20T17:51:01.045] [INFO] response - { method: 'POST',
  url: '/resourceLibrary/getVideos',
  body: { pageSize: '18', currentPage: '1' },
  costTime: 5 }
[2019-03-20T17:51:26.771] [INFO] response - { method: 'POST',
  url: '/websites/getWebsites',
  body: {},
  costTime: 4 }
[2019-03-20T17:51:26.772] [INFO] response - { method: 'POST',
  url: '/resourceLibrary/getImgs',
  body: { pageSize: '18', currentPage: '1' },
  costTime: 8 }
[2019-03-20T17:51:30.030] [INFO] response - { method: 'POST',
  url: '/websites/getWebsites',
  body: {},
  costTime: 2 }
[2019-03-20T17:51:30.032] [INFO] response - { method: 'POST',
  url: '/resourceLibrary/getImgs',
  body: { pageSize: '18', currentPage: '1' },
  costTime: 5 }
[2019-03-20T17:52:05.117] [INFO] response - { method: 'POST', url: '/user/getUsers', body: {}, costTime: 2 }
[2019-03-20T17:52:05.120] [INFO] response - { method: 'POST',
  url: '/outRecord/getRecords',
  body: { pageSize: '9', currentPage: '1' },
  costTime: 6 }
[2019-03-20T17:54:11.543] [INFO] response - { method: 'POST', url: '/user/getUsers', body: {}, costTime: 1 }
[2019-03-20T17:54:11.545] [INFO] response - { method: 'POST',
  url: '/outRecord/getRecords',
  body: { pageSize: '9', currentPage: '1' },
  costTime: 4 }
[2019-03-20T17:54:43.218] [INFO] response - { method: 'POST',
  url: '/outRecord/getRecords',
  body: { pageSize: '9', currentPage: '2' },
  costTime: 6 }
[2019-03-20T17:54:51.046] [INFO] response - { method: 'POST',
  url: '/resourceLibrary/getImgs',
  body: { pageSize: '18', currentPage: '1' },
  costTime: 4 }
[2019-03-20T17:54:51.047] [INFO] response - { method: 'POST',
  url: '/resourceLibrary/getVideos',
  body: { pageSize: '18', currentPage: '1' },
  costTime: 4 }
[2019-03-20T17:54:54.260] [INFO] response - { method: 'POST',
  url: '/resourceLibrary/getImgs',
  body: { pageSize: '18', currentPage: '1' },
  costTime: 6 }
[2019-03-20T17:54:54.262] [INFO] response - { method: 'POST',
  url: '/resourceLibrary/getVideos',
  body: { pageSize: '18', currentPage: '1' },
  costTime: 6 }
[2019-03-20T17:54:54.525] [INFO] response - { method: 'POST', url: '/user/getUsers', body: {}, costTime: 2 }
[2019-03-20T17:54:54.529] [INFO] response - { method: 'POST',
  url: '/outRecord/getRecords',
  body: { pageSize: '9', currentPage: '1' },
  costTime: 7 }
[2019-03-20T17:55:54.946] [INFO] response - { method: 'POST',
  url: '/outRecord/getRecords',
  body: { pageSize: '9', currentPage: '2' },
  costTime: 3 }
[2019-03-20T17:55:55.940] [INFO] response - { method: 'POST',
  url: '/outRecord/getRecords',
  body: { pageSize: '9', currentPage: '1' },
  costTime: 10 }
[2019-03-20T17:55:57.472] [INFO] response - { method: 'POST',
  url: '/websites/getWebsites',
  body: {},
  costTime: 3 }
[2019-03-20T17:55:57.474] [INFO] response - { method: 'POST',
  url: '/resourceLibrary/getImgs',
  body: { pageSize: '18', currentPage: '1' },
  costTime: 6 }
[2019-03-20T17:56:00.578] [INFO] response - { method: 'POST', url: '/user/getUsers', body: {}, costTime: 11 }
[2019-03-20T17:56:00.590] [INFO] response - { method: 'POST',
  url: '/outRecord/getRecords',
  body: { pageSize: '9', currentPage: '1' },
  costTime: 25 }
[2019-03-20T17:56:52.488] [INFO] response - { method: 'POST',
  url: '/resourceLibrary/getImgs',
  body: { pageSize: '18', currentPage: '1' },
  costTime: 8 }
[2019-03-20T17:56:52.489] [INFO] response - { method: 'POST',
  url: '/resourceLibrary/getVideos',
  body: { pageSize: '18', currentPage: '1' },
  costTime: 6 }
[2019-03-20T17:56:59.478] [INFO] response - { method: 'POST', url: '/user/getUsers', body: {}, costTime: 1 }
[2019-03-20T17:56:59.482] [INFO] response - { method: 'POST',
  url: '/outRecord/getRecords',
  body: { pageSize: '9', currentPage: '1' },
  costTime: 6 }
[2019-03-20T17:57:01.502] [INFO] response - { method: 'POST',
  url: '/websites/getWebsites',
  body: {},
  costTime: 6 }
[2019-03-20T17:57:01.506] [INFO] response - { method: 'POST',
  url: '/resourceLibrary/getImgs',
  body: { pageSize: '18', currentPage: '1' },
  costTime: 12 }
[2019-03-20T17:57:03.478] [INFO] response - { method: 'POST', url: '/user/getUsers', body: {}, costTime: 2 }
[2019-03-20T17:57:03.480] [INFO] response - { method: 'POST',
  url: '/outRecord/getRecords',
  body: { pageSize: '9', currentPage: '1' },
  costTime: 5 }
[2019-03-20T17:57:04.408] [INFO] response - { method: 'POST',
  url: '/resourceLibrary/getImgs',
  body: { pageSize: '18', currentPage: '1' },
  costTime: 4 }
[2019-03-20T17:57:04.410] [INFO] response - { method: 'POST',
  url: '/resourceLibrary/getVideos',
  body: { pageSize: '18', currentPage: '1' },
  costTime: 5 }
[2019-03-20T17:57:25.632] [INFO] response - { method: 'POST', url: '/user/getUsers', body: {}, costTime: 2 }
[2019-03-20T17:57:25.634] [INFO] response - { method: 'POST',
  url: '/outRecord/getRecords',
  body: { pageSize: '9', currentPage: '1' },
  costTime: 5 }
[2019-03-20T17:57:54.015] [INFO] response - { method: 'POST',
  url: '/user/login',
  body: { userName: 'admin', password: '123' },
  costTime: 179 }
[2019-03-20T17:57:54.176] [INFO] response - { method: 'POST',
  url: '/websites/getWebsites',
  body: {},
  costTime: 2 }
[2019-03-20T17:57:54.236] [INFO] response - { method: 'POST',
  url: '/resourceLibrary/getImgs',
  body: { pageSize: '18', currentPage: '1' },
  costTime: 3 }
[2019-03-20T17:57:57.522] [INFO] response - { method: 'POST',
  url: '/resourceLibrary/getImgs',
  body: { pageSize: '18', currentPage: '1' },
  costTime: 4 }
[2019-03-20T17:57:57.524] [INFO] response - { method: 'POST',
  url: '/resourceLibrary/getVideos',
  body: { pageSize: '18', currentPage: '1' },
  costTime: 5 }
[2019-03-20T17:58:04.683] [INFO] response - { method: 'POST',
  url: '/user/login',
  body: { userName: 'admin', password: '123' },
  costTime: 114 }
[2019-03-20T17:58:17.170] [INFO] response - { method: 'POST',
  url: '/resourceLibrary/getImgs',
  body: { pageSize: '18', currentPage: '1' },
  costTime: 6 }
[2019-03-20T17:58:17.171] [INFO] response - { method: 'POST',
  url: '/resourceLibrary/getVideos',
  body: { pageSize: '18', currentPage: '1' },
  costTime: 5 }
[2019-03-20T17:58:21.309] [INFO] response - { method: 'POST',
  url: '/resourceLibrary/getImgs',
  body: { pageSize: '18', currentPage: '1' },
  costTime: 3 }
[2019-03-20T17:58:21.311] [INFO] response - { method: 'POST',
  url: '/resourceLibrary/getVideos',
  body: { pageSize: '18', currentPage: '1' },
  costTime: 4 }
[2019-03-20T17:58:28.314] [INFO] response - { method: 'POST', url: '/user/getUsers', body: {}, costTime: 2 }
[2019-03-20T17:58:28.315] [INFO] response - { method: 'POST',
  url: '/outRecord/getRecords',
  body: { pageSize: '9', currentPage: '1' },
  costTime: 4 }
[2019-03-20T17:59:18.018] [INFO] response - { method: 'POST',
  url: '/outRecord/getRecords',
  body: { pageSize: '9', currentPage: '2' },
  costTime: 5 }
[2019-03-20T17:59:19.803] [INFO] response - { method: 'POST',
  url: '/outRecord/getRecords',
  body: { pageSize: '9', currentPage: '1' },
  costTime: 9 }
[2019-03-20T18:00:03.428] [INFO] response - { method: 'POST', url: '/user/getUsers', body: {}, costTime: 2 }
[2019-03-20T18:00:03.432] [INFO] response - { method: 'POST',
  url: '/outRecord/getRecords',
  body: { pageSize: '9', currentPage: '1' },
  costTime: 8 }
[2019-03-20T18:00:03.789] [INFO] response - { method: 'POST',
  url: '/resourceLibrary/getImgs',
  body: { pageSize: '18', currentPage: '1' },
  costTime: 4 }
[2019-03-20T18:00:03.791] [INFO] response - { method: 'POST',
  url: '/resourceLibrary/getVideos',
  body: { pageSize: '18', currentPage: '1' },
  costTime: 5 }
[2019-03-20T18:02:20.200] [INFO] response - { method: 'POST', url: '/user/getUsers', body: {}, costTime: 2 }
[2019-03-20T18:02:20.203] [INFO] response - { method: 'POST',
  url: '/outRecord/getRecords',
  body: { pageSize: '9', currentPage: '1' },
  costTime: 6 }
[2019-03-20T18:05:07.989] [INFO] response - { method: 'POST',
  url: '/outRecord/getRecords',
  body: { pageSize: '9', currentPage: '1' },
  costTime: 5 }
[2019-03-20T18:05:07.990] [INFO] response - { method: 'POST', url: '/user/getUsers', body: {}, costTime: 3 }
[2019-03-20T18:06:46.927] [INFO] response - { method: 'POST', url: '/user/getUsers', body: {}, costTime: 3 }
[2019-03-20T18:06:46.929] [INFO] response - { method: 'POST',
  url: '/outRecord/getRecords',
  body: { pageSize: '9', currentPage: '1' },
  costTime: 6 }
[2019-03-20T18:06:51.963] [INFO] response - { method: 'POST',
  url: '/outRecord/getRecords',
  body: { pageSize: '9', currentPage: '1' },
  costTime: 5 }
[2019-03-20T18:06:51.967] [INFO] response - { method: 'POST', url: '/user/getUsers', body: {}, costTime: 3 }
[2019-03-20T18:07:21.882] [INFO] response - { method: 'POST', url: '/user/getUsers', body: {}, costTime: 1 }
[2019-03-20T18:07:21.884] [INFO] response - { method: 'POST',
  url: '/outRecord/getRecords',
  body: { pageSize: '9', currentPage: '1' },
  costTime: 4 }
[2019-03-20T18:09:15.944] [INFO] response - { method: 'POST',
  url: '/outRecord/getRecords',
  body: { pageSize: '9', currentPage: '2' },
  costTime: 5 }
