[2019-02-28T09:26:34.029] [INFO] response - { method: 'GET',
  url: '/static/css/app.eb949da906526dcef192607c1b60278a.css',
  body: {},
  costTime: 1 }
[2019-02-28T09:26:34.078] [INFO] response - { method: 'GET',
  url: '/static/js/app.793597b4f1b04de443e9.js.map',
  body: {},
  costTime: 0 }
[2019-02-28T09:28:00.823] [INFO] response - { method: 'POST',
  url: '/resourceLibrary/getImgs',
  body: {},
  costTime: 4 }
[2019-02-28T09:28:00.825] [INFO] response - { method: 'POST',
  url: '/resourceLibrary/getVideos',
  body: {},
  costTime: 4 }
[2019-02-28T09:37:32.657] [INFO] response - { method: 'POST',
  url: '/resourceLibrary/getImgs',
  body: {},
  costTime: 2 }
[2019-02-28T09:37:32.658] [INFO] response - { method: 'POST',
  url: '/resourceLibrary/getVideos',
  body: {},
  costTime: 2 }
[2019-02-28T09:40:37.303] [INFO] response - { method: 'POST',
  url: '/resourceLibrary/getImgs',
  body: {},
  costTime: 3 }
[2019-02-28T09:40:37.305] [INFO] response - { method: 'POST',
  url: '/resourceLibrary/getVideos',
  body: {},
  costTime: 1 }
[2019-02-28T09:41:37.275] [INFO] response - { method: 'POST',
  url: '/user/login',
  body: { userName: 'admin', password: '123' },
  costTime: 154 }
[2019-02-28T09:41:38.940] [INFO] response - { method: 'POST',
  url: '/resourceLibrary/getImgs',
  body: {},
  costTime: 3 }
[2019-02-28T09:41:38.942] [INFO] response - { method: 'POST',
  url: '/resourceLibrary/getVideos',
  body: {},
  costTime: 3 }
[2019-02-28T09:43:30.494] [INFO] response - { method: 'POST',
  url: '/resourceLibrary/getImgs',
  body: {},
  costTime: 2 }
[2019-02-28T09:43:30.498] [INFO] response - { method: 'POST',
  url: '/resourceLibrary/getVideos',
  body: {},
  costTime: 2 }
[2019-02-28T09:43:30.507] [INFO] response - { method: 'POST',
  url: '/resourceLibrary/getImgs',
  body: {},
  costTime: 3 }
[2019-02-28T09:43:30.509] [INFO] response - { method: 'POST',
  url: '/resourceLibrary/getVideos',
  body: {},
  costTime: 4 }
[2019-02-28T09:43:55.169] [INFO] response - { method: 'POST',
  url: '/resourceLibrary/getImgs',
  body: {},
  costTime: 2 }
[2019-02-28T09:43:55.174] [INFO] response - { method: 'POST',
  url: '/resourceLibrary/getVideos',
  body: {},
  costTime: 3 }
[2019-02-28T09:43:55.175] [INFO] response - { method: 'POST',
  url: '/resourceLibrary/getImgs',
  body: {},
  costTime: 3 }
[2019-02-28T09:43:55.177] [INFO] response - { method: 'POST',
  url: '/resourceLibrary/getVideos',
  body: {},
  costTime: 5 }
[2019-02-28T09:44:09.036] [INFO] response - { method: 'POST',
  url: '/resourceLibrary/getImgs',
  body: {},
  costTime: 3 }
[2019-02-28T09:44:09.037] [INFO] response - { method: 'POST',
  url: '/resourceLibrary/getVideos',
  body: {},
  costTime: 3 }
[2019-02-28T09:45:02.672] [INFO] response - { method: 'POST',
  url: '/resourceLibrary/getImgs',
  body: {},
  costTime: 2 }
[2019-02-28T09:45:02.673] [INFO] response - { method: 'POST',
  url: '/resourceLibrary/getVideos',
  body: {},
  costTime: 2 }
[2019-02-28T09:49:17.202] [INFO] response - { method: 'POST',
  url: '/resourceLibrary/getImgs',
  body: {},
  costTime: 2 }
[2019-02-28T09:49:17.204] [INFO] response - { method: 'POST',
  url: '/resourceLibrary/getVideos',
  body: {},
  costTime: 3 }
[2019-02-28T09:54:14.490] [INFO] response - { method: 'POST',
  url: '/resourceLibrary/getImgs',
  body: {},
  costTime: 2 }
[2019-02-28T09:55:11.493] [INFO] response - { method: 'POST',
  url: '/resourceLibrary/getImgs',
  body: {},
  costTime: 2 }
[2019-02-28T10:02:18.432] [INFO] response - { method: 'GET',
  url: '/static/css/app.9a2bb34d1846311743c99b4a94d7251d.css',
  body: {},
  costTime: 1 }
[2019-02-28T10:02:18.434] [INFO] response - { method: 'GET',
  url: '/static/js/manifest.2ae2e69a05c33dfc65f8.js',
  body: {},
  costTime: 1 }
[2019-02-28T10:02:18.435] [INFO] response - { method: 'GET',
  url: '/static/js/vendor.3d64c1db74dc7d7d9cb3.js',
  body: {},
  costTime: 0 }
[2019-02-28T10:02:18.436] [INFO] response - { method: 'GET',
  url: '/static/js/app.86ba6ff6c96db4489582.js',
  body: {},
  costTime: 1 }
[2019-02-28T10:02:22.582] [INFO] response - { method: 'GET',
  url: '/static/css/app.9a2bb34d1846311743c99b4a94d7251d.css',
  body: {},
  costTime: 1 }
[2019-02-28T10:02:22.583] [INFO] response - { method: 'GET',
  url: '/static/js/manifest.2ae2e69a05c33dfc65f8.js',
  body: {},
  costTime: 0 }
[2019-02-28T10:02:22.584] [INFO] response - { method: 'GET',
  url: '/static/js/vendor.3d64c1db74dc7d7d9cb3.js',
  body: {},
  costTime: 0 }
[2019-02-28T10:02:22.585] [INFO] response - { method: 'GET',
  url: '/static/js/app.86ba6ff6c96db4489582.js',
  body: {},
  costTime: 0 }
[2019-02-28T10:02:45.603] [INFO] response - { method: 'POST',
  url: '/resourceLibrary/getImgs',
  body: {},
  costTime: 3 }
[2019-02-28T10:02:45.604] [INFO] response - { method: 'POST',
  url: '/resourceLibrary/getVideos',
  body: {},
  costTime: 2 }
[2019-02-28T10:02:50.379] [INFO] response - { method: 'POST',
  url: '/resourceLibrary/getImgs',
  body: {},
  costTime: 3 }
[2019-02-28T10:03:47.671] [INFO] response - { method: 'POST',
  url: '/resourceLibrary/uploadImg',
  body: {},
  costTime: 12 }
[2019-02-28T10:03:47.675] [INFO] response - { method: 'POST',
  url: '/resourceLibrary/uploadImg',
  body: {},
  costTime: 9 }
[2019-02-28T10:03:47.679] [INFO] response - { method: 'POST',
  url: '/resourceLibrary/uploadImg',
  body: {},
  costTime: 17 }
[2019-02-28T10:03:47.714] [INFO] response - { method: 'POST',
  url: '/resourceLibrary/getImgs',
  body: {},
  costTime: 2 }
[2019-02-28T10:03:47.724] [INFO] response - { method: 'POST',
  url: '/resourceLibrary/getImgs',
  body: {},
  costTime: 2 }
[2019-02-28T10:03:47.737] [INFO] response - { method: 'POST',
  url: '/resourceLibrary/getImgs',
  body: {},
  costTime: 3 }
[2019-02-28T10:04:08.997] [INFO] response - { method: 'POST',
  url: '/resourceLibrary/getImgs',
  body: {},
  costTime: 2 }
[2019-02-28T10:04:09.001] [INFO] response - { method: 'POST',
  url: '/resourceLibrary/getVideos',
  body: {},
  costTime: 3 }
[2019-02-28T10:04:12.821] [INFO] response - { method: 'POST',
  url: '/resourceLibrary/getImgs',
  body: {},
  costTime: 7 }
[2019-02-28T10:11:30.776] [INFO] response - { method: 'POST',
  url: '/resourceLibrary/getImgs',
  body: {},
  costTime: 2 }
[2019-02-28T10:11:30.780] [INFO] response - { method: 'POST',
  url: '/resourceLibrary/getVideos',
  body: {},
  costTime: 2 }
[2019-02-28T10:11:34.393] [INFO] response - { method: 'POST',
  url: '/resourceLibrary/getImgs',
  body: {},
  costTime: 2 }
[2019-02-28T10:15:41.124] [INFO] response - { method: 'POST',
  url: '/resourceLibrary/getImgs',
  body: {},
  costTime: 2 }
[2019-02-28T10:15:41.127] [INFO] response - { method: 'POST',
  url: '/resourceLibrary/getVideos',
  body: {},
  costTime: 1 }
[2019-02-28T10:15:47.829] [INFO] response - { method: 'POST',
  url: '/resourceLibrary/getImgs',
  body: {},
  costTime: 3 }
[2019-02-28T10:21:46.854] [INFO] response - { method: 'POST',
  url: '/resourceLibrary/getImgs',
  body: {},
  costTime: 4 }
[2019-02-28T10:21:46.857] [INFO] response - { method: 'POST',
  url: '/resourceLibrary/getVideos',
  body: {},
  costTime: 2 }
[2019-02-28T10:21:49.871] [INFO] response - { method: 'POST',
  url: '/resourceLibrary/getImgs',
  body: {},
  costTime: 3 }
[2019-02-28T10:23:42.871] [INFO] response - { method: 'POST',
  url: '/resourceLibrary/getImgs',
  body: {},
  costTime: 3 }
[2019-02-28T10:23:42.873] [INFO] response - { method: 'POST',
  url: '/resourceLibrary/getVideos',
  body: {},
  costTime: 3 }
[2019-02-28T10:23:46.046] [INFO] response - { method: 'POST',
  url: '/resourceLibrary/getImgs',
  body: {},
  costTime: 5 }
[2019-02-28T10:24:56.376] [INFO] response - { method: 'POST',
  url: '/resourceLibrary/getImgs',
  body: {},
  costTime: 4 }
[2019-02-28T10:24:56.379] [INFO] response - { method: 'POST',
  url: '/resourceLibrary/getVideos',
  body: {},
  costTime: 2 }
[2019-02-28T10:25:00.014] [INFO] response - { method: 'POST',
  url: '/resourceLibrary/getImgs',
  body: {},
  costTime: 2 }
[2019-02-28T10:27:44.433] [INFO] response - { method: 'POST',
  url: '/resourceLibrary/getImgs',
  body: {},
  costTime: 3 }
[2019-02-28T10:27:44.434] [INFO] response - { method: 'POST',
  url: '/resourceLibrary/getVideos',
  body: {},
  costTime: 2 }
[2019-02-28T10:27:49.875] [INFO] response - { method: 'POST',
  url: '/resourceLibrary/getImgs',
  body: {},
  costTime: 2 }
[2019-02-28T10:27:49.876] [INFO] response - { method: 'POST',
  url: '/resourceLibrary/getVideos',
  body: {},
  costTime: 2 }
[2019-02-28T10:27:51.641] [INFO] response - { method: 'POST',
  url: '/resourceLibrary/getImgs',
  body: {},
  costTime: 2 }
[2019-02-28T10:27:51.642] [INFO] response - { method: 'POST',
  url: '/resourceLibrary/getVideos',
  body: {},
  costTime: 3 }
[2019-02-28T10:28:03.233] [INFO] response - { method: 'POST',
  url: '/resourceLibrary/getImgs',
  body: {},
  costTime: 3 }
[2019-02-28T10:28:03.236] [INFO] response - { method: 'POST',
  url: '/resourceLibrary/getVideos',
  body: {},
  costTime: 2 }
[2019-02-28T10:28:04.978] [INFO] response - { method: 'POST',
  url: '/resourceLibrary/getImgs',
  body: {},
  costTime: 2 }
[2019-02-28T10:31:04.833] [INFO] response - { method: 'POST',
  url: '/resourceLibrary/getImgs',
  body: {},
  costTime: 3 }
[2019-02-28T10:31:04.834] [INFO] response - { method: 'POST',
  url: '/resourceLibrary/getVideos',
  body: {},
  costTime: 3 }
[2019-02-28T10:31:08.244] [INFO] response - { method: 'POST',
  url: '/resourceLibrary/getImgs',
  body: {},
  costTime: 4 }
[2019-02-28T10:31:46.715] [INFO] response - { method: 'POST',
  url: '/resourceLibrary/getImgs',
  body: {},
  costTime: 2 }
[2019-02-28T10:32:09.622] [INFO] response - { method: 'POST',
  url: '/resourceLibrary/getImgs',
  body: {},
  costTime: 3 }
[2019-02-28T10:32:09.625] [INFO] response - { method: 'POST',
  url: '/resourceLibrary/getVideos',
  body: {},
  costTime: 1 }
[2019-02-28T10:32:14.818] [INFO] response - { method: 'POST',
  url: '/resourceLibrary/getImgs',
  body: {},
  costTime: 2 }
[2019-02-28T10:36:04.165] [INFO] response - { method: 'POST',
  url: '/resourceLibrary/uploadImg',
  body: {},
  costTime: 4 }
[2019-02-28T10:36:04.198] [INFO] response - { method: 'POST',
  url: '/resourceLibrary/getImgs',
  body: {},
  costTime: 2 }
[2019-02-28T10:36:08.550] [INFO] response - { method: 'POST',
  url: '/resourceLibrary/getImgs',
  body: {},
  costTime: 6 }
[2019-02-28T10:36:08.551] [INFO] response - { method: 'POST',
  url: '/resourceLibrary/getVideos',
  body: {},
  costTime: 5 }
[2019-02-28T10:36:17.689] [INFO] response - { method: 'POST',
  url: '/resourceLibrary/getImgs',
  body: {},
  costTime: 2 }
[2019-02-28T10:36:46.319] [INFO] response - { method: 'POST',
  url: '/resourceLibrary/uploadImg',
  body: {},
  costTime: 9 }
[2019-02-28T10:36:46.321] [INFO] response - { method: 'POST',
  url: '/resourceLibrary/uploadImg',
  body: {},
  costTime: 9 }
[2019-02-28T10:36:46.326] [INFO] response - { method: 'POST',
  url: '/resourceLibrary/uploadImg',
  body: {},
  costTime: 12 }
[2019-02-28T10:36:46.357] [INFO] response - { method: 'POST',
  url: '/resourceLibrary/getImgs',
  body: {},
  costTime: 2 }
[2019-02-28T10:36:46.377] [INFO] response - { method: 'POST',
  url: '/resourceLibrary/getImgs',
  body: {},
  costTime: 2 }
[2019-02-28T10:36:46.390] [INFO] response - { method: 'POST',
  url: '/resourceLibrary/getImgs',
  body: {},
  costTime: 3 }
[2019-02-28T10:36:58.454] [INFO] response - { method: 'POST',
  url: '/resourceLibrary/uploadImg',
  body: {},
  costTime: 17 }
[2019-02-28T10:36:58.456] [INFO] response - { method: 'POST',
  url: '/resourceLibrary/uploadImg',
  body: {},
  costTime: 16 }
[2019-02-28T10:36:58.463] [INFO] response - { method: 'POST',
  url: '/resourceLibrary/uploadImg',
  body: {},
  costTime: 20 }
[2019-02-28T10:36:58.495] [INFO] response - { method: 'POST',
  url: '/resourceLibrary/getImgs',
  body: {},
  costTime: 4 }
[2019-02-28T10:36:58.503] [INFO] response - { method: 'POST',
  url: '/resourceLibrary/getImgs',
  body: {},
  costTime: 3 }
[2019-02-28T10:36:58.515] [INFO] response - { method: 'POST',
  url: '/resourceLibrary/getImgs',
  body: {},
  costTime: 3 }
[2019-02-28T10:37:03.083] [INFO] response - { method: 'POST',
  url: '/resourceLibrary/getImgs',
  body: {},
  costTime: 3 }
[2019-02-28T10:37:03.085] [INFO] response - { method: 'POST',
  url: '/resourceLibrary/getVideos',
  body: {},
  costTime: 4 }
[2019-02-28T10:37:06.589] [INFO] response - { method: 'POST',
  url: '/resourceLibrary/getImgs',
  body: {},
  costTime: 6 }
[2019-02-28T10:43:35.443] [INFO] response - { method: 'POST',
  url: '/resourceLibrary/getImgs',
  body: {},
  costTime: 2 }
[2019-02-28T10:43:45.537] [INFO] response - { method: 'POST',
  url: '/resourceLibrary/getImgs',
  body: {},
  costTime: 4 }
[2019-02-28T10:43:45.539] [INFO] response - { method: 'POST',
  url: '/resourceLibrary/getVideos',
  body: {},
  costTime: 5 }
[2019-02-28T10:43:48.736] [INFO] response - { method: 'POST',
  url: '/resourceLibrary/getImgs',
  body: {},
  costTime: 4 }
[2019-02-28T10:51:42.361] [INFO] response - { method: 'POST',
  url: '/resourceLibrary/getImgs',
  body: {},
  costTime: 3 }
[2019-02-28T10:56:07.166] [INFO] response - { method: 'POST',
  url: '/resourceLibrary/getImgs',
  body: {},
  costTime: 3 }
[2019-02-28T10:56:07.168] [INFO] response - { method: 'POST',
  url: '/resourceLibrary/getVideos',
  body: {},
  costTime: 3 }
[2019-02-28T11:01:32.042] [INFO] response - { method: 'POST',
  url: '/resourceLibrary/getImgs',
  body: {},
  costTime: 4 }
[2019-02-28T11:01:32.044] [INFO] response - { method: 'POST',
  url: '/resourceLibrary/getVideos',
  body: {},
  costTime: 4 }
[2019-02-28T11:01:34.121] [INFO] response - { method: 'POST',
  url: '/resourceLibrary/getImgs',
  body: {},
  costTime: 2 }
[2019-02-28T11:02:17.013] [INFO] response - { method: 'POST',
  url: '/resourceLibrary/getImgs',
  body: {},
  costTime: 3 }
[2019-02-28T11:02:17.014] [INFO] response - { method: 'POST',
  url: '/resourceLibrary/getVideos',
  body: {},
  costTime: 3 }
[2019-02-28T11:03:53.628] [INFO] response - { method: 'POST',
  url: '/resourceLibrary/getImgs',
  body: {},
  costTime: 5 }
[2019-02-28T11:03:53.632] [INFO] response - { method: 'POST',
  url: '/resourceLibrary/getVideos',
  body: {},
  costTime: 6 }
[2019-02-28T11:03:55.026] [INFO] response - { method: 'POST',
  url: '/resourceLibrary/getImgs',
  body: {},
  costTime: 5 }
[2019-02-28T11:03:55.028] [INFO] response - { method: 'POST',
  url: '/resourceLibrary/getVideos',
  body: {},
  costTime: 5 }
[2019-02-28T11:11:51.331] [INFO] response - { method: 'POST',
  url: '/resourceLibrary/getImgs',
  body: {},
  costTime: 4 }
[2019-02-28T11:11:51.333] [INFO] response - { method: 'POST',
  url: '/resourceLibrary/getVideos',
  body: {},
  costTime: 5 }
[2019-02-28T11:11:53.157] [INFO] response - { method: 'POST',
  url: '/resourceLibrary/getImgs',
  body: {},
  costTime: 4 }
[2019-02-28T11:11:53.159] [INFO] response - { method: 'POST',
  url: '/resourceLibrary/getVideos',
  body: {},
  costTime: 4 }
[2019-02-28T11:13:07.919] [INFO] response - { method: 'POST',
  url: '/resourceLibrary/getImgs',
  body: {},
  costTime: 3 }
[2019-02-28T11:15:52.742] [INFO] response - { method: 'POST',
  url: '/resourceLibrary/getImgs',
  body: {},
  costTime: 3 }
[2019-02-28T11:15:52.743] [INFO] response - { method: 'POST',
  url: '/resourceLibrary/getVideos',
  body: {},
  costTime: 3 }
[2019-02-28T11:16:52.967] [INFO] response - { method: 'POST',
  url: '/resourceLibrary/getImgs',
  body: {},
  costTime: 5 }
[2019-02-28T11:16:52.968] [INFO] response - { method: 'POST',
  url: '/resourceLibrary/getVideos',
  body: {},
  costTime: 5 }
[2019-02-28T11:17:05.895] [INFO] response - { method: 'POST',
  url: '/resourceLibrary/getImgs',
  body: {},
  costTime: 3 }
[2019-02-28T11:17:05.896] [INFO] response - { method: 'POST',
  url: '/resourceLibrary/getVideos',
  body: {},
  costTime: 3 }
[2019-02-28T11:17:35.295] [INFO] response - { method: 'POST',
  url: '/resourceLibrary/getImgs',
  body: {},
  costTime: 5 }
[2019-02-28T11:23:26.613] [INFO] response - { method: 'POST',
  url: '/resourceLibrary/getImgs',
  body: {},
  costTime: 5 }
[2019-02-28T11:23:26.615] [INFO] response - { method: 'POST',
  url: '/resourceLibrary/getVideos',
  body: {},
  costTime: 5 }
[2019-02-28T11:23:30.882] [INFO] response - { method: 'POST',
  url: '/resourceLibrary/getImgs',
  body: {},
  costTime: 4 }
[2019-02-28T11:23:30.885] [INFO] response - { method: 'POST',
  url: '/resourceLibrary/getVideos',
  body: {},
  costTime: 5 }
[2019-02-28T11:24:41.103] [INFO] response - { method: 'POST',
  url: '/resourceLibrary/getImgs',
  body: {},
  costTime: 3 }
[2019-02-28T11:24:41.104] [INFO] response - { method: 'POST',
  url: '/resourceLibrary/getVideos',
  body: {},
  costTime: 3 }
[2019-02-28T11:25:20.483] [INFO] response - { method: 'POST',
  url: '/resourceLibrary/getImgs',
  body: {},
  costTime: 3 }
[2019-02-28T11:25:20.485] [INFO] response - { method: 'POST',
  url: '/resourceLibrary/getVideos',
  body: {},
  costTime: 4 }
[2019-02-28T11:26:17.038] [INFO] response - { method: 'POST',
  url: '/resourceLibrary/getImgs',
  body: {},
  costTime: 3 }
[2019-02-28T11:26:17.039] [INFO] response - { method: 'POST',
  url: '/resourceLibrary/getVideos',
  body: {},
  costTime: 3 }
[2019-02-28T11:27:26.040] [INFO] response - { method: 'POST',
  url: '/resourceLibrary/getImgs',
  body: {},
  costTime: 2 }
[2019-02-28T11:27:26.041] [INFO] response - { method: 'POST',
  url: '/resourceLibrary/getVideos',
  body: {},
  costTime: 2 }
[2019-02-28T11:28:37.066] [INFO] response - { method: 'POST',
  url: '/resourceLibrary/getImgs',
  body: {},
  costTime: 3 }
[2019-02-28T11:28:37.069] [INFO] response - { method: 'POST',
  url: '/resourceLibrary/getVideos',
  body: {},
  costTime: 5 }
[2019-02-28T11:30:42.089] [INFO] response - { method: 'POST',
  url: '/resourceLibrary/getImgs',
  body: {},
  costTime: 4 }
[2019-02-28T11:30:42.090] [INFO] response - { method: 'POST',
  url: '/resourceLibrary/getVideos',
  body: {},
  costTime: 3 }
[2019-02-28T11:31:43.430] [INFO] response - { method: 'POST',
  url: '/resourceLibrary/getImgs',
  body: {},
  costTime: 4 }
[2019-02-28T11:31:43.432] [INFO] response - { method: 'POST',
  url: '/resourceLibrary/getVideos',
  body: {},
  costTime: 5 }
[2019-02-28T11:31:49.824] [INFO] response - { method: 'POST',
  url: '/resourceLibrary/getImgs',
  body: {},
  costTime: 3 }
[2019-02-28T11:31:49.825] [INFO] response - { method: 'POST',
  url: '/resourceLibrary/getVideos',
  body: {},
  costTime: 3 }
[2019-02-28T11:35:03.109] [INFO] response - { method: 'POST',
  url: '/resourceLibrary/getImgs',
  body: {},
  costTime: 3 }
[2019-02-28T11:35:03.110] [INFO] response - { method: 'POST',
  url: '/resourceLibrary/getVideos',
  body: {},
  costTime: 3 }
[2019-02-28T11:36:23.336] [INFO] response - { method: 'POST',
  url: '/resourceLibrary/getImgs',
  body: {},
  costTime: 3 }
[2019-02-28T11:36:23.337] [INFO] response - { method: 'POST',
  url: '/resourceLibrary/getVideos',
  body: {},
  costTime: 3 }
[2019-02-28T11:37:23.935] [INFO] response - { method: 'POST',
  url: '/resourceLibrary/getImgs',
  body: {},
  costTime: 3 }
[2019-02-28T11:37:23.938] [INFO] response - { method: 'POST',
  url: '/resourceLibrary/getVideos',
  body: {},
  costTime: 3 }
[2019-02-28T11:38:31.898] [INFO] response - { method: 'POST',
  url: '/resourceLibrary/getImgs',
  body: {},
  costTime: 3 }
[2019-02-28T11:38:31.899] [INFO] response - { method: 'POST',
  url: '/resourceLibrary/getVideos',
  body: {},
  costTime: 3 }
[2019-02-28T11:54:58.601] [INFO] response - { method: 'POST',
  url: '/resourceLibrary/getVideos',
  body: {},
  costTime: 20 }
[2019-02-28T11:55:04.830] [INFO] response - { method: 'POST',
  url: '/resourceLibrary/getVideos',
  body: {},
  costTime: 5 }
[2019-02-28T11:55:54.039] [INFO] response - { method: 'POST',
  url: '/resourceLibrary/getVideos',
  body: {},
  costTime: 14 }
[2019-02-28T11:57:48.100] [INFO] response - { method: 'POST',
  url: '/resourceLibrary/getVideos',
  body: {},
  costTime: 14 }
[2019-02-28T11:57:48.105] [INFO] response - { method: 'POST',
  url: '/resourceLibrary/getImgs',
  body: { pageSize: '18', currentPage: '1' },
  costTime: 25 }
[2019-02-28T11:59:36.373] [INFO] response - { method: 'POST',
  url: '/resourceLibrary/getVideos',
  body: {},
  costTime: 14 }
[2019-02-28T11:59:36.379] [INFO] response - { method: 'POST',
  url: '/resourceLibrary/getImgs',
  body: { pageSize: '18', currentPage: '1' },
  costTime: 27 }
[2019-02-28T11:59:57.664] [INFO] response - { method: 'POST',
  url: '/resourceLibrary/uploadImg',
  body: {},
  costTime: 36 }
[2019-02-28T11:59:57.665] [INFO] response - { method: 'POST',
  url: '/resourceLibrary/uploadImg',
  body: {},
  costTime: 22 }
[2019-02-28T11:59:57.668] [INFO] response - { method: 'POST',
  url: '/resourceLibrary/uploadImg',
  body: {},
  costTime: 23 }
[2019-02-28T11:59:57.689] [INFO] response - { method: 'POST',
  url: '/resourceLibrary/getImgs',
  body: { pageSize: '18', currentPage: '1' },
  costTime: 5 }
[2019-02-28T11:59:57.709] [INFO] response - { method: 'POST',
  url: '/resourceLibrary/getImgs',
  body: { pageSize: '18', currentPage: '1' },
  costTime: 8 }
[2019-02-28T11:59:57.718] [INFO] response - { method: 'POST',
  url: '/resourceLibrary/getImgs',
  body: { pageSize: '18', currentPage: '1' },
  costTime: 4 }
[2019-02-28T12:00:07.054] [INFO] response - { method: 'POST',
  url: '/resourceLibrary/uploadImg',
  body: {},
  costTime: 16 }
[2019-02-28T12:00:07.055] [INFO] response - { method: 'POST',
  url: '/resourceLibrary/uploadImg',
  body: {},
  costTime: 12 }
[2019-02-28T12:00:07.056] [INFO] response - { method: 'POST',
  url: '/resourceLibrary/uploadImg',
  body: {},
  costTime: 11 }
[2019-02-28T12:00:07.097] [INFO] response - { method: 'POST',
  url: '/resourceLibrary/getImgs',
  body: { pageSize: '18', currentPage: '1' },
  costTime: 5 }
[2019-02-28T12:00:07.107] [INFO] response - { method: 'POST',
  url: '/resourceLibrary/getImgs',
  body: { pageSize: '18', currentPage: '1' },
  costTime: 7 }
[2019-02-28T12:00:07.119] [INFO] response - { method: 'POST',
  url: '/resourceLibrary/getImgs',
  body: { pageSize: '18', currentPage: '1' },
  costTime: 7 }
[2019-02-28T12:00:44.857] [INFO] response - { method: 'POST',
  url: '/resourceLibrary/getVideos',
  body: {},
  costTime: 3 }
[2019-02-28T12:00:44.860] [INFO] response - { method: 'POST',
  url: '/resourceLibrary/getImgs',
  body: { pageSize: '18', currentPage: '1' },
  costTime: 7 }
[2019-02-28T12:01:49.710] [INFO] response - { method: 'POST',
  url: '/resourceLibrary/getVideos',
  body: {},
  costTime: 2 }
[2019-02-28T12:01:49.713] [INFO] response - { method: 'POST',
  url: '/resourceLibrary/getImgs',
  body: { pageSize: '18', currentPage: '1' },
  costTime: 6 }
[2019-02-28T12:02:41.461] [INFO] response - { method: 'POST',
  url: '/resourceLibrary/getVideos',
  body: {},
  costTime: 1 }
[2019-02-28T12:02:41.464] [INFO] response - { method: 'POST',
  url: '/resourceLibrary/getImgs',
  body: { pageSize: '18', currentPage: '1' },
  costTime: 5 }
[2019-02-28T12:02:45.330] [INFO] response - { method: 'POST',
  url: '/resourceLibrary/getVideos',
  body: {},
  costTime: 2 }
[2019-02-28T12:02:45.333] [INFO] response - { method: 'POST',
  url: '/resourceLibrary/getImgs',
  body: { pageSize: '18', currentPage: '1' },
  costTime: 6 }
[2019-02-28T12:05:53.008] [INFO] response - { method: 'POST',
  url: '/resourceLibrary/getVideos',
  body: {},
  costTime: 2 }
[2019-02-28T12:05:53.011] [INFO] response - { method: 'POST',
  url: '/resourceLibrary/getImgs',
  body: { pageSize: '18', currentPage: '1' },
  costTime: 7 }
[2019-02-28T12:06:54.911] [INFO] response - { method: 'POST',
  url: '/resourceLibrary/getVideos',
  body: {},
  costTime: 2 }
[2019-02-28T12:06:54.913] [INFO] response - { method: 'POST',
  url: '/resourceLibrary/getImgs',
  body: { pageSize: '18', currentPage: '1' },
  costTime: 5 }
[2019-02-28T12:07:33.547] [INFO] response - { method: 'POST',
  url: '/resourceLibrary/getVideos',
  body: {},
  costTime: 2 }
[2019-02-28T12:07:33.552] [INFO] response - { method: 'POST',
  url: '/resourceLibrary/getImgs',
  body: { pageSize: '18', currentPage: '1' },
  costTime: 9 }
[2019-02-28T12:07:39.343] [INFO] response - { method: 'POST',
  url: '/resourceLibrary/getVideos',
  body: {},
  costTime: 2 }
[2019-02-28T12:07:39.346] [INFO] response - { method: 'POST',
  url: '/resourceLibrary/getImgs',
  body: { pageSize: '18', currentPage: '1' },
  costTime: 6 }
[2019-02-28T12:07:41.214] [INFO] response - { method: 'POST',
  url: '/resourceLibrary/getImgs',
  body: { pageSize: '18', currentPage: '2' },
  costTime: 5 }
[2019-02-28T12:07:43.034] [INFO] response - { method: 'POST',
  url: '/resourceLibrary/getImgs',
  body: { pageSize: '18', currentPage: '1' },
  costTime: 11 }
[2019-02-28T12:07:44.653] [INFO] response - { method: 'POST',
  url: '/resourceLibrary/getImgs',
  body: { pageSize: '18', currentPage: '2' },
  costTime: 6 }
[2019-02-28T12:07:45.852] [INFO] response - { method: 'POST',
  url: '/resourceLibrary/getImgs',
  body: { pageSize: '18', currentPage: '1' },
  costTime: 14 }
[2019-02-28T12:07:51.640] [INFO] response - { method: 'POST',
  url: '/resourceLibrary/getImgs',
  body: { pageSize: '18', currentPage: '2' },
  costTime: 5 }
[2019-02-28T12:07:53.621] [INFO] response - { method: 'POST',
  url: '/resourceLibrary/getImgs',
  body: { pageSize: '18', currentPage: '1' },
  costTime: 9 }
[2019-02-28T12:10:01.339] [INFO] response - { method: 'POST',
  url: '/resourceLibrary/getImgs',
  body: { pageSize: '18', currentPage: '2' },
  costTime: 7 }
[2019-02-28T12:10:06.331] [INFO] response - { method: 'POST',
  url: '/resourceLibrary/getImgs',
  body: { pageSize: '18', currentPage: '1' },
  costTime: 8 }
[2019-02-28T12:12:14.923] [INFO] response - { method: 'POST',
  url: '/resourceLibrary/getVideos',
  body: {},
  costTime: 3 }
[2019-02-28T12:12:14.928] [INFO] response - { method: 'POST',
  url: '/resourceLibrary/getImgs',
  body: { pageSize: '18', currentPage: '1' },
  costTime: 9 }
[2019-02-28T12:21:18.483] [INFO] response - { method: 'POST',
  url: '/resourceLibrary/searchImgs',
  body: { keyWord: '权限', pageSize: '18', currentPage: '1' },
  costTime: 16 }
[2019-02-28T12:21:44.366] [INFO] response - { method: 'POST',
  url: '/resourceLibrary/searchImgs',
  body: { keyWord: '权限管理.png', pageSize: '18', currentPage: '1' },
  costTime: 7 }
[2019-02-28T12:21:45.273] [INFO] response - { method: 'POST',
  url: '/resourceLibrary/searchImgs',
  body: { keyWord: '权限管理.png', pageSize: '18', currentPage: '1' },
  costTime: 4 }
[2019-02-28T12:21:51.094] [INFO] response - { method: 'POST',
  url: '/resourceLibrary/getImgs',
  body: { pageSize: '18', currentPage: '1' },
  costTime: 29 }
[2019-02-28T12:22:02.620] [INFO] response - { method: 'POST',
  url: '/resourceLibrary/searchImgs',
  body: { keyWord: '权限管理.png', pageSize: '18', currentPage: '1' },
  costTime: 7 }
[2019-02-28T12:24:09.394] [INFO] response - { method: 'POST',
  url: '/resourceLibrary/getVideos',
  body: {},
  costTime: 15 }
[2019-02-28T12:24:09.402] [INFO] response - { method: 'POST',
  url: '/resourceLibrary/getImgs',
  body: { pageSize: '18', currentPage: '1' },
  costTime: 28 }
[2019-02-28T12:24:16.923] [INFO] response - { method: 'POST',
  url: '/resourceLibrary/searchImgs',
  body: { keyWord: '权限', pageSize: '18', currentPage: '1' },
  costTime: 9 }
[2019-02-28T12:24:37.133] [INFO] response - { method: 'POST',
  url: '/resourceLibrary/getImgs',
  body: { pageSize: '18', currentPage: '1' },
  costTime: 7 }
[2019-02-28T12:24:38.025] [INFO] response - { method: 'POST',
  url: '/resourceLibrary/getImgs',
  body: { pageSize: '18', currentPage: '1' },
  costTime: 5 }
[2019-02-28T12:24:46.720] [INFO] response - { method: 'POST',
  url: '/resourceLibrary/searchImgs',
  body: { keyWord: '员工', pageSize: '18', currentPage: '1' },
  costTime: 7 }
[2019-02-28T13:35:50.096] [INFO] response - { method: 'POST',
  url: '/resourceLibrary/searchImgs',
  body: { keyWord: '员工', pageSize: '18', currentPage: '1' },
  costTime: 8 }
[2019-02-28T13:42:31.950] [INFO] response - { method: 'POST',
  url: '/resourceLibrary/getVideos',
  body: {},
  costTime: 2 }
[2019-02-28T13:42:31.952] [INFO] response - { method: 'POST',
  url: '/resourceLibrary/getImgs',
  body: { pageSize: '18', currentPage: '1' },
  costTime: 5 }
[2019-02-28T13:55:21.899] [INFO] response - { method: 'POST',
  url: '/resourceLibrary/searchImgs',
  body: { keyWord: '2019', pageSize: '18', currentPage: '1' },
  costTime: 9 }
[2019-02-28T13:56:03.704] [INFO] response - { method: 'POST',
  url: '/resourceLibrary/getImgs',
  body: { pageSize: '18', currentPage: '1' },
  costTime: 11 }
[2019-02-28T13:56:48.055] [INFO] response - { method: 'POST',
  url: '/resourceLibrary/getImgs',
  body: { pageSize: '18', currentPage: '2' },
  costTime: 34 }
[2019-02-28T13:56:49.587] [INFO] response - { method: 'POST',
  url: '/resourceLibrary/getImgs',
  body: { pageSize: '18', currentPage: '1' },
  costTime: 24 }
[2019-02-28T13:56:53.705] [INFO] response - { method: 'POST',
  url: '/resourceLibrary/getImgs',
  body: {},
  costTime: 9 }
[2019-02-28T14:01:09.861] [INFO] response - { method: 'POST',
  url: '/resourceLibrary/getImgs',
  body: {},
  costTime: 5 }
[2019-02-28T14:02:03.910] [INFO] response - { method: 'POST',
  url: '/resourceLibrary/getImgs',
  body: {},
  costTime: 4 }
[2019-02-28T14:02:52.614] [INFO] response - { method: 'POST',
  url: '/resourceLibrary/getImgs',
  body: { pageSize: '18', currentPage: '1' },
  costTime: 3 }
[2019-02-28T14:03:51.410] [INFO] response - { method: 'POST',
  url: '/resourceLibrary/getImgs',
  body: { pageSize: '18', currentPage: '1' },
  costTime: 5 }
[2019-02-28T14:04:05.777] [INFO] response - { method: 'POST',
  url: '/resourceLibrary/searchImgs',
  body: { keyWord: '员工', pageSize: '18', currentPage: '1' },
  costTime: 10 }
[2019-02-28T14:06:34.116] [INFO] response - { method: 'POST',
  url: '/resourceLibrary/getImgs',
  body: { pageSize: '18', currentPage: '1' },
  costTime: 3 }
[2019-02-28T14:06:47.980] [INFO] response - { method: 'POST',
  url: '/resourceLibrary/getImgs',
  body: { pageSize: '18', currentPage: '1' },
  costTime: 4 }
[2019-02-28T14:07:01.631] [INFO] response - { method: 'POST',
  url: '/resourceLibrary/getImgs',
  body: { pageSize: '18', currentPage: '1' },
  costTime: 5 }
[2019-02-28T14:07:21.665] [INFO] response - { method: 'POST',
  url: '/resourceLibrary/getImgs',
  body: { pageSize: '18', currentPage: '1' },
  costTime: 3 }
[2019-02-28T14:07:24.910] [INFO] response - { method: 'POST',
  url: '/resourceLibrary/getImgs',
  body: { pageSize: '18', currentPage: '1' },
  costTime: 4 }
[2019-02-28T14:09:35.892] [INFO] response - { method: 'POST',
  url: '/resourceLibrary/getImgs',
  body: { pageSize: '18', currentPage: '1' },
  costTime: 3 }
[2019-02-28T14:14:32.082] [INFO] response - { method: 'POST',
  url: '/resourceLibrary/getImgs',
  body: { pageSize: '18', currentPage: '1' },
  costTime: 3 }
[2019-02-28T14:14:47.273] [INFO] response - { method: 'POST',
  url: '/resourceLibrary/getImgs',
  body: { pageSize: '18', currentPage: '1' },
  costTime: 4 }
[2019-02-28T14:15:15.017] [INFO] response - { method: 'POST',
  url: '/resourceLibrary/getImgs',
  body: { pageSize: '18', currentPage: '1' },
  costTime: 3 }
[2019-02-28T14:16:57.640] [INFO] response - { method: 'POST',
  url: '/user/login',
  body: { userName: 'admin', password: '123' },
  costTime: 126 }
[2019-02-28T14:16:59.605] [INFO] response - { method: 'POST',
  url: '/resourceLibrary/getImgs',
  body: { pageSize: '18', currentPage: '1' },
  costTime: 9 }
[2019-02-28T14:16:59.609] [INFO] response - { method: 'POST',
  url: '/resourceLibrary/getVideos',
  body: {},
  costTime: 12 }
[2019-02-28T14:17:02.125] [INFO] response - { method: 'POST',
  url: '/resourceLibrary/getImgs',
  body: { pageSize: '18', currentPage: '1' },
  costTime: 6 }
[2019-02-28T14:27:32.030] [INFO] response - { method: 'POST',
  url: '/resourceLibrary/getImgs',
  body: { pageSize: '18', currentPage: '1' },
  costTime: 3 }
[2019-02-28T14:30:19.124] [INFO] response - { method: 'POST',
  url: '/resourceLibrary/getImgs',
  body: { pageSize: '18', currentPage: '1' },
  costTime: 4 }
[2019-02-28T14:30:35.819] [INFO] response - { method: 'POST',
  url: '/resourceLibrary/getImgs',
  body: { pageSize: '18', currentPage: '1' },
  costTime: 3 }
[2019-02-28T14:30:37.685] [INFO] response - { method: 'POST',
  url: '/resourceLibrary/getImgs',
  body: { pageSize: '18', currentPage: '1' },
  costTime: 5 }
[2019-02-28T14:30:51.643] [INFO] response - { method: 'POST',
  url: '/resourceLibrary/getImgs',
  body: { pageSize: '18', currentPage: '1' },
  costTime: 4 }
[2019-02-28T14:35:25.885] [INFO] response - { method: 'POST',
  url: '/resourceLibrary/getVideos',
  body: {},
  costTime: 1 }
[2019-02-28T14:35:25.890] [INFO] response - { method: 'POST',
  url: '/resourceLibrary/getImgs',
  body: { pageSize: '18', currentPage: '1' },
  costTime: 8 }
[2019-02-28T14:35:27.590] [INFO] response - { method: 'POST',
  url: '/resourceLibrary/getImgs',
  body: { pageSize: '18', currentPage: '1' },
  costTime: 4 }
[2019-02-28T14:45:12.303] [INFO] response - { method: 'POST',
  url: '/resourceLibrary/getImgs',
  body: { pageSize: '18', currentPage: '1' },
  costTime: 4 }
[2019-02-28T14:47:59.873] [INFO] response - { method: 'POST',
  url: '/resourceLibrary/getImgs',
  body: { pageSize: '18', currentPage: '1' },
  costTime: 3 }
[2019-02-28T14:49:34.865] [INFO] response - { method: 'POST',
  url: '/resourceLibrary/getVideos',
  body: {},
  costTime: 1 }
[2019-02-28T14:49:34.869] [INFO] response - { method: 'POST',
  url: '/resourceLibrary/getImgs',
  body: { pageSize: '18', currentPage: '1' },
  costTime: 7 }
[2019-02-28T14:49:40.439] [INFO] response - { method: 'POST',
  url: '/resourceLibrary/getImgs',
  body: { pageSize: '18', currentPage: '1' },
  costTime: 5 }
[2019-02-28T14:51:27.711] [INFO] response - { method: 'POST',
  url: '/resourceLibrary/getVideos',
  body: {},
  costTime: 3 }
[2019-02-28T14:51:27.713] [INFO] response - { method: 'POST',
  url: '/resourceLibrary/getImgs',
  body: { pageSize: '18', currentPage: '1' },
  costTime: 6 }
[2019-02-28T14:51:30.070] [INFO] response - { method: 'POST',
  url: '/resourceLibrary/getImgs',
  body: { pageSize: '18', currentPage: '1' },
  costTime: 4 }
[2019-02-28T14:52:36.993] [INFO] response - { method: 'POST',
  url: '/resourceLibrary/searchImgs',
  body: { keyWord: '员工', pageSize: '18', currentPage: '1' },
  costTime: 8 }
[2019-02-28T14:52:53.543] [INFO] response - { method: 'POST',
  url: '/resourceLibrary/getImgs',
  body: { pageSize: '18', currentPage: '1' },
  costTime: 8 }
[2019-02-28T14:53:28.870] [INFO] response - { method: 'POST',
  url: '/resourceLibrary/getImgs',
  body: { pageSize: '18', currentPage: '1' },
  costTime: 3 }
[2019-02-28T14:53:31.536] [INFO] response - { method: 'POST',
  url: '/resourceLibrary/getImgs',
  body: { pageSize: '18', currentPage: '2' },
  costTime: 4 }
[2019-02-28T14:53:33.170] [INFO] response - { method: 'POST',
  url: '/resourceLibrary/getImgs',
  body: { pageSize: '18', currentPage: '1' },
  costTime: 12 }
[2019-02-28T14:53:34.405] [INFO] response - { method: 'POST',
  url: '/resourceLibrary/getImgs',
  body: { pageSize: '18', currentPage: '2' },
  costTime: 7 }
[2019-02-28T14:53:36.312] [INFO] response - { method: 'POST',
  url: '/resourceLibrary/getImgs',
  body: { pageSize: '18', currentPage: '1' },
  costTime: 11 }
[2019-02-28T14:53:38.004] [INFO] response - { method: 'POST',
  url: '/resourceLibrary/getImgs',
  body: { pageSize: '18', currentPage: '2' },
  costTime: 6 }
[2019-02-28T14:53:39.360] [INFO] response - { method: 'POST',
  url: '/resourceLibrary/getImgs',
  body: { pageSize: '18', currentPage: '1' },
  costTime: 10 }
[2019-02-28T14:53:40.525] [INFO] response - { method: 'POST',
  url: '/resourceLibrary/getImgs',
  body: { pageSize: '18', currentPage: '2' },
  costTime: 5 }
[2019-02-28T14:53:41.407] [INFO] response - { method: 'POST',
  url: '/resourceLibrary/getImgs',
  body: { pageSize: '18', currentPage: '1' },
  costTime: 7 }
[2019-02-28T14:53:54.555] [INFO] response - { method: 'POST',
  url: '/resourceLibrary/searchImgs',
  body: { keyWord: 'png', pageSize: '18', currentPage: '1' },
  costTime: 10 }
[2019-02-28T14:53:56.412] [INFO] response - { method: 'POST',
  url: '/resourceLibrary/searchImgs',
  body: { keyWord: 'png', pageSize: '18', currentPage: '1' },
  costTime: 12 }
[2019-02-28T14:53:57.967] [INFO] response - { method: 'POST',
  url: '/resourceLibrary/searchImgs',
  body: { keyWord: 'png', pageSize: '18', currentPage: '2' },
  costTime: 6 }
[2019-02-28T14:54:00.014] [INFO] response - { method: 'POST',
  url: '/resourceLibrary/searchImgs',
  body: { keyWord: 'png', pageSize: '18', currentPage: '1' },
  costTime: 11 }
[2019-02-28T15:01:17.247] [INFO] response - { method: 'POST',
  url: '/resourceLibrary/searchImgs',
  body: { keyWord: 'png', pageSize: '18', currentPage: '2' },
  costTime: 4 }
[2019-02-28T15:01:35.257] [INFO] response - { method: 'POST',
  url: '/resourceLibrary/searchImgs',
  body: { keyWord: 'png', pageSize: '18', currentPage: '1' },
  costTime: 14 }
[2019-02-28T15:02:46.464] [INFO] response - { method: 'POST',
  url: '/resourceLibrary/getImgs',
  body: { pageSize: '18', currentPage: '1' },
  costTime: 4 }
[2019-02-28T15:03:39.837] [INFO] response - { method: 'POST',
  url: '/resourceLibrary/getImgs',
  body: { pageSize: '18', currentPage: '1' },
  costTime: 3 }
[2019-02-28T15:04:30.096] [INFO] response - { method: 'POST',
  url: '/resourceLibrary/getImgs',
  body: { pageSize: '18', currentPage: '1' },
  costTime: 3 }
[2019-02-28T15:05:42.374] [INFO] response - { method: 'POST',
  url: '/resourceLibrary/getImgs',
  body: { pageSize: '18', currentPage: '1' },
  costTime: 3 }
[2019-02-28T15:06:36.663] [INFO] response - { method: 'POST',
  url: '/resourceLibrary/getImgs',
  body: { pageSize: '18', currentPage: '2' },
  costTime: 6 }
[2019-02-28T15:07:02.654] [INFO] response - { method: 'POST',
  url: '/resourceLibrary/getImgs',
  body: { pageSize: '18', currentPage: '1' },
  costTime: 3 }
[2019-02-28T15:07:32.846] [INFO] response - { method: 'POST',
  url: '/resourceLibrary/getImgs',
  body: { pageSize: '18', currentPage: '1' },
  costTime: 4 }
[2019-02-28T15:07:38.897] [INFO] response - { method: 'POST',
  url: '/resourceLibrary/getVideos',
  body: {},
  costTime: 2 }
[2019-02-28T15:07:38.900] [INFO] response - { method: 'POST',
  url: '/resourceLibrary/getImgs',
  body: { pageSize: '18', currentPage: '1' },
  costTime: 6 }
[2019-02-28T15:07:40.612] [INFO] response - { method: 'POST',
  url: '/resourceLibrary/getImgs',
  body: { pageSize: '18', currentPage: '1' },
  costTime: 6 }
[2019-02-28T15:08:35.644] [INFO] response - { method: 'POST',
  url: '/resourceLibrary/getImgs',
  body: { pageSize: '18', currentPage: '1' },
  costTime: 4 }
[2019-02-28T15:11:29.468] [INFO] response - { method: 'POST',
  url: '/resourceLibrary/getImgs',
  body: { pageSize: '18', currentPage: '1' },
  costTime: 4 }
[2019-02-28T15:11:33.913] [INFO] response - { method: 'POST',
  url: '/resourceLibrary/getImgs',
  body: { pageSize: '18', currentPage: '1' },
  costTime: 6 }
[2019-02-28T15:11:33.915] [INFO] response - { method: 'POST',
  url: '/resourceLibrary/getVideos',
  body: {},
  costTime: 5 }
[2019-02-28T15:11:36.100] [INFO] response - { method: 'POST',
  url: '/resourceLibrary/getImgs',
  body: { pageSize: '18', currentPage: '1' },
  costTime: 3 }
[2019-02-28T15:12:25.840] [INFO] response - { method: 'POST',
  url: '/resourceLibrary/getImgs',
  body: { pageSize: '18', currentPage: '1' },
  costTime: 2 }
[2019-02-28T15:13:30.123] [INFO] response - { method: 'POST',
  url: '/resourceLibrary/getImgs',
  body: { pageSize: '18', currentPage: '1' },
  costTime: 3 }
[2019-02-28T15:13:40.923] [INFO] response - { method: 'POST',
  url: '/resourceLibrary/getImgs',
  body: { pageSize: '18', currentPage: '1' },
  costTime: 5 }
[2019-02-28T15:13:40.925] [INFO] response - { method: 'POST',
  url: '/resourceLibrary/getVideos',
  body: {},
  costTime: 5 }
[2019-02-28T15:13:42.558] [INFO] response - { method: 'POST',
  url: '/resourceLibrary/getImgs',
  body: { pageSize: '18', currentPage: '1' },
  costTime: 5 }
[2019-02-28T15:16:25.868] [INFO] response - { method: 'POST',
  url: '/resourceLibrary/getImgs',
  body: { pageSize: '18', currentPage: '1' },
  costTime: 3 }
[2019-02-28T15:17:01.743] [INFO] response - { method: 'POST',
  url: '/resourceLibrary/getImgs',
  body: { pageSize: '18', currentPage: '1' },
  costTime: 5 }
[2019-02-28T15:17:03.297] [INFO] response - { method: 'POST',
  url: '/resourceLibrary/getVideos',
  body: {},
  costTime: 2 }
[2019-02-28T15:17:03.299] [INFO] response - { method: 'POST',
  url: '/resourceLibrary/getImgs',
  body: { pageSize: '18', currentPage: '1' },
  costTime: 5 }
[2019-02-28T15:17:08.985] [INFO] response - { method: 'POST',
  url: '/resourceLibrary/getImgs',
  body: { pageSize: '18', currentPage: '1' },
  costTime: 3 }
[2019-02-28T15:17:54.493] [INFO] response - { method: 'POST',
  url: '/resourceLibrary/getVideos',
  body: {},
  costTime: 1 }
[2019-02-28T15:17:54.496] [INFO] response - { method: 'POST',
  url: '/resourceLibrary/getImgs',
  body: { pageSize: '18', currentPage: '1' },
  costTime: 5 }
[2019-02-28T15:19:10.378] [INFO] response - { method: 'POST',
  url: '/resourceLibrary/getVideos',
  body: {},
  costTime: 2 }
[2019-02-28T15:19:10.380] [INFO] response - { method: 'POST',
  url: '/resourceLibrary/getImgs',
  body: { pageSize: '18', currentPage: '1' },
  costTime: 5 }
[2019-02-28T15:19:12.837] [INFO] response - { method: 'POST',
  url: '/resourceLibrary/getImgs',
  body: { pageSize: '18', currentPage: '1' },
  costTime: 4 }
[2019-02-28T15:19:31.147] [INFO] response - { method: 'POST',
  url: '/resourceLibrary/getImgs',
  body: { pageSize: '18', currentPage: '1' },
  costTime: 3 }
[2019-02-28T15:20:19.818] [INFO] response - { method: 'POST',
  url: '/resourceLibrary/getImgs',
  body: { pageSize: '18', currentPage: '1' },
  costTime: 3 }
[2019-02-28T15:20:24.522] [INFO] response - { method: 'POST',
  url: '/resourceLibrary/getVideos',
  body: {},
  costTime: 1 }
[2019-02-28T15:20:24.524] [INFO] response - { method: 'POST',
  url: '/resourceLibrary/getImgs',
  body: { pageSize: '18', currentPage: '1' },
  costTime: 5 }
[2019-02-28T15:20:27.412] [INFO] response - { method: 'POST',
  url: '/resourceLibrary/getImgs',
  body: { pageSize: '18', currentPage: '1' },
  costTime: 6 }
[2019-02-28T15:20:34.367] [INFO] response - { method: 'POST',
  url: '/resourceLibrary/getImgs',
  body: { pageSize: '18', currentPage: '2' },
  costTime: 7 }
[2019-02-28T15:20:37.948] [INFO] response - { method: 'POST',
  url: '/resourceLibrary/getImgs',
  body: { pageSize: '18', currentPage: '1' },
  costTime: 6 }
[2019-02-28T15:20:40.973] [INFO] response - { method: 'POST',
  url: '/resourceLibrary/getImgs',
  body: { pageSize: '18', currentPage: '2' },
  costTime: 6 }
[2019-02-28T15:20:42.601] [INFO] response - { method: 'POST',
  url: '/resourceLibrary/getImgs',
  body: { pageSize: '18', currentPage: '1' },
  costTime: 7 }
[2019-02-28T15:21:42.162] [INFO] response - { method: 'POST',
  url: '/resourceLibrary/getImgs',
  body: { pageSize: '18', currentPage: '1' },
  costTime: 4 }
[2019-02-28T15:22:19.205] [INFO] response - { method: 'POST',
  url: '/resourceLibrary/getImgs',
  body: { pageSize: '18', currentPage: '2' },
  costTime: 6 }
[2019-02-28T15:22:20.551] [INFO] response - { method: 'POST',
  url: '/resourceLibrary/getImgs',
  body: { pageSize: '18', currentPage: '1' },
  costTime: 9 }
[2019-02-28T15:25:32.720] [INFO] response - { method: 'POST',
  url: '/resourceLibrary/getImgs',
  body: { pageSize: '18', currentPage: '1' },
  costTime: 3 }
[2019-02-28T15:30:26.891] [INFO] response - { method: 'POST',
  url: '/resourceLibrary/getVideos',
  body: {},
  costTime: 2 }
[2019-02-28T15:30:26.893] [INFO] response - { method: 'POST',
  url: '/resourceLibrary/getImgs',
  body: { pageSize: '18', currentPage: '1' },
  costTime: 5 }
[2019-02-28T15:31:47.678] [INFO] response - { method: 'POST',
  url: '/resourceLibrary/getImgs',
  body: { pageSize: '18', currentPage: '1' },
  costTime: 4 }
[2019-02-28T15:33:45.840] [INFO] response - { method: 'POST',
  url: '/resourceLibrary/getVideos',
  body: {},
  costTime: 2 }
[2019-02-28T15:33:45.843] [INFO] response - { method: 'POST',
  url: '/resourceLibrary/getImgs',
  body: { pageSize: '18', currentPage: '1' },
  costTime: 6 }
[2019-02-28T15:33:48.561] [INFO] response - { method: 'POST',
  url: '/resourceLibrary/getImgs',
  body: { pageSize: '18', currentPage: '1' },
  costTime: 4 }
[2019-02-28T15:35:48.982] [INFO] response - { method: 'POST',
  url: '/resourceLibrary/getImgs',
  body: { pageSize: '18', currentPage: '1' },
  costTime: 5 }
[2019-02-28T15:36:04.245] [INFO] response - { method: 'POST',
  url: '/resourceLibrary/getImgs',
  body: { pageSize: '18', currentPage: '1' },
  costTime: 4 }
[2019-02-28T15:42:06.517] [INFO] response - { method: 'POST',
  url: '/resourceLibrary/getImgs',
  body: { pageSize: '18', currentPage: '1' },
  costTime: 4 }
[2019-02-28T15:43:23.181] [INFO] response - { method: 'POST',
  url: '/resourceLibrary/getVideos',
  body: {},
  costTime: 3 }
[2019-02-28T15:43:23.183] [INFO] response - { method: 'POST',
  url: '/resourceLibrary/getImgs',
  body: { pageSize: '18', currentPage: '1' },
  costTime: 6 }
[2019-02-28T15:43:26.691] [INFO] response - { method: 'POST',
  url: '/resourceLibrary/getImgs',
  body: { pageSize: '18', currentPage: '1' },
  costTime: 4 }
[2019-02-28T15:43:59.057] [INFO] response - { method: 'POST',
  url: '/resourceLibrary/getImgs',
  body: { pageSize: '18', currentPage: '1' },
  costTime: 4 }
[2019-02-28T15:44:14.191] [INFO] response - { method: 'POST',
  url: '/resourceLibrary/getVideos',
  body: {},
  costTime: 2 }
[2019-02-28T15:44:14.197] [INFO] response - { method: 'POST',
  url: '/resourceLibrary/getImgs',
  body: { pageSize: '18', currentPage: '1' },
  costTime: 9 }
[2019-02-28T15:44:17.218] [INFO] response - { method: 'POST',
  url: '/resourceLibrary/getImgs',
  body: { pageSize: '18', currentPage: '1' },
  costTime: 3 }
[2019-02-28T15:46:06.577] [INFO] response - { method: 'POST',
  url: '/resourceLibrary/getImgs',
  body: { pageSize: '18', currentPage: '1' },
  costTime: 3 }
[2019-02-28T15:46:50.639] [INFO] response - { method: 'POST',
  url: '/resourceLibrary/getImgs',
  body: { pageSize: '18', currentPage: '1' },
  costTime: 3 }
[2019-02-28T15:47:25.426] [INFO] response - { method: 'POST',
  url: '/resourceLibrary/getImgs',
  body: { pageSize: '18', currentPage: '1' },
  costTime: 3 }
[2019-02-28T15:48:33.105] [INFO] response - { method: 'POST',
  url: '/resourceLibrary/getVideos',
  body: {},
  costTime: 1 }
[2019-02-28T15:48:33.107] [INFO] response - { method: 'POST',
  url: '/resourceLibrary/getImgs',
  body: { pageSize: '18', currentPage: '1' },
  costTime: 5 }
[2019-02-28T15:48:36.579] [INFO] response - { method: 'POST',
  url: '/resourceLibrary/getImgs',
  body: { pageSize: '18', currentPage: '1' },
  costTime: 7 }
[2019-02-28T15:49:47.560] [INFO] response - { method: 'POST',
  url: '/resourceLibrary/getImgs',
  body: { pageSize: '18', currentPage: '1' },
  costTime: 5 }
[2019-02-28T15:50:01.545] [INFO] response - { method: 'POST',
  url: '/resourceLibrary/getImgs',
  body: { pageSize: '18', currentPage: '1' },
  costTime: 3 }
[2019-02-28T15:50:20.606] [INFO] response - { method: 'POST',
  url: '/resourceLibrary/getImgs',
  body: { pageSize: '18', currentPage: '1' },
  costTime: 4 }
[2019-02-28T15:52:03.769] [INFO] response - { method: 'POST',
  url: '/resourceLibrary/getImgs',
  body: { pageSize: '18', currentPage: '1' },
  costTime: 3 }
[2019-02-28T15:52:35.693] [INFO] response - { method: 'POST',
  url: '/resourceLibrary/getImgs',
  body: { pageSize: '18', currentPage: '1' },
  costTime: 4 }
[2019-02-28T15:52:50.578] [INFO] response - { method: 'POST',
  url: '/resourceLibrary/getImgs',
  body: { pageSize: '18', currentPage: '1' },
  costTime: 4 }
[2019-02-28T15:52:50.580] [INFO] response - { method: 'POST',
  url: '/resourceLibrary/getVideos',
  body: {},
  costTime: 4 }
[2019-02-28T15:52:52.880] [INFO] response - { method: 'POST',
  url: '/resourceLibrary/getImgs',
  body: { pageSize: '18', currentPage: '1' },
  costTime: 4 }
[2019-02-28T15:53:28.605] [INFO] response - { method: 'POST',
  url: '/resourceLibrary/getImgs',
  body: { pageSize: '18', currentPage: '1' },
  costTime: 4 }
[2019-02-28T15:53:52.454] [INFO] response - { method: 'POST',
  url: '/resourceLibrary/getImgs',
  body: { pageSize: '18', currentPage: '1' },
  costTime: 5 }
[2019-02-28T15:53:57.332] [INFO] response - { method: 'POST',
  url: '/resourceLibrary/getVideos',
  body: {},
  costTime: 1 }
[2019-02-28T15:53:57.334] [INFO] response - { method: 'POST',
  url: '/resourceLibrary/getImgs',
  body: { pageSize: '18', currentPage: '1' },
  costTime: 4 }
[2019-02-28T15:56:19.059] [INFO] response - { method: 'POST',
  url: '/resourceLibrary/getVideos',
  body: {},
  costTime: 2 }
[2019-02-28T15:56:19.062] [INFO] response - { method: 'POST',
  url: '/resourceLibrary/getImgs',
  body: { pageSize: '18', currentPage: '1' },
  costTime: 7 }
[2019-02-28T15:58:30.593] [INFO] response - { method: 'POST',
  url: '/resourceLibrary/getVideos',
  body: {},
  costTime: 1 }
[2019-02-28T15:58:30.598] [INFO] response - { method: 'POST',
  url: '/resourceLibrary/getImgs',
  body: { pageSize: '18', currentPage: '1' },
  costTime: 7 }
[2019-02-28T16:01:12.403] [INFO] response - { method: 'POST',
  url: '/resourceLibrary/getVideos',
  body: {},
  costTime: 2 }
[2019-02-28T16:01:12.405] [INFO] response - { method: 'POST',
  url: '/resourceLibrary/getImgs',
  body: { pageSize: '18', currentPage: '1' },
  costTime: 5 }
[2019-02-28T16:01:16.576] [INFO] response - { method: 'POST',
  url: '/resourceLibrary/getImgs',
  body: { pageSize: '18', currentPage: '1' },
  costTime: 4 }
[2019-02-28T16:02:22.891] [INFO] response - { method: 'POST',
  url: '/resourceLibrary/getVideos',
  body: {},
  costTime: 1 }
[2019-02-28T16:02:22.893] [INFO] response - { method: 'POST',
  url: '/resourceLibrary/getImgs',
  body: { pageSize: '18', currentPage: '1' },
  costTime: 4 }
[2019-02-28T16:02:27.024] [INFO] response - { method: 'POST',
  url: '/resourceLibrary/getVideos',
  body: {},
  costTime: 1 }
[2019-02-28T16:02:27.026] [INFO] response - { method: 'POST',
  url: '/resourceLibrary/getImgs',
  body: { pageSize: '18', currentPage: '1' },
  costTime: 4 }
[2019-02-28T16:02:29.724] [INFO] response - { method: 'POST',
  url: '/resourceLibrary/getImgs',
  body: { pageSize: '18', currentPage: '1' },
  costTime: 4 }
[2019-02-28T16:03:31.129] [INFO] response - { method: 'POST',
  url: '/resourceLibrary/getVideos',
  body: {},
  costTime: 1 }
[2019-02-28T16:03:31.131] [INFO] response - { method: 'POST',
  url: '/resourceLibrary/getImgs',
  body: { pageSize: '18', currentPage: '1' },
  costTime: 4 }
[2019-02-28T16:03:46.278] [INFO] response - { method: 'POST',
  url: '/resourceLibrary/getImgs',
  body: { pageSize: '18', currentPage: '1' },
  costTime: 3 }
[2019-02-28T16:09:55.064] [INFO] response - { method: 'POST',
  url: '/resourceLibrary/uploadVideo',
  body: {},
  costTime: 159 }
[2019-02-28T16:09:55.081] [INFO] response - { method: 'POST',
  url: '/resourceLibrary/getVideos',
  body: {},
  costTime: 3 }
[2019-02-28T16:10:15.482] [INFO] response - { method: 'POST',
  url: '/resourceLibrary/getVideos',
  body: {},
  costTime: 1 }
[2019-02-28T16:10:15.485] [INFO] response - { method: 'POST',
  url: '/resourceLibrary/getImgs',
  body: { pageSize: '18', currentPage: '1' },
  costTime: 6 }
[2019-02-28T16:11:20.734] [INFO] response - { method: 'POST',
  url: '/resourceLibrary/getVideos',
  body: {},
  costTime: 3 }
[2019-02-28T16:11:20.736] [INFO] response - { method: 'POST',
  url: '/resourceLibrary/getImgs',
  body: { pageSize: '18', currentPage: '1' },
  costTime: 6 }
[2019-02-28T16:11:37.355] [INFO] response - { method: 'POST',
  url: '/resourceLibrary/getImgs',
  body: { pageSize: '18', currentPage: '1' },
  costTime: 5 }
[2019-02-28T16:11:51.567] [INFO] response - { method: 'POST',
  url: '/resourceLibrary/uploadVideo',
  body: {},
  costTime: 96 }
[2019-02-28T16:11:51.585] [INFO] response - { method: 'POST',
  url: '/resourceLibrary/getVideos',
  body: {},
  costTime: 3 }
[2019-02-28T16:14:04.559] [INFO] response - { method: 'POST',
  url: '/resourceLibrary/getVideos',
  body: {},
  costTime: 3 }
[2019-02-28T16:14:04.561] [INFO] response - { method: 'POST',
  url: '/resourceLibrary/getImgs',
  body: { pageSize: '18', currentPage: '1' },
  costTime: 7 }
[2019-02-28T16:14:19.396] [INFO] response - { method: 'POST',
  url: '/resourceLibrary/getImgs',
  body: { pageSize: '18', currentPage: '1' },
  costTime: 6 }
[2019-02-28T16:14:45.402] [INFO] response - { method: 'POST',
  url: '/resourceLibrary/getVideos',
  body: {},
  costTime: 2 }
[2019-02-28T16:14:45.407] [INFO] response - { method: 'POST',
  url: '/resourceLibrary/getImgs',
  body: { pageSize: '18', currentPage: '1' },
  costTime: 8 }
[2019-02-28T16:15:33.696] [INFO] response - { method: 'POST',
  url: '/resourceLibrary/getVideos',
  body: {},
  costTime: 1 }
[2019-02-28T16:15:33.701] [INFO] response - { method: 'POST',
  url: '/resourceLibrary/getImgs',
  body: { pageSize: '18', currentPage: '1' },
  costTime: 7 }
[2019-02-28T16:15:44.966] [INFO] response - { method: 'POST',
  url: '/resourceLibrary/getVideos',
  body: {},
  costTime: 1 }
[2019-02-28T16:15:44.969] [INFO] response - { method: 'POST',
  url: '/resourceLibrary/getImgs',
  body: { pageSize: '18', currentPage: '1' },
  costTime: 5 }
[2019-02-28T16:15:48.619] [INFO] response - { method: 'POST',
  url: '/resourceLibrary/getImgs',
  body: { pageSize: '18', currentPage: '1' },
  costTime: 4 }
[2019-02-28T16:16:09.714] [INFO] response - { method: 'POST',
  url: '/resourceLibrary/uploadVideo',
  body: {},
  costTime: 111 }
[2019-02-28T16:16:09.731] [INFO] response - { method: 'POST',
  url: '/resourceLibrary/getVideos',
  body: {},
  costTime: 2 }
[2019-02-28T16:19:57.777] [INFO] response - { method: 'POST',
  url: '/resourceLibrary/getVideos',
  body: {},
  costTime: 2 }
[2019-02-28T16:19:57.779] [INFO] response - { method: 'POST',
  url: '/resourceLibrary/getImgs',
  body: { pageSize: '18', currentPage: '1' },
  costTime: 5 }
[2019-02-28T16:20:00.181] [INFO] response - { method: 'POST',
  url: '/resourceLibrary/getImgs',
  body: { pageSize: '18', currentPage: '1' },
  costTime: 4 }
[2019-02-28T16:20:19.748] [INFO] response - { method: 'POST',
  url: '/resourceLibrary/uploadVideo',
  body: {},
  costTime: 102 }
[2019-02-28T16:20:19.768] [INFO] response - { method: 'POST',
  url: '/resourceLibrary/getVideos',
  body: {},
  costTime: 1 }
[2019-02-28T16:20:26.118] [INFO] response - { method: 'POST',
  url: '/resourceLibrary/getImgs',
  body: { pageSize: '18', currentPage: '1' },
  costTime: 5 }
[2019-02-28T16:20:26.121] [INFO] response - { method: 'POST',
  url: '/resourceLibrary/getVideos',
  body: {},
  costTime: 5 }
[2019-02-28T16:21:05.114] [INFO] response - { method: 'POST',
  url: '/resourceLibrary/getImgs',
  body: { pageSize: '18', currentPage: '1' },
  costTime: 7 }
[2019-02-28T16:21:54.056] [INFO] response - { method: 'POST',
  url: '/resourceLibrary/uploadVideo',
  body: {},
  costTime: 36803 }
[2019-02-28T16:21:54.092] [INFO] response - { method: 'POST',
  url: '/resourceLibrary/getVideos',
  body: {},
  costTime: 4 }
[2019-02-28T16:24:03.796] [INFO] response - { method: 'POST',
  url: '/resourceLibrary/uploadVideo',
  body: {},
  costTime: 108205 }
[2019-02-28T16:24:03.817] [INFO] response - { method: 'POST',
  url: '/resourceLibrary/uploadImg',
  body: {},
  costTime: 28 }
[2019-02-28T16:24:03.824] [INFO] response - { method: 'POST',
  url: '/resourceLibrary/getVideos',
  body: {},
  costTime: 3 }
[2019-02-28T16:24:03.847] [INFO] response - { method: 'POST',
  url: '/resourceLibrary/getImgs',
  body: { pageSize: '18', currentPage: '1' },
  costTime: 6 }
[2019-02-28T16:30:00.757] [INFO] response - { method: 'POST',
  url: '/resourceLibrary/uploadVideo',
  body: {},
  costTime: 135 }
[2019-02-28T16:30:28.165] [INFO] response - { method: 'POST',
  url: '/resourceLibrary/uploadVideo',
  body: {},
  costTime: 114 }
[2019-02-28T16:32:25.286] [INFO] response - { method: 'POST',
  url: '/resourceLibrary/uploadVideo',
  body: {},
  costTime: 98 }
[2019-02-28T16:32:25.325] [INFO] response - { method: 'POST',
  url: '/resourceLibrary/getVideos',
  body: {},
  costTime: 8 }
[2019-02-28T16:34:32.074] [INFO] response - { method: 'POST',
  url: '/resourceLibrary/getVideos',
  body: {},
  costTime: 5 }
[2019-02-28T16:34:32.078] [INFO] response - { method: 'POST',
  url: '/resourceLibrary/getImgs',
  body: { pageSize: '18', currentPage: '1' },
  costTime: 12 }
[2019-02-28T16:37:25.301] [INFO] response - { method: 'POST',
  url: '/resourceLibrary/getImgs',
  body: { pageSize: '18', currentPage: '2' },
  costTime: 8 }
[2019-02-28T16:41:03.653] [INFO] response - { method: 'POST',
  url: '/user/login',
  body: { userName: 'admin', password: '123' },
  costTime: 150 }
[2019-02-28T16:41:07.954] [INFO] response - { method: 'POST',
  url: '/resourceLibrary/getVideos',
  body: {},
  costTime: 4 }
[2019-02-28T16:41:07.960] [INFO] response - { method: 'POST',
  url: '/resourceLibrary/getImgs',
  body: { pageSize: '18', currentPage: '1' },
  costTime: 12 }
[2019-02-28T16:41:12.920] [INFO] response - { method: 'POST',
  url: '/resourceLibrary/getImgs',
  body: { pageSize: '18', currentPage: '2' },
  costTime: 5 }
[2019-02-28T16:49:37.934] [INFO] response - { method: 'POST',
  url: '/resourceLibrary/getVideos',
  body: {},
  costTime: 2 }
[2019-02-28T16:49:37.938] [INFO] response - { method: 'POST',
  url: '/resourceLibrary/getImgs',
  body: { pageSize: '18', currentPage: '1' },
  costTime: 7 }
[2019-02-28T16:50:26.841] [INFO] response - { method: 'POST',
  url: '/resourceLibrary/getVideos',
  body: {},
  costTime: 2 }
[2019-02-28T16:50:26.843] [INFO] response - { method: 'POST',
  url: '/resourceLibrary/getImgs',
  body: { pageSize: '18', currentPage: '1' },
  costTime: 6 }
[2019-02-28T16:50:59.845] [INFO] response - { method: 'POST',
  url: '/resourceLibrary/getVideos',
  body: {},
  costTime: 3 }
[2019-02-28T16:50:59.859] [INFO] response - { method: 'POST',
  url: '/resourceLibrary/getImgs',
  body: { pageSize: '18', currentPage: '1' },
  costTime: 20 }
[2019-02-28T16:53:31.437] [INFO] response - { method: 'POST',
  url: '/resourceLibrary/getImgs',
  body: { pageSize: '18', currentPage: '1' },
  costTime: 7 }
[2019-02-28T16:53:31.442] [INFO] response - { method: 'POST',
  url: '/resourceLibrary/getVideos',
  body: {},
  costTime: 2 }
[2019-02-28T16:57:46.657] [INFO] response - { method: 'POST',
  url: '/resourceLibrary/getVideos',
  body: {},
  costTime: 2 }
[2019-02-28T16:57:46.665] [INFO] response - { method: 'POST',
  url: '/resourceLibrary/getImgs',
  body: { pageSize: '18', currentPage: '1' },
  costTime: 11 }
[2019-02-28T17:05:49.711] [INFO] response - { method: 'POST',
  url: '/resourceLibrary/getVideos',
  body: {},
  costTime: 4 }
[2019-02-28T17:05:49.715] [INFO] response - { method: 'POST',
  url: '/resourceLibrary/getImgs',
  body: { pageSize: '18', currentPage: '1' },
  costTime: 9 }
[2019-02-28T17:07:07.299] [INFO] response - { method: 'POST',
  url: '/resourceLibrary/getImgs',
  body: { pageSize: '18', currentPage: '1' },
  costTime: 5 }
[2019-02-28T17:07:07.305] [INFO] response - { method: 'POST',
  url: '/resourceLibrary/getVideos',
  body: {},
  costTime: 3 }
[2019-02-28T17:08:03.916] [INFO] response - { method: 'POST',
  url: '/resourceLibrary/getVideos',
  body: {},
  costTime: 3 }
[2019-02-28T17:08:03.919] [INFO] response - { method: 'POST',
  url: '/resourceLibrary/getImgs',
  body: { pageSize: '18', currentPage: '1' },
  costTime: 8 }
[2019-02-28T17:11:40.623] [INFO] response - { method: 'POST',
  url: '/resourceLibrary/getImgs',
  body: { pageSize: '18', currentPage: '1' },
  costTime: 4 }
[2019-02-28T17:11:40.628] [INFO] response - { method: 'POST',
  url: '/resourceLibrary/getVideos',
  body: {},
  costTime: 2 }
[2019-02-28T17:15:12.359] [INFO] response - { method: 'POST',
  url: '/user/login',
  body: { userName: 'admin', password: '123' },
  costTime: 117 }
[2019-02-28T17:15:15.152] [INFO] response - { method: 'POST',
  url: '/resourceLibrary/getVideos',
  body: {},
  costTime: 4 }
[2019-02-28T17:15:15.158] [INFO] response - { method: 'POST',
  url: '/resourceLibrary/getImgs',
  body: { pageSize: '18', currentPage: '1' },
  costTime: 13 }
[2019-02-28T17:15:52.365] [INFO] response - { method: 'POST',
  url: '/resourceLibrary/getImgs',
  body: { pageSize: '18', currentPage: '1' },
  costTime: 7 }
[2019-02-28T17:15:52.367] [INFO] response - { method: 'POST',
  url: '/resourceLibrary/getVideos',
  body: {},
  costTime: 5 }
[2019-02-28T17:16:19.665] [INFO] response - { method: 'POST',
  url: '/resourceLibrary/getVideos',
  body: {},
  costTime: 2 }
[2019-02-28T17:16:19.668] [INFO] response - { method: 'POST',
  url: '/resourceLibrary/getImgs',
  body: { pageSize: '18', currentPage: '1' },
  costTime: 7 }
[2019-02-28T17:17:10.675] [INFO] response - { method: 'POST',
  url: '/resourceLibrary/getImgs',
  body: { pageSize: '18', currentPage: '1' },
  costTime: 5 }
[2019-02-28T17:17:10.681] [INFO] response - { method: 'POST',
  url: '/resourceLibrary/getVideos',
  body: {},
  costTime: 1 }
[2019-02-28T17:17:16.535] [INFO] response - { method: 'POST',
  url: '/resourceLibrary/getVideos',
  body: {},
  costTime: 2 }
[2019-02-28T17:17:16.537] [INFO] response - { method: 'POST',
  url: '/resourceLibrary/getImgs',
  body: { pageSize: '18', currentPage: '1' },
  costTime: 5 }
[2019-02-28T17:19:23.585] [INFO] response - { method: 'POST',
  url: '/user/login',
  body: { userName: 'admin', password: '123' },
  costTime: 148 }
[2019-02-28T17:19:31.588] [INFO] response - { method: 'POST',
  url: '/user/login',
  body: { userName: 'admin', password: '123' },
  costTime: 122 }
[2019-02-28T17:42:48.540] [INFO] response - { method: 'POST',
  url: '/user/login',
  body: { userName: 'admin', password: '123' },
  costTime: 201 }
[2019-02-28T17:42:53.183] [INFO] response - { method: 'POST',
  url: '/resourceLibrary/getVideos',
  body: {},
  costTime: 3 }
[2019-02-28T17:42:53.189] [INFO] response - { method: 'POST',
  url: '/resourceLibrary/getImgs',
  body: { pageSize: '18', currentPage: '1' },
  costTime: 11 }
[2019-02-28T17:43:54.076] [INFO] response - { method: 'GET', url: '/dfwsfw', body: {}, costTime: 7 }
[2019-02-28T17:43:59.159] [INFO] response - { method: 'GET', url: '/dfwsfw', body: {}, costTime: 1 }
[2019-02-28T17:43:59.864] [INFO] response - { method: 'GET', url: '/dfwsfw', body: {}, costTime: 1 }
[2019-02-28T17:44:15.509] [INFO] response - { method: 'POST',
  url: '/user/login',
  body: { userName: 'admin', password: '123' },
  costTime: 151 }
[2019-02-28T17:44:17.484] [INFO] response - { method: 'POST',
  url: '/resourceLibrary/getVideos',
  body: {},
  costTime: 2 }
[2019-02-28T17:44:17.485] [INFO] response - { method: 'POST',
  url: '/resourceLibrary/getImgs',
  body: { pageSize: '18', currentPage: '1' },
  costTime: 4 }
[2019-02-28T17:44:37.208] [INFO] response - { method: 'POST',
  url: '/resourceLibrary/uploadImg',
  body: {},
  costTime: 23 }
[2019-02-28T17:44:37.232] [INFO] response - { method: 'POST',
  url: '/resourceLibrary/getImgs',
  body: { pageSize: '18', currentPage: '1' },
  costTime: 3 }
[2019-02-28T17:46:29.662] [INFO] response - { method: 'POST',
  url: '/resourceLibrary/uploadImg',
  body: {},
  costTime: 20 }
[2019-02-28T17:46:29.687] [INFO] response - { method: 'POST',
  url: '/resourceLibrary/getImgs',
  body: { pageSize: '18', currentPage: '1' },
  costTime: 3 }
[2019-02-28T17:46:42.174] [INFO] response - { method: 'POST',
  url: '/resourceLibrary/uploadImg',
  body: {},
  costTime: 24 }
[2019-02-28T17:46:42.197] [INFO] response - { method: 'POST',
  url: '/resourceLibrary/getImgs',
  body: { pageSize: '18', currentPage: '1' },
  costTime: 2 }
[2019-02-28T17:46:51.981] [INFO] response - { method: 'POST',
  url: '/resourceLibrary/uploadImg',
  body: {},
  costTime: 13 }
[2019-02-28T17:46:52.010] [INFO] response - { method: 'POST',
  url: '/resourceLibrary/getImgs',
  body: { pageSize: '18', currentPage: '1' },
  costTime: 2 }
[2019-02-28T17:47:03.440] [INFO] response - { method: 'POST',
  url: '/resourceLibrary/uploadImg',
  body: {},
  costTime: 7 }
[2019-02-28T17:47:03.459] [INFO] response - { method: 'POST',
  url: '/resourceLibrary/getImgs',
  body: { pageSize: '18', currentPage: '1' },
  costTime: 4 }
[2019-02-28T17:47:10.123] [INFO] response - { method: 'POST',
  url: '/resourceLibrary/getImgs',
  body: { pageSize: '18', currentPage: '1' },
  costTime: 6 }
[2019-02-28T17:47:33.435] [INFO] response - { method: 'POST',
  url: '/resourceLibrary/uploadVideo',
  body: {},
  costTime: 125 }
[2019-02-28T17:47:33.450] [INFO] response - { method: 'POST',
  url: '/resourceLibrary/getVideos',
  body: {},
  costTime: 2 }
[2019-02-28T17:48:08.672] [INFO] response - { method: 'POST',
  url: '/resourceLibrary/uploadVideo',
  body: {},
  costTime: 129 }
[2019-02-28T17:48:08.683] [INFO] response - { method: 'POST',
  url: '/resourceLibrary/getVideos',
  body: {},
  costTime: 1 }
[2019-02-28T17:48:48.952] [INFO] response - { method: 'POST',
  url: '/resourceLibrary/uploadVideo',
  body: {},
  costTime: 106 }
[2019-02-28T17:48:48.971] [INFO] response - { method: 'POST',
  url: '/resourceLibrary/getVideos',
  body: {},
  costTime: 2 }
[2019-02-28T17:49:20.039] [INFO] response - { method: 'POST',
  url: '/resourceLibrary/getVideos',
  body: {},
  costTime: 4 }
[2019-02-28T17:49:20.042] [INFO] response - { method: 'POST',
  url: '/resourceLibrary/getImgs',
  body: { pageSize: '18', currentPage: '1' },
  costTime: 8 }
[2019-02-28T17:49:24.092] [INFO] response - { method: 'POST',
  url: '/resourceLibrary/getVideos',
  body: {},
  costTime: 4 }
[2019-02-28T17:49:24.095] [INFO] response - { method: 'POST',
  url: '/resourceLibrary/getImgs',
  body: { pageSize: '18', currentPage: '1' },
  costTime: 8 }
[2019-02-28T17:49:27.372] [INFO] response - { method: 'POST',
  url: '/resourceLibrary/getVideos',
  body: {},
  costTime: 5 }
[2019-02-28T17:49:27.375] [INFO] response - { method: 'POST',
  url: '/resourceLibrary/getImgs',
  body: { pageSize: '18', currentPage: '1' },
  costTime: 9 }
[2019-02-28T17:52:17.025] [INFO] response - { method: 'POST',
  url: '/user/login',
  body: { userName: 'admin', password: '123' },
  costTime: 116 }
[2019-02-28T17:52:19.702] [INFO] response - { method: 'POST',
  url: '/resourceLibrary/getVideos',
  body: {},
  costTime: 2 }
[2019-02-28T17:52:19.704] [INFO] response - { method: 'POST',
  url: '/resourceLibrary/getImgs',
  body: { pageSize: '18', currentPage: '1' },
  costTime: 5 }
[2019-02-28T17:58:30.838] [INFO] response - { method: 'POST',
  url: '/user/login',
  body: { userName: 'admin', password: '123' },
  costTime: 160 }
[2019-02-28T17:58:32.744] [INFO] response - { method: 'POST',
  url: '/resourceLibrary/getVideos',
  body: {},
  costTime: 4 }
[2019-02-28T17:58:32.747] [INFO] response - { method: 'POST',
  url: '/resourceLibrary/getImgs',
  body: { pageSize: '18', currentPage: '1' },
  costTime: 10 }
[2019-02-28T18:00:10.402] [INFO] response - { method: 'POST',
  url: '/resourceLibrary/getImgs',
  body: { pageSize: '18', currentPage: '1' },
  costTime: 3 }
[2019-02-28T18:00:10.403] [INFO] response - { method: 'POST',
  url: '/resourceLibrary/getVideos',
  body: {},
  costTime: 3 }
[2019-02-28T18:02:57.165] [INFO] response - { method: 'POST',
  url: '/resourceLibrary/getImgs',
  body: { pageSize: '18', currentPage: '1' },
  costTime: 4 }
[2019-02-28T18:02:57.167] [INFO] response - { method: 'POST',
  url: '/resourceLibrary/getVideos',
  body: {},
  costTime: 1 }
[2019-02-28T18:04:15.822] [INFO] response - { method: 'POST',
  url: '/resourceLibrary/getVideos',
  body: {},
  costTime: 1 }
[2019-02-28T18:04:15.824] [INFO] response - { method: 'POST',
  url: '/resourceLibrary/getImgs',
  body: { pageSize: '18', currentPage: '1' },
  costTime: 5 }
[2019-02-28T18:05:54.473] [INFO] response - { method: 'POST',
  url: '/resourceLibrary/getVideos',
  body: {},
  costTime: 2 }
[2019-02-28T18:05:54.475] [INFO] response - { method: 'POST',
  url: '/resourceLibrary/getImgs',
  body: { pageSize: '18', currentPage: '1' },
  costTime: 5 }
[2019-02-28T18:05:56.231] [INFO] response - { method: 'POST',
  url: '/resourceLibrary/getVideos',
  body: {},
  costTime: 1 }
[2019-02-28T18:05:56.233] [INFO] response - { method: 'POST',
  url: '/resourceLibrary/getImgs',
  body: { pageSize: '18', currentPage: '1' },
  costTime: 5 }
[2019-02-28T18:10:08.315] [INFO] response - { method: 'POST',
  url: '/resourceLibrary/getVideos',
  body: {},
  costTime: 4 }
[2019-02-28T18:10:08.318] [INFO] response - { method: 'POST',
  url: '/resourceLibrary/getImgs',
  body: { pageSize: '18', currentPage: '1' },
  costTime: 10 }
[2019-02-28T18:14:44.367] [INFO] response - { method: 'POST',
  url: '/resourceLibrary/getVideos',
  body: {},
  costTime: 2 }
[2019-02-28T18:14:44.369] [INFO] response - { method: 'POST',
  url: '/resourceLibrary/getImgs',
  body: { pageSize: '18', currentPage: '1' },
  costTime: 5 }
[2019-02-28T18:15:39.342] [INFO] response - { method: 'POST',
  url: '/resourceLibrary/getVideos',
  body: {},
  costTime: 7 }
[2019-02-28T18:15:39.345] [INFO] response - { method: 'POST',
  url: '/resourceLibrary/getImgs',
  body: { pageSize: '18', currentPage: '1' },
  costTime: 12 }
[2019-02-28T18:15:42.562] [INFO] response - { method: 'POST',
  url: '/resourceLibrary/getVideos',
  body: {},
  costTime: 2 }
[2019-02-28T18:15:42.564] [INFO] response - { method: 'POST',
  url: '/resourceLibrary/getImgs',
  body: { pageSize: '18', currentPage: '1' },
  costTime: 5 }
[2019-02-28T18:15:48.550] [INFO] response - { method: 'POST',
  url: '/resourceLibrary/getVideos',
  body: {},
  costTime: 2 }
[2019-02-28T18:15:48.553] [INFO] response - { method: 'POST',
  url: '/resourceLibrary/getImgs',
  body: { pageSize: '18', currentPage: '1' },
  costTime: 7 }
[2019-02-28T18:20:27.938] [INFO] response - { method: 'GET', url: '/favicon.ico', body: {}, costTime: 0 }
[2019-02-28T18:21:00.109] [INFO] response - { method: 'POST',
  url: '/user/login',
  body: { userName: 'admin', password: '123' },
  costTime: 106 }
[2019-02-28T18:21:08.793] [INFO] response - { method: 'POST',
  url: '/user/login',
  body: { userName: 'admin', password: '123' },
  costTime: 104 }
[2019-02-28T18:21:15.634] [INFO] response - { method: 'POST',
  url: '/resourceLibrary/getVideos',
  body: {},
  costTime: 3 }
[2019-02-28T18:21:15.638] [INFO] response - { method: 'POST',
  url: '/resourceLibrary/getImgs',
  body: { pageSize: '18', currentPage: '1' },
  costTime: 8 }
[2019-02-28T18:21:26.700] [INFO] response - { method: 'POST',
  url: '/resourceLibrary/getImgs',
  body: { pageSize: '18', currentPage: '1' },
  costTime: 3 }
[2019-02-28T18:24:06.555] [INFO] response - { method: 'POST',
  url: '/user/login',
  body: { userName: 'admin', password: '1231' },
  costTime: 126 }
[2019-02-28T18:24:12.549] [INFO] response - { method: 'POST',
  url: '/user/login',
  body: { userName: 'admin', password: '123' },
  costTime: 150 }
[2019-02-28T18:24:22.076] [INFO] response - { method: 'POST',
  url: '/resourceLibrary/getVideos',
  body: {},
  costTime: 3 }
[2019-02-28T18:24:22.078] [INFO] response - { method: 'POST',
  url: '/resourceLibrary/getImgs',
  body: { pageSize: '18', currentPage: '1' },
  costTime: 7 }
[2019-02-28T18:24:32.776] [INFO] response - { method: 'POST',
  url: '/user/login',
  body: { userName: 'admin', password: '123' },
  costTime: 124 }
[2019-02-28T18:24:38.504] [INFO] response - { method: 'POST',
  url: '/resourceLibrary/getVideos',
  body: {},
  costTime: 2 }
[2019-02-28T18:24:38.506] [INFO] response - { method: 'POST',
  url: '/resourceLibrary/getImgs',
  body: { pageSize: '18', currentPage: '1' },
  costTime: 7 }
[2019-02-28T18:25:06.953] [INFO] response - { method: 'POST',
  url: '/resourceLibrary/uploadImg',
  body: {},
  costTime: 16 }
[2019-02-28T18:25:06.990] [INFO] response - { method: 'POST',
  url: '/resourceLibrary/getImgs',
  body: { pageSize: '18', currentPage: '1' },
  costTime: 3 }
[2019-02-28T18:25:18.127] [INFO] response - { method: 'POST',
  url: '/resourceLibrary/searchImgs',
  body: { keyWord: '编辑', pageSize: '18', currentPage: '1' },
  costTime: 9 }
[2019-02-28T18:25:26.924] [INFO] response - { method: 'POST',
  url: '/resourceLibrary/getImgs',
  body: { pageSize: '18', currentPage: '1' },
  costTime: 8 }
[2019-02-28T18:26:41.272] [INFO] response - { method: 'POST',
  url: '/user/login',
  body: { userName: 'admin', password: '1231' },
  costTime: 129 }
[2019-02-28T18:28:18.989] [INFO] response - { method: 'POST',
  url: '/user/login',
  body: { userName: 'admin', password: '1231' },
  costTime: 161 }
[2019-02-28T18:29:17.727] [INFO] response - { method: 'POST',
  url: '/user/login',
  body: { userName: 'admin', password: '11' },
  costTime: 105 }
[2019-02-28T18:30:08.124] [INFO] response - { method: 'POST',
  url: '/user/login',
  body: { userName: 'admin', password: '111' },
  costTime: 109 }
[2019-02-28T18:31:07.592] [INFO] response - { method: 'POST',
  url: '/user/login',
  body: { userName: 'admin', password: '123' },
  costTime: 119 }
[2019-02-28T18:31:22.676] [INFO] response - { method: 'POST',
  url: '/user/login',
  body: { userName: 'admin', password: '123' },
  costTime: 157 }
[2019-02-28T18:31:33.264] [INFO] response - { method: 'POST',
  url: '/user/login',
  body: { userName: 'admin', password: '123' },
  costTime: 152 }
[2019-02-28T18:31:39.681] [INFO] response - { method: 'POST',
  url: '/resourceLibrary/getVideos',
  body: {},
  costTime: 2 }
[2019-02-28T18:31:39.683] [INFO] response - { method: 'POST',
  url: '/resourceLibrary/getImgs',
  body: { pageSize: '18', currentPage: '1' },
  costTime: 6 }
[2019-02-28T18:33:07.093] [INFO] response - { method: 'POST',
  url: '/resourceLibrary/getVideos',
  body: {},
  costTime: 2 }
[2019-02-28T18:33:07.095] [INFO] response - { method: 'POST',
  url: '/resourceLibrary/getImgs',
  body: { pageSize: '18', currentPage: '1' },
  costTime: 5 }
[2019-02-28T18:33:31.548] [INFO] response - { method: 'POST',
  url: '/user/login',
  body: { userName: 'admin1', password: '123' },
  costTime: 2 }
[2019-02-28T18:33:39.983] [INFO] response - { method: 'POST',
  url: '/user/login',
  body: { userName: 'admin', password: '1231' },
  costTime: 127 }
[2019-02-28T18:33:45.461] [INFO] response - { method: 'POST',
  url: '/user/login',
  body: { userName: 'admin', password: '123' },
  costTime: 92 }
[2019-02-28T18:33:55.104] [INFO] response - { method: 'POST',
  url: '/resourceLibrary/getVideos',
  body: {},
  costTime: 2 }
[2019-02-28T18:33:55.106] [INFO] response - { method: 'POST',
  url: '/resourceLibrary/getImgs',
  body: { pageSize: '18', currentPage: '1' },
  costTime: 5 }
[2019-02-28T18:34:01.395] [INFO] response - { method: 'POST',
  url: '/user/login',
  body: { userName: 'admin', password: '123' },
  costTime: 107 }
[2019-02-28T18:34:05.878] [INFO] response - { method: 'POST',
  url: '/resourceLibrary/getVideos',
  body: {},
  costTime: 4 }
[2019-02-28T18:34:05.880] [INFO] response - { method: 'POST',
  url: '/resourceLibrary/getImgs',
  body: { pageSize: '18', currentPage: '1' },
  costTime: 9 }
[2019-02-28T18:34:34.337] [INFO] response - { method: 'POST',
  url: '/resourceLibrary/uploadImg',
  body: {},
  costTime: 6 }
[2019-02-28T18:34:34.340] [INFO] response - { method: 'POST',
  url: '/resourceLibrary/uploadImg',
  body: {},
  costTime: 8 }
[2019-02-28T18:34:34.341] [INFO] response - { method: 'POST',
  url: '/resourceLibrary/uploadImg',
  body: {},
  costTime: 8 }
[2019-02-28T18:34:34.364] [INFO] response - { method: 'POST',
  url: '/resourceLibrary/getImgs',
  body: { pageSize: '18', currentPage: '1' },
  costTime: 3 }
[2019-02-28T18:34:34.371] [INFO] response - { method: 'POST',
  url: '/resourceLibrary/getImgs',
  body: { pageSize: '18', currentPage: '1' },
  costTime: 3 }
[2019-02-28T18:34:34.379] [INFO] response - { method: 'POST',
  url: '/resourceLibrary/getImgs',
  body: { pageSize: '18', currentPage: '1' },
  costTime: 2 }
[2019-02-28T18:34:48.867] [INFO] response - { method: 'POST',
  url: '/resourceLibrary/uploadImg',
  body: {},
  costTime: 9 }
[2019-02-28T18:34:48.874] [INFO] response - { method: 'POST',
  url: '/resourceLibrary/uploadImg',
  body: {},
  costTime: 13 }
[2019-02-28T18:34:48.875] [INFO] response - { method: 'POST',
  url: '/resourceLibrary/uploadImg',
  body: {},
  costTime: 15 }
[2019-02-28T18:34:48.898] [INFO] response - { method: 'POST',
  url: '/resourceLibrary/getImgs',
  body: { pageSize: '18', currentPage: '1' },
  costTime: 3 }
[2019-02-28T18:34:48.907] [INFO] response - { method: 'POST',
  url: '/resourceLibrary/getImgs',
  body: { pageSize: '18', currentPage: '1' },
  costTime: 3 }
[2019-02-28T18:34:48.916] [INFO] response - { method: 'POST',
  url: '/resourceLibrary/getImgs',
  body: { pageSize: '18', currentPage: '1' },
  costTime: 4 }
[2019-02-28T18:35:00.319] [INFO] response - { method: 'POST',
  url: '/resourceLibrary/uploadImg',
  body: {},
  costTime: 6 }
[2019-02-28T18:35:00.323] [INFO] response - { method: 'POST',
  url: '/resourceLibrary/uploadImg',
  body: {},
  costTime: 8 }
[2019-02-28T18:35:00.324] [INFO] response - { method: 'POST',
  url: '/resourceLibrary/uploadImg',
  body: {},
  costTime: 10 }
[2019-02-28T18:35:00.344] [INFO] response - { method: 'POST',
  url: '/resourceLibrary/getImgs',
  body: { pageSize: '18', currentPage: '1' },
  costTime: 7 }
[2019-02-28T18:35:00.354] [INFO] response - { method: 'POST',
  url: '/resourceLibrary/getImgs',
  body: { pageSize: '18', currentPage: '1' },
  costTime: 3 }
[2019-02-28T18:35:00.362] [INFO] response - { method: 'POST',
  url: '/resourceLibrary/getImgs',
  body: { pageSize: '18', currentPage: '1' },
  costTime: 3 }
[2019-02-28T18:35:11.160] [INFO] response - { method: 'POST',
  url: '/resourceLibrary/uploadImg',
  body: {},
  costTime: 6 }
[2019-02-28T18:35:11.165] [INFO] response - { method: 'POST',
  url: '/resourceLibrary/uploadImg',
  body: {},
  costTime: 9 }
[2019-02-28T18:35:11.171] [INFO] response - { method: 'POST',
  url: '/resourceLibrary/uploadImg',
  body: {},
  costTime: 16 }
[2019-02-28T18:35:11.187] [INFO] response - { method: 'POST',
  url: '/resourceLibrary/getImgs',
  body: { pageSize: '18', currentPage: '1' },
  costTime: 5 }
[2019-02-28T18:35:11.196] [INFO] response - { method: 'POST',
  url: '/resourceLibrary/getImgs',
  body: { pageSize: '18', currentPage: '1' },
  costTime: 5 }
[2019-02-28T18:35:11.207] [INFO] response - { method: 'POST',
  url: '/resourceLibrary/getImgs',
  body: { pageSize: '18', currentPage: '1' },
  costTime: 7 }
[2019-02-28T18:35:21.455] [INFO] response - { method: 'POST',
  url: '/resourceLibrary/uploadImg',
  body: {},
  costTime: 6 }
[2019-02-28T18:35:21.480] [INFO] response - { method: 'POST',
  url: '/resourceLibrary/getImgs',
  body: { pageSize: '18', currentPage: '1' },
  costTime: 4 }
[2019-02-28T18:35:26.719] [INFO] response - { method: 'POST',
  url: '/resourceLibrary/getImgs',
  body: { pageSize: '18', currentPage: '2' },
  costTime: 3 }
[2019-02-28T18:35:29.253] [INFO] response - { method: 'POST',
  url: '/resourceLibrary/getImgs',
  body: { pageSize: '18', currentPage: '1' },
  costTime: 7 }
[2019-02-28T18:35:34.741] [INFO] response - { method: 'POST',
  url: '/resourceLibrary/searchImgs',
  body: { keyWord: '2016', pageSize: '18', currentPage: '1' },
  costTime: 4 }
[2019-02-28T18:35:38.571] [INFO] response - { method: 'POST',
  url: '/resourceLibrary/getImgs',
  body: { pageSize: '18', currentPage: '1' },
  costTime: 3 }
[2019-02-28T18:35:59.587] [INFO] response - { method: 'POST',
  url: '/resourceLibrary/searchImgs',
  body: { keyWord: '光盘', pageSize: '18', currentPage: '1' },
  costTime: 2 }
[2019-02-28T18:36:09.694] [INFO] response - { method: 'POST',
  url: '/resourceLibrary/getImgs',
  body: { pageSize: '18', currentPage: '1' },
  costTime: 8 }
[2019-02-28T18:36:39.196] [INFO] response - { method: 'POST',
  url: '/resourceLibrary/uploadVideo',
  body: {},
  costTime: 107 }
[2019-02-28T18:36:39.214] [INFO] response - { method: 'POST',
  url: '/resourceLibrary/getVideos',
  body: {},
  costTime: 2 }
[2019-02-28T18:36:59.920] [INFO] response - { method: 'POST',
  url: '/resourceLibrary/getImgs',
  body: { pageSize: '18', currentPage: '1' },
  costTime: 6 }
[2019-02-28T18:43:35.036] [INFO] response - { method: 'POST',
  url: '/resourceLibrary/getVideos',
  body: {},
  costTime: 5 }
[2019-02-28T18:43:35.042] [INFO] response - { method: 'POST',
  url: '/resourceLibrary/getImgs',
  body: { pageSize: '18', currentPage: '1' },
  costTime: 12 }
[2019-02-28T18:43:37.603] [INFO] response - { method: 'POST',
  url: '/resourceLibrary/getVideos',
  body: {},
  costTime: 4 }
[2019-02-28T18:43:37.607] [INFO] response - { method: 'POST',
  url: '/resourceLibrary/getImgs',
  body: { pageSize: '18', currentPage: '1' },
  costTime: 9 }
[2019-02-28T18:43:41.937] [INFO] response - { method: 'POST',
  url: '/resourceLibrary/getVideos',
  body: {},
  costTime: 3 }
[2019-02-28T18:43:41.941] [INFO] response - { method: 'POST',
  url: '/resourceLibrary/getImgs',
  body: { pageSize: '18', currentPage: '1' },
  costTime: 8 }
[2019-02-28T18:45:56.320] [INFO] response - { method: 'POST',
  url: '/resourceLibrary/getVideos',
  body: {},
  costTime: 4 }
[2019-02-28T18:45:56.326] [INFO] response - { method: 'POST',
  url: '/resourceLibrary/getImgs',
  body: { pageSize: '18', currentPage: '1' },
  costTime: 15 }
