[2019-03-05T09:44:57.465] [INFO] response - { method: 'POST',
  url: '/user/login',
  body: { userName: 'admin', password: '123' },
  costTime: 138 }
[2019-03-05T09:52:38.972] [INFO] response - { method: 'POST',
  url: '/resourceLibrary/getImgs',
  body: { pageSize: '18', currentPage: '1' },
  costTime: 6 }
[2019-03-05T09:52:38.975] [INFO] response - { method: 'POST',
  url: '/resourceLibrary/getVideos',
  body: { pageSize: '18', currentPage: '1' },
  costTime: 8 }
[2019-03-05T09:54:47.956] [INFO] response - { method: 'POST',
  url: '/resourceLibrary/searchVideos',
  body: { keyWord: '搜索', pageSize: '18', currentPage: '1' },
  costTime: 10 }
[2019-03-05T10:08:29.214] [INFO] response - { method: 'POST',
  url: '/resourceLibrary/getImgs',
  body: { pageSize: '18', currentPage: '1' },
  costTime: 7 }
[2019-03-05T10:08:29.216] [INFO] response - { method: 'POST',
  url: '/resourceLibrary/getVideos',
  body: { pageSize: '18', currentPage: '1' },
  costTime: 7 }
[2019-03-05T10:16:18.534] [INFO] response - { method: 'GET', url: '/favicon.ico', body: {}, costTime: 0 }
[2019-03-05T10:32:22.079] [INFO] response - { method: 'POST',
  url: '/user/login',
  body: { userName: 'admin', password: '123' },
  costTime: 103 }
[2019-03-05T10:32:25.587] [INFO] response - { method: 'POST',
  url: '/resourceLibrary/getImgs',
  body: { pageSize: '18', currentPage: '1' },
  costTime: 5 }
[2019-03-05T10:32:25.589] [INFO] response - { method: 'POST',
  url: '/resourceLibrary/getVideos',
  body: { pageSize: '18', currentPage: '1' },
  costTime: 6 }
[2019-03-05T10:33:23.488] [INFO] response - { method: 'POST',
  url: '/resourceLibrary/getVideos',
  body: { pageSize: '18', currentPage: '1' },
  costTime: 5 }
[2019-03-05T10:33:23.491] [INFO] response - { method: 'POST',
  url: '/resourceLibrary/getImgs',
  body: { pageSize: '18', currentPage: '1' },
  costTime: 10 }
[2019-03-05T10:33:24.899] [INFO] response - { method: 'POST',
  url: '/resourceLibrary/getImgs',
  body: { pageSize: '18', currentPage: '1' },
  costTime: 5 }
[2019-03-05T10:33:24.901] [INFO] response - { method: 'POST',
  url: '/resourceLibrary/getVideos',
  body: { pageSize: '18', currentPage: '1' },
  costTime: 6 }
[2019-03-05T10:36:03.440] [INFO] response - { method: 'POST',
  url: '/resourceLibrary/getImgs',
  body: { pageSize: '18', currentPage: '1' },
  costTime: 6 }
[2019-03-05T10:36:03.447] [INFO] response - { method: 'POST',
  url: '/resourceLibrary/getVideos',
  body: { pageSize: '18', currentPage: '1' },
  costTime: 10 }
[2019-03-05T10:37:23.647] [INFO] response - { method: 'POST',
  url: '/resourceLibrary/getImgs',
  body: { pageSize: '18', currentPage: '1' },
  costTime: 7 }
[2019-03-05T10:37:23.649] [INFO] response - { method: 'POST',
  url: '/resourceLibrary/getVideos',
  body: { pageSize: '18', currentPage: '1' },
  costTime: 9 }
[2019-03-05T10:38:16.872] [INFO] response - { method: 'POST',
  url: '/resourceLibrary/getImgs',
  body: { pageSize: '18', currentPage: '1' },
  costTime: 4 }
[2019-03-05T10:40:51.810] [INFO] response - { method: 'POST',
  url: '/resourceLibrary/getImgs',
  body: { pageSize: '18', currentPage: '1' },
  costTime: 7 }
[2019-03-05T10:40:51.812] [INFO] response - { method: 'POST',
  url: '/resourceLibrary/getVideos',
  body: { pageSize: '18', currentPage: '1' },
  costTime: 6 }
[2019-03-05T10:42:38.531] [INFO] response - { method: 'POST',
  url: '/resourceLibrary/getImgs',
  body: { pageSize: '18', currentPage: '1' },
  costTime: 5 }
[2019-03-05T10:42:38.533] [INFO] response - { method: 'POST',
  url: '/resourceLibrary/getVideos',
  body: { pageSize: '18', currentPage: '1' },
  costTime: 6 }
[2019-03-05T10:42:47.845] [INFO] response - { method: 'POST',
  url: '/resourceLibrary/getImgs',
  body: { pageSize: '18', currentPage: '1' },
  costTime: 4 }
[2019-03-05T10:42:47.846] [INFO] response - { method: 'POST',
  url: '/resourceLibrary/getVideos',
  body: { pageSize: '18', currentPage: '1' },
  costTime: 4 }
[2019-03-05T10:46:53.699] [INFO] response - { method: 'POST',
  url: '/resourceLibrary/getImgs',
  body: { pageSize: '18', currentPage: '1' },
  costTime: 3 }
[2019-03-05T10:46:53.701] [INFO] response - { method: 'POST',
  url: '/resourceLibrary/getVideos',
  body: { pageSize: '18', currentPage: '1' },
  costTime: 4 }
[2019-03-05T10:47:19.340] [INFO] response - { method: 'POST',
  url: '/resourceLibrary/getImgs',
  body: { pageSize: '18', currentPage: '1' },
  costTime: 3 }
[2019-03-05T10:47:19.342] [INFO] response - { method: 'POST',
  url: '/resourceLibrary/getVideos',
  body: { pageSize: '18', currentPage: '1' },
  costTime: 5 }
[2019-03-05T10:48:51.272] [INFO] response - { method: 'POST',
  url: '/resourceLibrary/getImgs',
  body: { pageSize: '18', currentPage: '1' },
  costTime: 3 }
[2019-03-05T10:48:51.273] [INFO] response - { method: 'POST',
  url: '/resourceLibrary/getVideos',
  body: { pageSize: '18', currentPage: '1' },
  costTime: 3 }
[2019-03-05T10:56:00.434] [INFO] response - { method: 'GET', url: '/favicon.ico', body: {}, costTime: 2 }
[2019-03-05T10:56:00.437] [INFO] response - { method: 'GET', url: '/favicon.ico', body: {}, costTime: 0 }
[2019-03-05T10:56:06.817] [INFO] response - { method: 'POST',
  url: '/user/login',
  body: { userName: 'admin', password: '123' },
  costTime: 127 }
[2019-03-05T10:56:06.876] [INFO] response - { method: 'GET', url: '/favicon.ico', body: {}, costTime: 0 }
[2019-03-05T10:56:14.681] [INFO] response - { method: 'GET', url: '/favicon.ico', body: {}, costTime: 0 }
[2019-03-05T10:56:14.688] [INFO] response - { method: 'POST',
  url: '/resourceLibrary/getImgs',
  body: { pageSize: '18', currentPage: '1' },
  costTime: 16 }
[2019-03-05T10:56:14.692] [INFO] response - { method: 'POST',
  url: '/resourceLibrary/getVideos',
  body: { pageSize: '18', currentPage: '1' },
  costTime: 17 }
[2019-03-05T10:57:14.775] [INFO] response - { method: 'GET', url: '/favicon.ico', body: {}, costTime: 0 }
[2019-03-05T10:57:19.330] [INFO] response - { method: 'POST',
  url: '/user/login',
  body: { userName: 'admin', password: '123' },
  costTime: 90 }
[2019-03-05T10:57:22.087] [INFO] response - { method: 'POST',
  url: '/resourceLibrary/getImgs',
  body: { pageSize: '18', currentPage: '1' },
  costTime: 6 }
[2019-03-05T10:57:22.089] [INFO] response - { method: 'POST',
  url: '/resourceLibrary/getVideos',
  body: { pageSize: '18', currentPage: '1' },
  costTime: 7 }
[2019-03-05T10:57:56.037] [INFO] response - { method: 'POST',
  url: '/resourceLibrary/getImgs',
  body: { pageSize: '18', currentPage: '1' },
  costTime: 4 }
[2019-03-05T10:57:56.039] [INFO] response - { method: 'POST',
  url: '/resourceLibrary/getVideos',
  body: { pageSize: '18', currentPage: '1' },
  costTime: 6 }
[2019-03-05T10:58:04.114] [INFO] response - { method: 'GET', url: '/favicon.ico', body: {}, costTime: 1 }
[2019-03-05T10:58:04.595] [INFO] response - { method: 'GET', url: '/favicon.ico', body: {}, costTime: 1 }
[2019-03-05T10:58:05.083] [INFO] response - { method: 'POST',
  url: '/resourceLibrary/getImgs',
  body: { pageSize: '18', currentPage: '1' },
  costTime: 7 }
[2019-03-05T10:58:05.085] [INFO] response - { method: 'GET', url: '/favicon.ico', body: {}, costTime: 1 }
[2019-03-05T10:58:05.086] [INFO] response - { method: 'POST',
  url: '/resourceLibrary/getVideos',
  body: { pageSize: '18', currentPage: '1' },
  costTime: 9 }
[2019-03-05T10:58:06.565] [INFO] response - { method: 'GET', url: '/favicon.ico', body: {}, costTime: 1 }
[2019-03-05T10:58:07.544] [INFO] response - { method: 'POST',
  url: '/resourceLibrary/getImgs',
  body: { pageSize: '18', currentPage: '1' },
  costTime: 6 }
[2019-03-05T10:58:07.547] [INFO] response - { method: 'POST',
  url: '/resourceLibrary/getVideos',
  body: { pageSize: '18', currentPage: '1' },
  costTime: 8 }
[2019-03-05T10:58:07.548] [INFO] response - { method: 'GET', url: '/favicon.ico', body: {}, costTime: 0 }
[2019-03-05T10:58:08.054] [INFO] response - { method: 'GET', url: '/favicon.ico', body: {}, costTime: 0 }
[2019-03-05T10:58:08.757] [INFO] response - { method: 'GET', url: '/favicon.ico', body: {}, costTime: 1 }
[2019-03-05T10:58:09.268] [INFO] response - { method: 'GET', url: '/favicon.ico', body: {}, costTime: 0 }
[2019-03-05T10:58:09.607] [INFO] response - { method: 'POST',
  url: '/resourceLibrary/getImgs',
  body: { pageSize: '18', currentPage: '1' },
  costTime: 6 }
[2019-03-05T10:58:09.609] [INFO] response - { method: 'POST',
  url: '/resourceLibrary/getVideos',
  body: { pageSize: '18', currentPage: '1' },
  costTime: 7 }
[2019-03-05T10:58:09.610] [INFO] response - { method: 'GET', url: '/favicon.ico', body: {}, costTime: 0 }
[2019-03-05T10:58:20.295] [INFO] response - { method: 'GET', url: '/favicon.ico', body: {}, costTime: 1 }
[2019-03-05T10:58:20.296] [INFO] response - { method: 'GET', url: '/favicon.ico', body: {}, costTime: 0 }
[2019-03-05T10:58:20.310] [INFO] response - { method: 'GET', url: '/favicon.ico', body: {}, costTime: 0 }
[2019-03-05T10:58:22.356] [INFO] response - { method: 'POST',
  url: '/resourceLibrary/getImgs',
  body: { pageSize: '18', currentPage: '1' },
  costTime: 7 }
[2019-03-05T10:58:22.359] [INFO] response - { method: 'POST',
  url: '/resourceLibrary/getVideos',
  body: { pageSize: '18', currentPage: '1' },
  costTime: 9 }
[2019-03-05T10:58:22.360] [INFO] response - { method: 'GET', url: '/favicon.ico', body: {}, costTime: 0 }
[2019-03-05T10:58:37.479] [INFO] response - { method: 'GET', url: '/favicon.ico', body: {}, costTime: 0 }
[2019-03-05T10:58:37.487] [INFO] response - { method: 'GET', url: '/favicon.ico', body: {}, costTime: 0 }
[2019-03-05T10:58:37.507] [INFO] response - { method: 'GET', url: '/favicon.ico', body: {}, costTime: 0 }
[2019-03-05T10:58:40.283] [INFO] response - { method: 'POST',
  url: '/resourceLibrary/getImgs',
  body: { pageSize: '18', currentPage: '1' },
  costTime: 6 }
[2019-03-05T10:58:40.287] [INFO] response - { method: 'POST',
  url: '/resourceLibrary/getVideos',
  body: { pageSize: '18', currentPage: '1' },
  costTime: 9 }
[2019-03-05T10:58:40.288] [INFO] response - { method: 'GET', url: '/favicon.ico', body: {}, costTime: 0 }
[2019-03-05T10:59:04.346] [INFO] response - { method: 'POST',
  url: '/resourceLibrary/getImgs',
  body: { pageSize: '18', currentPage: '1' },
  costTime: 6 }
[2019-03-05T10:59:04.348] [INFO] response - { method: 'POST',
  url: '/resourceLibrary/getVideos',
  body: { pageSize: '18', currentPage: '1' },
  costTime: 7 }
[2019-03-05T10:59:12.396] [INFO] response - { method: 'POST',
  url: '/resourceLibrary/getImgs',
  body: { pageSize: '18', currentPage: '1' },
  costTime: 5 }
[2019-03-05T10:59:12.398] [INFO] response - { method: 'POST',
  url: '/resourceLibrary/getVideos',
  body: { pageSize: '18', currentPage: '1' },
  costTime: 6 }
[2019-03-05T11:00:14.495] [INFO] response - { method: 'POST',
  url: '/resourceLibrary/getImgs',
  body: { pageSize: '18', currentPage: '1' },
  costTime: 4 }
[2019-03-05T11:00:14.499] [INFO] response - { method: 'POST',
  url: '/resourceLibrary/getVideos',
  body: { pageSize: '18', currentPage: '1' },
  costTime: 8 }
[2019-03-05T11:00:48.006] [INFO] response - { method: 'POST',
  url: '/resourceLibrary/getImgs',
  body: { pageSize: '18', currentPage: '1' },
  costTime: 5 }
[2019-03-05T11:00:48.008] [INFO] response - { method: 'POST',
  url: '/resourceLibrary/getVideos',
  body: { pageSize: '18', currentPage: '1' },
  costTime: 6 }
[2019-03-05T11:01:09.165] [INFO] response - { method: 'POST',
  url: '/resourceLibrary/searchVideos',
  body: { keyWord: '搜索', pageSize: '18', currentPage: '1' },
  costTime: 5 }
[2019-03-05T11:01:22.258] [INFO] response - { method: 'GET', url: '/favicon.ico', body: {}, costTime: 0 }
[2019-03-05T11:01:22.733] [INFO] response - { method: 'POST',
  url: '/resourceLibrary/getImgs',
  body: { pageSize: '18', currentPage: '1' },
  costTime: 4 }
[2019-03-05T11:01:22.736] [INFO] response - { method: 'POST',
  url: '/resourceLibrary/getVideos',
  body: { pageSize: '18', currentPage: '1' },
  costTime: 6 }
[2019-03-05T11:01:22.738] [INFO] response - { method: 'GET', url: '/favicon.ico', body: {}, costTime: 1 }
[2019-03-05T11:02:31.258] [INFO] response - { method: 'POST',
  url: '/resourceLibrary/getImgs',
  body: { pageSize: '18', currentPage: '1' },
  costTime: 4 }
[2019-03-05T11:02:31.260] [INFO] response - { method: 'POST',
  url: '/resourceLibrary/getVideos',
  body: { pageSize: '18', currentPage: '1' },
  costTime: 5 }
[2019-03-05T11:04:06.509] [INFO] response - { method: 'POST',
  url: '/resourceLibrary/getVideos',
  body: { pageSize: '18', currentPage: '1' },
  costTime: 3 }
[2019-03-05T11:04:06.511] [INFO] response - { method: 'POST',
  url: '/resourceLibrary/getImgs',
  body: { pageSize: '18', currentPage: '1' },
  costTime: 7 }
[2019-03-05T11:04:11.397] [INFO] response - { method: 'POST',
  url: '/resourceLibrary/getImgs',
  body: { pageSize: '18', currentPage: '1' },
  costTime: 5 }
[2019-03-05T11:04:11.399] [INFO] response - { method: 'POST',
  url: '/resourceLibrary/getVideos',
  body: { pageSize: '18', currentPage: '1' },
  costTime: 6 }
[2019-03-05T11:04:14.064] [INFO] response - { method: 'POST',
  url: '/resourceLibrary/getImgs',
  body: { pageSize: '18', currentPage: '1' },
  costTime: 5 }
[2019-03-05T11:04:14.066] [INFO] response - { method: 'POST',
  url: '/resourceLibrary/getVideos',
  body: { pageSize: '18', currentPage: '1' },
  costTime: 6 }
[2019-03-05T11:04:20.659] [INFO] response - { method: 'POST',
  url: '/resourceLibrary/getImgs',
  body: { pageSize: '18', currentPage: '1' },
  costTime: 5 }
[2019-03-05T11:04:20.661] [INFO] response - { method: 'POST',
  url: '/resourceLibrary/getVideos',
  body: { pageSize: '18', currentPage: '1' },
  costTime: 7 }
[2019-03-05T11:05:06.538] [INFO] response - { method: 'GET', url: '/favicon.ico', body: {}, costTime: 0 }
[2019-03-05T11:05:06.539] [INFO] response - { method: 'GET', url: '/favicon.ico', body: {}, costTime: 1 }
[2019-03-05T11:05:07.572] [INFO] response - { method: 'POST',
  url: '/user/login',
  body: { userName: 'admin', password: '' },
  costTime: 93 }
[2019-03-05T11:05:10.397] [INFO] response - { method: 'POST',
  url: '/user/login',
  body: { userName: 'admin', password: '123' },
  costTime: 102 }
[2019-03-05T11:05:10.437] [INFO] response - { method: 'GET', url: '/favicon.ico', body: {}, costTime: 0 }
[2019-03-05T11:05:11.967] [INFO] response - { method: 'POST',
  url: '/resourceLibrary/getImgs',
  body: { pageSize: '18', currentPage: '1' },
  costTime: 5 }
[2019-03-05T11:05:11.969] [INFO] response - { method: 'POST',
  url: '/resourceLibrary/getVideos',
  body: { pageSize: '18', currentPage: '1' },
  costTime: 7 }
[2019-03-05T11:05:11.970] [INFO] response - { method: 'GET', url: '/favicon.ico', body: {}, costTime: 0 }
[2019-03-05T11:06:21.138] [INFO] response - { method: 'POST',
  url: '/resourceLibrary/getImgs',
  body: { pageSize: '18', currentPage: '1' },
  costTime: 4 }
[2019-03-05T11:06:21.140] [INFO] response - { method: 'POST',
  url: '/resourceLibrary/getVideos',
  body: { pageSize: '18', currentPage: '1' },
  costTime: 5 }
[2019-03-05T11:10:17.943] [INFO] response - { method: 'POST',
  url: '/resourceLibrary/getImgs',
  body: { pageSize: '18', currentPage: '1' },
  costTime: 4 }
[2019-03-05T11:10:17.944] [INFO] response - { method: 'POST',
  url: '/resourceLibrary/getVideos',
  body: { pageSize: '18', currentPage: '1' },
  costTime: 4 }
[2019-03-05T11:13:00.614] [INFO] response - { method: 'POST',
  url: '/resourceLibrary/getImgs',
  body: { pageSize: '18', currentPage: '1' },
  costTime: 6 }
[2019-03-05T11:13:00.616] [INFO] response - { method: 'POST',
  url: '/resourceLibrary/getVideos',
  body: { pageSize: '18', currentPage: '1' },
  costTime: 7 }
[2019-03-05T11:13:13.971] [INFO] response - { method: 'POST',
  url: '/resourceLibrary/getImgs',
  body: { pageSize: '18', currentPage: '1' },
  costTime: 3 }
[2019-03-05T11:13:13.973] [INFO] response - { method: 'POST',
  url: '/resourceLibrary/getVideos',
  body: { pageSize: '18', currentPage: '1' },
  costTime: 5 }
[2019-03-05T11:14:04.602] [INFO] response - { method: 'POST',
  url: '/resourceLibrary/getImgs',
  body: { pageSize: '18', currentPage: '1' },
  costTime: 6 }
[2019-03-05T11:14:04.604] [INFO] response - { method: 'POST',
  url: '/resourceLibrary/getVideos',
  body: { pageSize: '18', currentPage: '1' },
  costTime: 7 }
[2019-03-05T11:14:18.242] [INFO] response - { method: 'GET', url: '/favicon.ico', body: {}, costTime: 1 }
[2019-03-05T11:14:18.941] [INFO] response - { method: 'GET', url: '/favicon.ico', body: {}, costTime: 0 }
[2019-03-05T11:14:18.943] [INFO] response - { method: 'GET', url: '/favicon.ico', body: {}, costTime: 1 }
[2019-03-05T11:14:21.396] [INFO] response - { method: 'POST',
  url: '/user/login',
  body: { userName: 'admin', password: '123' },
  costTime: 142 }
[2019-03-05T11:14:21.582] [INFO] response - { method: 'GET', url: '/favicon.ico', body: {}, costTime: 0 }
[2019-03-05T11:14:23.256] [INFO] response - { method: 'GET', url: '/favicon.ico', body: {}, costTime: 0 }
[2019-03-05T11:14:23.259] [INFO] response - { method: 'POST',
  url: '/resourceLibrary/getImgs',
  body: { pageSize: '18', currentPage: '1' },
  costTime: 6 }
[2019-03-05T11:14:23.260] [INFO] response - { method: 'POST',
  url: '/resourceLibrary/getVideos',
  body: { pageSize: '18', currentPage: '1' },
  costTime: 6 }
[2019-03-05T11:15:48.263] [INFO] response - { method: 'POST',
  url: '/resourceLibrary/getImgs',
  body: { pageSize: '18', currentPage: '1' },
  costTime: 4 }
[2019-03-05T11:15:48.265] [INFO] response - { method: 'POST',
  url: '/resourceLibrary/getVideos',
  body: { pageSize: '18', currentPage: '1' },
  costTime: 5 }
[2019-03-05T11:15:54.069] [INFO] response - { method: 'POST',
  url: '/resourceLibrary/getImgs',
  body: { pageSize: '18', currentPage: '1' },
  costTime: 4 }
[2019-03-05T11:15:54.071] [INFO] response - { method: 'POST',
  url: '/resourceLibrary/getVideos',
  body: { pageSize: '18', currentPage: '1' },
  costTime: 5 }
[2019-03-05T11:35:01.921] [INFO] response - { method: 'POST',
  url: '/resourceLibrary/getImgs',
  body: { pageSize: '18', currentPage: '1' },
  costTime: 5 }
[2019-03-05T11:35:01.923] [INFO] response - { method: 'POST',
  url: '/resourceLibrary/getVideos',
  body: { pageSize: '18', currentPage: '1' },
  costTime: 6 }
[2019-03-05T11:35:10.477] [INFO] response - { method: 'POST',
  url: '/resourceLibrary/getImgs',
  body: { pageSize: '18', currentPage: '1' },
  costTime: 5 }
[2019-03-05T11:35:10.478] [INFO] response - { method: 'POST',
  url: '/resourceLibrary/getVideos',
  body: { pageSize: '18', currentPage: '1' },
  costTime: 5 }
[2019-03-05T11:38:18.506] [INFO] response - { method: 'POST',
  url: '/resourceLibrary/getImgs',
  body: { pageSize: '18', currentPage: '1' },
  costTime: 6 }
[2019-03-05T11:38:18.509] [INFO] response - { method: 'POST',
  url: '/resourceLibrary/getVideos',
  body: { pageSize: '18', currentPage: '1' },
  costTime: 8 }
[2019-03-05T11:38:59.957] [INFO] response - { method: 'POST',
  url: '/resourceLibrary/getImgs',
  body: { pageSize: '18', currentPage: '1' },
  costTime: 6 }
[2019-03-05T11:38:59.959] [INFO] response - { method: 'POST',
  url: '/resourceLibrary/getVideos',
  body: { pageSize: '18', currentPage: '1' },
  costTime: 7 }
[2019-03-05T11:47:18.975] [INFO] response - { method: 'POST',
  url: '/resourceLibrary/getImgs',
  body: { pageSize: '18', currentPage: '1' },
  costTime: 4 }
[2019-03-05T11:47:18.977] [INFO] response - { method: 'POST',
  url: '/resourceLibrary/getVideos',
  body: { pageSize: '18', currentPage: '1' },
  costTime: 5 }
[2019-03-05T11:49:52.189] [INFO] response - { method: 'POST',
  url: '/resourceLibrary/getVideos',
  body: { pageSize: '18', currentPage: '1' },
  costTime: 4 }
[2019-03-05T11:49:52.191] [INFO] response - { method: 'POST',
  url: '/resourceLibrary/getImgs',
  body: { pageSize: '18', currentPage: '1' },
  costTime: 7 }
[2019-03-05T11:52:34.676] [INFO] response - { method: 'POST',
  url: '/resourceLibrary/getImgs',
  body: { pageSize: '18', currentPage: '1' },
  costTime: 4 }
[2019-03-05T11:52:34.677] [INFO] response - { method: 'POST',
  url: '/resourceLibrary/getVideos',
  body: { pageSize: '18', currentPage: '1' },
  costTime: 5 }
[2019-03-05T11:53:37.682] [INFO] response - { method: 'POST',
  url: '/resourceLibrary/getImgs',
  body: { pageSize: '18', currentPage: '1' },
  costTime: 6 }
[2019-03-05T11:53:37.686] [INFO] response - { method: 'POST',
  url: '/resourceLibrary/getVideos',
  body: { pageSize: '18', currentPage: '1' },
  costTime: 7 }
[2019-03-05T11:53:48.317] [INFO] response - { method: 'POST',
  url: '/resourceLibrary/getImgs',
  body: { pageSize: '18', currentPage: '1' },
  costTime: 7 }
[2019-03-05T11:53:48.318] [INFO] response - { method: 'POST',
  url: '/resourceLibrary/getVideos',
  body: { pageSize: '18', currentPage: '1' },
  costTime: 7 }
[2019-03-05T11:54:04.504] [INFO] response - { method: 'POST',
  url: '/resourceLibrary/getImgs',
  body: { pageSize: '18', currentPage: '1' },
  costTime: 3 }
[2019-03-05T11:57:03.167] [INFO] response - { method: 'GET',
  url: '/static/css/app.f1408f3d7f981943fb570b61d91b509f.css',
  body: {},
  costTime: 0 }
[2019-03-05T11:57:03.172] [INFO] response - { method: 'GET',
  url: '/static/js/manifest.2ae2e69a05c33dfc65f8.js',
  body: {},
  costTime: 1 }
[2019-03-05T11:57:03.174] [INFO] response - { method: 'GET',
  url: '/static/js/app.b09f768b421e3eafad3c.js',
  body: {},
  costTime: 0 }
[2019-03-05T11:57:03.178] [INFO] response - { method: 'GET',
  url: '/static/js/vendor.a9677c872f2f9adf15d8.js',
  body: {},
  costTime: 0 }
[2019-03-05T11:57:03.185] [INFO] response - { method: 'GET',
  url: '/static/js/app.b09f768b421e3eafad3c.js',
  body: {},
  costTime: 0 }
[2019-03-05T11:57:25.896] [INFO] response - { method: 'POST',
  url: '/resourceLibrary/getImgs',
  body: { pageSize: '18', currentPage: '1' },
  costTime: 5 }
[2019-03-05T11:57:25.898] [INFO] response - { method: 'POST',
  url: '/resourceLibrary/getVideos',
  body: { pageSize: '18', currentPage: '1' },
  costTime: 6 }
[2019-03-05T11:57:38.195] [INFO] response - { method: 'POST',
  url: '/resourceLibrary/getImgs',
  body: { pageSize: '18', currentPage: '1' },
  costTime: 5 }
[2019-03-05T11:57:38.197] [INFO] response - { method: 'POST',
  url: '/resourceLibrary/getVideos',
  body: { pageSize: '18', currentPage: '1' },
  costTime: 6 }
[2019-03-05T11:57:56.570] [INFO] response - { method: 'GET', url: '/favicon.ico', body: {}, costTime: 1 }
[2019-03-05T11:57:57.138] [INFO] response - { method: 'POST',
  url: '/resourceLibrary/getImgs',
  body: { pageSize: '18', currentPage: '1' },
  costTime: 6 }
[2019-03-05T11:57:57.140] [INFO] response - { method: 'GET', url: '/favicon.ico', body: {}, costTime: 1 }
[2019-03-05T11:57:57.141] [INFO] response - { method: 'POST',
  url: '/resourceLibrary/getVideos',
  body: { pageSize: '18', currentPage: '1' },
  costTime: 8 }
[2019-03-05T12:01:44.662] [INFO] response - { method: 'POST',
  url: '/resourceLibrary/getImgs',
  body: { pageSize: '18', currentPage: '1' },
  costTime: 4 }
[2019-03-05T12:01:44.664] [INFO] response - { method: 'POST',
  url: '/resourceLibrary/getVideos',
  body: { pageSize: '18', currentPage: '1' },
  costTime: 5 }
[2019-03-05T12:02:52.180] [INFO] response - { method: 'POST',
  url: '/resourceLibrary/getVideos',
  body: { pageSize: '18', currentPage: '1' },
  costTime: 2 }
[2019-03-05T12:02:52.183] [INFO] response - { method: 'POST',
  url: '/resourceLibrary/getImgs',
  body: { pageSize: '18', currentPage: '1' },
  costTime: 6 }
[2019-03-05T12:03:09.563] [INFO] response - { method: 'POST',
  url: '/resourceLibrary/getVideos',
  body: { pageSize: '18', currentPage: '1' },
  costTime: 3 }
[2019-03-05T12:03:09.566] [INFO] response - { method: 'POST',
  url: '/resourceLibrary/getImgs',
  body: { pageSize: '18', currentPage: '1' },
  costTime: 7 }
[2019-03-05T12:06:50.563] [INFO] response - { method: 'GET', url: '/favicon.ico', body: {}, costTime: 1 }
[2019-03-05T12:06:52.098] [INFO] response - { method: 'POST',
  url: '/user/login',
  body: { userName: 'admin', password: '123' },
  costTime: 120 }
[2019-03-05T12:06:55.987] [INFO] response - { method: 'POST',
  url: '/resourceLibrary/getImgs',
  body: { pageSize: '18', currentPage: '1' },
  costTime: 5 }
[2019-03-05T12:06:55.989] [INFO] response - { method: 'POST',
  url: '/resourceLibrary/getVideos',
  body: { pageSize: '18', currentPage: '1' },
  costTime: 6 }
[2019-03-05T12:07:09.719] [INFO] response - { method: 'POST',
  url: '/user/login',
  body: { userName: '', password: '' },
  costTime: 2 }
[2019-03-05T12:07:15.870] [INFO] response - { method: 'POST',
  url: '/user/login',
  body: { userName: 'admin', password: '123' },
  costTime: 168 }
[2019-03-05T12:07:17.463] [INFO] response - { method: 'POST',
  url: '/resourceLibrary/getImgs',
  body: { pageSize: '18', currentPage: '1' },
  costTime: 6 }
[2019-03-05T12:07:17.465] [INFO] response - { method: 'POST',
  url: '/resourceLibrary/getVideos',
  body: { pageSize: '18', currentPage: '1' },
  costTime: 7 }
[2019-03-05T12:07:22.567] [INFO] response - { method: 'GET', url: '/favicon.ico', body: {}, costTime: 1 }
[2019-03-05T12:07:39.494] [INFO] response - { method: 'POST',
  url: '/resourceLibrary/getImgs',
  body: { pageSize: '18', currentPage: '1' },
  costTime: 5 }
[2019-03-05T12:07:39.496] [INFO] response - { method: 'POST',
  url: '/resourceLibrary/getVideos',
  body: { pageSize: '18', currentPage: '1' },
  costTime: 6 }
[2019-03-05T12:11:21.643] [INFO] response - { method: 'GET',
  url: '/static/css/app.07cc3b41398df9fc4ed743d9b3038ec2.css',
  body: {},
  costTime: 1 }
[2019-03-05T12:11:21.644] [INFO] response - { method: 'GET',
  url: '/static/js/manifest.2ae2e69a05c33dfc65f8.js',
  body: {},
  costTime: 1 }
[2019-03-05T12:11:21.645] [INFO] response - { method: 'GET',
  url: '/static/js/vendor.a9677c872f2f9adf15d8.js',
  body: {},
  costTime: 0 }
[2019-03-05T12:11:21.646] [INFO] response - { method: 'GET',
  url: '/static/js/app.3cb0d3d34a6f9b3e12a1.js',
  body: {},
  costTime: 0 }
[2019-03-05T12:11:23.144] [INFO] response - { method: 'GET',
  url: '/static/css/app.07cc3b41398df9fc4ed743d9b3038ec2.css',
  body: {},
  costTime: 1 }
[2019-03-05T12:11:23.146] [INFO] response - { method: 'GET',
  url: '/static/js/manifest.2ae2e69a05c33dfc65f8.js',
  body: {},
  costTime: 0 }
[2019-03-05T12:11:23.146] [INFO] response - { method: 'GET',
  url: '/static/js/vendor.a9677c872f2f9adf15d8.js',
  body: {},
  costTime: 0 }
[2019-03-05T12:11:23.147] [INFO] response - { method: 'GET',
  url: '/static/js/app.3cb0d3d34a6f9b3e12a1.js',
  body: {},
  costTime: 0 }
[2019-03-05T12:11:37.769] [INFO] response - { method: 'GET',
  url: '/static/css/app.07cc3b41398df9fc4ed743d9b3038ec2.css',
  body: {},
  costTime: 0 }
[2019-03-05T12:11:37.770] [INFO] response - { method: 'GET',
  url: '/static/js/manifest.2ae2e69a05c33dfc65f8.js',
  body: {},
  costTime: 0 }
[2019-03-05T12:11:37.771] [INFO] response - { method: 'GET',
  url: '/static/js/vendor.a9677c872f2f9adf15d8.js',
  body: {},
  costTime: 0 }
[2019-03-05T12:11:37.771] [INFO] response - { method: 'GET',
  url: '/static/js/app.3cb0d3d34a6f9b3e12a1.js',
  body: {},
  costTime: 0 }
[2019-03-05T12:11:39.855] [INFO] response - { method: 'GET',
  url: '/static/css/app.07cc3b41398df9fc4ed743d9b3038ec2.css',
  body: {},
  costTime: 0 }
[2019-03-05T12:11:39.856] [INFO] response - { method: 'GET',
  url: '/static/js/manifest.2ae2e69a05c33dfc65f8.js',
  body: {},
  costTime: 0 }
[2019-03-05T12:11:39.857] [INFO] response - { method: 'GET',
  url: '/static/js/vendor.a9677c872f2f9adf15d8.js',
  body: {},
  costTime: 0 }
[2019-03-05T12:11:39.858] [INFO] response - { method: 'GET',
  url: '/static/js/app.3cb0d3d34a6f9b3e12a1.js',
  body: {},
  costTime: 0 }
[2019-03-05T12:11:51.906] [INFO] response - { method: 'POST',
  url: '/user/login',
  body: { userName: 'admin', password: '123' },
  costTime: 92 }
[2019-03-05T12:11:54.035] [INFO] response - { method: 'POST',
  url: '/resourceLibrary/getImgs',
  body: { pageSize: '18', currentPage: '1' },
  costTime: 5 }
[2019-03-05T12:11:54.037] [INFO] response - { method: 'POST',
  url: '/resourceLibrary/getVideos',
  body: { pageSize: '18', currentPage: '1' },
  costTime: 6 }
[2019-03-05T12:12:07.397] [INFO] response - { method: 'POST',
  url: '/resourceLibrary/getImgs',
  body: { pageSize: '18', currentPage: '1' },
  costTime: 5 }
[2019-03-05T12:12:07.399] [INFO] response - { method: 'POST',
  url: '/resourceLibrary/getVideos',
  body: { pageSize: '18', currentPage: '1' },
  costTime: 6 }
[2019-03-05T12:12:12.158] [INFO] response - { method: 'POST',
  url: '/resourceLibrary/getImgs',
  body: { pageSize: '18', currentPage: '1' },
  costTime: 7 }
[2019-03-05T12:12:12.160] [INFO] response - { method: 'POST',
  url: '/resourceLibrary/getVideos',
  body: { pageSize: '18', currentPage: '1' },
  costTime: 8 }
[2019-03-05T12:12:23.558] [INFO] response - { method: 'POST',
  url: '/resourceLibrary/getVideos',
  body: { pageSize: '18', currentPage: '1' },
  costTime: 4 }
[2019-03-05T12:12:23.560] [INFO] response - { method: 'POST',
  url: '/resourceLibrary/getImgs',
  body: { pageSize: '18', currentPage: '1' },
  costTime: 9 }
[2019-03-05T12:13:45.356] [INFO] response - { method: 'GET', url: '/favicon.ico', body: {}, costTime: 0 }
[2019-03-05T12:13:52.002] [INFO] response - { method: 'POST',
  url: '/user/login',
  body: { userName: 'admin', password: '123' },
  costTime: 93 }
[2019-03-05T12:13:54.004] [INFO] response - { method: 'POST',
  url: '/resourceLibrary/getImgs',
  body: { pageSize: '18', currentPage: '1' },
  costTime: 4 }
[2019-03-05T12:13:54.006] [INFO] response - { method: 'POST',
  url: '/resourceLibrary/getVideos',
  body: { pageSize: '18', currentPage: '1' },
  costTime: 5 }
[2019-03-05T12:14:10.332] [INFO] response - { method: 'GET', url: '/favicon.ico', body: {}, costTime: 0 }
[2019-03-05T12:14:10.337] [INFO] response - { method: 'POST',
  url: '/resourceLibrary/getImgs',
  body: { pageSize: '18', currentPage: '1' },
  costTime: 7 }
[2019-03-05T12:14:10.339] [INFO] response - { method: 'POST',
  url: '/resourceLibrary/getVideos',
  body: { pageSize: '18', currentPage: '1' },
  costTime: 8 }
[2019-03-05T12:14:48.588] [INFO] response - { method: 'POST',
  url: '/resourceLibrary/getImgs',
  body: { pageSize: '18', currentPage: '1' },
  costTime: 4 }
[2019-03-05T12:14:48.590] [INFO] response - { method: 'POST',
  url: '/resourceLibrary/getVideos',
  body: { pageSize: '18', currentPage: '1' },
  costTime: 6 }
[2019-03-05T12:43:24.554] [INFO] response - { method: 'POST',
  url: '/resourceLibrary/getImgs',
  body: { pageSize: '18', currentPage: '1' },
  costTime: 5 }
[2019-03-05T12:43:24.555] [INFO] response - { method: 'POST',
  url: '/resourceLibrary/getVideos',
  body: { pageSize: '18', currentPage: '1' },
  costTime: 4 }
[2019-03-05T12:43:49.852] [INFO] response - { method: 'POST',
  url: '/user/login',
  body: { userName: 'admin', password: '123' },
  costTime: 143 }
[2019-03-05T12:43:51.542] [INFO] response - { method: 'POST',
  url: '/resourceLibrary/getImgs',
  body: { pageSize: '18', currentPage: '1' },
  costTime: 5 }
[2019-03-05T12:43:51.544] [INFO] response - { method: 'POST',
  url: '/resourceLibrary/getVideos',
  body: { pageSize: '18', currentPage: '1' },
  costTime: 7 }
[2019-03-05T13:40:35.814] [INFO] response - { method: 'POST',
  url: '/resourceLibrary/getImgs',
  body: { pageSize: '18', currentPage: '1' },
  costTime: 5 }
[2019-03-05T13:40:35.816] [INFO] response - { method: 'POST',
  url: '/resourceLibrary/getVideos',
  body: { pageSize: '18', currentPage: '1' },
  costTime: 6 }
[2019-03-05T13:41:37.564] [INFO] response - { method: 'POST',
  url: '/resourceLibrary/getImgs',
  body: { pageSize: '18', currentPage: '1' },
  costTime: 4 }
[2019-03-05T13:41:37.566] [INFO] response - { method: 'POST',
  url: '/resourceLibrary/getVideos',
  body: { pageSize: '18', currentPage: '1' },
  costTime: 5 }
[2019-03-05T13:42:35.117] [INFO] response - { method: 'POST',
  url: '/resourceLibrary/getImgs',
  body: { pageSize: '18', currentPage: '1' },
  costTime: 4 }
[2019-03-05T13:42:35.120] [INFO] response - { method: 'POST',
  url: '/resourceLibrary/getVideos',
  body: { pageSize: '18', currentPage: '1' },
  costTime: 6 }
[2019-03-05T13:44:44.621] [INFO] response - { method: 'POST',
  url: '/resourceLibrary/getImgs',
  body: { pageSize: '18', currentPage: '1' },
  costTime: 5 }
[2019-03-05T13:44:44.623] [INFO] response - { method: 'POST',
  url: '/resourceLibrary/getVideos',
  body: { pageSize: '18', currentPage: '1' },
  costTime: 6 }
[2019-03-05T13:53:04.369] [INFO] response - { method: 'GET', url: '/favicon.ico', body: {}, costTime: 1 }
[2019-03-05T13:53:04.371] [INFO] response - { method: 'GET', url: '/favicon.ico', body: {}, costTime: 0 }
[2019-03-05T13:53:07.208] [INFO] response - { method: 'POST',
  url: '/user/login',
  body: { userName: 'admin', password: '123' },
  costTime: 111 }
[2019-03-05T13:53:07.355] [INFO] response - { method: 'GET', url: '/favicon.ico', body: {}, costTime: 0 }
[2019-03-05T13:53:09.208] [INFO] response - { method: 'GET', url: '/favicon.ico', body: {}, costTime: 0 }
[2019-03-05T13:53:09.713] [INFO] response - { method: 'POST',
  url: '/resourceLibrary/getImgs',
  body: { pageSize: '18', currentPage: '1' },
  costTime: 4 }
[2019-03-05T13:53:09.715] [INFO] response - { method: 'GET', url: '/favicon.ico', body: {}, costTime: 0 }
[2019-03-05T13:53:09.716] [INFO] response - { method: 'POST',
  url: '/resourceLibrary/getVideos',
  body: { pageSize: '18', currentPage: '1' },
  costTime: 6 }
[2019-03-05T13:54:05.323] [INFO] response - { method: 'POST',
  url: '/resourceLibrary/getImgs',
  body: { pageSize: '18', currentPage: '1' },
  costTime: 4 }
[2019-03-05T13:54:05.325] [INFO] response - { method: 'POST',
  url: '/resourceLibrary/getVideos',
  body: { pageSize: '18', currentPage: '1' },
  costTime: 5 }
[2019-03-05T13:54:19.943] [INFO] response - { method: 'POST',
  url: '/resourceLibrary/getImgs',
  body: { pageSize: '18', currentPage: '1' },
  costTime: 9 }
[2019-03-05T13:54:19.946] [INFO] response - { method: 'POST',
  url: '/resourceLibrary/getVideos',
  body: { pageSize: '18', currentPage: '1' },
  costTime: 10 }
[2019-03-05T13:56:14.865] [INFO] response - { method: 'POST',
  url: '/resourceLibrary/getImgs',
  body: { pageSize: '18', currentPage: '1' },
  costTime: 13 }
[2019-03-05T13:56:14.869] [INFO] response - { method: 'POST',
  url: '/resourceLibrary/getVideos',
  body: { pageSize: '18', currentPage: '1' },
  costTime: 14 }
[2019-03-05T13:56:29.700] [INFO] response - { method: 'GET', url: '/favicon.ico', body: {}, costTime: 0 }
[2019-03-05T13:56:29.701] [INFO] response - { method: 'GET', url: '/favicon.ico', body: {}, costTime: 0 }
[2019-03-05T13:56:32.086] [INFO] response - { method: 'POST',
  url: '/user/login',
  body: { userName: 'admin', password: '123' },
  costTime: 137 }
[2019-03-05T13:56:32.294] [INFO] response - { method: 'GET', url: '/favicon.ico', body: {}, costTime: 1 }
[2019-03-05T13:56:35.184] [INFO] response - { method: 'GET', url: '/favicon.ico', body: {}, costTime: 1 }
[2019-03-05T13:56:36.348] [INFO] response - { method: 'POST',
  url: '/resourceLibrary/getImgs',
  body: { pageSize: '18', currentPage: '1' },
  costTime: 4 }
[2019-03-05T13:56:36.350] [INFO] response - { method: 'POST',
  url: '/resourceLibrary/getVideos',
  body: { pageSize: '18', currentPage: '1' },
  costTime: 5 }
[2019-03-05T13:56:36.351] [INFO] response - { method: 'GET', url: '/favicon.ico', body: {}, costTime: 0 }
[2019-03-05T13:56:41.295] [INFO] response - { method: 'GET', url: '/favicon.ico', body: {}, costTime: 0 }
[2019-03-05T13:56:42.731] [INFO] response - { method: 'POST',
  url: '/user/login',
  body: { userName: 'admin', password: '123' },
  costTime: 143 }
[2019-03-05T13:56:44.742] [INFO] response - { method: 'POST',
  url: '/resourceLibrary/getImgs',
  body: { pageSize: '18', currentPage: '1' },
  costTime: 4 }
[2019-03-05T13:56:44.743] [INFO] response - { method: 'POST',
  url: '/resourceLibrary/getVideos',
  body: { pageSize: '18', currentPage: '1' },
  costTime: 4 }
[2019-03-05T13:57:59.143] [INFO] response - { method: 'POST',
  url: '/user/login',
  body: { userName: 'admin', password: '123' },
  costTime: 195 }
[2019-03-05T13:58:02.368] [INFO] response - { method: 'POST',
  url: '/resourceLibrary/getImgs',
  body: { pageSize: '18', currentPage: '1' },
  costTime: 4 }
[2019-03-05T13:58:02.369] [INFO] response - { method: 'POST',
  url: '/resourceLibrary/getVideos',
  body: { pageSize: '18', currentPage: '1' },
  costTime: 4 }
[2019-03-05T14:03:51.747] [INFO] response - { method: 'POST',
  url: '/resourceLibrary/getImgs',
  body: { pageSize: '18', currentPage: '1' },
  costTime: 6 }
[2019-03-05T14:03:51.749] [INFO] response - { method: 'POST',
  url: '/resourceLibrary/getVideos',
  body: { pageSize: '18', currentPage: '1' },
  costTime: 7 }
[2019-03-05T14:03:53.967] [INFO] response - { method: 'POST',
  url: '/resourceLibrary/getImgs',
  body: { pageSize: '18', currentPage: '1' },
  costTime: 4 }
[2019-03-05T14:03:53.969] [INFO] response - { method: 'POST',
  url: '/resourceLibrary/getVideos',
  body: { pageSize: '18', currentPage: '1' },
  costTime: 6 }
[2019-03-05T14:03:58.142] [INFO] response - { method: 'GET', url: '/favicon.ico', body: {}, costTime: 0 }
[2019-03-05T14:04:10.037] [INFO] response - { method: 'POST',
  url: '/user/login',
  body: { userName: 'admin', password: '123' },
  costTime: 185 }
[2019-03-05T14:04:11.722] [INFO] response - { method: 'POST',
  url: '/resourceLibrary/getImgs',
  body: { pageSize: '18', currentPage: '1' },
  costTime: 3 }
[2019-03-05T14:04:11.724] [INFO] response - { method: 'POST',
  url: '/resourceLibrary/getVideos',
  body: { pageSize: '18', currentPage: '1' },
  costTime: 4 }
[2019-03-05T14:11:33.721] [INFO] response - { method: 'POST',
  url: '/resourceLibrary/getImgs',
  body: { pageSize: '18', currentPage: '1' },
  costTime: 6 }
[2019-03-05T14:11:33.723] [INFO] response - { method: 'POST',
  url: '/resourceLibrary/getVideos',
  body: { pageSize: '18', currentPage: '1' },
  costTime: 6 }
[2019-03-05T14:14:47.610] [INFO] response - { method: 'POST',
  url: '/resourceLibrary/getImgs',
  body: { pageSize: '18', currentPage: '1' },
  costTime: 4 }
[2019-03-05T14:14:47.612] [INFO] response - { method: 'POST',
  url: '/resourceLibrary/getVideos',
  body: { pageSize: '18', currentPage: '1' },
  costTime: 4 }
[2019-03-05T14:15:04.731] [INFO] response - { method: 'POST',
  url: '/resourceLibrary/getImgs',
  body: { pageSize: '18', currentPage: '1' },
  costTime: 4 }
[2019-03-05T14:15:04.733] [INFO] response - { method: 'POST',
  url: '/resourceLibrary/getVideos',
  body: { pageSize: '18', currentPage: '1' },
  costTime: 6 }
[2019-03-05T14:18:41.007] [INFO] response - { method: 'POST',
  url: '/resourceLibrary/getImgs',
  body: { pageSize: '18', currentPage: '1' },
  costTime: 5 }
[2019-03-05T14:18:41.009] [INFO] response - { method: 'POST',
  url: '/resourceLibrary/getVideos',
  body: { pageSize: '18', currentPage: '1' },
  costTime: 6 }
[2019-03-05T14:23:20.389] [INFO] response - { method: 'POST',
  url: '/resourceLibrary/getImgs',
  body: { pageSize: '18', currentPage: '1' },
  costTime: 5 }
[2019-03-05T14:23:20.391] [INFO] response - { method: 'POST',
  url: '/resourceLibrary/getVideos',
  body: { pageSize: '18', currentPage: '1' },
  costTime: 6 }
[2019-03-05T14:23:36.968] [INFO] response - { method: 'POST',
  url: '/resourceLibrary/getImgs',
  body: { pageSize: '18', currentPage: '1' },
  costTime: 5 }
[2019-03-05T14:23:36.970] [INFO] response - { method: 'POST',
  url: '/resourceLibrary/getVideos',
  body: { pageSize: '18', currentPage: '1' },
  costTime: 6 }
[2019-03-05T14:23:58.412] [INFO] response - { method: 'POST',
  url: '/resourceLibrary/getImgs',
  body: { pageSize: '18', currentPage: '1' },
  costTime: 3 }
[2019-03-05T14:25:13.852] [INFO] response - { method: 'POST',
  url: '/resourceLibrary/getImgs',
  body: { pageSize: '18', currentPage: '1' },
  costTime: 5 }
[2019-03-05T14:25:13.855] [INFO] response - { method: 'POST',
  url: '/resourceLibrary/getVideos',
  body: { pageSize: '18', currentPage: '1' },
  costTime: 7 }
[2019-03-05T14:25:54.794] [INFO] response - { method: 'POST',
  url: '/resourceLibrary/getImgs',
  body: { pageSize: '18', currentPage: '1' },
  costTime: 5 }
[2019-03-05T14:25:54.796] [INFO] response - { method: 'POST',
  url: '/resourceLibrary/getVideos',
  body: { pageSize: '18', currentPage: '1' },
  costTime: 6 }
[2019-03-05T14:26:02.795] [INFO] response - { method: 'POST',
  url: '/resourceLibrary/getImgs',
  body: { pageSize: '18', currentPage: '1' },
  costTime: 5 }
[2019-03-05T14:26:02.797] [INFO] response - { method: 'POST',
  url: '/resourceLibrary/getVideos',
  body: { pageSize: '18', currentPage: '1' },
  costTime: 6 }
[2019-03-05T14:27:21.360] [INFO] response - { method: 'POST',
  url: '/resourceLibrary/getImgs',
  body: { pageSize: '18', currentPage: '1' },
  costTime: 4 }
[2019-03-05T14:27:21.364] [INFO] response - { method: 'POST',
  url: '/resourceLibrary/getVideos',
  body: { pageSize: '18', currentPage: '1' },
  costTime: 3 }
[2019-03-05T14:27:57.338] [INFO] response - { method: 'POST',
  url: '/resourceLibrary/getImgs',
  body: { pageSize: '18', currentPage: '1' },
  costTime: 5 }
[2019-03-05T14:27:57.340] [INFO] response - { method: 'POST',
  url: '/resourceLibrary/getVideos',
  body: { pageSize: '18', currentPage: '1' },
  costTime: 6 }
[2019-03-05T14:29:14.152] [INFO] response - { method: 'POST',
  url: '/resourceLibrary/getImgs',
  body: { pageSize: '18', currentPage: '1' },
  costTime: 3 }
[2019-03-05T14:29:14.154] [INFO] response - { method: 'POST',
  url: '/resourceLibrary/getVideos',
  body: { pageSize: '18', currentPage: '1' },
  costTime: 4 }
[2019-03-05T14:29:52.148] [INFO] response - { method: 'POST',
  url: '/resourceLibrary/getImgs',
  body: { pageSize: '18', currentPage: '1' },
  costTime: 4 }
[2019-03-05T14:29:52.149] [INFO] response - { method: 'POST',
  url: '/resourceLibrary/getVideos',
  body: { pageSize: '18', currentPage: '1' },
  costTime: 4 }
[2019-03-05T14:31:14.099] [INFO] response - { method: 'POST',
  url: '/resourceLibrary/getImgs',
  body: { pageSize: '18', currentPage: '1' },
  costTime: 3 }
[2019-03-05T14:31:14.101] [INFO] response - { method: 'POST',
  url: '/resourceLibrary/getVideos',
  body: { pageSize: '18', currentPage: '1' },
  costTime: 4 }
[2019-03-05T14:31:56.303] [INFO] response - { method: 'POST',
  url: '/resourceLibrary/getImgs',
  body: { pageSize: '18', currentPage: '1' },
  costTime: 8 }
[2019-03-05T14:31:56.304] [INFO] response - { method: 'POST',
  url: '/resourceLibrary/getVideos',
  body: { pageSize: '18', currentPage: '1' },
  costTime: 6 }
[2019-03-05T14:32:01.514] [INFO] response - { method: 'POST',
  url: '/resourceLibrary/getImgs',
  body: { pageSize: '18', currentPage: '1' },
  costTime: 4 }
[2019-03-05T14:32:01.515] [INFO] response - { method: 'POST',
  url: '/resourceLibrary/getVideos',
  body: { pageSize: '18', currentPage: '1' },
  costTime: 4 }
[2019-03-05T14:32:03.314] [INFO] response - { method: 'POST',
  url: '/resourceLibrary/getImgs',
  body: { pageSize: '18', currentPage: '1' },
  costTime: 4 }
[2019-03-05T14:32:03.316] [INFO] response - { method: 'POST',
  url: '/resourceLibrary/getVideos',
  body: { pageSize: '18', currentPage: '1' },
  costTime: 5 }
[2019-03-05T14:32:22.581] [INFO] response - { method: 'POST',
  url: '/resourceLibrary/getImgs',
  body: { pageSize: '18', currentPage: '1' },
  costTime: 3 }
[2019-03-05T14:32:22.583] [INFO] response - { method: 'POST',
  url: '/resourceLibrary/getVideos',
  body: { pageSize: '18', currentPage: '1' },
  costTime: 4 }
[2019-03-05T14:32:26.509] [INFO] response - { method: 'POST',
  url: '/resourceLibrary/getImgs',
  body: { pageSize: '18', currentPage: '1' },
  costTime: 4 }
[2019-03-05T14:32:26.510] [INFO] response - { method: 'POST',
  url: '/resourceLibrary/getVideos',
  body: { pageSize: '18', currentPage: '1' },
  costTime: 4 }
[2019-03-05T14:34:34.495] [INFO] response - { method: 'POST',
  url: '/resourceLibrary/getImgs',
  body: { pageSize: '18', currentPage: '1' },
  costTime: 5 }
[2019-03-05T14:34:34.497] [INFO] response - { method: 'POST',
  url: '/resourceLibrary/getVideos',
  body: { pageSize: '18', currentPage: '1' },
  costTime: 5 }
[2019-03-05T14:37:19.755] [INFO] response - { method: 'POST',
  url: '/resourceLibrary/getImgs',
  body: { pageSize: '18', currentPage: '1' },
  costTime: 6 }
[2019-03-05T14:37:19.756] [INFO] response - { method: 'POST',
  url: '/resourceLibrary/getVideos',
  body: { pageSize: '18', currentPage: '1' },
  costTime: 6 }
[2019-03-05T14:50:11.232] [INFO] response - { method: 'POST',
  url: '/resourceLibrary/getImgs',
  body: { pageSize: '18', currentPage: '1' },
  costTime: 4 }
[2019-03-05T14:50:11.240] [INFO] response - { method: 'POST',
  url: '/resourceLibrary/getVideos',
  body: { pageSize: '18', currentPage: '1' },
  costTime: 3 }
[2019-03-05T14:53:51.207] [INFO] response - { method: 'POST',
  url: '/resourceLibrary/getImgs',
  body: { pageSize: '18', currentPage: '1' },
  costTime: 3 }
[2019-03-05T14:54:43.473] [INFO] response - { method: 'POST',
  url: '/resourceLibrary/getImgs',
  body: { pageSize: '18', currentPage: '1' },
  costTime: 4 }
[2019-03-05T14:54:43.475] [INFO] response - { method: 'POST',
  url: '/resourceLibrary/getVideos',
  body: { pageSize: '18', currentPage: '1' },
  costTime: 5 }
[2019-03-05T14:55:40.045] [INFO] response - { method: 'POST',
  url: '/resourceLibrary/getImgs',
  body: { pageSize: '18', currentPage: '1' },
  costTime: 6 }
[2019-03-05T14:55:40.049] [INFO] response - { method: 'POST',
  url: '/resourceLibrary/getVideos',
  body: { pageSize: '18', currentPage: '1' },
  costTime: 8 }
[2019-03-05T14:57:32.477] [INFO] response - { method: 'GET',
  url: '/static/css/app.f8e0366318317d60032ff12073fcc003.css',
  body: {},
  costTime: 1 }
[2019-03-05T14:57:32.479] [INFO] response - { method: 'GET',
  url: '/static/js/manifest.2ae2e69a05c33dfc65f8.js',
  body: {},
  costTime: 1 }
[2019-03-05T14:57:32.480] [INFO] response - { method: 'GET',
  url: '/static/js/vendor.b285fdedf3649ae2b35b.js',
  body: {},
  costTime: 0 }
[2019-03-05T14:57:32.481] [INFO] response - { method: 'GET',
  url: '/static/js/app.8109f76fd823b4b8133f.js',
  body: {},
  costTime: 0 }
[2019-03-05T14:58:05.853] [INFO] response - { method: 'POST',
  url: '/resourceLibrary/getImgs',
  body: { pageSize: '18', currentPage: '1' },
  costTime: 5 }
[2019-03-05T14:58:05.854] [INFO] response - { method: 'POST',
  url: '/resourceLibrary/getVideos',
  body: { pageSize: '18', currentPage: '1' },
  costTime: 5 }
[2019-03-05T14:58:21.093] [INFO] response - { method: 'POST',
  url: '/resourceLibrary/getImgs',
  body: { pageSize: '18', currentPage: '1' },
  costTime: 3 }
[2019-03-05T14:58:21.095] [INFO] response - { method: 'POST',
  url: '/resourceLibrary/getVideos',
  body: { pageSize: '18', currentPage: '1' },
  costTime: 4 }
[2019-03-05T14:59:45.613] [INFO] response - { method: 'POST',
  url: '/resourceLibrary/getImgs',
  body: { pageSize: '18', currentPage: '1' },
  costTime: 3 }
[2019-03-05T14:59:45.615] [INFO] response - { method: 'POST',
  url: '/resourceLibrary/getVideos',
  body: { pageSize: '18', currentPage: '1' },
  costTime: 4 }
[2019-03-05T14:59:54.903] [INFO] response - { method: 'POST',
  url: '/resourceLibrary/getImgs',
  body: { pageSize: '18', currentPage: '1' },
  costTime: 3 }
[2019-03-05T15:00:23.205] [INFO] response - { method: 'POST',
  url: '/resourceLibrary/getImgs',
  body: { pageSize: '18', currentPage: '1' },
  costTime: 5 }
[2019-03-05T15:00:29.706] [INFO] response - { method: 'POST',
  url: '/resourceLibrary/uploadVideo',
  body: {},
  costTime: 160 }
[2019-03-05T15:00:29.728] [INFO] response - { method: 'POST',
  url: '/resourceLibrary/getVideos',
  body: { pageSize: '18', currentPage: '1' },
  costTime: 3 }
[2019-03-05T15:00:32.988] [INFO] response - { method: 'POST',
  url: '/resourceLibrary/uploadVideo',
  body: {},
  costTime: 119 }
[2019-03-05T15:00:33.004] [INFO] response - { method: 'POST',
  url: '/resourceLibrary/getVideos',
  body: { pageSize: '18', currentPage: '1' },
  costTime: 4 }
[2019-03-05T15:00:35.019] [INFO] response - { method: 'POST',
  url: '/resourceLibrary/uploadVideo',
  body: {},
  costTime: 130 }
[2019-03-05T15:00:35.034] [INFO] response - { method: 'POST',
  url: '/resourceLibrary/getVideos',
  body: { pageSize: '18', currentPage: '1' },
  costTime: 3 }
[2019-03-05T15:00:37.643] [INFO] response - { method: 'POST',
  url: '/resourceLibrary/uploadVideo',
  body: {},
  costTime: 81 }
[2019-03-05T15:00:37.680] [INFO] response - { method: 'POST',
  url: '/resourceLibrary/getVideos',
  body: { pageSize: '18', currentPage: '1' },
  costTime: 18 }
[2019-03-05T15:00:48.874] [INFO] response - { method: 'POST',
  url: '/resourceLibrary/getImgs',
  body: { pageSize: '18', currentPage: '1' },
  costTime: 5 }
[2019-03-05T15:00:48.877] [INFO] response - { method: 'POST',
  url: '/resourceLibrary/getVideos',
  body: { pageSize: '18', currentPage: '1' },
  costTime: 7 }
[2019-03-05T15:02:06.386] [INFO] response - { method: 'POST',
  url: '/resourceLibrary/getImgs',
  body: { pageSize: '18', currentPage: '1' },
  costTime: 12 }
[2019-03-05T15:02:06.390] [INFO] response - { method: 'POST',
  url: '/resourceLibrary/getVideos',
  body: { pageSize: '18', currentPage: '1' },
  costTime: 13 }
[2019-03-05T15:05:49.611] [INFO] response - { method: 'POST',
  url: '/resourceLibrary/getImgs',
  body: { pageSize: '18', currentPage: '1' },
  costTime: 5 }
[2019-03-05T15:05:49.613] [INFO] response - { method: 'POST',
  url: '/resourceLibrary/getVideos',
  body: { pageSize: '18', currentPage: '1' },
  costTime: 6 }
[2019-03-05T15:06:38.676] [INFO] response - { method: 'POST',
  url: '/resourceLibrary/getImgs',
  body: { pageSize: '18', currentPage: '1' },
  costTime: 8 }
[2019-03-05T15:06:38.679] [INFO] response - { method: 'POST',
  url: '/resourceLibrary/getVideos',
  body: { pageSize: '18', currentPage: '1' },
  costTime: 8 }
[2019-03-05T15:06:47.054] [INFO] response - { method: 'POST',
  url: '/resourceLibrary/getImgs',
  body: { pageSize: '18', currentPage: '1' },
  costTime: 6 }
[2019-03-05T15:06:47.056] [INFO] response - { method: 'POST',
  url: '/resourceLibrary/getVideos',
  body: { pageSize: '18', currentPage: '1' },
  costTime: 8 }
[2019-03-05T15:06:59.175] [INFO] response - { method: 'POST',
  url: '/resourceLibrary/getImgs',
  body: { pageSize: '18', currentPage: '1' },
  costTime: 4 }
[2019-03-05T15:14:30.681] [INFO] response - { method: 'GET', url: '/favicon.ico', body: {}, costTime: 1 }
[2019-03-05T15:14:43.458] [INFO] response - { method: 'GET', url: '/favicon.ico', body: {}, costTime: 0 }
[2019-03-05T15:14:49.101] [INFO] response - { method: 'POST',
  url: '/user/login',
  body: { userName: 'admin', password: '123' },
  costTime: 98 }
[2019-03-05T15:14:49.147] [INFO] response - { method: 'GET', url: '/favicon.ico', body: {}, costTime: 1 }
[2019-03-05T15:14:50.745] [INFO] response - { method: 'POST',
  url: '/resourceLibrary/getImgs',
  body: { pageSize: '18', currentPage: '1' },
  costTime: 5 }
[2019-03-05T15:14:50.747] [INFO] response - { method: 'POST',
  url: '/resourceLibrary/getVideos',
  body: { pageSize: '18', currentPage: '1' },
  costTime: 7 }
[2019-03-05T15:22:44.551] [INFO] response - { method: 'POST',
  url: '/resourceLibrary/getImgs',
  body: { pageSize: '18', currentPage: '1' },
  costTime: 6 }
[2019-03-05T15:22:44.555] [INFO] response - { method: 'POST',
  url: '/resourceLibrary/getVideos',
  body: { pageSize: '18', currentPage: '1' },
  costTime: 9 }
[2019-03-05T15:23:28.069] [INFO] response - { method: 'POST',
  url: '/resourceLibrary/getImgs',
  body: { pageSize: '18', currentPage: '1' },
  costTime: 5 }
[2019-03-05T15:23:28.072] [INFO] response - { method: 'POST',
  url: '/resourceLibrary/getVideos',
  body: { pageSize: '18', currentPage: '1' },
  costTime: 7 }
[2019-03-05T15:23:31.779] [INFO] response - { method: 'POST',
  url: '/resourceLibrary/getImgs',
  body: { pageSize: '18', currentPage: '1' },
  costTime: 6 }
[2019-03-05T15:23:31.781] [INFO] response - { method: 'POST',
  url: '/resourceLibrary/getVideos',
  body: { pageSize: '18', currentPage: '1' },
  costTime: 7 }
[2019-03-05T15:25:39.225] [INFO] response - { method: 'POST',
  url: '/user/login',
  body: { userName: 'admin', password: '123' },
  costTime: 154 }
[2019-03-05T15:25:41.328] [INFO] response - { method: 'POST',
  url: '/resourceLibrary/getImgs',
  body: { pageSize: '18', currentPage: '1' },
  costTime: 4 }
[2019-03-05T15:25:41.331] [INFO] response - { method: 'POST',
  url: '/resourceLibrary/getVideos',
  body: { pageSize: '18', currentPage: '1' },
  costTime: 6 }
[2019-03-05T15:26:14.724] [INFO] response - { method: 'POST',
  url: '/resourceLibrary/getImgs',
  body: { pageSize: '18', currentPage: '1' },
  costTime: 5 }
[2019-03-05T15:26:14.727] [INFO] response - { method: 'POST',
  url: '/resourceLibrary/getVideos',
  body: { pageSize: '18', currentPage: '1' },
  costTime: 8 }
[2019-03-05T16:30:56.030] [INFO] response - { method: 'GET', url: '/favicon.ico', body: {}, costTime: 0 }
[2019-03-05T16:30:58.318] [INFO] response - { method: 'GET', url: '/favicon.ico', body: {}, costTime: 0 }
[2019-03-05T16:30:58.321] [INFO] response - { method: 'GET', url: '/favicon.ico', body: {}, costTime: 1 }
[2019-03-05T16:31:01.040] [INFO] response - { method: 'POST',
  url: '/user/login',
  body: { userName: 'admin', password: '123' },
  costTime: 203 }
[2019-03-05T16:31:01.131] [INFO] response - { method: 'GET', url: '/favicon.ico', body: {}, costTime: 1 }
[2019-03-05T16:31:03.144] [INFO] response - { method: 'GET', url: '/favicon.ico', body: {}, costTime: 1 }
[2019-03-05T16:31:05.003] [INFO] response - { method: 'GET', url: '/favicon.ico', body: {}, costTime: 0 }
[2019-03-05T16:31:05.006] [INFO] response - { method: 'POST',
  url: '/resourceLibrary/getImgs',
  body: { pageSize: '18', currentPage: '1' },
  costTime: 6 }
[2019-03-05T16:31:05.008] [INFO] response - { method: 'POST',
  url: '/resourceLibrary/getVideos',
  body: { pageSize: '18', currentPage: '1' },
  costTime: 7 }
[2019-03-05T16:32:15.615] [INFO] response - { method: 'POST',
  url: '/resourceLibrary/getImgs',
  body: { pageSize: '18', currentPage: '1' },
  costTime: 9 }
[2019-03-05T16:32:15.618] [INFO] response - { method: 'POST',
  url: '/resourceLibrary/getVideos',
  body: { pageSize: '18', currentPage: '1' },
  costTime: 10 }
[2019-03-05T16:39:32.743] [INFO] response - { method: 'POST',
  url: '/resourceLibrary/getImgs',
  body: { pageSize: '18', currentPage: '1' },
  costTime: 5 }
[2019-03-05T16:39:32.744] [INFO] response - { method: 'POST',
  url: '/resourceLibrary/getVideos',
  body: { pageSize: '18', currentPage: '1' },
  costTime: 4 }
[2019-03-05T16:39:43.683] [INFO] response - { method: 'POST',
  url: '/resourceLibrary/getImgs',
  body: { pageSize: '18', currentPage: '1' },
  costTime: 5 }
[2019-03-05T16:39:43.685] [INFO] response - { method: 'POST',
  url: '/resourceLibrary/getVideos',
  body: { pageSize: '18', currentPage: '1' },
  costTime: 5 }
[2019-03-05T16:40:07.965] [INFO] response - { method: 'POST',
  url: '/resourceLibrary/getImgs',
  body: { pageSize: '18', currentPage: '1' },
  costTime: 22 }
[2019-03-05T16:40:07.967] [INFO] response - { method: 'POST',
  url: '/resourceLibrary/getVideos',
  body: { pageSize: '18', currentPage: '1' },
  costTime: 24 }
[2019-03-05T16:41:17.444] [INFO] response - { method: 'POST',
  url: '/resourceLibrary/getImgs',
  body: { pageSize: '18', currentPage: '1' },
  costTime: 4 }
[2019-03-05T16:41:17.446] [INFO] response - { method: 'POST',
  url: '/resourceLibrary/getVideos',
  body: { pageSize: '18', currentPage: '1' },
  costTime: 5 }
[2019-03-05T16:52:01.857] [INFO] response - { method: 'POST',
  url: '/resourceLibrary/getVideos',
  body: { pageSize: '18', currentPage: '1' },
  costTime: 8 }
[2019-03-05T16:52:01.859] [INFO] response - { method: 'POST',
  url: '/resourceLibrary/getImgs',
  body: { pageSize: '18', currentPage: '1' },
  costTime: 12 }
[2019-03-05T16:52:07.195] [INFO] response - { method: 'POST',
  url: '/resourceLibrary/getImgs',
  body: { pageSize: '18', currentPage: '1' },
  costTime: 4 }
[2019-03-05T16:52:07.197] [INFO] response - { method: 'POST',
  url: '/resourceLibrary/getVideos',
  body: { pageSize: '18', currentPage: '1' },
  costTime: 5 }
[2019-03-05T16:52:19.219] [INFO] response - { method: 'POST',
  url: '/resourceLibrary/getImgs',
  body: { pageSize: '18', currentPage: '1' },
  costTime: 4 }
[2019-03-05T16:52:19.221] [INFO] response - { method: 'POST',
  url: '/resourceLibrary/getVideos',
  body: { pageSize: '18', currentPage: '1' },
  costTime: 6 }
[2019-03-05T16:55:29.512] [INFO] response - { method: 'POST',
  url: '/resourceLibrary/getImgs',
  body: { pageSize: '18', currentPage: '1' },
  costTime: 4 }
[2019-03-05T16:55:29.515] [INFO] response - { method: 'POST',
  url: '/resourceLibrary/getVideos',
  body: { pageSize: '18', currentPage: '1' },
  costTime: 7 }
[2019-03-05T17:00:54.070] [INFO] response - { method: 'POST',
  url: '/resourceLibrary/getImgs',
  body: { pageSize: '18', currentPage: '1' },
  costTime: 4 }
[2019-03-05T17:00:54.073] [INFO] response - { method: 'POST',
  url: '/resourceLibrary/getVideos',
  body: { pageSize: '18', currentPage: '1' },
  costTime: 6 }
[2019-03-05T17:01:55.133] [INFO] response - { method: 'POST',
  url: '/resourceLibrary/getImgs',
  body: { pageSize: '18', currentPage: '1' },
  costTime: 4 }
[2019-03-05T17:02:05.722] [INFO] response - { method: 'POST',
  url: '/resourceLibrary/getImgs',
  body: { pageSize: '18', currentPage: '2' },
  costTime: 2 }
[2019-03-05T17:02:07.445] [INFO] response - { method: 'POST',
  url: '/resourceLibrary/getImgs',
  body: { pageSize: '18', currentPage: '1' },
  costTime: 5 }
[2019-03-05T17:02:16.524] [INFO] response - { method: 'POST',
  url: '/resourceLibrary/searchImgs',
  body: { keyWord: '登陆', pageSize: '18', currentPage: '1' },
  costTime: 8 }
[2019-03-05T17:02:17.028] [INFO] response - { method: 'POST',
  url: '/resourceLibrary/searchImgs',
  body: { keyWord: '登陆', pageSize: '18', currentPage: '1' },
  costTime: 6 }
[2019-03-05T17:02:24.444] [INFO] response - { method: 'POST',
  url: '/resourceLibrary/searchImgs',
  body: { keyWord: '登录', pageSize: '18', currentPage: '1' },
  costTime: 5 }
[2019-03-05T17:02:39.305] [INFO] response - { method: 'GET', url: '/favicon.ico', body: {}, costTime: 1 }
[2019-03-05T17:48:16.831] [INFO] response - { method: 'POST',
  url: '/user/login',
  body: { userName: 'admin', password: '123' },
  costTime: 125 }
[2019-03-05T17:48:18.644] [INFO] response - { method: 'POST',
  url: '/resourceLibrary/getImgs',
  body: { pageSize: '18', currentPage: '1' },
  costTime: 14 }
[2019-03-05T17:48:18.649] [INFO] response - { method: 'POST',
  url: '/resourceLibrary/getVideos',
  body: { pageSize: '18', currentPage: '1' },
  costTime: 15 }
[2019-03-05T17:48:39.960] [INFO] response - { method: 'POST',
  url: '/user/login',
  body: { userName: 'admin', password: '123' },
  costTime: 179 }
[2019-03-05T17:48:41.594] [INFO] response - { method: 'POST',
  url: '/resourceLibrary/getVideos',
  body: { pageSize: '18', currentPage: '1' },
  costTime: 6 }
[2019-03-05T17:48:41.600] [INFO] response - { method: 'POST',
  url: '/resourceLibrary/getImgs',
  body: { pageSize: '18', currentPage: '1' },
  costTime: 11 }
[2019-03-05T17:49:29.798] [INFO] response - { method: 'POST',
  url: '/resourceLibrary/getImgs',
  body: { pageSize: '18', currentPage: '1' },
  costTime: 5 }
[2019-03-05T17:49:29.801] [INFO] response - { method: 'POST',
  url: '/resourceLibrary/getVideos',
  body: { pageSize: '18', currentPage: '1' },
  costTime: 6 }
[2019-03-05T17:49:51.647] [INFO] response - { method: 'POST',
  url: '/resourceLibrary/getImgs',
  body: { pageSize: '18', currentPage: '1' },
  costTime: 4 }
[2019-03-05T17:49:51.650] [INFO] response - { method: 'POST',
  url: '/resourceLibrary/getVideos',
  body: { pageSize: '18', currentPage: '1' },
  costTime: 5 }
[2019-03-05T17:49:57.003] [INFO] response - { method: 'POST',
  url: '/user/login',
  body: { userName: 'admin', password: '123' },
  costTime: 134 }
[2019-03-05T17:49:58.593] [INFO] response - { method: 'POST',
  url: '/resourceLibrary/getImgs',
  body: { pageSize: '18', currentPage: '1' },
  costTime: 7 }
[2019-03-05T17:49:58.597] [INFO] response - { method: 'POST',
  url: '/resourceLibrary/getVideos',
  body: { pageSize: '18', currentPage: '1' },
  costTime: 8 }
[2019-03-05T17:50:26.420] [INFO] response - { method: 'POST',
  url: '/user/login',
  body: { userName: 'admin', password: '123' },
  costTime: 186 }
[2019-03-05T17:50:28.221] [INFO] response - { method: 'POST',
  url: '/resourceLibrary/getImgs',
  body: { pageSize: '18', currentPage: '1' },
  costTime: 4 }
[2019-03-05T17:50:28.223] [INFO] response - { method: 'POST',
  url: '/resourceLibrary/getVideos',
  body: { pageSize: '18', currentPage: '1' },
  costTime: 5 }
[2019-03-05T17:51:44.071] [INFO] response - { method: 'GET', url: '/favicon.ico', body: {}, costTime: 2 }
[2019-03-05T17:51:50.871] [INFO] response - { method: 'POST',
  url: '/user/login',
  body: { userName: 'admin', password: '123' },
  costTime: 224 }
[2019-03-05T17:51:52.317] [INFO] response - { method: 'POST',
  url: '/resourceLibrary/getImgs',
  body: { pageSize: '18', currentPage: '1' },
  costTime: 9 }
[2019-03-05T17:51:52.321] [INFO] response - { method: 'POST',
  url: '/resourceLibrary/getVideos',
  body: { pageSize: '18', currentPage: '1' },
  costTime: 10 }
[2019-03-05T17:54:36.406] [INFO] response - { method: 'POST',
  url: '/resourceLibrary/getImgs',
  body: { pageSize: '18', currentPage: '1' },
  costTime: 11 }
[2019-03-05T17:54:36.415] [INFO] response - { method: 'POST',
  url: '/resourceLibrary/getVideos',
  body: { pageSize: '18', currentPage: '1' },
  costTime: 18 }
