[2019-03-22T10:34:23.624] [INFO] response - { method: 'POST',
  url: '/user/login',
  body: { userName: 'admin', password: '123' },
  costTime: 140 }
[2019-03-22T10:34:23.671] [INFO] response - { method: 'POST',
  url: '/resourceLibrary/getImgs',
  body: { pageSize: '18', currentPage: '1' },
  costTime: 11 }
[2019-03-22T10:34:23.673] [INFO] response - { method: 'POST',
  url: '/websites/getWebsites',
  body: {},
  costTime: 10 }
[2019-03-22T10:34:28.871] [INFO] response - { method: 'POST',
  url: '/user/getUsersName',
  body: {},
  costTime: 3 }
[2019-03-22T10:34:28.875] [INFO] response - { method: 'POST',
  url: '/outRecord/getRecords',
  body: { pageSize: '9', currentPage: '1' },
  costTime: 8 }
[2019-03-22T10:34:31.532] [INFO] response - { method: 'POST',
  url: '/resourceLibrary/getImgs',
  body: { pageSize: '18', currentPage: '1' },
  costTime: 5 }
[2019-03-22T10:34:31.534] [INFO] response - { method: 'POST',
  url: '/resourceLibrary/getVideos',
  body: { pageSize: '18', currentPage: '1' },
  costTime: 6 }
[2019-03-22T10:34:34.589] [INFO] response - { method: 'POST',
  url: '/user/getUsers',
  body: { pageSize: '9', currentPage: '1' },
  costTime: 4 }
[2019-03-22T11:09:23.688] [INFO] response - { method: 'GET', url: '/favicon.ico', body: {}, costTime: 2 }
[2019-03-22T11:09:38.228] [INFO] response - { method: 'POST',
  url: '/user/login',
  body: { userName: 'admin', password: '123' },
  costTime: 110 }
[2019-03-22T11:09:38.269] [INFO] response - { method: 'POST',
  url: '/websites/getWebsites',
  body: {},
  costTime: 6 }
[2019-03-22T11:09:38.281] [INFO] response - { method: 'POST',
  url: '/resourceLibrary/getImgs',
  body: { pageSize: '18', currentPage: '1' },
  costTime: 19 }
[2019-03-22T11:09:40.897] [INFO] response - { method: 'POST',
  url: '/user/getUsersName',
  body: {},
  costTime: 4 }
[2019-03-22T11:09:40.902] [INFO] response - { method: 'POST',
  url: '/outRecord/getRecords',
  body: { pageSize: '9', currentPage: '1' },
  costTime: 11 }
[2019-03-22T11:09:41.477] [INFO] response - { method: 'POST',
  url: '/resourceLibrary/getImgs',
  body: { pageSize: '18', currentPage: '1' },
  costTime: 7 }
[2019-03-22T11:09:41.478] [INFO] response - { method: 'POST',
  url: '/resourceLibrary/getVideos',
  body: { pageSize: '18', currentPage: '1' },
  costTime: 7 }
[2019-03-22T11:09:42.786] [INFO] response - { method: 'POST',
  url: '/user/getUsers',
  body: { pageSize: '9', currentPage: '1' },
  costTime: 3 }
[2019-03-22T11:16:58.285] [INFO] response - { method: 'POST',
  url: '/equipment/getBasicInfo',
  body: { equipmentId: 'bidding' },
  costTime: 6 }
[2019-03-22T11:16:58.307] [INFO] response - { method: 'POST',
  url: '/equipment/getDetailInfo',
  body: 
   { equipmentId: 'equipmentId',
     currentMoudleId: 'bidding1',
     roomNum: '1' },
  costTime: 4 }
[2019-03-22T11:17:02.106] [INFO] response - { method: 'POST',
  url: '/user/getUsers',
  body: { pageSize: '9', currentPage: '1' },
  costTime: 4 }
[2019-03-22T11:20:21.120] [INFO] response - { method: 'POST',
  url: '/resourceLibrary/getImgs',
  body: { pageSize: '18', currentPage: '1' },
  costTime: 6 }
[2019-03-22T11:20:21.122] [INFO] response - { method: 'POST',
  url: '/resourceLibrary/getVideos',
  body: { pageSize: '18', currentPage: '1' },
  costTime: 6 }
[2019-03-22T11:20:23.825] [INFO] response - { method: 'POST',
  url: '/user/getUsers',
  body: { pageSize: '9', currentPage: '1' },
  costTime: 5 }
[2019-03-22T11:28:12.094] [INFO] response - { method: 'POST',
  url: '/user/login',
  body: { userName: 'zhangsan', password: '123' },
  costTime: 158 }
[2019-03-22T11:28:12.117] [INFO] response - { method: 'POST',
  url: '/websites/getWebsites',
  body: {},
  costTime: 3 }
[2019-03-22T11:28:12.122] [INFO] response - { method: 'POST',
  url: '/resourceLibrary/getImgs',
  body: { pageSize: '18', currentPage: '1' },
  costTime: 9 }
[2019-03-22T11:31:47.121] [INFO] response - { method: 'POST',
  url: '/user/login',
  body: { userName: 'admin', password: '123' },
  costTime: 126 }
[2019-03-22T11:31:47.154] [INFO] response - { method: 'POST',
  url: '/websites/getWebsites',
  body: {},
  costTime: 6 }
[2019-03-22T11:31:47.158] [INFO] response - { method: 'POST',
  url: '/resourceLibrary/getImgs',
  body: { pageSize: '18', currentPage: '1' },
  costTime: 14 }
[2019-03-22T11:32:53.680] [INFO] response - { method: 'POST',
  url: '/websites/getWebsites',
  body: {},
  costTime: 4 }
[2019-03-22T11:32:53.682] [INFO] response - { method: 'POST',
  url: '/resourceLibrary/getImgs',
  body: { pageSize: '18', currentPage: '1' },
  costTime: 7 }
[2019-03-22T11:33:10.566] [INFO] response - { method: 'POST',
  url: '/user/login',
  body: { userName: 'admin', password: '123' },
  costTime: 195 }
[2019-03-22T11:33:10.597] [INFO] response - { method: 'POST',
  url: '/websites/getWebsites',
  body: {},
  costTime: 3 }
[2019-03-22T11:33:10.600] [INFO] response - { method: 'POST',
  url: '/resourceLibrary/getImgs',
  body: { pageSize: '18', currentPage: '1' },
  costTime: 7 }
[2019-03-22T11:40:58.288] [INFO] response - { method: 'POST',
  url: '/websites/getWebsites',
  body: {},
  costTime: 26 }
[2019-03-22T11:40:58.297] [INFO] response - { method: 'POST',
  url: '/resourceLibrary/getImgs',
  body: { pageSize: '18', currentPage: '1' },
  costTime: 41 }
[2019-03-22T11:41:03.920] [INFO] response - { method: 'POST',
  url: '/user/login',
  body: { userName: 'admin', password: '123' },
  costTime: 174 }
[2019-03-22T11:41:03.949] [INFO] response - { method: 'POST',
  url: '/websites/getWebsites',
  body: {},
  costTime: 3 }
[2019-03-22T11:41:03.953] [INFO] response - { method: 'POST',
  url: '/resourceLibrary/getImgs',
  body: { pageSize: '18', currentPage: '1' },
  costTime: 9 }
[2019-03-22T11:43:12.090] [INFO] response - { method: 'POST',
  url: '/websites/getWebsites',
  body: {},
  costTime: 13 }
[2019-03-22T11:43:12.101] [INFO] response - { method: 'POST',
  url: '/resourceLibrary/getImgs',
  body: { pageSize: '18', currentPage: '1' },
  costTime: 30 }
[2019-03-22T11:43:22.034] [INFO] response - { method: 'POST',
  url: '/user/login',
  body: { userName: 'admin', password: '123' },
  costTime: 160 }
[2019-03-22T11:43:22.065] [INFO] response - { method: 'POST',
  url: '/websites/getWebsites',
  body: {},
  costTime: 3 }
[2019-03-22T11:43:22.067] [INFO] response - { method: 'POST',
  url: '/resourceLibrary/getImgs',
  body: { pageSize: '18', currentPage: '1' },
  costTime: 7 }
[2019-03-22T11:44:40.588] [INFO] response - { method: 'POST',
  url: '/websites/getWebsites',
  body: {},
  costTime: 3 }
[2019-03-22T11:44:40.591] [INFO] response - { method: 'POST',
  url: '/resourceLibrary/getImgs',
  body: { pageSize: '18', currentPage: '1' },
  costTime: 7 }
[2019-03-22T11:44:45.662] [INFO] response - { method: 'POST',
  url: '/user/login',
  body: { userName: 'admin', password: '123' },
  costTime: 121 }
[2019-03-22T11:44:45.689] [INFO] response - { method: 'POST',
  url: '/websites/getWebsites',
  body: {},
  costTime: 3 }
[2019-03-22T11:44:45.692] [INFO] response - { method: 'POST',
  url: '/resourceLibrary/getImgs',
  body: { pageSize: '18', currentPage: '1' },
  costTime: 7 }
[2019-03-22T11:45:40.024] [INFO] response - { method: 'POST',
  url: '/websites/getWebsites',
  body: {},
  costTime: 2 }
[2019-03-22T11:45:40.027] [INFO] response - { method: 'POST',
  url: '/resourceLibrary/getImgs',
  body: { pageSize: '18', currentPage: '1' },
  costTime: 7 }
[2019-03-22T11:45:49.610] [INFO] response - { method: 'POST',
  url: '/user/getUsersName',
  body: {},
  costTime: 3 }
[2019-03-22T11:45:49.613] [INFO] response - { method: 'POST',
  url: '/outRecord/getRecords',
  body: { pageSize: '9', currentPage: '1' },
  costTime: 7 }
[2019-03-22T11:45:51.174] [INFO] response - { method: 'POST',
  url: '/user/getUsersName',
  body: {},
  costTime: 1 }
[2019-03-22T11:45:51.177] [INFO] response - { method: 'POST',
  url: '/outRecord/getRecords',
  body: { pageSize: '9', currentPage: '1' },
  costTime: 6 }
[2019-03-22T13:39:00.770] [INFO] response - { method: 'POST',
  url: '/resourceLibrary/getImgs',
  body: { pageSize: '18', currentPage: '1' },
  costTime: 5 }
[2019-03-22T13:39:00.772] [INFO] response - { method: 'POST',
  url: '/resourceLibrary/getVideos',
  body: { pageSize: '18', currentPage: '1' },
  costTime: 6 }
[2019-03-22T13:39:02.317] [INFO] response - { method: 'POST',
  url: '/user/getUsers',
  body: { pageSize: '9', currentPage: '1' },
  costTime: 4 }
[2019-03-22T13:39:12.077] [INFO] response - { method: 'POST',
  url: '/user/login',
  body: { userName: 'admin', password: '123' },
  costTime: 117 }
[2019-03-22T13:39:12.101] [INFO] response - { method: 'POST',
  url: '/websites/getWebsites',
  body: {},
  costTime: 2 }
[2019-03-22T13:39:12.103] [INFO] response - { method: 'POST',
  url: '/resourceLibrary/getImgs',
  body: { pageSize: '18', currentPage: '1' },
  costTime: 5 }
[2019-03-22T13:40:50.282] [INFO] response - { method: 'POST',
  url: '/websites/getWebsites',
  body: {},
  costTime: 2 }
[2019-03-22T13:40:50.283] [INFO] response - { method: 'POST',
  url: '/resourceLibrary/getImgs',
  body: { pageSize: '18', currentPage: '1' },
  costTime: 4 }
[2019-03-22T13:40:57.455] [INFO] response - { method: 'POST',
  url: '/user/login',
  body: { userName: 'admin', password: '123' },
  costTime: 131 }
[2019-03-22T13:40:57.482] [INFO] response - { method: 'POST',
  url: '/websites/getWebsites',
  body: {},
  costTime: 2 }
[2019-03-22T13:40:57.485] [INFO] response - { method: 'POST',
  url: '/resourceLibrary/getImgs',
  body: { pageSize: '18', currentPage: '1' },
  costTime: 7 }
[2019-03-22T13:42:45.523] [INFO] response - { method: 'POST',
  url: '/websites/getWebsites',
  body: {},
  costTime: 15 }
[2019-03-22T13:42:45.531] [INFO] response - { method: 'POST',
  url: '/resourceLibrary/getImgs',
  body: { pageSize: '18', currentPage: '1' },
  costTime: 30 }
[2019-03-22T13:44:21.504] [INFO] response - { method: 'POST',
  url: '/websites/getWebsites',
  body: {},
  costTime: 3 }
[2019-03-22T13:44:21.507] [INFO] response - { method: 'POST',
  url: '/resourceLibrary/getImgs',
  body: { pageSize: '18', currentPage: '1' },
  costTime: 7 }
[2019-03-22T13:45:50.426] [INFO] response - { method: 'POST',
  url: '/resourceLibrary/getImgs',
  body: { pageSize: '18', currentPage: '1' },
  costTime: 4 }
[2019-03-22T13:45:50.427] [INFO] response - { method: 'POST',
  url: '/websites/getWebsites',
  body: {},
  costTime: 3 }
[2019-03-22T13:46:17.154] [INFO] response - { method: 'POST',
  url: '/websites/getWebsites',
  body: {},
  costTime: 2 }
[2019-03-22T13:46:17.155] [INFO] response - { method: 'POST',
  url: '/resourceLibrary/getImgs',
  body: { pageSize: '18', currentPage: '1' },
  costTime: 5 }
[2019-03-22T13:47:46.874] [INFO] response - { method: 'POST',
  url: '/websites/getWebsites',
  body: {},
  costTime: 2 }
[2019-03-22T13:47:46.876] [INFO] response - { method: 'POST',
  url: '/resourceLibrary/getImgs',
  body: { pageSize: '18', currentPage: '1' },
  costTime: 5 }
[2019-03-22T13:50:17.648] [INFO] response - { method: 'POST',
  url: '/websites/getWebsites',
  body: {},
  costTime: 2 }
[2019-03-22T13:50:17.650] [INFO] response - { method: 'POST',
  url: '/resourceLibrary/getImgs',
  body: { pageSize: '18', currentPage: '1' },
  costTime: 5 }
[2019-03-22T13:50:29.337] [INFO] response - { method: 'POST',
  url: '/user/getUsers',
  body: { pageSize: '9', currentPage: '1' },
  costTime: 5 }
[2019-03-22T13:52:41.780] [INFO] response - { method: 'POST',
  url: '/user/check',
  body: { userName: 'admin' },
  costTime: 6 }
[2019-03-22T13:52:56.379] [INFO] response - { method: 'POST',
  url: '/user/save',
  body: 
   { showDialog: 'true',
     userName: 'admin',
     password: '123',
     status: 'normal',
     jobPosition: '超级管理员',
     role: 'super',
     jurisdiction: 
      { web: 'true',
        view: 'true',
        expert: 'true',
        out: 'true',
        res: 'true',
        cdLibrary: 'true',
        jurisdiction: 'true' } },
  costTime: 145 }
[2019-03-22T13:52:56.401] [INFO] response - { method: 'POST',
  url: '/user/getUsers',
  body: { pageSize: '9', currentPage: '1' },
  costTime: 3 }
[2019-03-22T13:53:01.309] [INFO] response - { method: 'POST',
  url: '/user/login',
  body: { userName: 'admin', password: '123' },
  costTime: 98 }
[2019-03-22T13:53:01.332] [INFO] response - { method: 'POST',
  url: '/websites/getWebsites',
  body: {},
  costTime: 2 }
[2019-03-22T13:53:01.335] [INFO] response - { method: 'POST',
  url: '/resourceLibrary/getImgs',
  body: { pageSize: '18', currentPage: '1' },
  costTime: 6 }
[2019-03-22T13:53:08.490] [INFO] response - { method: 'POST',
  url: '/user/login',
  body: { userName: 'admin', password: '123' },
  costTime: 118 }
[2019-03-22T13:53:08.515] [INFO] response - { method: 'POST',
  url: '/websites/getWebsites',
  body: {},
  costTime: 7 }
[2019-03-22T13:53:08.528] [INFO] response - { method: 'POST',
  url: '/resourceLibrary/getImgs',
  body: { pageSize: '18', currentPage: '1' },
  costTime: 21 }
[2019-03-22T13:53:16.343] [INFO] response - { method: 'POST',
  url: '/user/login',
  body: { userName: 'lisi', password: '123' },
  costTime: 127 }
[2019-03-22T13:53:16.366] [INFO] response - { method: 'POST',
  url: '/websites/getWebsites',
  body: {},
  costTime: 2 }
[2019-03-22T13:53:16.367] [INFO] response - { method: 'POST',
  url: '/resourceLibrary/getImgs',
  body: { pageSize: '18', currentPage: '1' },
  costTime: 4 }
[2019-03-22T13:53:21.917] [INFO] response - { method: 'POST',
  url: '/user/login',
  body: { userName: 'admin', password: '123' },
  costTime: 142 }
[2019-03-22T13:53:21.937] [INFO] response - { method: 'POST',
  url: '/websites/getWebsites',
  body: {},
  costTime: 2 }
[2019-03-22T13:53:21.939] [INFO] response - { method: 'POST',
  url: '/resourceLibrary/getImgs',
  body: { pageSize: '18', currentPage: '1' },
  costTime: 5 }
[2019-03-22T13:53:23.045] [INFO] response - { method: 'POST',
  url: '/user/getUsers',
  body: { pageSize: '9', currentPage: '1' },
  costTime: 5 }
[2019-03-22T13:53:37.362] [INFO] response - { method: 'POST',
  url: '/user/check',
  body: { userName: 'wangwu' },
  costTime: 3 }
[2019-03-22T13:53:49.126] [INFO] response - { method: 'POST',
  url: '/user/save',
  body: 
   { showDialog: 'true',
     userName: 'wangwu',
     password: '123',
     status: 'normal',
     jobPosition: '科员',
     role: 'user',
     jurisdiction: 
      { web: 'true',
        view: 'false',
        expert: 'false',
        out: 'true',
        res: 'false',
        cdLibrary: 'false',
        jurisdiction: 'false' } },
  costTime: 172 }
[2019-03-22T13:53:49.144] [INFO] response - { method: 'POST',
  url: '/user/getUsers',
  body: { pageSize: '9', currentPage: '1' },
  costTime: 3 }
[2019-03-22T13:53:58.041] [INFO] response - { method: 'POST',
  url: '/user/login',
  body: { userName: 'wangwu', password: '123' },
  costTime: 135 }
[2019-03-22T13:53:58.059] [INFO] response - { method: 'POST',
  url: '/websites/getWebsites',
  body: {},
  costTime: 2 }
[2019-03-22T13:53:58.061] [INFO] response - { method: 'POST',
  url: '/resourceLibrary/getImgs',
  body: { pageSize: '18', currentPage: '1' },
  costTime: 5 }
[2019-03-22T13:56:01.163] [INFO] response - { method: 'POST',
  url: '/user/login',
  body: { userName: 'wangwu', password: '123' },
  costTime: 112 }
[2019-03-22T13:56:01.200] [INFO] response - { method: 'POST',
  url: '/websites/getWebsites',
  body: {},
  costTime: 2 }
[2019-03-22T13:56:01.202] [INFO] response - { method: 'POST',
  url: '/resourceLibrary/getImgs',
  body: { pageSize: '18', currentPage: '1' },
  costTime: 6 }
[2019-03-22T13:58:10.870] [INFO] response - { method: 'POST',
  url: '/websites/getWebsites',
  body: {},
  costTime: 7 }
[2019-03-22T13:58:10.876] [INFO] response - { method: 'POST',
  url: '/resourceLibrary/getImgs',
  body: { pageSize: '18', currentPage: '1' },
  costTime: 16 }
[2019-03-22T13:58:39.777] [INFO] response - { method: 'POST',
  url: '/websites/getWebsites',
  body: {},
  costTime: 2 }
[2019-03-22T13:58:39.778] [INFO] response - { method: 'POST',
  url: '/resourceLibrary/getImgs',
  body: { pageSize: '18', currentPage: '1' },
  costTime: 4 }
[2019-03-22T13:58:45.954] [INFO] response - { method: 'POST',
  url: '/websites/getWebsites',
  body: {},
  costTime: 3 }
[2019-03-22T13:58:45.956] [INFO] response - { method: 'POST',
  url: '/resourceLibrary/getImgs',
  body: { pageSize: '18', currentPage: '1' },
  costTime: 6 }
[2019-03-22T13:58:48.952] [INFO] response - { method: 'POST',
  url: '/user/getUsersName',
  body: {},
  costTime: 4 }
[2019-03-22T13:58:48.955] [INFO] response - { method: 'POST',
  url: '/outRecord/getRecords',
  body: { pageSize: '9', currentPage: '1' },
  costTime: 9 }
[2019-03-22T13:58:51.396] [INFO] response - { method: 'POST',
  url: '/websites/getWebsites',
  body: {},
  costTime: 5 }
[2019-03-22T13:58:51.402] [INFO] response - { method: 'POST',
  url: '/resourceLibrary/getImgs',
  body: { pageSize: '18', currentPage: '1' },
  costTime: 13 }
[2019-03-22T14:00:01.805] [INFO] response - { method: 'POST',
  url: '/websites/getWebsites',
  body: {},
  costTime: 2 }
[2019-03-22T14:00:01.806] [INFO] response - { method: 'POST',
  url: '/resourceLibrary/getImgs',
  body: { pageSize: '18', currentPage: '1' },
  costTime: 4 }
[2019-03-22T14:00:06.549] [INFO] response - { method: 'POST',
  url: '/websites/getWebsites',
  body: {},
  costTime: 17 }
[2019-03-22T14:00:06.557] [INFO] response - { method: 'POST',
  url: '/resourceLibrary/getImgs',
  body: { pageSize: '18', currentPage: '1' },
  costTime: 32 }
[2019-03-22T14:01:59.787] [INFO] response - { method: 'POST',
  url: '/user/login',
  body: { userName: 'admin', password: '123' },
  costTime: 135 }
[2019-03-22T14:01:59.813] [INFO] response - { method: 'POST',
  url: '/websites/getWebsites',
  body: {},
  costTime: 4 }
[2019-03-22T14:01:59.816] [INFO] response - { method: 'POST',
  url: '/resourceLibrary/getImgs',
  body: { pageSize: '18', currentPage: '1' },
  costTime: 8 }
[2019-03-22T14:02:14.682] [INFO] response - { method: 'POST',
  url: '/user/login',
  body: { userName: 'zhangsan', password: '123' },
  costTime: 180 }
[2019-03-22T14:02:14.711] [INFO] response - { method: 'POST',
  url: '/websites/getWebsites',
  body: {},
  costTime: 3 }
[2019-03-22T14:02:14.714] [INFO] response - { method: 'POST',
  url: '/resourceLibrary/getImgs',
  body: { pageSize: '18', currentPage: '1' },
  costTime: 8 }
[2019-03-22T14:02:20.811] [INFO] response - { method: 'POST',
  url: '/user/getUsersName',
  body: {},
  costTime: 3 }
[2019-03-22T14:02:20.817] [INFO] response - { method: 'POST',
  url: '/outRecord/getRecords',
  body: { pageSize: '9', currentPage: '1' },
  costTime: 10 }
[2019-03-22T14:02:21.166] [INFO] response - { method: 'POST',
  url: '/resourceLibrary/getImgs',
  body: { pageSize: '18', currentPage: '1' },
  costTime: 5 }
[2019-03-22T14:02:21.168] [INFO] response - { method: 'POST',
  url: '/resourceLibrary/getVideos',
  body: { pageSize: '18', currentPage: '1' },
  costTime: 6 }
[2019-03-22T14:02:22.836] [INFO] response - { method: 'POST',
  url: '/resourceLibrary/getImgs',
  body: { pageSize: '18', currentPage: '1' },
  costTime: 6 }
[2019-03-22T14:02:22.838] [INFO] response - { method: 'POST',
  url: '/resourceLibrary/getVideos',
  body: { pageSize: '18', currentPage: '1' },
  costTime: 6 }
[2019-03-22T14:02:23.441] [INFO] response - { method: 'POST',
  url: '/user/getUsersName',
  body: {},
  costTime: 3 }
[2019-03-22T14:02:23.444] [INFO] response - { method: 'POST',
  url: '/outRecord/getRecords',
  body: { pageSize: '9', currentPage: '1' },
  costTime: 7 }
[2019-03-22T14:02:24.793] [INFO] response - { method: 'POST',
  url: '/websites/getWebsites',
  body: {},
  costTime: 4 }
[2019-03-22T14:02:24.798] [INFO] response - { method: 'POST',
  url: '/resourceLibrary/getImgs',
  body: { pageSize: '18', currentPage: '1' },
  costTime: 10 }
[2019-03-22T14:02:26.724] [INFO] response - { method: 'POST',
  url: '/resourceLibrary/getImgs',
  body: { pageSize: '18', currentPage: '1' },
  costTime: 7 }
[2019-03-22T14:02:26.726] [INFO] response - { method: 'POST',
  url: '/resourceLibrary/getVideos',
  body: { pageSize: '18', currentPage: '1' },
  costTime: 8 }
[2019-03-22T14:02:27.036] [INFO] response - { method: 'POST',
  url: '/user/getUsersName',
  body: {},
  costTime: 3 }
[2019-03-22T14:02:27.040] [INFO] response - { method: 'POST',
  url: '/outRecord/getRecords',
  body: { pageSize: '9', currentPage: '1' },
  costTime: 8 }
[2019-03-22T14:02:28.265] [INFO] response - { method: 'POST',
  url: '/websites/getWebsites',
  body: {},
  costTime: 5 }
[2019-03-22T14:02:28.268] [INFO] response - { method: 'POST',
  url: '/resourceLibrary/getImgs',
  body: { pageSize: '18', currentPage: '1' },
  costTime: 9 }
[2019-03-22T14:02:33.103] [INFO] response - { method: 'POST',
  url: '/user/login',
  body: { userName: 'admin', password: '123' },
  costTime: 151 }
[2019-03-22T14:02:33.125] [INFO] response - { method: 'POST',
  url: '/resourceLibrary/getImgs',
  body: { pageSize: '18', currentPage: '1' },
  costTime: 5 }
[2019-03-22T14:02:33.128] [INFO] response - { method: 'POST',
  url: '/websites/getWebsites',
  body: {},
  costTime: 6 }
[2019-03-22T14:02:37.857] [INFO] response - { method: 'POST',
  url: '/user/getUsers',
  body: { pageSize: '9', currentPage: '1' },
  costTime: 6 }
[2019-03-22T14:04:28.217] [INFO] response - { method: 'POST',
  url: '/websites/getWebsites',
  body: {},
  costTime: 3 }
[2019-03-22T14:04:28.220] [INFO] response - { method: 'POST',
  url: '/resourceLibrary/getImgs',
  body: { pageSize: '18', currentPage: '1' },
  costTime: 9 }
[2019-03-22T14:06:18.771] [INFO] response - { method: 'POST',
  url: '/user/getUsers',
  body: { pageSize: '9', currentPage: '1' },
  costTime: 5 }
[2019-03-22T14:06:20.610] [INFO] response - { method: 'POST',
  url: '/user/getUsers',
  body: { pageSize: '9', currentPage: '1' },
  costTime: 6 }
[2019-03-22T14:06:44.889] [INFO] response - { method: 'POST',
  url: '/resourceLibrary/getImgs',
  body: { pageSize: '18', currentPage: '1' },
  costTime: 8 }
[2019-03-22T14:06:44.891] [INFO] response - { method: 'POST',
  url: '/resourceLibrary/getVideos',
  body: { pageSize: '18', currentPage: '1' },
  costTime: 8 }
[2019-03-22T14:06:45.240] [INFO] response - { method: 'POST',
  url: '/user/getUsersName',
  body: {},
  costTime: 3 }
[2019-03-22T14:06:45.243] [INFO] response - { method: 'POST',
  url: '/outRecord/getRecords',
  body: { pageSize: '9', currentPage: '1' },
  costTime: 7 }
[2019-03-22T14:07:03.009] [INFO] response - { method: 'POST',
  url: '/outRecord/getRecords',
  body: { pageSize: '9', currentPage: '2' },
  costTime: 14 }
[2019-03-22T14:07:03.519] [INFO] response - { method: 'POST',
  url: '/outRecord/getRecords',
  body: { pageSize: '9', currentPage: '3' },
  costTime: 6 }
[2019-03-22T14:07:04.793] [INFO] response - { method: 'POST',
  url: '/outRecord/getRecords',
  body: { pageSize: '9', currentPage: '1' },
  costTime: 7 }
[2019-03-22T14:09:15.879] [INFO] response - { method: 'POST',
  url: '/user/getUsersName',
  body: {},
  costTime: 2 }
[2019-03-22T14:09:15.882] [INFO] response - { method: 'POST',
  url: '/outRecord/getRecords',
  body: { pageSize: '9', currentPage: '1' },
  costTime: 6 }
[2019-03-22T14:10:05.374] [INFO] response - { method: 'POST',
  url: '/user/getUsersName',
  body: {},
  costTime: 15 }
[2019-03-22T14:10:05.382] [INFO] response - { method: 'POST',
  url: '/outRecord/getRecords',
  body: { pageSize: '9', currentPage: '1' },
  costTime: 36 }
[2019-03-22T14:10:28.384] [INFO] response - { method: 'POST',
  url: '/resourceLibrary/getImgs',
  body: { pageSize: '18', currentPage: '1' },
  costTime: 13 }
[2019-03-22T14:10:28.387] [INFO] response - { method: 'POST',
  url: '/resourceLibrary/getVideos',
  body: { pageSize: '18', currentPage: '1' },
  costTime: 12 }
[2019-03-22T14:10:28.767] [INFO] response - { method: 'POST',
  url: '/user/getUsersName',
  body: {},
  costTime: 4 }
[2019-03-22T14:10:28.770] [INFO] response - { method: 'POST',
  url: '/outRecord/getRecords',
  body: { pageSize: '9', currentPage: '1' },
  costTime: 10 }
[2019-03-22T14:11:37.815] [INFO] response - { method: 'POST',
  url: '/user/getUsersName',
  body: {},
  costTime: 3 }
[2019-03-22T14:11:37.817] [INFO] response - { method: 'POST',
  url: '/outRecord/getRecords',
  body: { pageSize: '9', currentPage: '1' },
  costTime: 7 }
[2019-03-22T14:12:45.858] [INFO] response - { method: 'POST',
  url: '/user/getUsersName',
  body: {},
  costTime: 7 }
[2019-03-22T14:12:45.864] [INFO] response - { method: 'POST',
  url: '/outRecord/getRecords',
  body: { pageSize: '9', currentPage: '1' },
  costTime: 17 }
[2019-03-22T14:12:46.585] [INFO] response - { method: 'POST',
  url: '/resourceLibrary/getImgs',
  body: { pageSize: '18', currentPage: '1' },
  costTime: 8 }
[2019-03-22T14:12:46.588] [INFO] response - { method: 'POST',
  url: '/resourceLibrary/getVideos',
  body: { pageSize: '18', currentPage: '1' },
  costTime: 9 }
[2019-03-22T14:12:47.563] [INFO] response - { method: 'POST',
  url: '/user/getUsersName',
  body: {},
  costTime: 3 }
[2019-03-22T14:12:47.566] [INFO] response - { method: 'POST',
  url: '/outRecord/getRecords',
  body: { pageSize: '9', currentPage: '1' },
  costTime: 7 }
[2019-03-22T14:13:14.089] [INFO] response - { method: 'POST',
  url: '/resourceLibrary/getImgs',
  body: { pageSize: '18', currentPage: '1' },
  costTime: 11 }
[2019-03-22T14:13:14.092] [INFO] response - { method: 'POST',
  url: '/resourceLibrary/getVideos',
  body: { pageSize: '18', currentPage: '1' },
  costTime: 14 }
[2019-03-22T14:13:14.577] [INFO] response - { method: 'POST',
  url: '/user/getUsersName',
  body: {},
  costTime: 5 }
[2019-03-22T14:13:14.582] [INFO] response - { method: 'POST',
  url: '/outRecord/getRecords',
  body: { pageSize: '9', currentPage: '1' },
  costTime: 14 }
[2019-03-22T14:13:16.678] [INFO] response - { method: 'POST',
  url: '/user/getUsersName',
  body: {},
  costTime: 2 }
[2019-03-22T14:13:16.681] [INFO] response - { method: 'POST',
  url: '/outRecord/getRecords',
  body: { pageSize: '9', currentPage: '1' },
  costTime: 6 }
[2019-03-22T14:13:41.874] [INFO] response - { method: 'POST',
  url: '/user/getUsersName',
  body: {},
  costTime: 2 }
[2019-03-22T14:13:41.877] [INFO] response - { method: 'POST',
  url: '/outRecord/getRecords',
  body: { pageSize: '9', currentPage: '1' },
  costTime: 7 }
[2019-03-22T14:17:50.588] [INFO] response - { method: 'POST',
  url: '/user/getUsersName',
  body: {},
  costTime: 2 }
[2019-03-22T14:17:50.590] [INFO] response - { method: 'POST',
  url: '/outRecord/getRecords',
  body: { pageSize: '9', currentPage: '1' },
  costTime: 5 }
[2019-03-22T14:18:07.875] [INFO] response - { method: 'POST',
  url: '/user/getUsersName',
  body: {},
  costTime: 1 }
[2019-03-22T14:18:07.877] [INFO] response - { method: 'POST',
  url: '/outRecord/getRecords',
  body: { pageSize: '9', currentPage: '1' },
  costTime: 5 }
[2019-03-22T14:18:36.178] [INFO] response - { method: 'POST',
  url: '/user/getUsersName',
  body: {},
  costTime: 3 }
[2019-03-22T14:18:36.180] [INFO] response - { method: 'POST',
  url: '/outRecord/getRecords',
  body: { pageSize: '9', currentPage: '1' },
  costTime: 6 }
[2019-03-22T14:18:42.241] [INFO] response - { method: 'POST',
  url: '/user/getUsersName',
  body: {},
  costTime: 2 }
[2019-03-22T14:18:42.243] [INFO] response - { method: 'POST',
  url: '/outRecord/getRecords',
  body: { pageSize: '9', currentPage: '1' },
  costTime: 5 }
[2019-03-22T14:18:46.767] [INFO] response - { method: 'POST',
  url: '/outRecord/getRecords',
  body: { pageSize: '9', currentPage: '1' },
  costTime: 4 }
[2019-03-22T14:18:46.769] [INFO] response - { method: 'POST',
  url: '/user/getUsersName',
  body: {},
  costTime: 4 }
[2019-03-22T14:18:55.166] [INFO] response - { method: 'POST',
  url: '/user/getUsers',
  body: { pageSize: '9', currentPage: '1' },
  costTime: 5 }
[2019-03-22T14:19:04.681] [INFO] response - { method: 'POST',
  url: '/user/check',
  body: { userName: 'test1' },
  costTime: 6 }
[2019-03-22T14:19:09.904] [INFO] response - { method: 'POST',
  url: '/user/save',
  body: 
   { showDialog: 'true',
     userName: 'test1',
     password: '123',
     status: 'normal',
     jobPosition: 'asd',
     role: 'admin',
     jurisdiction: 
      { web: 'true',
        view: 'true',
        expert: 'true',
        out: 'true',
        res: 'true',
        cdLibrary: 'true',
        jurisdiction: 'false' } },
  costTime: 141 }
[2019-03-22T14:19:09.926] [INFO] response - { method: 'POST',
  url: '/user/getUsers',
  body: { pageSize: '9', currentPage: '1' },
  costTime: 5 }
[2019-03-22T14:19:18.798] [INFO] response - { method: 'POST',
  url: '/user/login',
  body: { userName: 'test1', password: '123' },
  costTime: 134 }
[2019-03-22T14:19:18.832] [INFO] response - { method: 'POST',
  url: '/resourceLibrary/getImgs',
  body: { pageSize: '18', currentPage: '1' },
  costTime: 4 }
[2019-03-22T14:19:18.834] [INFO] response - { method: 'POST',
  url: '/websites/getWebsites',
  body: {},
  costTime: 4 }
[2019-03-22T14:19:22.628] [INFO] response - { method: 'POST',
  url: '/user/getUsersName',
  body: {},
  costTime: 4 }
[2019-03-22T14:19:22.630] [INFO] response - { method: 'POST',
  url: '/outRecord/getRecords',
  body: { pageSize: '9', currentPage: '1' },
  costTime: 9 }
[2019-03-22T14:19:34.096] [INFO] response - { method: 'POST',
  url: '/user/login',
  body: { userName: 'admin', password: '123' },
  costTime: 163 }
[2019-03-22T14:19:34.119] [INFO] response - { method: 'POST',
  url: '/websites/getWebsites',
  body: {},
  costTime: 2 }
[2019-03-22T14:19:34.121] [INFO] response - { method: 'POST',
  url: '/resourceLibrary/getImgs',
  body: { pageSize: '18', currentPage: '1' },
  costTime: 5 }
[2019-03-22T14:19:35.818] [INFO] response - { method: 'POST',
  url: '/user/getUsersName',
  body: {},
  costTime: 3 }
[2019-03-22T14:19:35.823] [INFO] response - { method: 'POST',
  url: '/outRecord/getRecords',
  body: { pageSize: '9', currentPage: '1' },
  costTime: 10 }
[2019-03-22T14:20:20.155] [INFO] response - { method: 'POST',
  url: '/user/getUsersName',
  body: {},
  costTime: 5 }
[2019-03-22T14:20:20.163] [INFO] response - { method: 'POST',
  url: '/outRecord/getRecords',
  body: { pageSize: '9', currentPage: '1' },
  costTime: 15 }
[2019-03-22T14:32:24.517] [INFO] response - { method: 'POST',
  url: '/user/getUsersName',
  body: {},
  costTime: 2 }
[2019-03-22T14:32:24.519] [INFO] response - { method: 'POST',
  url: '/outRecord/getRecords',
  body: { pageSize: '9', currentPage: '1' },
  costTime: 5 }
[2019-03-22T14:32:54.984] [INFO] response - { method: 'POST',
  url: '/user/getUsersName',
  body: {},
  costTime: 2 }
[2019-03-22T14:32:54.986] [INFO] response - { method: 'POST',
  url: '/outRecord/getRecords',
  body: { pageSize: '9', currentPage: '1' },
  costTime: 5 }
[2019-03-22T14:32:57.087] [INFO] response - { method: 'POST',
  url: '/resourceLibrary/getImgs',
  body: { pageSize: '18', currentPage: '1' },
  costTime: 5 }
[2019-03-22T14:32:57.089] [INFO] response - { method: 'POST',
  url: '/resourceLibrary/getVideos',
  body: { pageSize: '18', currentPage: '1' },
  costTime: 6 }
[2019-03-22T14:37:10.267] [INFO] response - { method: 'POST',
  url: '/user/getUsersName',
  body: {},
  costTime: 7 }
[2019-03-22T14:37:10.271] [INFO] response - { method: 'POST',
  url: '/outRecord/getRecords',
  body: { pageSize: '9', currentPage: '1' },
  costTime: 13 }
[2019-03-22T14:37:13.945] [INFO] response - { method: 'POST',
  url: '/websites/getWebsites',
  body: {},
  costTime: 5 }
[2019-03-22T14:37:13.949] [INFO] response - { method: 'POST',
  url: '/resourceLibrary/getImgs',
  body: { pageSize: '18', currentPage: '1' },
  costTime: 12 }
[2019-03-22T14:37:17.202] [INFO] response - { method: 'POST',
  url: '/user/getUsersName',
  body: {},
  costTime: 5 }
[2019-03-22T14:37:17.209] [INFO] response - { method: 'POST',
  url: '/outRecord/getRecords',
  body: { pageSize: '9', currentPage: '1' },
  costTime: 14 }
[2019-03-22T14:37:17.999] [INFO] response - { method: 'POST',
  url: '/resourceLibrary/getImgs',
  body: { pageSize: '18', currentPage: '1' },
  costTime: 5 }
[2019-03-22T14:37:18.001] [INFO] response - { method: 'POST',
  url: '/resourceLibrary/getVideos',
  body: { pageSize: '18', currentPage: '1' },
  costTime: 5 }
[2019-03-22T14:38:10.544] [INFO] response - { method: 'POST',
  url: '/user/getUsersName',
  body: {},
  costTime: 4 }
[2019-03-22T14:38:10.553] [INFO] response - { method: 'POST',
  url: '/outRecord/getRecords',
  body: { pageSize: '9', currentPage: '1' },
  costTime: 15 }
[2019-03-22T14:38:14.258] [INFO] response - { method: 'POST',
  url: '/websites/getWebsites',
  body: {},
  costTime: 4 }
[2019-03-22T14:38:14.265] [INFO] response - { method: 'POST',
  url: '/resourceLibrary/getImgs',
  body: { pageSize: '18', currentPage: '1' },
  costTime: 14 }
[2019-03-22T14:38:18.634] [INFO] response - { method: 'POST',
  url: '/integratedMachine/getUrl',
  body: {},
  costTime: 2 }
[2019-03-22T14:38:18.636] [INFO] response - { method: 'POST',
  url: '/resourceLibrary/getImgs',
  body: { pageSize: '18', currentPage: '1' },
  costTime: 5 }
[2019-03-22T14:39:48.110] [INFO] response - { method: 'POST',
  url: '/websites/getWebsites',
  body: {},
  costTime: 2 }
[2019-03-22T14:39:48.111] [INFO] response - { method: 'POST',
  url: '/resourceLibrary/getImgs',
  body: { pageSize: '18', currentPage: '1' },
  costTime: 4 }
[2019-03-22T14:39:49.168] [INFO] response - { method: 'POST',
  url: '/user/getUsersName',
  body: {},
  costTime: 3 }
[2019-03-22T14:39:49.170] [INFO] response - { method: 'POST',
  url: '/outRecord/getRecords',
  body: { pageSize: '9', currentPage: '1' },
  costTime: 6 }
[2019-03-22T14:39:52.139] [INFO] response - { method: 'POST',
  url: '/user/getUsersName',
  body: {},
  costTime: 2 }
[2019-03-22T14:39:52.141] [INFO] response - { method: 'POST',
  url: '/outRecord/getRecords',
  body: { pageSize: '9', currentPage: '1' },
  costTime: 5 }
[2019-03-22T14:41:04.369] [INFO] response - { method: 'POST',
  url: '/user/getUsersName',
  body: {},
  costTime: 5 }
[2019-03-22T14:41:04.370] [INFO] response - { method: 'POST',
  url: '/outRecord/getRecords',
  body: { pageSize: '9', currentPage: '1' },
  costTime: 7 }
[2019-03-22T14:42:19.295] [INFO] response - { method: 'POST',
  url: '/user/getUsersName',
  body: {},
  costTime: 2 }
[2019-03-22T14:42:19.296] [INFO] response - { method: 'POST',
  url: '/outRecord/getRecords',
  body: { pageSize: '9', currentPage: '1' },
  costTime: 4 }
[2019-03-22T14:42:26.033] [INFO] response - { method: 'POST',
  url: '/outRecord/getRecords',
  body: { pageSize: '9', currentPage: '1' },
  costTime: 4 }
[2019-03-22T14:42:26.035] [INFO] response - { method: 'POST',
  url: '/user/getUsersName',
  body: {},
  costTime: 4 }
[2019-03-22T14:44:08.985] [INFO] response - { method: 'POST',
  url: '/user/getUsersName',
  body: {},
  costTime: 20 }
[2019-03-22T14:44:08.992] [INFO] response - { method: 'POST',
  url: '/outRecord/getRecords',
  body: { pageSize: '9', currentPage: '1' },
  costTime: 33 }
[2019-03-22T14:44:16.137] [INFO] response - { method: 'POST',
  url: '/outRecord/delRcord',
  body: { _id: '5c935b7ea19a7c290808713e' },
  costTime: 14 }
[2019-03-22T14:44:16.158] [INFO] response - { method: 'POST',
  url: '/outRecord/getRecords',
  body: { pageSize: '9', currentPage: '1' },
  costTime: 10 }
[2019-03-22T14:44:23.382] [INFO] response - { method: 'POST',
  url: '/outRecord/getRecords',
  body: { pageSize: '9', currentPage: '3' },
  costTime: 11 }
[2019-03-22T14:44:26.724] [INFO] response - { method: 'POST',
  url: '/outRecord/delRcord',
  body: { _id: '5c92f22af268912278f3aceb' },
  costTime: 5 }
[2019-03-22T14:44:26.743] [INFO] response - { method: 'POST',
  url: '/outRecord/getRecords',
  body: { pageSize: '9', currentPage: '3' },
  costTime: 7 }
[2019-03-22T14:44:30.863] [INFO] response - { method: 'POST',
  url: '/outRecord/delRcord',
  body: { _id: '5c92f195f268912278f3acea' },
  costTime: 3 }
[2019-03-22T14:44:30.882] [INFO] response - { method: 'POST',
  url: '/outRecord/getRecords',
  body: { pageSize: '9', currentPage: '3' },
  costTime: 6 }
[2019-03-22T14:44:47.367] [INFO] response - { method: 'POST',
  url: '/user/getUsersName',
  body: {},
  costTime: 2 }
[2019-03-22T14:44:47.369] [INFO] response - { method: 'POST',
  url: '/outRecord/getRecords',
  body: { pageSize: '9', currentPage: '1' },
  costTime: 5 }
[2019-03-22T14:47:33.516] [INFO] response - { method: 'POST',
  url: '/outRecord/addRecords',
  body: 
   { showDialog: 'true',
     recordPersonId: '',
     recordPersonName: 'wangwu',
     userName: 'admin',
     userId: '',
     replacePersonName: 'lisi',
     replacePersonId: '',
     startTime: '2019-03-22T06:47:30.000Z',
     endTime: '2019-03-22T06:47:32.000Z' },
  costTime: 23 }
[2019-03-22T14:47:33.540] [INFO] response - { method: 'POST',
  url: '/outRecord/getRecords',
  body: { pageSize: '9', currentPage: '1' },
  costTime: 16 }
[2019-03-22T14:47:34.946] [INFO] response - { method: 'POST',
  url: '/outRecord/getRecords',
  body: { pageSize: '9', currentPage: '3' },
  costTime: 13 }
[2019-03-22T14:47:37.867] [INFO] response - { method: 'POST',
  url: '/outRecord/delRcord',
  body: { _id: '5c92f16ef268912278f3ace9' },
  costTime: 14 }
[2019-03-22T14:47:37.887] [INFO] response - { method: 'POST',
  url: '/outRecord/getRecords',
  body: { pageSize: '9', currentPage: '3' },
  costTime: 5 }
[2019-03-22T14:47:41.797] [INFO] response - { method: 'POST',
  url: '/outRecord/getRecords',
  body: { pageSize: '9', currentPage: '1' },
  costTime: 8 }
[2019-03-22T14:47:42.422] [INFO] response - { method: 'POST',
  url: '/outRecord/getRecords',
  body: { pageSize: '9', currentPage: '2' },
  costTime: 7 }
[2019-03-22T14:48:17.529] [INFO] response - { method: 'POST',
  url: '/resourceLibrary/getImgs',
  body: { pageSize: '18', currentPage: '1' },
  costTime: 11 }
[2019-03-22T14:48:17.532] [INFO] response - { method: 'POST',
  url: '/websites/getWebsites',
  body: {},
  costTime: 11 }
[2019-03-22T14:48:19.859] [INFO] response - { method: 'POST',
  url: '/user/getUsersName',
  body: {},
  costTime: 4 }
[2019-03-22T14:48:19.865] [INFO] response - { method: 'POST',
  url: '/outRecord/getRecords',
  body: { pageSize: '9', currentPage: '1' },
  costTime: 11 }
[2019-03-22T14:48:20.194] [INFO] response - { method: 'POST',
  url: '/resourceLibrary/getImgs',
  body: { pageSize: '18', currentPage: '1' },
  costTime: 7 }
[2019-03-22T14:48:20.197] [INFO] response - { method: 'POST',
  url: '/resourceLibrary/getVideos',
  body: { pageSize: '18', currentPage: '1' },
  costTime: 8 }
[2019-03-22T14:48:21.812] [INFO] response - { method: 'POST',
  url: '/user/getUsersName',
  body: {},
  costTime: 3 }
[2019-03-22T14:48:21.817] [INFO] response - { method: 'POST',
  url: '/outRecord/getRecords',
  body: { pageSize: '9', currentPage: '1' },
  costTime: 10 }
[2019-03-22T14:48:27.621] [INFO] response - { method: 'POST',
  url: '/outRecord/delRcord',
  body: { _id: '5c92034cf268912278f3acdc' },
  costTime: 5 }
[2019-03-22T14:48:27.637] [INFO] response - { method: 'POST',
  url: '/outRecord/getRecords',
  body: { pageSize: '9', currentPage: '1' },
  costTime: 7 }
[2019-03-22T14:48:32.036] [INFO] response - { method: 'POST',
  url: '/outRecord/getRecords',
  body: { pageSize: '9', currentPage: '2' },
  costTime: 9 }
[2019-03-22T14:49:04.413] [INFO] response - { method: 'POST',
  url: '/resourceLibrary/getImgs',
  body: { pageSize: '18', currentPage: '1' },
  costTime: 7 }
[2019-03-22T14:49:04.415] [INFO] response - { method: 'POST',
  url: '/resourceLibrary/getVideos',
  body: { pageSize: '18', currentPage: '1' },
  costTime: 8 }
[2019-03-22T14:49:07.052] [INFO] response - { method: 'POST',
  url: '/user/getUsers',
  body: { pageSize: '9', currentPage: '1' },
  costTime: 6 }
[2019-03-22T14:49:19.780] [INFO] response - { method: 'POST',
  url: '/resourceLibrary/getImgs',
  body: { pageSize: '18', currentPage: '1' },
  costTime: 6 }
[2019-03-22T14:49:19.782] [INFO] response - { method: 'POST',
  url: '/resourceLibrary/getVideos',
  body: { pageSize: '18', currentPage: '1' },
  costTime: 6 }
[2019-03-22T14:49:20.301] [INFO] response - { method: 'POST',
  url: '/user/getUsersName',
  body: {},
  costTime: 5 }
[2019-03-22T14:49:20.307] [INFO] response - { method: 'POST',
  url: '/outRecord/getRecords',
  body: { pageSize: '9', currentPage: '1' },
  costTime: 13 }
[2019-03-22T14:49:21.213] [INFO] response - { method: 'POST',
  url: '/websites/getWebsites',
  body: {},
  costTime: 4 }
[2019-03-22T14:49:21.216] [INFO] response - { method: 'POST',
  url: '/resourceLibrary/getImgs',
  body: { pageSize: '18', currentPage: '1' },
  costTime: 10 }
[2019-03-22T14:50:51.776] [INFO] response - { method: 'POST',
  url: '/user/getUsers',
  body: { pageSize: '9', currentPage: '1' },
  costTime: 5 }
[2019-03-22T14:55:31.568] [INFO] response - { method: 'POST',
  url: '/user/getUsersName',
  body: {},
  costTime: 13 }
[2019-03-22T14:55:31.575] [INFO] response - { method: 'POST',
  url: '/outRecord/getRecords',
  body: { pageSize: '9', currentPage: '1' },
  costTime: 26 }
[2019-03-22T14:55:34.476] [INFO] response - { method: 'POST',
  url: '/outRecord/delRcord',
  body: { _id: '5c92034ef268912278f3acdd' },
  costTime: 22 }
[2019-03-22T14:55:34.497] [INFO] response - { method: 'POST',
  url: '/outRecord/getRecords',
  body: { pageSize: '9', currentPage: '1' },
  costTime: 8 }
[2019-03-22T14:56:05.481] [INFO] response - { method: 'POST',
  url: '/user/getUsers',
  body: { pageSize: '9', currentPage: '1' },
  costTime: 11 }
[2019-03-22T14:58:15.104] [INFO] response - { method: 'POST',
  url: '/user/getUsers',
  body: { pageSize: '9', currentPage: '1' },
  costTime: 13 }
[2019-03-22T14:59:08.128] [INFO] response - { method: 'POST',
  url: '/user/getUsers',
  body: { pageSize: '9', currentPage: '1' },
  costTime: 20 }
[2019-03-22T14:59:15.182] [INFO] response - { method: 'POST',
  url: '/user/delUser',
  body: { _id: '5c93536900661f446c20773e' },
  costTime: 4 }
[2019-03-22T15:00:44.410] [INFO] response - { method: 'POST',
  url: '/user/getUsers',
  body: { pageSize: '9', currentPage: '1' },
  costTime: 6 }
[2019-03-22T15:00:52.163] [INFO] response - { method: 'POST',
  url: '/outRecord/getRecords',
  body: { pageSize: '9', currentPage: '1' },
  costTime: 16 }
[2019-03-22T15:00:52.166] [INFO] response - { method: 'POST',
  url: '/user/getUsersName',
  body: {},
  costTime: 14 }
[2019-03-22T15:00:53.474] [INFO] response - { method: 'POST',
  url: '/user/getUsers',
  body: { pageSize: '9', currentPage: '1' },
  costTime: 5 }
[2019-03-22T15:01:04.956] [INFO] response - { method: 'POST',
  url: '/user/getUsers',
  body: { pageSize: '9', currentPage: '1' },
  costTime: 5 }
[2019-03-22T15:02:03.451] [INFO] response - { method: 'POST',
  url: '/user/getUsersName',
  body: {},
  costTime: 2 }
[2019-03-22T15:02:03.457] [INFO] response - { method: 'POST',
  url: '/outRecord/getRecords',
  body: { pageSize: '9', currentPage: '1' },
  costTime: 10 }
[2019-03-22T15:02:07.562] [INFO] response - { method: 'POST',
  url: '/outRecord/delRcord',
  body: { _id: '5c948505175e8115dcddd6af' },
  costTime: 23 }
[2019-03-22T15:02:07.581] [INFO] response - { method: 'POST',
  url: '/outRecord/getRecords',
  body: { pageSize: '9', currentPage: '1' },
  costTime: 7 }
[2019-03-22T15:02:10.620] [INFO] response - { method: 'POST',
  url: '/user/getUsers',
  body: { pageSize: '9', currentPage: '1' },
  costTime: 7 }
[2019-03-22T15:03:07.782] [INFO] response - { method: 'POST',
  url: '/user/delUser',
  body: { _id: '5c93536900661f446c20773e' },
  costTime: 2 }
[2019-03-22T15:03:38.747] [INFO] response - { method: 'POST',
  url: '/user/getUsers',
  body: { pageSize: '9', currentPage: '1' },
  costTime: 4 }
[2019-03-22T15:03:42.667] [INFO] response - { method: 'POST',
  url: '/user/getUsers',
  body: { pageSize: '9', currentPage: '1' },
  costTime: 4 }
[2019-03-22T15:03:46.953] [INFO] response - { method: 'POST',
  url: '/user/deleteUser',
  body: { _id: '5c93536900661f446c20773e' },
  costTime: 10 }
[2019-03-22T15:03:46.970] [INFO] response - { method: 'POST',
  url: '/user/getUsers',
  body: { pageSize: '9', currentPage: '1' },
  costTime: 7 }
[2019-03-22T15:06:32.539] [INFO] response - { method: 'POST',
  url: '/user/getUsers',
  body: { pageSize: '9', currentPage: '1' },
  costTime: 4 }
[2019-03-22T15:06:38.591] [INFO] response - { method: 'POST',
  url: '/user/getUsers',
  body: { pageSize: '9', currentPage: '1' },
  costTime: 4 }
[2019-03-22T15:08:53.307] [INFO] response - { method: 'POST',
  url: '/user/deleteUser',
  body: { _id: '5c93538200661f446c20773f' },
  costTime: 10 }
[2019-03-22T15:08:53.333] [INFO] response - { method: 'POST',
  url: '/user/getUsers',
  body: { pageSize: '9', currentPage: '1' },
  costTime: 15 }
[2019-03-22T15:08:56.749] [INFO] response - { method: 'POST',
  url: '/user/deleteUser',
  body: { _id: '5c9478384e469634e4c2a541' },
  costTime: 4 }
[2019-03-22T15:08:56.768] [INFO] response - { method: 'POST',
  url: '/user/getUsers',
  body: { pageSize: '9', currentPage: '1' },
  costTime: 7 }
[2019-03-22T15:09:00.439] [INFO] response - { method: 'POST',
  url: '/user/getUsers',
  body: { pageSize: '9', currentPage: '1' },
  costTime: 5 }
[2019-03-22T15:09:35.387] [INFO] response - { method: 'POST',
  url: '/user/getUsers',
  body: { pageSize: '9', currentPage: '1' },
  costTime: 3 }
[2019-03-22T15:09:38.890] [INFO] response - { method: 'POST',
  url: '/user/check',
  body: { userName: 'admin' },
  costTime: 5 }
[2019-03-22T15:09:53.119] [INFO] response - { method: 'POST',
  url: '/user/save',
  body: 
   { showDialog: 'true',
     userName: 'admin',
     password: '123',
     status: 'normal',
     jobPosition: '超级管理员',
     role: 'super',
     jurisdiction: 
      { web: 'true',
        view: 'true',
        expert: 'true',
        out: 'true',
        res: 'true',
        cdLibrary: 'true',
        jurisdiction: 'true' } },
  costTime: 147 }
[2019-03-22T15:09:53.142] [INFO] response - { method: 'POST',
  url: '/user/getUsers',
  body: { pageSize: '9', currentPage: '1' },
  costTime: 4 }
[2019-03-22T15:09:57.653] [INFO] response - { method: 'POST',
  url: '/user/deleteUser',
  body: { _id: '5c948a408515a44120f521c1' },
  costTime: 4 }
[2019-03-22T15:09:57.680] [INFO] response - { method: 'POST',
  url: '/user/getUsers',
  body: { pageSize: '9', currentPage: '1' },
  costTime: 8 }
[2019-03-22T15:10:13.878] [INFO] response - { method: 'POST',
  url: '/user/check',
  body: { userName: 'admin' },
  costTime: 9 }
[2019-03-22T15:10:35.397] [INFO] response - { method: 'POST',
  url: '/user/save',
  body: 
   { showDialog: 'true',
     userName: 'admin',
     password: '123',
     status: 'normal',
     jobPosition: '超级管理员',
     role: 'super',
     jurisdiction: 
      { web: 'true',
        view: 'true',
        expert: 'true',
        out: 'true',
        res: 'true',
        cdLibrary: 'true',
        jurisdiction: 'true' } },
  costTime: 152 }
[2019-03-22T15:10:35.427] [INFO] response - { method: 'POST',
  url: '/user/getUsers',
  body: { pageSize: '9', currentPage: '1' },
  costTime: 12 }
[2019-03-22T15:10:39.051] [INFO] response - { method: 'POST',
  url: '/user/deleteUser',
  body: { _id: '5c948a6b9f7a333f0cce0ecf' },
  costTime: 14 }
[2019-03-22T15:10:39.075] [INFO] response - { method: 'POST',
  url: '/user/getUsers',
  body: { pageSize: '9', currentPage: '1' },
  costTime: 15 }
[2019-03-22T15:11:08.402] [INFO] response - { method: 'POST',
  url: '/user/getUsers',
  body: { pageSize: '9', currentPage: '1' },
  costTime: 4 }
[2019-03-22T15:11:13.970] [INFO] response - { method: 'POST',
  url: '/user/check',
  body: { userName: 'admin' },
  costTime: 2 }
[2019-03-22T15:11:26.645] [INFO] response - { method: 'POST',
  url: '/user/save',
  body: 
   { showDialog: 'true',
     userName: 'admin',
     password: '123',
     status: 'normal',
     jobPosition: '超级管理员',
     role: 'super',
     jurisdiction: 
      { web: 'true',
        view: 'true',
        expert: 'true',
        out: 'true',
        res: 'true',
        cdLibrary: 'true',
        jurisdiction: 'true' } },
  costTime: 117 }
[2019-03-22T15:11:26.665] [INFO] response - { method: 'POST',
  url: '/user/getUsers',
  body: { pageSize: '9', currentPage: '1' },
  costTime: 4 }
[2019-03-22T15:11:31.160] [INFO] response - { method: 'POST',
  url: '/user/deleteUser',
  body: { _id: '5c948a9e9f7a333f0cce0ed0', userName: 'admin' },
  costTime: 1 }
[2019-03-22T15:11:31.181] [INFO] response - { method: 'POST',
  url: '/user/getUsers',
  body: { pageSize: '9', currentPage: '1' },
  costTime: 6 }
[2019-03-22T15:12:04.503] [INFO] response - { method: 'POST',
  url: '/user/deleteUser',
  body: { _id: '5c948a9e9f7a333f0cce0ed0', userName: 'admin' },
  costTime: 3 }
[2019-03-22T15:12:12.780] [INFO] response - { method: 'POST',
  url: '/user/deleteUser',
  body: { _id: '5c948a9e9f7a333f0cce0ed0', userName: 'admin' },
  costTime: 1 }
[2019-03-22T15:12:24.611] [INFO] response - { method: 'POST',
  url: '/user/deleteUser',
  body: { _id: '5c94786c4e469634e4c2a546', userName: 'wangwu' },
  costTime: 22 }
[2019-03-22T15:12:24.641] [INFO] response - { method: 'POST',
  url: '/user/getUsers',
  body: { pageSize: '9', currentPage: '1' },
  costTime: 16 }
[2019-03-22T15:15:06.189] [INFO] response - { method: 'POST',
  url: '/user/getUsersName',
  body: {},
  costTime: 5 }
[2019-03-22T15:15:06.193] [INFO] response - { method: 'POST',
  url: '/outRecord/getRecords',
  body: { pageSize: '9', currentPage: '1' },
  costTime: 11 }
[2019-03-22T15:16:31.614] [INFO] response - { method: 'POST',
  url: '/resourceLibrary/getImgs',
  body: { pageSize: '18', currentPage: '1' },
  costTime: 12 }
[2019-03-22T15:16:31.616] [INFO] response - { method: 'POST',
  url: '/resourceLibrary/getVideos',
  body: { pageSize: '18', currentPage: '1' },
  costTime: 12 }
[2019-03-22T15:16:33.246] [INFO] response - { method: 'POST',
  url: '/user/getUsersName',
  body: {},
  costTime: 3 }
[2019-03-22T15:16:33.249] [INFO] response - { method: 'POST',
  url: '/outRecord/getRecords',
  body: { pageSize: '9', currentPage: '1' },
  costTime: 7 }
[2019-03-22T15:16:33.998] [INFO] response - { method: 'POST',
  url: '/resourceLibrary/getImgs',
  body: { pageSize: '18', currentPage: '1' },
  costTime: 11 }
[2019-03-22T15:16:34.000] [INFO] response - { method: 'POST',
  url: '/resourceLibrary/getVideos',
  body: { pageSize: '18', currentPage: '1' },
  costTime: 11 }
[2019-03-22T15:16:35.571] [INFO] response - { method: 'POST',
  url: '/user/getUsers',
  body: { pageSize: '9', currentPage: '1' },
  costTime: 4 }
[2019-03-22T15:16:37.400] [INFO] response - { method: 'POST',
  url: '/websites/getWebsites',
  body: {},
  costTime: 5 }
[2019-03-22T15:16:37.404] [INFO] response - { method: 'POST',
  url: '/resourceLibrary/getImgs',
  body: { pageSize: '18', currentPage: '1' },
  costTime: 11 }
[2019-03-22T15:18:03.536] [INFO] response - { method: 'POST',
  url: '/resourceLibrary/getImgs',
  body: { pageSize: '18', currentPage: '1' },
  costTime: 8 }
[2019-03-22T15:18:03.539] [INFO] response - { method: 'POST',
  url: '/resourceLibrary/getVideos',
  body: { pageSize: '18', currentPage: '1' },
  costTime: 9 }
[2019-03-22T15:18:06.890] [INFO] response - { method: 'POST',
  url: '/user/getUsersName',
  body: {},
  costTime: 2 }
[2019-03-22T15:18:06.893] [INFO] response - { method: 'POST',
  url: '/outRecord/getRecords',
  body: { pageSize: '9', currentPage: '1' },
  costTime: 6 }
[2019-03-22T15:18:17.544] [INFO] response - { method: 'POST',
  url: '/resourceLibrary/getImgs',
  body: { pageSize: '18', currentPage: '1' },
  costTime: 8 }
[2019-03-22T15:18:17.547] [INFO] response - { method: 'POST',
  url: '/resourceLibrary/getVideos',
  body: { pageSize: '18', currentPage: '1' },
  costTime: 8 }
[2019-03-22T15:18:20.586] [INFO] response - { method: 'POST',
  url: '/user/getUsers',
  body: { pageSize: '9', currentPage: '1' },
  costTime: 5 }
[2019-03-22T15:18:27.992] [INFO] response - { method: 'POST',
  url: '/user/deleteUser',
  body: { _id: '5c947e5d2415bc2e5076d2a9', userName: 'test1' },
  costTime: 6 }
[2019-03-22T15:18:28.009] [INFO] response - { method: 'POST',
  url: '/user/getUsers',
  body: { pageSize: '9', currentPage: '1' },
  costTime: 4 }
[2019-03-22T15:18:36.172] [INFO] response - { method: 'POST',
  url: '/user/check',
  body: { userName: 'test1' },
  costTime: 6 }
[2019-03-22T15:18:50.598] [INFO] response - { method: 'POST',
  url: '/user/save',
  body: 
   { showDialog: 'true',
     userName: 'test1',
     password: '123',
     status: 'pause',
     jobPosition: 'asd ',
     role: 'admin',
     jurisdiction: 
      { web: 'true',
        view: 'false',
        expert: 'true',
        out: 'true',
        res: 'false',
        cdLibrary: 'false',
        jurisdiction: 'false' } },
  costTime: 165 }
[2019-03-22T15:18:50.618] [INFO] response - { method: 'POST',
  url: '/user/getUsers',
  body: { pageSize: '9', currentPage: '1' },
  costTime: 2 }
[2019-03-22T15:18:59.062] [INFO] response - { method: 'POST',
  url: '/user/login',
  body: { userName: 'test1', password: '123' },
  costTime: 129 }
[2019-03-22T15:18:59.085] [INFO] response - { method: 'POST',
  url: '/websites/getWebsites',
  body: {},
  costTime: 2 }
[2019-03-22T15:18:59.086] [INFO] response - { method: 'POST',
  url: '/resourceLibrary/getImgs',
  body: { pageSize: '18', currentPage: '1' },
  costTime: 5 }
[2019-03-22T15:21:16.592] [INFO] response - { method: 'POST',
  url: '/user/getUsersName',
  body: {},
  costTime: 4 }
[2019-03-22T15:21:16.596] [INFO] response - { method: 'POST',
  url: '/outRecord/getRecords',
  body: { pageSize: '9', currentPage: '1' },
  costTime: 9 }
[2019-03-22T15:21:23.206] [INFO] response - { method: 'POST',
  url: '/user/login',
  body: { userName: 'admin', password: '123' },
  costTime: 167 }
[2019-03-22T15:21:23.227] [INFO] response - { method: 'POST',
  url: '/websites/getWebsites',
  body: {},
  costTime: 2 }
[2019-03-22T15:21:23.230] [INFO] response - { method: 'POST',
  url: '/resourceLibrary/getImgs',
  body: { pageSize: '18', currentPage: '1' },
  costTime: 6 }
[2019-03-22T15:21:26.302] [INFO] response - { method: 'POST',
  url: '/user/getUsersName',
  body: {},
  costTime: 3 }
[2019-03-22T15:21:26.304] [INFO] response - { method: 'POST',
  url: '/outRecord/getRecords',
  body: { pageSize: '9', currentPage: '1' },
  costTime: 7 }
[2019-03-22T15:21:32.195] [INFO] response - { method: 'POST',
  url: '/resourceLibrary/getImgs',
  body: { pageSize: '18', currentPage: '1' },
  costTime: 10 }
[2019-03-22T15:21:32.198] [INFO] response - { method: 'POST',
  url: '/resourceLibrary/getVideos',
  body: { pageSize: '18', currentPage: '1' },
  costTime: 11 }
[2019-03-22T15:21:33.381] [INFO] response - { method: 'POST',
  url: '/user/getUsers',
  body: { pageSize: '9', currentPage: '1' },
  costTime: 7 }
[2019-03-22T15:21:41.231] [INFO] response - { method: 'POST',
  url: '/user/getUsers',
  body: { pageSize: '9', currentPage: '1' },
  costTime: 4 }
[2019-03-22T15:22:57.141] [INFO] response - { method: 'GET', url: '/favicon.ico', body: {}, costTime: 1 }
[2019-03-22T15:23:01.375] [INFO] response - { method: 'POST',
  url: '/user/login',
  body: { userName: 'admin', password: '123' },
  costTime: 118 }
[2019-03-22T15:23:01.406] [INFO] response - { method: 'POST',
  url: '/websites/getWebsites',
  body: {},
  costTime: 2 }
[2019-03-22T15:23:01.408] [INFO] response - { method: 'POST',
  url: '/resourceLibrary/getImgs',
  body: { pageSize: '18', currentPage: '1' },
  costTime: 4 }
[2019-03-22T15:23:07.584] [INFO] response - { method: 'POST',
  url: '/user/getUsersName',
  body: {},
  costTime: 3 }
[2019-03-22T15:23:07.589] [INFO] response - { method: 'POST',
  url: '/outRecord/getRecords',
  body: { pageSize: '9', currentPage: '1' },
  costTime: 10 }
[2019-03-22T15:23:09.517] [INFO] response - { method: 'POST',
  url: '/outRecord/getRecords',
  body: { pageSize: '9', currentPage: '2' },
  costTime: 6 }
[2019-03-22T15:23:12.828] [INFO] response - { method: 'POST',
  url: '/resourceLibrary/getImgs',
  body: { pageSize: '18', currentPage: '1' },
  costTime: 10 }
[2019-03-22T15:23:12.830] [INFO] response - { method: 'POST',
  url: '/resourceLibrary/getVideos',
  body: { pageSize: '18', currentPage: '1' },
  costTime: 8 }
[2019-03-22T15:23:16.127] [INFO] response - { method: 'POST',
  url: '/user/getUsers',
  body: { pageSize: '9', currentPage: '1' },
  costTime: 3 }
[2019-03-22T15:23:45.896] [INFO] response - { method: 'POST',
  url: '/resourceLibrary/getImgs',
  body: { pageSize: '18', currentPage: '1' },
  costTime: 6 }
[2019-03-22T15:23:45.898] [INFO] response - { method: 'POST',
  url: '/resourceLibrary/getVideos',
  body: { pageSize: '18', currentPage: '1' },
  costTime: 6 }
[2019-03-22T15:23:46.753] [INFO] response - { method: 'POST',
  url: '/user/getUsersName',
  body: {},
  costTime: 3 }
[2019-03-22T15:23:46.765] [INFO] response - { method: 'POST',
  url: '/outRecord/getRecords',
  body: { pageSize: '9', currentPage: '1' },
  costTime: 17 }
[2019-03-22T15:26:01.293] [INFO] response - { method: 'POST',
  url: '/user/getUsersName',
  body: {},
  costTime: 1 }
[2019-03-22T15:26:01.295] [INFO] response - { method: 'POST',
  url: '/outRecord/getRecords',
  body: { pageSize: '9', currentPage: '1' },
  costTime: 5 }
[2019-03-22T15:26:04.675] [INFO] response - { method: 'POST',
  url: '/outRecord/getRecords',
  body: { pageSize: '9', currentPage: '2' },
  costTime: 8 }
[2019-03-22T15:26:07.110] [INFO] response - { method: 'POST',
  url: '/outRecord/getRecords',
  body: { pageSize: '9', currentPage: '1' },
  costTime: 9 }
[2019-03-22T15:29:26.651] [INFO] response - { method: 'POST',
  url: '/user/getUsersName',
  body: {},
  costTime: 4 }
[2019-03-22T15:29:26.654] [INFO] response - { method: 'POST',
  url: '/outRecord/getRecords',
  body: { pageSize: '9', currentPage: '1' },
  costTime: 10 }
[2019-03-22T15:33:53.301] [INFO] response - { method: 'POST',
  url: '/user/getUsers',
  body: { pageSize: '9', currentPage: '1' },
  costTime: 5 }
[2019-03-22T15:34:28.322] [INFO] response - { method: 'POST',
  url: '/user/deleteUser',
  body: { _id: '5c948c5a0d515f3f404baf02', userName: 'test1' },
  costTime: 4 }
[2019-03-22T15:34:28.348] [INFO] response - { method: 'POST',
  url: '/user/getUsers',
  body: { pageSize: '9', currentPage: '1' },
  costTime: 5 }
[2019-03-22T15:35:18.916] [INFO] response - { method: 'POST',
  url: '/user/login',
  body: { userName: 'admin', password: '123' },
  costTime: 137 }
[2019-03-22T15:35:18.939] [INFO] response - { method: 'POST',
  url: '/websites/getWebsites',
  body: {},
  costTime: 2 }
[2019-03-22T15:35:18.941] [INFO] response - { method: 'POST',
  url: '/resourceLibrary/getImgs',
  body: { pageSize: '18', currentPage: '1' },
  costTime: 5 }
[2019-03-22T15:35:21.064] [INFO] response - { method: 'POST',
  url: '/user/getUsers',
  body: { pageSize: '9', currentPage: '1' },
  costTime: 2 }
[2019-03-22T15:35:26.669] [INFO] response - { method: 'POST',
  url: '/user/check',
  body: { userName: 'test1' },
  costTime: 2 }
[2019-03-22T15:35:46.480] [INFO] response - { method: 'POST',
  url: '/user/save',
  body: 
   { showDialog: 'true',
     userName: 'test1',
     password: '123',
     status: 'normal',
     jobPosition: '测试用户',
     role: 'admin',
     jurisdiction: 
      { web: 'true',
        view: 'true',
        expert: 'false',
        out: 'true',
        res: 'true',
        cdLibrary: 'false',
        jurisdiction: 'false' } },
  costTime: 123 }
[2019-03-22T15:35:46.498] [INFO] response - { method: 'POST',
  url: '/user/getUsers',
  body: { pageSize: '9', currentPage: '1' },
  costTime: 3 }
[2019-03-22T15:35:54.818] [INFO] response - { method: 'POST',
  url: '/user/login',
  body: { userName: 'test1', password: '123' },
  costTime: 126 }
[2019-03-22T15:35:54.839] [INFO] response - { method: 'POST',
  url: '/websites/getWebsites',
  body: {},
  costTime: 3 }
[2019-03-22T15:35:54.840] [INFO] response - { method: 'POST',
  url: '/resourceLibrary/getImgs',
  body: { pageSize: '18', currentPage: '1' },
  costTime: 5 }
[2019-03-22T16:33:06.239] [INFO] response - { method: 'POST',
  url: '/user/getUsersName',
  body: {},
  costTime: 5 }
[2019-03-22T16:33:06.242] [INFO] response - { method: 'POST',
  url: '/outRecord/getRecords',
  body: { pageSize: '9', currentPage: '1' },
  costTime: 10 }
[2019-03-22T16:33:06.611] [INFO] response - { method: 'POST',
  url: '/resourceLibrary/getImgs',
  body: { pageSize: '18', currentPage: '1' },
  costTime: 4 }
[2019-03-22T16:33:06.612] [INFO] response - { method: 'POST',
  url: '/resourceLibrary/getVideos',
  body: { pageSize: '18', currentPage: '1' },
  costTime: 4 }
