[2019-03-28T10:00:54.679] [INFO] response - { method: 'GET', url: '/favicon.ico', body: {}, costTime: 1 }
[2019-03-28T10:00:59.309] [INFO] response - { method: 'POST',
  url: '/user/login',
  body: { userName: 'admin', password: '123' },
  costTime: 131 }
[2019-03-28T10:00:59.356] [INFO] response - { method: 'POST',
  url: '/resourceLibrary/getImgs',
  body: { pageSize: '18', currentPage: '1' },
  costTime: 16 }
[2019-03-28T10:00:59.360] [INFO] response - { method: 'POST',
  url: '/websites/getWebsites',
  body: {},
  costTime: 16 }
[2019-03-28T10:01:02.602] [INFO] response - { method: 'POST',
  url: '/user/getUsers',
  body: { pageSize: '9', currentPage: '1' },
  costTime: 9 }
[2019-03-28T10:01:14.633] [INFO] response - { method: 'POST',
  url: '/user/searchUser',
  body: 
   { status: '',
     name: '',
     startTime: '2019-03-26T16:00:00.000Z',
     endTime: '2019-04-29T16:00:00.000Z',
     currentPage: '1',
     pageSize: '9',
     count: '4' },
  costTime: 10 }
[2019-03-28T10:01:23.498] [INFO] response - { method: 'POST',
  url: '/user/searchUser',
  body: 
   { status: 'pause',
     name: '',
     startTime: '2019-03-26T16:00:00.000Z',
     endTime: '2019-04-29T16:00:00.000Z',
     currentPage: '1',
     pageSize: '9',
     count: '1' },
  costTime: 10 }
[2019-03-28T10:01:32.254] [INFO] response - { method: 'POST',
  url: '/user/searchUser',
  body: 
   { status: '',
     name: '',
     startTime: '2019-03-26T16:00:00.000Z',
     endTime: '2019-04-29T16:00:00.000Z',
     currentPage: '1',
     pageSize: '9',
     count: '1' },
  costTime: 7 }
[2019-03-28T10:01:37.714] [INFO] response - { method: 'POST',
  url: '/user/searchUser',
  body: 
   { status: '',
     name: 'sfa',
     startTime: '2019-03-26T16:00:00.000Z',
     endTime: '2019-04-29T16:00:00.000Z',
     currentPage: '1',
     pageSize: '9',
     count: '1' },
  costTime: 5 }
[2019-03-28T10:01:41.886] [INFO] response - { method: 'POST',
  url: '/user/searchUser',
  body: 
   { status: '',
     name: '',
     startTime: '2019-03-26T16:00:00.000Z',
     endTime: '2019-04-29T16:00:00.000Z',
     currentPage: '1',
     pageSize: '9',
     count: '0' },
  costTime: 8 }
[2019-03-28T10:04:32.151] [INFO] response - { method: 'POST',
  url: '/user/getUsers',
  body: { pageSize: '9', currentPage: '1' },
  costTime: 5 }
[2019-03-28T10:04:39.278] [INFO] response - { method: 'POST',
  url: '/user/getUsers',
  body: { pageSize: '9', currentPage: '1' },
  costTime: 9 }
[2019-03-28T10:04:45.139] [INFO] response - { method: 'POST',
  url: '/user/getUsers',
  body: { pageSize: '9', currentPage: '1' },
  costTime: 11 }
[2019-03-28T10:04:46.306] [INFO] response - { method: 'POST',
  url: '/user/getUsers',
  body: { pageSize: '9', currentPage: '1' },
  costTime: 12 }
[2019-03-28T10:04:56.781] [INFO] response - { method: 'POST',
  url: '/user/getUsers',
  body: { pageSize: '9', currentPage: '1' },
  costTime: 6 }
[2019-03-28T10:13:57.859] [INFO] response - { method: 'POST',
  url: '/user/getUsers',
  body: { pageSize: '9', currentPage: '1' },
  costTime: 4 }
[2019-03-28T10:14:04.366] [INFO] response - { method: 'POST',
  url: '/user/searchUser',
  body: 
   { status: '',
     name: '',
     startTime: '1990-01-01',
     endTime: '3990-01-01',
     currentPage: '1',
     pageSize: '9',
     count: '4' },
  costTime: 12 }
[2019-03-28T10:14:09.883] [INFO] response - { method: 'POST',
  url: '/user/searchUser',
  body: 
   { status: '',
     name: '',
     startTime: '1990-01-01',
     endTime: '3990-01-01',
     currentPage: '1',
     pageSize: '9',
     count: '4' },
  costTime: 18 }
[2019-03-28T10:14:13.277] [INFO] response - { method: 'POST',
  url: '/user/searchUser',
  body: 
   { status: '',
     name: '',
     startTime: '1990-01-01',
     endTime: '3990-01-01',
     currentPage: '1',
     pageSize: '9',
     count: '4' },
  costTime: 12 }
[2019-03-28T10:14:31.056] [INFO] response - { method: 'POST',
  url: '/user/searchUser',
  body: 
   { status: '',
     name: '',
     startTime: '1990-01-01',
     endTime: '3990-01-01',
     currentPage: '1',
     pageSize: '9',
     count: '4' },
  costTime: 8 }
[2019-03-28T10:15:51.434] [INFO] response - { method: 'POST',
  url: '/user/getUsers',
  body: { pageSize: '9', currentPage: '1' },
  costTime: 4 }
[2019-03-28T10:16:00.471] [INFO] response - { method: 'POST',
  url: '/user/searchUser',
  body: 
   { status: '',
     name: '',
     startTime: '2019-03-25T16:00:00.000Z',
     endTime: '2019-04-29T16:00:00.000Z',
     currentPage: '1',
     pageSize: '9',
     count: '4' },
  costTime: 7 }
[2019-03-28T10:16:06.290] [INFO] response - { method: 'POST',
  url: '/user/searchUser',
  body: 
   { status: '',
     name: '',
     startTime: '2019-03-25T16:00:00.000Z',
     endTime: '2019-04-29T16:00:00.000Z',
     currentPage: '1',
     pageSize: '9',
     count: '2' },
  costTime: 4 }
[2019-03-28T10:16:09.637] [INFO] response - { method: 'POST',
  url: '/user/searchUser',
  body: 
   { status: '',
     name: '',
     startTime: '2019-03-13T16:00:00.000Z',
     endTime: '2019-03-25T16:00:00.000Z',
     currentPage: '1',
     pageSize: '9',
     count: '2' },
  costTime: 8 }
[2019-03-28T10:16:19.717] [INFO] response - { method: 'POST',
  url: '/user/searchUser',
  body: 
   { status: '',
     name: '',
     startTime: '2019-03-19T16:00:00.000Z',
     endTime: '2019-04-22T16:00:00.000Z',
     currentPage: '1',
     pageSize: '9',
     count: '2' },
  costTime: 12 }
[2019-03-28T10:16:34.205] [INFO] response - { method: 'POST',
  url: '/user/searchUser',
  body: 
   { status: 'pause',
     name: '',
     startTime: '2019-03-19T16:00:00.000Z',
     endTime: '2019-04-22T16:00:00.000Z',
     currentPage: '1',
     pageSize: '9',
     count: '4' },
  costTime: 6 }
[2019-03-28T10:16:39.572] [INFO] response - { method: 'POST',
  url: '/user/getUsers',
  body: { pageSize: '9', currentPage: '1' },
  costTime: 8 }
[2019-03-28T10:16:43.946] [INFO] response - { method: 'POST',
  url: '/user/getUsers',
  body: { pageSize: '9', currentPage: '1' },
  costTime: 3 }
[2019-03-28T10:17:04.846] [INFO] response - { method: 'POST',
  url: '/user/getUsersName',
  body: {},
  costTime: 3 }
[2019-03-28T10:17:04.849] [INFO] response - { method: 'POST',
  url: '/outRecord/getRecords',
  body: { pageSize: '9', currentPage: '1' },
  costTime: 8 }
[2019-03-28T10:17:05.253] [INFO] response - { method: 'POST',
  url: '/resourceLibrary/getImgs',
  body: { pageSize: '18', currentPage: '1' },
  costTime: 5 }
[2019-03-28T10:17:05.255] [INFO] response - { method: 'POST',
  url: '/resourceLibrary/getVideos',
  body: { pageSize: '18', currentPage: '1' },
  costTime: 6 }
[2019-03-28T10:17:07.162] [INFO] response - { method: 'POST',
  url: '/user/getUsers',
  body: { pageSize: '9', currentPage: '1' },
  costTime: 4 }
[2019-03-28T10:17:09.341] [INFO] response - { method: 'POST',
  url: '/user/getUsersName',
  body: {},
  costTime: 2 }
[2019-03-28T10:17:09.345] [INFO] response - { method: 'POST',
  url: '/outRecord/getRecords',
  body: { pageSize: '9', currentPage: '1' },
  costTime: 6 }
[2019-03-28T10:18:39.814] [INFO] response - { method: 'GET',
  url: '/static/css/app.2bb2e978cc1cbd9c6acd3b061a40c646.css',
  body: {},
  costTime: 0 }
[2019-03-28T10:18:39.814] [INFO] response - { method: 'GET',
  url: '/static/js/manifest.2ae2e69a05c33dfc65f8.js',
  body: {},
  costTime: 0 }
[2019-03-28T10:18:39.815] [INFO] response - { method: 'GET',
  url: '/static/js/vendor.8e8a4547b4342f42a19a.js',
  body: {},
  costTime: 0 }
[2019-03-28T10:18:39.815] [INFO] response - { method: 'GET',
  url: '/static/js/app.f179ba00a7f6248bbdc8.js',
  body: {},
  costTime: 0 }
[2019-03-28T10:18:41.957] [INFO] response - { method: 'GET',
  url: '/static/css/app.2bb2e978cc1cbd9c6acd3b061a40c646.css',
  body: {},
  costTime: 0 }
[2019-03-28T10:18:41.959] [INFO] response - { method: 'GET',
  url: '/static/js/manifest.2ae2e69a05c33dfc65f8.js',
  body: {},
  costTime: 0 }
[2019-03-28T10:18:41.960] [INFO] response - { method: 'GET',
  url: '/static/js/vendor.8e8a4547b4342f42a19a.js',
  body: {},
  costTime: 1 }
[2019-03-28T10:18:41.960] [INFO] response - { method: 'GET',
  url: '/static/js/app.f179ba00a7f6248bbdc8.js',
  body: {},
  costTime: 0 }
[2019-03-28T10:18:42.810] [INFO] response - { method: 'GET',
  url: '/static/css/app.2bb2e978cc1cbd9c6acd3b061a40c646.css',
  body: {},
  costTime: 0 }
[2019-03-28T10:18:42.811] [INFO] response - { method: 'GET',
  url: '/static/js/manifest.2ae2e69a05c33dfc65f8.js',
  body: {},
  costTime: 0 }
[2019-03-28T10:18:42.811] [INFO] response - { method: 'GET',
  url: '/static/js/app.f179ba00a7f6248bbdc8.js',
  body: {},
  costTime: 0 }
[2019-03-28T10:18:42.812] [INFO] response - { method: 'GET',
  url: '/static/js/vendor.8e8a4547b4342f42a19a.js',
  body: {},
  costTime: 0 }
[2019-03-28T10:18:42.817] [INFO] response - { method: 'GET',
  url: '/static/js/app.f179ba00a7f6248bbdc8.js',
  body: {},
  costTime: 0 }
[2019-03-28T10:18:55.206] [INFO] response - { method: 'GET',
  url: '/static/css/app.2bb2e978cc1cbd9c6acd3b061a40c646.css',
  body: {},
  costTime: 0 }
[2019-03-28T10:18:55.207] [INFO] response - { method: 'GET',
  url: '/static/js/manifest.2ae2e69a05c33dfc65f8.js',
  body: {},
  costTime: 0 }
[2019-03-28T10:18:55.208] [INFO] response - { method: 'GET',
  url: '/static/js/vendor.8e8a4547b4342f42a19a.js',
  body: {},
  costTime: 0 }
[2019-03-28T10:18:55.208] [INFO] response - { method: 'GET',
  url: '/static/js/app.f179ba00a7f6248bbdc8.js',
  body: {},
  costTime: 0 }
[2019-03-28T10:18:57.768] [INFO] response - { method: 'GET',
  url: '/static/js/manifest.2ae2e69a05c33dfc65f8.js',
  body: {},
  costTime: 1 }
[2019-03-28T10:18:57.768] [INFO] response - { method: 'GET',
  url: '/static/css/app.2bb2e978cc1cbd9c6acd3b061a40c646.css',
  body: {},
  costTime: 0 }
[2019-03-28T10:18:57.768] [INFO] response - { method: 'GET',
  url: '/static/js/vendor.8e8a4547b4342f42a19a.js',
  body: {},
  costTime: 0 }
[2019-03-28T10:18:57.769] [INFO] response - { method: 'GET',
  url: '/static/js/app.f179ba00a7f6248bbdc8.js',
  body: {},
  costTime: 0 }
[2019-03-28T10:19:18.726] [INFO] response - { method: 'POST',
  url: '/websites/getWebsites',
  body: {},
  costTime: 13 }
[2019-03-28T10:19:18.736] [INFO] response - { method: 'POST',
  url: '/resourceLibrary/getImgs',
  body: { pageSize: '18', currentPage: '1' },
  costTime: 30 }
[2019-03-28T10:19:21.166] [INFO] response - { method: 'POST',
  url: '/user/getUsersName',
  body: {},
  costTime: 6 }
[2019-03-28T10:19:21.169] [INFO] response - { method: 'POST',
  url: '/outRecord/getRecords',
  body: { pageSize: '9', currentPage: '1' },
  costTime: 10 }
[2019-03-28T10:19:26.764] [INFO] response - { method: 'POST',
  url: '/outRecord/searchRecords',
  body: 
   { name: '',
     startTime: '2019-03-20T16:00:00.000Z',
     endTime: '2019-04-25T16:00:00.000Z',
     currentPage: '1',
     pageSize: '9',
     count: '18' },
  costTime: 14 }
[2019-03-28T10:19:33.379] [INFO] response - { method: 'POST',
  url: '/outRecord/getRecords',
  body: { pageSize: '9', currentPage: '1' },
  costTime: 12 }
[2019-03-28T10:19:39.559] [INFO] response - { method: 'POST',
  url: '/outRecord/searchRecords',
  body: 
   { name: 'test2',
     startTime: '1990-01-01',
     endTime: '3990-01-01',
     currentPage: '1',
     pageSize: '9',
     count: '18' },
  costTime: 9 }
[2019-03-28T10:19:42.030] [INFO] response - { method: 'POST',
  url: '/outRecord/searchRecords',
  body: 
   { name: 'test2',
     startTime: '1990-01-01',
     endTime: '3990-01-01',
     currentPage: '1',
     pageSize: '9',
     count: '10' },
  costTime: 23 }
[2019-03-28T10:19:47.767] [INFO] response - { method: 'POST',
  url: '/outRecord/searchRecords',
  body: 
   { name: 'test2',
     startTime: '2019-03-19T16:00:00.000Z',
     endTime: '2019-04-24T16:00:00.000Z',
     currentPage: '1',
     pageSize: '9',
     count: '10' },
  costTime: 10 }
[2019-03-28T10:20:03.539] [INFO] response - { method: 'POST',
  url: '/websites/getWebsites',
  body: {},
  costTime: 4 }
[2019-03-28T10:20:03.543] [INFO] response - { method: 'POST',
  url: '/resourceLibrary/getImgs',
  body: { pageSize: '18', currentPage: '1' },
  costTime: 10 }
[2019-03-28T10:20:22.517] [INFO] response - { method: 'POST',
  url: '/resourceLibrary/getImgs',
  body: { pageSize: '18', currentPage: '1' },
  costTime: 7 }
[2019-03-28T10:20:22.518] [INFO] response - { method: 'POST',
  url: '/websites/getWebsites',
  body: {},
  costTime: 4 }
[2019-03-28T10:20:27.571] [INFO] response - { method: 'POST',
  url: '/user/getUsersName',
  body: {},
  costTime: 6 }
[2019-03-28T10:20:27.580] [INFO] response - { method: 'POST',
  url: '/outRecord/getRecords',
  body: { pageSize: '9', currentPage: '1' },
  costTime: 15 }
[2019-03-28T10:20:29.032] [INFO] response - { method: 'POST',
  url: '/user/getUsersName',
  body: {},
  costTime: 2 }
[2019-03-28T10:20:29.034] [INFO] response - { method: 'POST',
  url: '/outRecord/getRecords',
  body: { pageSize: '9', currentPage: '1' },
  costTime: 5 }
[2019-03-28T10:20:54.993] [INFO] response - { method: 'POST',
  url: '/resourceLibrary/getImgs',
  body: { pageSize: '18', currentPage: '1' },
  costTime: 7 }
[2019-03-28T10:20:54.995] [INFO] response - { method: 'POST',
  url: '/resourceLibrary/getVideos',
  body: { pageSize: '18', currentPage: '1' },
  costTime: 8 }
[2019-03-28T10:20:58.028] [INFO] response - { method: 'POST',
  url: '/resourceLibrary/getImgs',
  body: { pageSize: '18', currentPage: '1' },
  costTime: 5 }
[2019-03-28T10:20:58.031] [INFO] response - { method: 'POST',
  url: '/resourceLibrary/getVideos',
  body: { pageSize: '18', currentPage: '1' },
  costTime: 7 }
[2019-03-28T10:21:05.335] [INFO] response - { method: 'POST',
  url: '/user/getUsers',
  body: { pageSize: '9', currentPage: '1' },
  costTime: 5 }
[2019-03-28T10:21:12.390] [INFO] response - { method: 'POST',
  url: '/user/RefreshUser',
  body: { _id: '5c9ad5341a9d930484c6cabc' },
  costTime: 20 }
[2019-03-28T10:21:12.424] [INFO] response - { method: 'POST',
  url: '/user/getUsers',
  body: { pageSize: '9', currentPage: '1' },
  costTime: 6 }
[2019-03-28T10:21:26.947] [INFO] response - { method: 'POST',
  url: '/user/pauseUser',
  body: { _id: '5c9490520d515f3f404baf07' },
  costTime: 6 }
[2019-03-28T10:21:26.981] [INFO] response - { method: 'POST',
  url: '/user/getUsers',
  body: { pageSize: '9', currentPage: '1' },
  costTime: 7 }
[2019-03-28T10:22:09.146] [INFO] response - { method: 'POST',
  url: '/resourceLibrary/getImgs',
  body: { pageSize: '18', currentPage: '1' },
  costTime: 4 }
[2019-03-28T10:22:09.147] [INFO] response - { method: 'POST',
  url: '/resourceLibrary/getVideos',
  body: { pageSize: '18', currentPage: '1' },
  costTime: 4 }
[2019-03-28T10:22:09.790] [INFO] response - { method: 'POST',
  url: '/user/getUsersName',
  body: {},
  costTime: 4 }
[2019-03-28T10:22:09.792] [INFO] response - { method: 'POST',
  url: '/outRecord/getRecords',
  body: { pageSize: '9', currentPage: '1' },
  costTime: 7 }
[2019-03-28T10:22:11.540] [INFO] response - { method: 'POST',
  url: '/user/getUsersName',
  body: {},
  costTime: 3 }
[2019-03-28T10:22:11.543] [INFO] response - { method: 'POST',
  url: '/outRecord/getRecords',
  body: { pageSize: '9', currentPage: '1' },
  costTime: 7 }
[2019-03-28T10:22:14.044] [INFO] response - { method: 'POST',
  url: '/outRecord/getRecords',
  body: { pageSize: '9', currentPage: '2' },
  costTime: 8 }
[2019-03-28T10:25:17.071] [INFO] response - { method: 'POST',
  url: '/websites/getWebsites',
  body: {},
  costTime: 5 }
[2019-03-28T10:25:17.074] [INFO] response - { method: 'POST',
  url: '/resourceLibrary/getImgs',
  body: { pageSize: '18', currentPage: '1' },
  costTime: 10 }
[2019-03-28T10:25:19.837] [INFO] response - { method: 'POST',
  url: '/user/getUsersName',
  body: {},
  costTime: 2 }
[2019-03-28T10:25:19.843] [INFO] response - { method: 'POST',
  url: '/outRecord/getRecords',
  body: { pageSize: '9', currentPage: '1' },
  costTime: 9 }
[2019-03-28T10:25:23.174] [INFO] response - { method: 'POST',
  url: '/resourceLibrary/getImgs',
  body: { pageSize: '18', currentPage: '1' },
  costTime: 5 }
[2019-03-28T10:25:23.176] [INFO] response - { method: 'POST',
  url: '/resourceLibrary/getVideos',
  body: { pageSize: '18', currentPage: '1' },
  costTime: 6 }
[2019-03-28T10:30:22.954] [INFO] response - { method: 'POST',
  url: '/user/getUsersName',
  body: {},
  costTime: 3 }
[2019-03-28T10:30:22.957] [INFO] response - { method: 'POST',
  url: '/outRecord/getRecords',
  body: { pageSize: '9', currentPage: '1' },
  costTime: 8 }
[2019-03-28T10:30:23.507] [INFO] response - { method: 'POST',
  url: '/resourceLibrary/getImgs',
  body: { pageSize: '18', currentPage: '1' },
  costTime: 7 }
[2019-03-28T10:30:23.509] [INFO] response - { method: 'POST',
  url: '/resourceLibrary/getVideos',
  body: { pageSize: '18', currentPage: '1' },
  costTime: 5 }
[2019-03-28T10:30:25.243] [INFO] response - { method: 'POST',
  url: '/user/getUsers',
  body: { pageSize: '9', currentPage: '1' },
  costTime: 4 }
[2019-03-28T10:30:27.940] [INFO] response - { method: 'POST',
  url: '/resourceLibrary/getImgs',
  body: { pageSize: '18', currentPage: '1' },
  costTime: 4 }
[2019-03-28T10:30:27.942] [INFO] response - { method: 'POST',
  url: '/resourceLibrary/getVideos',
  body: { pageSize: '18', currentPage: '1' },
  costTime: 5 }
[2019-03-28T10:30:29.244] [INFO] response - { method: 'POST',
  url: '/user/getUsersName',
  body: {},
  costTime: 2 }
[2019-03-28T10:30:29.246] [INFO] response - { method: 'POST',
  url: '/outRecord/getRecords',
  body: { pageSize: '9', currentPage: '1' },
  costTime: 4 }
[2019-03-28T10:30:36.987] [INFO] response - { method: 'POST',
  url: '/user/getUsers',
  body: { pageSize: '9', currentPage: '1' },
  costTime: 4 }
[2019-03-28T10:31:27.472] [INFO] response - { method: 'POST',
  url: '/user/login',
  body: { userName: 'admin', password: '123' },
  costTime: 127 }
[2019-03-28T10:31:27.510] [INFO] response - { method: 'POST',
  url: '/websites/getWebsites',
  body: {},
  costTime: 2 }
[2019-03-28T10:31:27.511] [INFO] response - { method: 'POST',
  url: '/resourceLibrary/getImgs',
  body: { pageSize: '18', currentPage: '1' },
  costTime: 4 }
[2019-03-28T10:31:31.629] [INFO] response - { method: 'POST',
  url: '/outRecord/getRecords',
  body: { pageSize: '9', currentPage: '1' },
  costTime: 6 }
[2019-03-28T10:31:48.142] [INFO] response - { method: 'POST',
  url: '/websites/getWebsites',
  body: {},
  costTime: 2 }
[2019-03-28T10:31:48.145] [INFO] response - { method: 'POST',
  url: '/resourceLibrary/getImgs',
  body: { pageSize: '18', currentPage: '1' },
  costTime: 6 }
[2019-03-28T10:32:04.360] [INFO] response - { method: 'POST',
  url: '/outRecord/getRecords',
  body: { pageSize: '9', currentPage: '1' },
  costTime: 5 }
[2019-03-28T10:32:06.428] [INFO] response - { method: 'POST',
  url: '/outRecord/getRecords',
  body: { pageSize: '9', currentPage: '1' },
  costTime: 4 }
[2019-03-28T10:32:06.971] [INFO] response - { method: 'POST',
  url: '/resourceLibrary/getImgs',
  body: { pageSize: '18', currentPage: '1' },
  costTime: 5 }
[2019-03-28T10:32:06.972] [INFO] response - { method: 'POST',
  url: '/resourceLibrary/getVideos',
  body: { pageSize: '18', currentPage: '1' },
  costTime: 5 }
[2019-03-28T10:34:10.747] [INFO] response - { method: 'POST',
  url: '/user/getUsers',
  body: { pageSize: '9', currentPage: '1' },
  costTime: 21 }
[2019-03-28T10:36:17.719] [INFO] response - { method: 'POST',
  url: '/user/getUsers',
  body: { pageSize: '9', currentPage: '1' },
  costTime: 21 }
[2019-03-28T10:36:28.688] [INFO] response - { method: 'POST',
  url: '/user/getUsersName',
  body: {},
  costTime: 12 }
[2019-03-28T10:36:28.695] [INFO] response - { method: 'POST',
  url: '/outRecord/getRecords',
  body: { pageSize: '9', currentPage: '1' },
  costTime: 25 }
[2019-03-28T10:36:42.637] [INFO] response - { method: 'POST',
  url: '/resourceLibrary/getImgs',
  body: { pageSize: '18', currentPage: '1' },
  costTime: 15 }
[2019-03-28T10:36:42.639] [INFO] response - { method: 'POST',
  url: '/resourceLibrary/getVideos',
  body: { pageSize: '18', currentPage: '1' },
  costTime: 9 }
[2019-03-28T10:36:45.650] [INFO] response - { method: 'POST',
  url: '/user/getUsers',
  body: { pageSize: '9', currentPage: '1' },
  costTime: 10 }
[2019-03-28T10:36:58.118] [INFO] response - { method: 'POST',
  url: '/resourceLibrary/getImgs',
  body: { pageSize: '18', currentPage: '1' },
  costTime: 6 }
[2019-03-28T10:36:58.120] [INFO] response - { method: 'POST',
  url: '/resourceLibrary/getVideos',
  body: { pageSize: '18', currentPage: '1' },
  costTime: 6 }
[2019-03-28T10:36:58.715] [INFO] response - { method: 'POST',
  url: '/user/getUsersName',
  body: {},
  costTime: 3 }
[2019-03-28T10:36:58.717] [INFO] response - { method: 'POST',
  url: '/outRecord/getRecords',
  body: { pageSize: '9', currentPage: '1' },
  costTime: 7 }
[2019-03-28T10:37:00.456] [INFO] response - { method: 'POST',
  url: '/user/getUsers',
  body: { pageSize: '9', currentPage: '1' },
  costTime: 5 }
[2019-03-28T10:38:39.168] [INFO] response - { method: 'POST',
  url: '/user/getUsers',
  body: { pageSize: '9', currentPage: '1' },
  costTime: 4 }
[2019-03-28T10:38:40.960] [INFO] response - { method: 'POST',
  url: '/user/getUsers',
  body: { pageSize: '9', currentPage: '1' },
  costTime: 4 }
[2019-03-28T10:38:41.975] [INFO] response - { method: 'POST',
  url: '/user/getUsers',
  body: { pageSize: '9', currentPage: '1' },
  costTime: 6 }
[2019-03-28T10:38:43.350] [INFO] response - { method: 'POST',
  url: '/user/getUsers',
  body: { pageSize: '9', currentPage: '1' },
  costTime: 6 }
[2019-03-28T10:38:44.386] [INFO] response - { method: 'POST',
  url: '/user/getUsers',
  body: { pageSize: '9', currentPage: '1' },
  costTime: 6 }
[2019-03-28T10:39:20.338] [INFO] response - { method: 'POST',
  url: '/user/getUsers',
  body: { pageSize: '9', currentPage: '1' },
  costTime: 4 }
[2019-03-28T10:39:22.929] [INFO] response - { method: 'POST',
  url: '/user/getUsers',
  body: { pageSize: '9', currentPage: '1' },
  costTime: 5 }
[2019-03-28T10:39:23.771] [INFO] response - { method: 'POST',
  url: '/user/getUsers',
  body: { pageSize: '9', currentPage: '1' },
  costTime: 7 }
[2019-03-28T10:39:25.664] [INFO] response - { method: 'POST',
  url: '/user/getUsers',
  body: { pageSize: '9', currentPage: '1' },
  costTime: 5 }
[2019-03-28T10:39:27.333] [INFO] response - { method: 'POST',
  url: '/websites/getWebsites',
  body: {},
  costTime: 8 }
[2019-03-28T10:39:27.337] [INFO] response - { method: 'POST',
  url: '/resourceLibrary/getImgs',
  body: { pageSize: '18', currentPage: '1' },
  costTime: 15 }
[2019-03-28T10:39:29.146] [INFO] response - { method: 'POST',
  url: '/user/getUsers',
  body: { pageSize: '9', currentPage: '1' },
  costTime: 5 }
[2019-03-28T10:39:29.806] [INFO] response - { method: 'POST',
  url: '/user/getUsersName',
  body: {},
  costTime: 3 }
[2019-03-28T10:39:29.808] [INFO] response - { method: 'POST',
  url: '/outRecord/getRecords',
  body: { pageSize: '9', currentPage: '1' },
  costTime: 6 }
[2019-03-28T10:39:30.889] [INFO] response - { method: 'POST',
  url: '/resourceLibrary/getImgs',
  body: { pageSize: '18', currentPage: '1' },
  costTime: 5 }
[2019-03-28T10:39:30.891] [INFO] response - { method: 'POST',
  url: '/resourceLibrary/getVideos',
  body: { pageSize: '18', currentPage: '1' },
  costTime: 7 }
[2019-03-28T10:39:31.393] [INFO] response - { method: 'POST',
  url: '/user/getUsers',
  body: { pageSize: '9', currentPage: '1' },
  costTime: 3 }
[2019-03-28T10:39:31.828] [INFO] response - { method: 'POST',
  url: '/user/getUsers',
  body: { pageSize: '9', currentPage: '1' },
  costTime: 5 }
[2019-03-28T10:39:32.626] [INFO] response - { method: 'POST',
  url: '/user/getUsers',
  body: { pageSize: '9', currentPage: '1' },
  costTime: 5 }
[2019-03-28T10:39:32.882] [INFO] response - { method: 'POST',
  url: '/resourceLibrary/getImgs',
  body: { pageSize: '18', currentPage: '1' },
  costTime: 6 }
[2019-03-28T10:39:32.883] [INFO] response - { method: 'POST',
  url: '/resourceLibrary/getVideos',
  body: { pageSize: '18', currentPage: '1' },
  costTime: 5 }
[2019-03-28T10:39:33.250] [INFO] response - { method: 'POST',
  url: '/user/getUsersName',
  body: {},
  costTime: 2 }
[2019-03-28T10:39:33.253] [INFO] response - { method: 'POST',
  url: '/outRecord/getRecords',
  body: { pageSize: '9', currentPage: '1' },
  costTime: 6 }
[2019-03-28T10:39:33.675] [INFO] response - { method: 'POST',
  url: '/user/getUsers',
  body: { pageSize: '9', currentPage: '1' },
  costTime: 5 }
[2019-03-28T10:39:34.616] [INFO] response - { method: 'POST',
  url: '/websites/getWebsites',
  body: {},
  costTime: 8 }
[2019-03-28T10:39:34.620] [INFO] response - { method: 'POST',
  url: '/resourceLibrary/getImgs',
  body: { pageSize: '18', currentPage: '1' },
  costTime: 14 }
[2019-03-28T10:41:08.235] [INFO] response - { method: 'POST',
  url: '/websites/getWebsites',
  body: {},
  costTime: 3 }
[2019-03-28T10:41:08.238] [INFO] response - { method: 'POST',
  url: '/resourceLibrary/getImgs',
  body: { pageSize: '18', currentPage: '1' },
  costTime: 9 }
[2019-03-28T10:41:09.616] [INFO] response - { method: 'POST',
  url: '/user/getUsers',
  body: { pageSize: '9', currentPage: '1' },
  costTime: 4 }
[2019-03-28T10:41:11.021] [INFO] response - { method: 'POST',
  url: '/user/getUsersName',
  body: {},
  costTime: 3 }
[2019-03-28T10:41:11.023] [INFO] response - { method: 'POST',
  url: '/outRecord/getRecords',
  body: { pageSize: '9', currentPage: '1' },
  costTime: 7 }
[2019-03-28T10:41:16.141] [INFO] response - { method: 'POST',
  url: '/user/getUsers',
  body: { pageSize: '9', currentPage: '1' },
  costTime: 5 }
[2019-03-28T14:22:04.784] [INFO] response - { method: 'POST',
  url: '/user/getUsers',
  body: { pageSize: '9', currentPage: '1' },
  costTime: 6 }
[2019-03-28T14:22:05.723] [INFO] response - { method: 'POST',
  url: '/resourceLibrary/getImgs',
  body: { pageSize: '18', currentPage: '1' },
  costTime: 8 }
[2019-03-28T14:22:05.725] [INFO] response - { method: 'POST',
  url: '/resourceLibrary/getVideos',
  body: { pageSize: '18', currentPage: '1' },
  costTime: 7 }
[2019-03-28T14:22:06.848] [INFO] response - { method: 'POST',
  url: '/user/getUsersName',
  body: {},
  costTime: 3 }
[2019-03-28T14:22:06.850] [INFO] response - { method: 'POST',
  url: '/outRecord/getRecords',
  body: { pageSize: '9', currentPage: '1' },
  costTime: 6 }
[2019-03-28T14:22:07.283] [INFO] response - { method: 'POST',
  url: '/user/getUsers',
  body: { pageSize: '9', currentPage: '1' },
  costTime: 4 }
[2019-03-28T14:22:52.169] [INFO] response - { method: 'POST',
  url: '/websites/getWebsites',
  body: {},
  costTime: 3 }
[2019-03-28T14:22:52.171] [INFO] response - { method: 'POST',
  url: '/resourceLibrary/getImgs',
  body: { pageSize: '18', currentPage: '1' },
  costTime: 6 }
[2019-03-28T14:22:57.495] [INFO] response - { method: 'POST',
  url: '/user/getUsers',
  body: { pageSize: '9', currentPage: '1' },
  costTime: 3 }
[2019-03-28T14:22:58.231] [INFO] response - { method: 'POST',
  url: '/user/getUsersName',
  body: {},
  costTime: 3 }
[2019-03-28T14:22:58.235] [INFO] response - { method: 'POST',
  url: '/outRecord/getRecords',
  body: { pageSize: '9', currentPage: '1' },
  costTime: 7 }
[2019-03-28T14:22:59.281] [INFO] response - { method: 'POST',
  url: '/resourceLibrary/getImgs',
  body: { pageSize: '18', currentPage: '1' },
  costTime: 5 }
[2019-03-28T14:22:59.284] [INFO] response - { method: 'POST',
  url: '/resourceLibrary/getVideos',
  body: { pageSize: '18', currentPage: '1' },
  costTime: 6 }
[2019-03-28T14:23:00.018] [INFO] response - { method: 'POST',
  url: '/user/getUsers',
  body: { pageSize: '9', currentPage: '1' },
  costTime: 5 }
[2019-03-28T14:23:00.647] [INFO] response - { method: 'POST',
  url: '/user/getUsers',
  body: { pageSize: '9', currentPage: '1' },
  costTime: 4 }
[2019-03-28T14:23:03.102] [INFO] response - { method: 'POST',
  url: '/user/getUsers',
  body: { pageSize: '9', currentPage: '1' },
  costTime: 6 }
[2019-03-28T14:23:03.417] [INFO] response - { method: 'POST',
  url: '/resourceLibrary/getImgs',
  body: { pageSize: '18', currentPage: '1' },
  costTime: 6 }
[2019-03-28T14:23:03.418] [INFO] response - { method: 'POST',
  url: '/resourceLibrary/getVideos',
  body: { pageSize: '18', currentPage: '1' },
  costTime: 7 }
[2019-03-28T14:23:04.421] [INFO] response - { method: 'POST',
  url: '/user/getUsersName',
  body: {},
  costTime: 3 }
[2019-03-28T14:23:04.429] [INFO] response - { method: 'POST',
  url: '/outRecord/getRecords',
  body: { pageSize: '9', currentPage: '1' },
  costTime: 11 }
[2019-03-28T14:23:04.829] [INFO] response - { method: 'POST',
  url: '/user/getUsers',
  body: { pageSize: '9', currentPage: '1' },
  costTime: 3 }
[2019-03-28T14:23:06.094] [INFO] response - { method: 'POST',
  url: '/websites/getWebsites',
  body: {},
  costTime: 3 }
[2019-03-28T14:23:06.097] [INFO] response - { method: 'POST',
  url: '/resourceLibrary/getImgs',
  body: { pageSize: '18', currentPage: '1' },
  costTime: 8 }
[2019-03-28T14:23:09.245] [INFO] response - { method: 'POST',
  url: '/user/getUsers',
  body: { pageSize: '9', currentPage: '1' },
  costTime: 4 }
[2019-03-28T14:23:11.347] [INFO] response - { method: 'POST',
  url: '/integratedMachine/getUrl',
  body: {},
  costTime: 2 }
[2019-03-28T14:23:11.350] [INFO] response - { method: 'POST',
  url: '/resourceLibrary/getImgs',
  body: { pageSize: '18', currentPage: '1' },
  costTime: 7 }
[2019-03-28T14:23:14.084] [INFO] response - { method: 'POST',
  url: '/user/getUsers',
  body: { pageSize: '9', currentPage: '1' },
  costTime: 3 }
[2019-03-28T14:23:16.577] [INFO] response - { method: 'POST',
  url: '/user/getUsersName',
  body: {},
  costTime: 1 }
[2019-03-28T14:23:16.579] [INFO] response - { method: 'POST',
  url: '/outRecord/getRecords',
  body: { pageSize: '9', currentPage: '1' },
  costTime: 5 }
[2019-03-28T14:23:17.351] [INFO] response - { method: 'POST',
  url: '/resourceLibrary/getImgs',
  body: { pageSize: '18', currentPage: '1' },
  costTime: 4 }
[2019-03-28T14:23:17.353] [INFO] response - { method: 'POST',
  url: '/resourceLibrary/getVideos',
  body: { pageSize: '18', currentPage: '1' },
  costTime: 5 }
[2019-03-28T14:23:18.066] [INFO] response - { method: 'POST',
  url: '/user/getUsers',
  body: { pageSize: '9', currentPage: '1' },
  costTime: 5 }
[2019-03-28T14:23:19.030] [INFO] response - { method: 'POST',
  url: '/user/getUsers',
  body: { pageSize: '9', currentPage: '1' },
  costTime: 5 }
[2019-03-28T14:23:19.657] [INFO] response - { method: 'POST',
  url: '/resourceLibrary/getImgs',
  body: { pageSize: '18', currentPage: '1' },
  costTime: 5 }
[2019-03-28T14:23:19.658] [INFO] response - { method: 'POST',
  url: '/resourceLibrary/getVideos',
  body: { pageSize: '18', currentPage: '1' },
  costTime: 5 }
[2019-03-28T14:24:29.405] [INFO] response - { method: 'POST',
  url: '/user/getUsers',
  body: { pageSize: '9', currentPage: '1' },
  costTime: 4 }
[2019-03-28T14:24:30.909] [INFO] response - { method: 'POST',
  url: '/user/getUsers',
  body: { pageSize: '9', currentPage: '1' },
  costTime: 5 }
[2019-03-28T14:24:32.326] [INFO] response - { method: 'POST',
  url: '/user/getUsers',
  body: { pageSize: '9', currentPage: '1' },
  costTime: 4 }
[2019-03-28T14:29:54.106] [INFO] response - { method: 'POST',
  url: '/resourceLibrary/getImgs',
  body: { pageSize: '18', currentPage: '1' },
  costTime: 5 }
[2019-03-28T14:29:54.108] [INFO] response - { method: 'POST',
  url: '/resourceLibrary/getVideos',
  body: { pageSize: '18', currentPage: '1' },
  costTime: 6 }
[2019-03-28T14:29:55.795] [INFO] response - { method: 'POST',
  url: '/user/getUsers',
  body: { pageSize: '9', currentPage: '1' },
  costTime: 5 }
[2019-03-28T14:30:43.989] [INFO] response - { method: 'POST',
  url: '/resourceLibrary/getImgs',
  body: { pageSize: '18', currentPage: '1' },
  costTime: 3 }
[2019-03-28T14:30:43.991] [INFO] response - { method: 'POST',
  url: '/websites/getWebsites',
  body: {},
  costTime: 3 }
[2019-03-28T14:30:47.181] [INFO] response - { method: 'POST',
  url: '/resourceLibrary/getImgs',
  body: { pageSize: '18', currentPage: '1' },
  costTime: 4 }
[2019-03-28T14:30:47.182] [INFO] response - { method: 'POST',
  url: '/resourceLibrary/getVideos',
  body: { pageSize: '18', currentPage: '1' },
  costTime: 4 }
[2019-03-28T14:30:48.176] [INFO] response - { method: 'POST',
  url: '/user/getUsers',
  body: { pageSize: '9', currentPage: '1' },
  costTime: 4 }
[2019-03-28T14:30:49.053] [INFO] response - { method: 'POST',
  url: '/user/getUsers',
  body: { pageSize: '9', currentPage: '1' },
  costTime: 4 }
[2019-03-28T14:31:16.738] [INFO] response - { method: 'POST',
  url: '/user/getUsers',
  body: { pageSize: '9', currentPage: '1' },
  costTime: 3 }
[2019-03-28T14:32:51.250] [INFO] response - { method: 'POST',
  url: '/user/getUsers',
  body: { pageSize: '9', currentPage: '1' },
  costTime: 4 }
[2019-03-28T14:33:09.157] [INFO] response - { method: 'POST',
  url: '/user/getUsers',
  body: { pageSize: '9', currentPage: '1' },
  costTime: 3 }
[2019-03-28T14:34:34.492] [INFO] response - { method: 'POST',
  url: '/user/getUsers',
  body: { pageSize: '9', currentPage: '1' },
  costTime: 4 }
[2019-03-28T15:14:02.340] [INFO] response - { method: 'POST',
  url: '/user/getUsers',
  body: { pageSize: '9', currentPage: '1' },
  costTime: 4 }
[2019-03-28T15:14:40.472] [INFO] response - { method: 'POST',
  url: '/user/getUsers',
  body: { pageSize: '9', currentPage: '1' },
  costTime: 3 }
[2019-03-28T15:18:13.336] [INFO] response - { method: 'POST',
  url: '/user/getUsers',
  body: { pageSize: '9', currentPage: '1' },
  costTime: 3 }
[2019-03-28T15:29:19.356] [INFO] response - { method: 'POST',
  url: '/user/getUsers',
  body: { pageSize: '9', currentPage: '1' },
  costTime: 4 }
[2019-03-28T15:41:29.450] [INFO] response - { method: 'POST',
  url: '/user/getUsers',
  body: { pageSize: '9', currentPage: '1' },
  costTime: 5 }
[2019-03-28T15:43:08.361] [INFO] response - { method: 'POST',
  url: '/user/getUsers',
  body: { pageSize: '9', currentPage: '1' },
  costTime: 3 }
[2019-03-28T15:49:59.809] [INFO] response - { method: 'POST',
  url: '/resourceLibrary/getImgs',
  body: { pageSize: '18', currentPage: '1' },
  costTime: 4 }
[2019-03-28T15:49:59.810] [INFO] response - { method: 'POST',
  url: '/resourceLibrary/getVideos',
  body: { pageSize: '18', currentPage: '1' },
  costTime: 4 }
[2019-03-28T15:50:00.940] [INFO] response - { method: 'POST',
  url: '/user/getUsersName',
  body: {},
  costTime: 4 }
[2019-03-28T15:50:00.944] [INFO] response - { method: 'POST',
  url: '/outRecord/getRecords',
  body: { pageSize: '9', currentPage: '1' },
  costTime: 9 }
[2019-03-28T15:50:03.753] [INFO] response - { method: 'POST',
  url: '/outRecord/getRecords',
  body: { pageSize: '9', currentPage: '2' },
  costTime: 5 }
[2019-03-28T15:50:06.344] [INFO] response - { method: 'POST',
  url: '/user/getUsers',
  body: { pageSize: '9', currentPage: '1' },
  costTime: 4 }
[2019-03-28T15:50:55.208] [INFO] response - { method: 'POST',
  url: '/websites/getWebsites',
  body: {},
  costTime: 4 }
[2019-03-28T15:50:55.213] [INFO] response - { method: 'POST',
  url: '/resourceLibrary/getImgs',
  body: { pageSize: '18', currentPage: '1' },
  costTime: 10 }
[2019-03-28T15:50:58.061] [INFO] response - { method: 'POST',
  url: '/user/getUsers',
  body: { pageSize: '9', currentPage: '1' },
  costTime: 5 }
[2019-03-28T15:51:01.576] [INFO] response - { method: 'POST',
  url: '/user/getUsersName',
  body: {},
  costTime: 3 }
[2019-03-28T15:51:01.579] [INFO] response - { method: 'POST',
  url: '/outRecord/getRecords',
  body: { pageSize: '9', currentPage: '1' },
  costTime: 8 }
[2019-03-28T15:51:03.547] [INFO] response - { method: 'POST',
  url: '/resourceLibrary/getImgs',
  body: { pageSize: '18', currentPage: '1' },
  costTime: 8 }
[2019-03-28T15:51:03.549] [INFO] response - { method: 'POST',
  url: '/resourceLibrary/getVideos',
  body: { pageSize: '18', currentPage: '1' },
  costTime: 8 }
[2019-03-28T15:51:04.151] [INFO] response - { method: 'POST',
  url: '/user/getUsers',
  body: { pageSize: '9', currentPage: '1' },
  costTime: 4 }
[2019-03-28T15:51:05.793] [INFO] response - { method: 'POST',
  url: '/user/getUsers',
  body: { pageSize: '9', currentPage: '1' },
  costTime: 5 }
[2019-03-28T15:51:17.922] [INFO] response - { method: 'POST',
  url: '/resourceLibrary/getImgs',
  body: { pageSize: '18', currentPage: '1' },
  costTime: 5 }
[2019-03-28T15:51:17.923] [INFO] response - { method: 'POST',
  url: '/resourceLibrary/getVideos',
  body: { pageSize: '18', currentPage: '1' },
  costTime: 5 }
[2019-03-28T15:51:19.069] [INFO] response - { method: 'POST',
  url: '/user/getUsersName',
  body: {},
  costTime: 2 }
[2019-03-28T15:51:19.073] [INFO] response - { method: 'POST',
  url: '/outRecord/getRecords',
  body: { pageSize: '9', currentPage: '1' },
  costTime: 8 }
[2019-03-28T15:51:24.319] [INFO] response - { method: 'POST',
  url: '/resourceLibrary/getImgs',
  body: { pageSize: '18', currentPage: '1' },
  costTime: 6 }
[2019-03-28T15:51:24.321] [INFO] response - { method: 'POST',
  url: '/resourceLibrary/getVideos',
  body: { pageSize: '18', currentPage: '1' },
  costTime: 6 }
[2019-03-28T15:51:25.282] [INFO] response - { method: 'POST',
  url: '/user/getUsers',
  body: { pageSize: '9', currentPage: '1' },
  costTime: 5 }
[2019-03-28T15:51:42.296] [INFO] response - { method: 'POST',
  url: '/user/getUsers',
  body: { pageSize: '9', currentPage: '1' },
  costTime: 3 }
[2019-03-28T15:52:16.634] [INFO] response - { method: 'POST',
  url: '/user/getUsers',
  body: { pageSize: '9', currentPage: '1' },
  costTime: 3 }
[2019-03-28T15:52:52.426] [INFO] response - { method: 'POST',
  url: '/user/getUsers',
  body: { pageSize: '9', currentPage: '1' },
  costTime: 2 }
[2019-03-28T15:53:18.671] [INFO] response - { method: 'POST',
  url: '/user/getUsers',
  body: { pageSize: '9', currentPage: '1' },
  costTime: 3 }
[2019-03-28T15:56:48.697] [INFO] response - { method: 'POST',
  url: '/user/getUsers',
  body: { pageSize: '9', currentPage: '1' },
  costTime: 3 }
[2019-03-28T15:57:23.591] [INFO] response - { method: 'POST',
  url: '/user/getUsers',
  body: { pageSize: '9', currentPage: '1' },
  costTime: 4 }
[2019-03-28T15:57:46.885] [INFO] response - { method: 'POST',
  url: '/user/getUsers',
  body: { pageSize: '9', currentPage: '1' },
  costTime: 2 }
[2019-03-28T15:58:06.495] [INFO] response - { method: 'POST',
  url: '/user/getUsers',
  body: { pageSize: '9', currentPage: '1' },
  costTime: 4 }
[2019-03-28T15:59:25.436] [INFO] response - { method: 'POST',
  url: '/user/getUsers',
  body: { pageSize: '9', currentPage: '1' },
  costTime: 3 }
[2019-03-28T16:01:20.478] [INFO] response - { method: 'POST',
  url: '/resourceLibrary/getImgs',
  body: { pageSize: '18', currentPage: '1' },
  costTime: 6 }
[2019-03-28T16:01:20.481] [INFO] response - { method: 'POST',
  url: '/resourceLibrary/getVideos',
  body: { pageSize: '18', currentPage: '1' },
  costTime: 7 }
[2019-03-28T16:01:20.890] [INFO] response - { method: 'POST',
  url: '/user/getUsersName',
  body: {},
  costTime: 3 }
[2019-03-28T16:01:20.894] [INFO] response - { method: 'POST',
  url: '/outRecord/getRecords',
  body: { pageSize: '9', currentPage: '1' },
  costTime: 9 }
[2019-03-28T16:01:21.597] [INFO] response - { method: 'POST',
  url: '/user/getUsers',
  body: { pageSize: '9', currentPage: '1' },
  costTime: 6 }
[2019-03-28T16:01:27.334] [INFO] response - { method: 'POST',
  url: '/user/getUsers',
  body: { pageSize: '9', currentPage: '1' },
  costTime: 3 }
[2019-03-28T16:01:31.828] [INFO] response - { method: 'POST',
  url: '/user/getUsers',
  body: { pageSize: '9', currentPage: '1' },
  costTime: 5 }
[2019-03-28T16:04:29.213] [INFO] response - { method: 'POST',
  url: '/user/editUser',
  body: 
   { showDialog: 'true',
     userName: 'test1',
     password: '$2a$10$ki69siVCcBTrn8hC0Lz3cO0QTHM2uwBV8sz2.MliefHkw7Z10A/.O',
     status: 'normal',
     jobPosition: '测试用户',
     role: 'super',
     jurisdiction: 
      { web: 'true',
        view: 'true',
        expert: 'true',
        out: 'true',
        res: 'true',
        cdLibrary: 'true',
        jurisdiction: 'false' },
     _id: '5c9490520d515f3f404baf07',
     createAt: '2019-03-22T07:35:46.362Z',
     lastLoginAt: '2019-03-22T07:35:46.362Z',
     __v: '0' },
  costTime: 16 }
[2019-03-28T16:04:29.248] [INFO] response - { method: 'POST',
  url: '/user/getUsers',
  body: { pageSize: '9', currentPage: '1' },
  costTime: 3 }
[2019-03-28T16:04:43.364] [INFO] response - { method: 'POST',
  url: '/user/getUsers',
  body: { pageSize: '9', currentPage: '1' },
  costTime: 4 }
[2019-03-28T16:04:43.768] [INFO] response - { method: 'POST',
  url: '/resourceLibrary/getImgs',
  body: { pageSize: '18', currentPage: '1' },
  costTime: 5 }
[2019-03-28T16:04:43.769] [INFO] response - { method: 'POST',
  url: '/resourceLibrary/getVideos',
  body: { pageSize: '18', currentPage: '1' },
  costTime: 5 }
[2019-03-28T16:04:44.157] [INFO] response - { method: 'POST',
  url: '/user/getUsersName',
  body: {},
  costTime: 2 }
[2019-03-28T16:04:44.160] [INFO] response - { method: 'POST',
  url: '/outRecord/getRecords',
  body: { pageSize: '9', currentPage: '1' },
  costTime: 7 }
[2019-03-28T16:04:44.719] [INFO] response - { method: 'POST',
  url: '/user/getUsers',
  body: { pageSize: '9', currentPage: '1' },
  costTime: 6 }
[2019-03-28T16:13:05.893] [INFO] response - { method: 'POST',
  url: '/user/getUsers',
  body: { pageSize: '9', currentPage: '1' },
  costTime: 6 }
[2019-03-28T16:13:14.547] [INFO] response - { method: 'POST',
  url: '/integratedMachine/getUrl',
  body: {},
  costTime: 3 }
[2019-03-28T16:13:14.550] [INFO] response - { method: 'POST',
  url: '/resourceLibrary/getImgs',
  body: { pageSize: '18', currentPage: '1' },
  costTime: 7 }
[2019-03-28T16:13:16.475] [INFO] response - { method: 'POST',
  url: '/equipment/getBasicInfo',
  body: { equipmentId: 'bidding' },
  costTime: 5 }
[2019-03-28T16:13:16.495] [INFO] response - { method: 'POST',
  url: '/equipment/getDetailInfo',
  body: 
   { equipmentId: 'equipmentId',
     currentMoudleId: 'bidding1',
     roomNum: '1' },
  costTime: 3 }
[2019-03-28T16:38:34.549] [INFO] response - { method: 'POST',
  url: '/project/addProject',
  body: 
   { projectName: '项目1',
     tenderingName: '林邱恒',
     agency: '成都数之联',
     startTime: '2018-12-11 10:12:30',
     endTime: '2018-12-11 10:12:30',
     startEvaluateTime: '2018-12-11 10:12:30',
     endEvaluateTime: '2018-12-11 10:12:30',
     projectAddress: '招标室1',
     projectAddressId: 'room1' },
  costTime: 26 }
[2019-03-28T16:38:39.002] [INFO] response - { method: 'POST',
  url: '/project/addProject',
  body: 
   { projectName: '项目1',
     tenderingName: '林邱恒',
     agency: '成都数之联',
     startTime: '2018-12-11 10:12:30',
     endTime: '2018-12-11 10:12:30',
     startEvaluateTime: '2018-12-11 10:12:30',
     endEvaluateTime: '2018-12-11 10:12:30',
     projectAddress: '招标室1',
     projectAddressId: 'room1' },
  costTime: 2 }
[2019-03-28T16:38:39.604] [INFO] response - { method: 'POST',
  url: '/project/addProject',
  body: 
   { projectName: '项目1',
     tenderingName: '林邱恒',
     agency: '成都数之联',
     startTime: '2018-12-11 10:12:30',
     endTime: '2018-12-11 10:12:30',
     startEvaluateTime: '2018-12-11 10:12:30',
     endEvaluateTime: '2018-12-11 10:12:30',
     projectAddress: '招标室1',
     projectAddressId: 'room1' },
  costTime: 2 }
[2019-03-28T16:38:40.308] [INFO] response - { method: 'POST',
  url: '/project/addProject',
  body: 
   { projectName: '项目1',
     tenderingName: '林邱恒',
     agency: '成都数之联',
     startTime: '2018-12-11 10:12:30',
     endTime: '2018-12-11 10:12:30',
     startEvaluateTime: '2018-12-11 10:12:30',
     endEvaluateTime: '2018-12-11 10:12:30',
     projectAddress: '招标室1',
     projectAddressId: 'room1' },
  costTime: 6 }
[2019-03-28T16:41:58.891] [INFO] response - { method: 'POST',
  url: '/project/getProject',
  body: { pageSize: '9', currentPage: '1' },
  costTime: 9 }
[2019-03-28T16:42:07.965] [INFO] response - { method: 'POST',
  url: '/user/getUsersName',
  body: {},
  costTime: 6 }
[2019-03-28T16:42:07.969] [INFO] response - { method: 'POST',
  url: '/outRecord/getRecords',
  body: { pageSize: '9', currentPage: '1' },
  costTime: 14 }
[2019-03-28T16:42:09.314] [INFO] response - { method: 'POST',
  url: '/project/getProject',
  body: { pageSize: '9', currentPage: '1' },
  costTime: 4 }
[2019-03-28T16:43:45.480] [INFO] response - { method: 'POST',
  url: '/project/getProject',
  body: { pageSize: '9', currentPage: '1' },
  costTime: 3 }
[2019-03-28T17:02:16.303] [INFO] response - { method: 'POST',
  url: '/expert/addExpert',
  body: 
   { expertName: '单文远',
     expertLeave: 'leave1',
     expertRate: '200',
     expertNum: '513030198606138888' },
  costTime: 22 }
[2019-03-28T17:02:19.683] [INFO] response - { method: 'POST',
  url: '/expert/addExpert',
  body: 
   { expertName: '单文远',
     expertLeave: 'leave1',
     expertRate: '200',
     expertNum: '513030198606138888' },
  costTime: 5 }
[2019-03-28T17:02:19.882] [INFO] response - { method: 'POST',
  url: '/expert/addExpert',
  body: 
   { expertName: '单文远',
     expertLeave: 'leave1',
     expertRate: '200',
     expertNum: '513030198606138888' },
  costTime: 4 }
[2019-03-28T17:02:19.987] [INFO] response - { method: 'POST',
  url: '/expert/addExpert',
  body: 
   { expertName: '单文远',
     expertLeave: 'leave1',
     expertRate: '200',
     expertNum: '513030198606138888' },
  costTime: 3 }
[2019-03-28T17:04:49.677] [INFO] response - { method: 'POST',
  url: '/expert/addExpert',
  body: 
   { expertName: '单文远',
     expertLeave: 'leave1',
     expertRate: '200',
     expertNum: '513030198606138888' },
  costTime: 260 }
[2019-03-28T17:04:50.315] [INFO] response - { method: 'POST',
  url: '/expert/addExpert',
  body: 
   { expertName: '单文远',
     expertLeave: 'leave1',
     expertRate: '200',
     expertNum: '513030198606138888' },
  costTime: 4 }
[2019-03-28T17:04:50.897] [INFO] response - { method: 'POST',
  url: '/expert/addExpert',
  body: 
   { expertName: '单文远',
     expertLeave: 'leave1',
     expertRate: '200',
     expertNum: '513030198606138888' },
  costTime: 3 }
[2019-03-28T17:04:51.794] [INFO] response - { method: 'POST',
  url: '/expert/addExpert',
  body: 
   { expertName: '单文远',
     expertLeave: 'leave1',
     expertRate: '200',
     expertNum: '513030198606138888' },
  costTime: 5 }
[2019-03-28T17:10:06.325] [INFO] response - { method: 'POST',
  url: '/websites/getWebsites',
  body: {},
  costTime: 11 }
[2019-03-28T17:10:06.328] [INFO] response - { method: 'POST',
  url: '/resourceLibrary/getImgs',
  body: { pageSize: '18', currentPage: '1' },
  costTime: 24 }
[2019-03-28T17:10:07.693] [INFO] response - { method: 'POST',
  url: '/project/getProject',
  body: { pageSize: '9', currentPage: '1' },
  costTime: 3 }
[2019-03-28T17:56:59.132] [INFO] response - { method: 'POST',
  url: '/addCost',
  body: 
   { costProjectId: 'fdsfsdfsfsf',
     expertId: 'fsfsffsf',
     recordStartTime: '2019-05-12',
     recordEndTime: '2019-05-12',
     recordTotalTime: 10 },
  costTime: 3 }
[2019-03-28T17:57:31.066] [INFO] response - { method: 'POST',
  url: '/cost/addCost',
  body: 
   { costProjectId: 'fdsfsdfsfsf',
     expertId: 'fsfsffsf',
     recordStartTime: '2019-05-12',
     recordEndTime: '2019-05-12',
     recordTotalTime: 10 },
  costTime: 1 }
[2019-03-28T17:58:24.033] [INFO] response - { method: 'POST',
  url: '/cost/addCost',
  body: 
   { costProjectId: 'fdsfsdfsfsf',
     expertId: 'fsfsffsf',
     recordStartTime: '2019-05-12',
     recordEndTime: '2019-05-12',
     recordTotalTime: 10 },
  costTime: 4 }
[2019-03-28T17:58:27.167] [INFO] response - { method: 'POST',
  url: '/cost/addCost',
  body: 
   { costProjectId: 'fdsfsdfsfsf',
     expertId: 'fsfsffsf',
     recordStartTime: '2019-05-12',
     recordEndTime: '2019-05-12',
     recordTotalTime: 10 },
  costTime: 1 }
[2019-03-28T17:59:08.415] [INFO] response - { method: 'POST',
  url: '/cost/addCost',
  body: 
   { costProjectId: 'fdsfsdfsfsf',
     expertId: 'fsfsffsf',
     recordStartTime: '2019-05-12',
     recordEndTime: '2019-05-12',
     recordTotalTime: 10 },
  costTime: 23 }
[2019-03-28T17:59:10.609] [INFO] response - { method: 'POST',
  url: '/cost/addCost',
  body: 
   { costProjectId: 'fdsfsdfsfsf',
     expertId: 'fsfsffsf',
     recordStartTime: '2019-05-12',
     recordEndTime: '2019-05-12',
     recordTotalTime: 10 },
  costTime: 4 }
[2019-03-28T17:59:10.773] [INFO] response - { method: 'POST',
  url: '/cost/addCost',
  body: 
   { costProjectId: 'fdsfsdfsfsf',
     expertId: 'fsfsffsf',
     recordStartTime: '2019-05-12',
     recordEndTime: '2019-05-12',
     recordTotalTime: 10 },
  costTime: 2 }
