[2019-02-13T17:24:13.930] [INFO] response - { method: 'POST', url: '/user/save', body: {}, costTime: 28 }
[2019-02-13T17:28:40.459] [INFO] response - { method: 'POST',
  url: '/user/save',
  body: { name: 'yyy', password: '1233566' },
  costTime: 119 }
[2019-02-13T17:34:27.628] [INFO] response - { method: 'POST',
  url: '/user/login',
  body: { username: 'admin', password: '123456' },
  costTime: 1 }
[2019-02-13T17:35:56.558] [INFO] response - { method: 'POST',
  url: '/user/login',
  body: { username: 'admin', password: '123456' },
  costTime: 3 }
[2019-02-13T17:36:23.213] [INFO] response - { method: 'POST',
  url: '/user/login',
  body: { username: 'admin', password: '123456' },
  costTime: 2 }
[2019-02-13T17:36:29.689] [INFO] response - { method: 'POST',
  url: '/user/login',
  body: { username: 'admin', password: '123456' },
  costTime: 1 }
[2019-02-13T17:37:13.167] [INFO] response - { method: 'POST',
  url: '/user/login',
  body: { username: 'admin', password: '123456' },
  costTime: 0 }
[2019-02-13T17:37:51.338] [INFO] response - { method: 'POST',
  url: '/user/login',
  body: { username: 'admin', password: '123456' },
  costTime: 0 }
[2019-02-13T17:38:34.494] [INFO] response - { method: 'POST',
  url: '/user/login',
  body: { username: 'admin', password: '123456' },
  costTime: 5 }
[2019-02-13T17:38:47.735] [INFO] response - { method: 'POST',
  url: '/user/login',
  body: { username: 'admin', password: '123456' },
  costTime: 5 }
[2019-02-13T17:41:11.119] [INFO] response - { method: 'POST',
  url: '/user/login',
  body: { username: 'admin', password: '123456' },
  costTime: 109 }
[2019-02-13T17:41:26.115] [INFO] response - { method: 'POST',
  url: '/user/login',
  body: { username: 'admin', password: '123456' },
  costTime: 5 }
[2019-02-13T17:42:27.508] [INFO] response - { method: 'POST',
  url: '/user/login',
  body: { username: 'admin', password: '123456' },
  costTime: 5 }
[2019-02-13T17:53:39.344] [INFO] response - { method: 'POST',
  url: '/user/save',
  body: { name: 'yyy', password: '1233566' },
  costTime: 137 }
[2019-02-13T17:56:01.800] [INFO] response - { method: 'POST', url: '/user/login', body: {}, costTime: 78422 }
[2019-02-13T17:59:39.109] [INFO] response - { method: 'POST',
  url: '/user/login',
  body: { name: 'ycl' },
  costTime: 187717 }
[2019-02-13T17:59:39.586] [INFO] response - { method: 'POST',
  url: '/user/login',
  body: { name: 'ycl' },
  costTime: 473 }
[2019-02-13T17:59:40.425] [INFO] response - { method: 'POST',
  url: '/user/login',
  body: { name: 'ycl' },
  costTime: 831 }
[2019-02-13T18:00:46.815] [INFO] response - { method: 'POST',
  url: '/user/login',
  body: { name: 'ycl' },
  costTime: 57143 }
[2019-02-13T18:04:32.198] [INFO] response - { method: 'POST',
  url: '/user/login',
  body: { username: 'admin', password: '123456' },
  costTime: 5 }
[2019-02-13T18:04:35.499] [INFO] response - { method: 'POST',
  url: '/user/login',
  body: { username: 'admin', password: '123456' },
  costTime: 5 }
[2019-02-13T18:04:40.458] [INFO] response - { method: 'POST',
  url: '/user/login',
  body: { username: 'admin', password: '123456' },
  costTime: 5 }
[2019-02-13T18:04:55.097] [INFO] response - { method: 'POST',
  url: '/user/login',
  body: { username: 'admin', password: '123456' },
  costTime: 4 }
[2019-02-13T18:06:20.743] [INFO] response - { method: 'POST', url: '/user/login', body: {}, costTime: 3 }
[2019-02-13T18:09:19.555] [INFO] response - { method: 'POST',
  url: '/user/login',
  body: { username: 'admin', password: '123456' },
  costTime: 5 }
[2019-02-13T18:09:34.747] [INFO] response - { method: 'POST',
  url: '/user/login',
  body: { username: 'admin', password: '123456' },
  costTime: 3 }
[2019-02-13T18:11:19.477] [INFO] response - { method: 'POST',
  url: '/user/login',
  body: { username: 'admin', password: '123456' },
  costTime: 4 }
[2019-02-13T18:11:24.608] [INFO] response - { method: 'POST',
  url: '/user/login',
  body: { username: 'admin', password: '123456' },
  costTime: 6 }
[2019-02-13T18:12:35.736] [INFO] response - { method: 'POST',
  url: '/user/login',
  body: { username: 'admin', password: '123456' },
  costTime: 6 }
[2019-02-13T18:14:44.288] [INFO] response - { method: 'POST',
  url: '/user/login',
  body: { username: 'admin', password: '123456' },
  costTime: 2 }
[2019-02-13T18:14:52.730] [INFO] response - { method: 'POST',
  url: '/user/login',
  body: { username: 'admin', password: '123456' },
  costTime: 1 }
[2019-02-13T18:14:54.239] [INFO] response - { method: 'POST',
  url: '/user/login',
  body: { username: 'admin', password: '123456' },
  costTime: 0 }
[2019-02-13T18:14:55.762] [INFO] response - { method: 'POST',
  url: '/user/login',
  body: { username: 'admin', password: '123456' },
  costTime: 0 }
[2019-02-13T18:14:57.009] [INFO] response - { method: 'POST',
  url: '/user/login',
  body: { username: 'admin', password: '123456' },
  costTime: 0 }
[2019-02-13T18:15:07.531] [INFO] response - { method: 'POST',
  url: '/user/login',
  body: { username: 'admin', password: '123456' },
  costTime: 1 }
[2019-02-13T18:15:08.112] [INFO] response - { method: 'POST',
  url: '/user/login',
  body: { username: 'admin', password: '123456' },
  costTime: 0 }
[2019-02-13T18:15:08.304] [INFO] response - { method: 'POST',
  url: '/user/login',
  body: { username: 'admin', password: '123456' },
  costTime: 0 }
[2019-02-13T18:16:35.581] [INFO] response - { method: 'POST',
  url: '/user/login',
  body: { username: 'admin', password: '123456' },
  costTime: 2 }
[2019-02-13T18:16:36.612] [INFO] response - { method: 'POST',
  url: '/user/login',
  body: { username: 'admin', password: '123456' },
  costTime: 1 }
[2019-02-13T18:17:41.785] [INFO] response - { method: 'POST',
  url: '/user/login',
  body: { username: 'admin', password: '123456' },
  costTime: 5 }
[2019-02-13T18:17:42.808] [INFO] response - { method: 'POST',
  url: '/user/login',
  body: { username: 'admin', password: '123456' },
  costTime: 1 }
[2019-02-13T18:17:43.479] [INFO] response - { method: 'POST',
  url: '/user/login',
  body: { username: 'admin', password: '123456' },
  costTime: 1 }
[2019-02-13T18:17:46.480] [INFO] response - { method: 'POST',
  url: '/user/login',
  body: { username: 'admin', password: '123456' },
  costTime: 1 }
[2019-02-13T18:17:47.211] [INFO] response - { method: 'POST',
  url: '/user/login',
  body: { username: 'admin', password: '123456' },
  costTime: 1 }
[2019-02-13T18:17:48.522] [INFO] response - { method: 'POST',
  url: '/user/login',
  body: { username: 'admin', password: '123456' },
  costTime: 1 }
[2019-02-13T18:17:49.693] [INFO] response - { method: 'POST',
  url: '/user/login',
  body: { username: 'admin', password: '123456' },
  costTime: 1 }
[2019-02-13T18:25:57.325] [INFO] response - { method: 'POST',
  url: '/user/login',
  body: { username: 'admin', password: '123456' },
  costTime: 3 }
[2019-02-13T18:28:58.127] [INFO] response - { method: 'POST',
  url: '/user/login',
  body: { username: 'admin', password: '123456' },
  costTime: 11 }
[2019-02-13T18:29:18.258] [INFO] response - { method: 'POST',
  url: '/user/login',
  body: { username: 'yyy', password: '123456' },
  costTime: 12 }
[2019-02-13T18:30:48.924] [INFO] response - { method: 'POST',
  url: '/user/login',
  body: { username: 'yyy', password: '123456' },
  costTime: 11 }
[2019-02-13T18:31:21.394] [INFO] response - { method: 'POST',
  url: '/user/login',
  body: { username: 'yyy', password: '123456' },
  costTime: 19 }
