[2019-03-26T10:23:55.501] [INFO] response - { method: 'POST',
  url: '/user/login',
  body: { userName: 'admin', password: '123' },
  costTime: 116 }
[2019-03-26T10:23:55.548] [INFO] response - { method: 'POST',
  url: '/resourceLibrary/getImgs',
  body: { pageSize: '18', currentPage: '1' },
  costTime: 11 }
[2019-03-26T10:23:55.550] [INFO] response - { method: 'POST',
  url: '/websites/getWebsites',
  body: {},
  costTime: 9 }
[2019-03-26T10:23:58.757] [INFO] response - { method: 'POST',
  url: '/user/getUsersName',
  body: {},
  costTime: 5 }
[2019-03-26T10:23:58.761] [INFO] response - { method: 'POST',
  url: '/outRecord/getRecords',
  body: { pageSize: '9', currentPage: '1' },
  costTime: 11 }
[2019-03-26T10:23:59.066] [INFO] response - { method: 'POST',
  url: '/resourceLibrary/getImgs',
  body: { pageSize: '18', currentPage: '1' },
  costTime: 7 }
[2019-03-26T10:23:59.068] [INFO] response - { method: 'POST',
  url: '/resourceLibrary/getVideos',
  body: { pageSize: '18', currentPage: '1' },
  costTime: 8 }
[2019-03-26T10:24:01.014] [INFO] response - { method: 'POST',
  url: '/user/getUsers',
  body: { pageSize: '9', currentPage: '1' },
  costTime: 4 }
[2019-03-26T10:26:29.674] [INFO] response - { method: 'POST',
  url: '/resourceLibrary/getImgs',
  body: { pageSize: '18', currentPage: '1' },
  costTime: 6 }
[2019-03-26T10:26:29.676] [INFO] response - { method: 'POST',
  url: '/resourceLibrary/getVideos',
  body: { pageSize: '18', currentPage: '1' },
  costTime: 6 }
[2019-03-26T10:26:30.375] [INFO] response - { method: 'POST',
  url: '/user/getUsersName',
  body: {},
  costTime: 3 }
[2019-03-26T10:26:30.384] [INFO] response - { method: 'POST',
  url: '/outRecord/getRecords',
  body: { pageSize: '9', currentPage: '1' },
  costTime: 13 }
[2019-03-26T10:26:50.168] [INFO] response - { method: 'POST',
  url: '/equipment/getBasicInfo',
  body: { equipmentId: 'bidding' },
  costTime: 4 }
[2019-03-26T10:26:50.191] [INFO] response - { method: 'POST',
  url: '/equipment/getDetailInfo',
  body: 
   { equipmentId: 'equipmentId',
     currentMoudleId: 'bidding1',
     roomNum: '1' },
  costTime: 3 }
[2019-03-26T10:26:55.474] [INFO] response - { method: 'POST',
  url: '/websites/getWebsites',
  body: {},
  costTime: 4 }
[2019-03-26T10:26:55.478] [INFO] response - { method: 'POST',
  url: '/resourceLibrary/getImgs',
  body: { pageSize: '18', currentPage: '1' },
  costTime: 10 }
[2019-03-26T10:27:49.166] [INFO] response - { method: 'POST',
  url: '/resourceLibrary/getImgs',
  body: { pageSize: '18', currentPage: '1' },
  costTime: 7 }
[2019-03-26T10:27:49.169] [INFO] response - { method: 'POST',
  url: '/resourceLibrary/getVideos',
  body: { pageSize: '18', currentPage: '1' },
  costTime: 8 }
[2019-03-26T10:27:51.388] [INFO] response - { method: 'POST',
  url: '/user/getUsers',
  body: { pageSize: '9', currentPage: '1' },
  costTime: 5 }
[2019-03-26T10:28:16.917] [INFO] response - { method: 'POST',
  url: '/websites/getWebsites',
  body: {},
  costTime: 5 }
[2019-03-26T10:28:16.920] [INFO] response - { method: 'POST',
  url: '/resourceLibrary/getImgs',
  body: { pageSize: '18', currentPage: '1' },
  costTime: 12 }
[2019-03-26T10:28:34.988] [INFO] response - { method: 'POST',
  url: '/user/getUsersName',
  body: {},
  costTime: 2 }
[2019-03-26T10:28:34.991] [INFO] response - { method: 'POST',
  url: '/outRecord/getRecords',
  body: { pageSize: '9', currentPage: '1' },
  costTime: 6 }
[2019-03-26T10:28:35.343] [INFO] response - { method: 'POST',
  url: '/resourceLibrary/getImgs',
  body: { pageSize: '18', currentPage: '1' },
  costTime: 6 }
[2019-03-26T10:28:35.346] [INFO] response - { method: 'POST',
  url: '/resourceLibrary/getVideos',
  body: { pageSize: '18', currentPage: '1' },
  costTime: 8 }
[2019-03-26T10:28:37.233] [INFO] response - { method: 'POST',
  url: '/user/getUsers',
  body: { pageSize: '9', currentPage: '1' },
  costTime: 3 }
[2019-03-26T10:29:36.625] [INFO] response - { method: 'POST',
  url: '/resourceLibrary/getImgs',
  body: { pageSize: '18', currentPage: '1' },
  costTime: 9 }
[2019-03-26T10:29:36.626] [INFO] response - { method: 'POST',
  url: '/resourceLibrary/getVideos',
  body: { pageSize: '18', currentPage: '1' },
  costTime: 8 }
[2019-03-26T10:29:37.112] [INFO] response - { method: 'POST',
  url: '/user/getUsersName',
  body: {},
  costTime: 2 }
[2019-03-26T10:29:37.116] [INFO] response - { method: 'POST',
  url: '/outRecord/getRecords',
  body: { pageSize: '9', currentPage: '1' },
  costTime: 7 }
[2019-03-26T10:29:39.677] [INFO] response - { method: 'POST',
  url: '/resourceLibrary/getImgs',
  body: { pageSize: '18', currentPage: '1' },
  costTime: 11 }
[2019-03-26T10:29:39.681] [INFO] response - { method: 'POST',
  url: '/websites/getWebsites',
  body: {},
  costTime: 12 }
[2019-03-26T10:30:10.699] [INFO] response - { method: 'POST',
  url: '/user/getUsersName',
  body: {},
  costTime: 4 }
[2019-03-26T10:30:10.706] [INFO] response - { method: 'POST',
  url: '/outRecord/getRecords',
  body: { pageSize: '9', currentPage: '1' },
  costTime: 13 }
[2019-03-26T10:30:11.156] [INFO] response - { method: 'POST',
  url: '/resourceLibrary/getImgs',
  body: { pageSize: '18', currentPage: '1' },
  costTime: 7 }
[2019-03-26T10:30:11.158] [INFO] response - { method: 'POST',
  url: '/resourceLibrary/getVideos',
  body: { pageSize: '18', currentPage: '1' },
  costTime: 7 }
[2019-03-26T10:33:00.098] [INFO] response - { method: 'POST',
  url: '/user/getUsers',
  body: { pageSize: '9', currentPage: '1' },
  costTime: 3 }
[2019-03-26T11:46:11.277] [INFO] response - { method: 'POST',
  url: '/user/getUsers',
  body: { pageSize: '9', currentPage: '1' },
  costTime: 6 }
[2019-03-26T11:46:11.721] [INFO] response - { method: 'POST',
  url: '/resourceLibrary/getImgs',
  body: { pageSize: '18', currentPage: '1' },
  costTime: 6 }
[2019-03-26T11:46:11.722] [INFO] response - { method: 'POST',
  url: '/resourceLibrary/getVideos',
  body: { pageSize: '18', currentPage: '1' },
  costTime: 5 }
[2019-03-26T11:46:13.221] [INFO] response - { method: 'POST',
  url: '/user/getUsers',
  body: { pageSize: '9', currentPage: '1' },
  costTime: 6 }
[2019-03-26T11:46:18.141] [INFO] response - { method: 'POST',
  url: '/user/getUsersName',
  body: {},
  costTime: 5 }
[2019-03-26T11:46:18.146] [INFO] response - { method: 'POST',
  url: '/outRecord/getRecords',
  body: { pageSize: '9', currentPage: '1' },
  costTime: 11 }
[2019-03-26T11:48:24.202] [INFO] response - { method: 'POST',
  url: '/user/getUsers',
  body: { pageSize: '9', currentPage: '1' },
  costTime: 6 }
[2019-03-26T11:48:58.113] [INFO] response - { method: 'POST',
  url: '/user/getUsersName',
  body: {},
  costTime: 3 }
[2019-03-26T11:48:58.116] [INFO] response - { method: 'POST',
  url: '/outRecord/getRecords',
  body: { pageSize: '9', currentPage: '1' },
  costTime: 7 }
[2019-03-26T11:49:26.320] [INFO] response - { method: 'POST',
  url: '/user/getUsersName',
  body: {},
  costTime: 2 }
[2019-03-26T11:49:26.322] [INFO] response - { method: 'POST',
  url: '/outRecord/getRecords',
  body: { pageSize: '9', currentPage: '1' },
  costTime: 6 }
[2019-03-26T11:49:37.765] [INFO] response - { method: 'POST',
  url: '/resourceLibrary/getImgs',
  body: { pageSize: '18', currentPage: '1' },
  costTime: 7 }
[2019-03-26T11:49:37.766] [INFO] response - { method: 'POST',
  url: '/resourceLibrary/getVideos',
  body: { pageSize: '18', currentPage: '1' },
  costTime: 6 }
[2019-03-26T11:49:39.962] [INFO] response - { method: 'POST',
  url: '/user/getUsers',
  body: { pageSize: '9', currentPage: '1' },
  costTime: 5 }
[2019-03-26T13:44:50.224] [INFO] response - { method: 'POST',
  url: '/resourceLibrary/getImgs',
  body: { pageSize: '18', currentPage: '1' },
  costTime: 5 }
[2019-03-26T13:44:50.226] [INFO] response - { method: 'POST',
  url: '/resourceLibrary/getVideos',
  body: { pageSize: '18', currentPage: '1' },
  costTime: 6 }
[2019-03-26T13:44:50.764] [INFO] response - { method: 'POST',
  url: '/user/getUsersName',
  body: {},
  costTime: 3 }
[2019-03-26T13:44:50.766] [INFO] response - { method: 'POST',
  url: '/outRecord/getRecords',
  body: { pageSize: '9', currentPage: '1' },
  costTime: 6 }
[2019-03-26T13:44:53.709] [INFO] response - { method: 'POST',
  url: '/user/getUsers',
  body: { pageSize: '9', currentPage: '1' },
  costTime: 3 }
[2019-03-26T14:12:17.905] [INFO] response - { method: 'POST',
  url: '/user/login',
  body: { userName: 'admin', password: '123' },
  costTime: 126 }
[2019-03-26T14:12:17.942] [INFO] response - { method: 'POST',
  url: '/websites/getWebsites',
  body: {},
  costTime: 2 }
[2019-03-26T14:12:17.944] [INFO] response - { method: 'POST',
  url: '/resourceLibrary/getImgs',
  body: { pageSize: '18', currentPage: '1' },
  costTime: 5 }
[2019-03-26T14:13:25.361] [INFO] response - { method: 'POST',
  url: '/user/getUsers',
  body: { pageSize: '9', currentPage: '1' },
  costTime: 2 }
[2019-03-26T14:17:38.791] [INFO] response - { method: 'POST',
  url: '/user/getUsers',
  body: { pageSize: '9', currentPage: '1' },
  costTime: 3 }
[2019-03-26T14:22:00.989] [INFO] response - { method: 'POST',
  url: '/user/getUsers',
  body: { pageSize: '9', currentPage: '1' },
  costTime: 3 }
[2019-03-26T14:24:48.853] [INFO] response - { method: 'POST',
  url: '/user/getUsers',
  body: { pageSize: '9', currentPage: '1' },
  costTime: 3 }
[2019-03-26T14:31:23.615] [INFO] response - { method: 'POST',
  url: '/user/getUsers',
  body: { pageSize: '9', currentPage: '1' },
  costTime: 6 }
[2019-03-26T14:32:52.587] [INFO] response - { method: 'POST',
  url: '/user/getUsers',
  body: { pageSize: '9', currentPage: '1' },
  costTime: 3 }
[2019-03-26T14:45:52.728] [INFO] response - { method: 'POST',
  url: '/user/getUsers',
  body: { pageSize: '9', currentPage: '1' },
  costTime: 4 }
[2019-03-26T14:47:06.336] [INFO] response - { method: 'POST',
  url: '/user/getUsers',
  body: { pageSize: '9', currentPage: '1' },
  costTime: 4 }
[2019-03-26T14:47:51.040] [INFO] response - { method: 'POST',
  url: '/user/getUsers',
  body: { pageSize: '9', currentPage: '1' },
  costTime: 3 }
[2019-03-26T14:50:50.140] [INFO] response - { method: 'POST',
  url: '/user/getUsers',
  body: { pageSize: '9', currentPage: '1' },
  costTime: 24 }
[2019-03-26T14:50:52.554] [INFO] response - { method: 'POST', url: '/user/pauseUser', body: {}, costTime: 20 }
[2019-03-26T14:50:52.581] [INFO] response - { method: 'POST',
  url: '/user/getUsers',
  body: { pageSize: '9', currentPage: '1' },
  costTime: 7 }
[2019-03-26T14:50:59.408] [INFO] response - { method: 'POST',
  url: '/user/getUsers',
  body: { pageSize: '9', currentPage: '1' },
  costTime: 4 }
[2019-03-26T14:52:25.757] [INFO] response - { method: 'POST',
  url: '/user/pauseUser',
  body: {},
  costTime: 29195 }
[2019-03-26T14:52:25.789] [INFO] response - { method: 'POST',
  url: '/user/getUsers',
  body: { pageSize: '9', currentPage: '1' },
  costTime: 13 }
[2019-03-26T14:53:12.926] [INFO] response - { method: 'POST',
  url: '/user/getUsers',
  body: { pageSize: '9', currentPage: '1' },
  costTime: 4 }
[2019-03-26T14:53:27.549] [INFO] response - { method: 'POST',
  url: '/user/pauseUser',
  body: {},
  costTime: 2411 }
[2019-03-26T14:53:27.559] [INFO] response - { method: 'POST',
  url: '/user/getUsers',
  body: { pageSize: '9', currentPage: '1' },
  costTime: 3 }
[2019-03-26T14:53:49.022] [INFO] response - { method: 'POST', url: '/user/pauseUser', body: {}, costTime: 4 }
[2019-03-26T14:53:49.047] [INFO] response - { method: 'POST',
  url: '/user/getUsers',
  body: { pageSize: '9', currentPage: '1' },
  costTime: 9 }
[2019-03-26T14:55:01.486] [INFO] response - { method: 'POST',
  url: '/user/getUsers',
  body: { pageSize: '9', currentPage: '1' },
  costTime: 15 }
[2019-03-26T14:55:09.189] [INFO] response - { method: 'POST',
  url: '/user/pauseUser',
  body: { _id: '5c9490520d515f3f404baf07' },
  costTime: 6 }
[2019-03-26T14:55:09.199] [INFO] response - { method: 'POST',
  url: '/user/getUsers',
  body: { pageSize: '9', currentPage: '1' },
  costTime: 4 }
[2019-03-26T14:55:13.526] [INFO] response - { method: 'POST',
  url: '/user/pauseUser',
  body: { _id: '5c948a9e9f7a333f0cce0ed0' },
  costTime: 12 }
[2019-03-26T14:55:13.545] [INFO] response - { method: 'POST',
  url: '/user/getUsers',
  body: { pageSize: '9', currentPage: '1' },
  costTime: 7 }
[2019-03-26T14:56:35.861] [INFO] response - { method: 'POST',
  url: '/user/getUsers',
  body: { pageSize: '9', currentPage: '1' },
  costTime: 4 }
[2019-03-26T14:57:07.924] [INFO] response - { method: 'POST',
  url: '/user/getUsers',
  body: { pageSize: '9', currentPage: '1' },
  costTime: 3 }
[2019-03-26T14:57:15.231] [INFO] response - { method: 'POST',
  url: '/user/RefreshUser',
  body: { _id: '5c9490520d515f3f404baf07' },
  costTime: 17 }
[2019-03-26T14:57:15.263] [INFO] response - { method: 'POST',
  url: '/user/getUsers',
  body: { pageSize: '9', currentPage: '1' },
  costTime: 18 }
[2019-03-26T14:57:17.139] [INFO] response - { method: 'POST',
  url: '/user/RefreshUser',
  body: { _id: '5c948a9e9f7a333f0cce0ed0' },
  costTime: 4 }
[2019-03-26T14:57:17.160] [INFO] response - { method: 'POST',
  url: '/user/getUsers',
  body: { pageSize: '9', currentPage: '1' },
  costTime: 6 }
[2019-03-26T14:57:19.098] [INFO] response - { method: 'POST',
  url: '/user/pauseUser',
  body: { _id: '5c948a9e9f7a333f0cce0ed0' },
  costTime: 5 }
[2019-03-26T14:57:19.123] [INFO] response - { method: 'POST',
  url: '/user/getUsers',
  body: { pageSize: '9', currentPage: '1' },
  costTime: 7 }
[2019-03-26T14:57:57.859] [INFO] response - { method: 'POST',
  url: '/user/RefreshUser',
  body: { _id: '5c948a9e9f7a333f0cce0ed0' },
  costTime: 17 }
[2019-03-26T14:57:57.891] [INFO] response - { method: 'POST',
  url: '/user/getUsers',
  body: { pageSize: '9', currentPage: '1' },
  costTime: 18 }
[2019-03-26T14:58:06.295] [INFO] response - { method: 'POST',
  url: '/user/RefreshUser',
  body: { _id: '5c948a9e9f7a333f0cce0ed0' },
  costTime: 5 }
[2019-03-26T14:58:06.323] [INFO] response - { method: 'POST',
  url: '/user/getUsers',
  body: { pageSize: '9', currentPage: '1' },
  costTime: 13 }
[2019-03-26T14:59:02.332] [INFO] response - { method: 'POST',
  url: '/user/RefreshUser',
  body: { _id: '5c948a9e9f7a333f0cce0ed0' },
  costTime: 17 }
[2019-03-26T14:59:02.356] [INFO] response - { method: 'POST',
  url: '/user/getUsers',
  body: { pageSize: '9', currentPage: '1' },
  costTime: 15 }
[2019-03-26T14:59:26.499] [INFO] response - { method: 'POST',
  url: '/user/pauseUser',
  body: { _id: '5c9490520d515f3f404baf07' },
  costTime: 16 }
[2019-03-26T14:59:26.519] [INFO] response - { method: 'POST',
  url: '/user/getUsers',
  body: { pageSize: '9', currentPage: '1' },
  costTime: 11 }
[2019-03-26T14:59:39.865] [INFO] response - { method: 'POST',
  url: '/user/RefreshUser',
  body: { _id: '5c948a9e9f7a333f0cce0ed0' },
  costTime: 10 }
[2019-03-26T14:59:39.893] [INFO] response - { method: 'POST',
  url: '/user/getUsers',
  body: { pageSize: '9', currentPage: '1' },
  costTime: 11 }
[2019-03-26T15:10:07.277] [INFO] response - { method: 'POST',
  url: '/user/RefreshUser',
  body: { _id: '5c9490520d515f3f404baf07' },
  costTime: 12 }
[2019-03-26T15:10:07.298] [INFO] response - { method: 'POST',
  url: '/user/getUsers',
  body: { pageSize: '9', currentPage: '1' },
  costTime: 13 }
[2019-03-26T15:10:09.465] [INFO] response - { method: 'POST',
  url: '/user/RefreshUser',
  body: { _id: '5c948a9e9f7a333f0cce0ed0' },
  costTime: 14 }
[2019-03-26T15:10:09.507] [INFO] response - { method: 'POST',
  url: '/user/getUsers',
  body: { pageSize: '9', currentPage: '1' },
  costTime: 24 }
[2019-03-26T15:10:37.799] [INFO] response - { method: 'POST',
  url: '/user/RefreshUser',
  body: { _id: '5c9490520d515f3f404baf07' },
  costTime: 16 }
[2019-03-26T15:10:37.821] [INFO] response - { method: 'POST',
  url: '/user/getUsers',
  body: { pageSize: '9', currentPage: '1' },
  costTime: 13 }
[2019-03-26T15:10:38.823] [INFO] response - { method: 'POST',
  url: '/user/RefreshUser',
  body: { _id: '5c948a9e9f7a333f0cce0ed0' },
  costTime: 6 }
[2019-03-26T15:10:38.845] [INFO] response - { method: 'POST',
  url: '/user/getUsers',
  body: { pageSize: '9', currentPage: '1' },
  costTime: 8 }
[2019-03-26T15:19:18.900] [INFO] response - { method: 'POST',
  url: '/user/pauseUser',
  body: { _id: '5c9490520d515f3f404baf07' },
  costTime: 8 }
[2019-03-26T15:19:18.917] [INFO] response - { method: 'POST',
  url: '/user/getUsers',
  body: { pageSize: '9', currentPage: '1' },
  costTime: 6 }
[2019-03-26T15:19:20.284] [INFO] response - { method: 'POST',
  url: '/user/RefreshUser',
  body: { _id: '5c9490520d515f3f404baf07' },
  costTime: 5 }
[2019-03-26T15:19:20.307] [INFO] response - { method: 'POST',
  url: '/user/getUsers',
  body: { pageSize: '9', currentPage: '1' },
  costTime: 7 }
[2019-03-26T15:19:21.043] [INFO] response - { method: 'POST',
  url: '/user/pauseUser',
  body: { _id: '5c948a9e9f7a333f0cce0ed0' },
  costTime: 6 }
[2019-03-26T15:19:21.066] [INFO] response - { method: 'POST',
  url: '/user/getUsers',
  body: { pageSize: '9', currentPage: '1' },
  costTime: 8 }
[2019-03-26T15:19:21.716] [INFO] response - { method: 'POST',
  url: '/user/RefreshUser',
  body: { _id: '5c948a9e9f7a333f0cce0ed0' },
  costTime: 6 }
[2019-03-26T15:19:21.735] [INFO] response - { method: 'POST',
  url: '/user/getUsers',
  body: { pageSize: '9', currentPage: '1' },
  costTime: 5 }
[2019-03-26T15:19:24.458] [INFO] response - { method: 'POST',
  url: '/user/pauseUser',
  body: { _id: '5c948a9e9f7a333f0cce0ed0' },
  costTime: 6 }
[2019-03-26T15:19:24.480] [INFO] response - { method: 'POST',
  url: '/user/getUsers',
  body: { pageSize: '9', currentPage: '1' },
  costTime: 9 }
[2019-03-26T15:19:25.433] [INFO] response - { method: 'POST',
  url: '/user/RefreshUser',
  body: { _id: '5c948a9e9f7a333f0cce0ed0' },
  costTime: 5 }
[2019-03-26T15:19:25.455] [INFO] response - { method: 'POST',
  url: '/user/getUsers',
  body: { pageSize: '9', currentPage: '1' },
  costTime: 8 }
[2019-03-26T15:19:26.202] [INFO] response - { method: 'POST',
  url: '/user/pauseUser',
  body: { _id: '5c9490520d515f3f404baf07' },
  costTime: 5 }
[2019-03-26T15:19:26.223] [INFO] response - { method: 'POST',
  url: '/user/getUsers',
  body: { pageSize: '9', currentPage: '1' },
  costTime: 8 }
[2019-03-26T15:19:26.650] [INFO] response - { method: 'POST',
  url: '/user/RefreshUser',
  body: { _id: '5c9490520d515f3f404baf07' },
  costTime: 5 }
[2019-03-26T15:19:26.672] [INFO] response - { method: 'POST',
  url: '/user/getUsers',
  body: { pageSize: '9', currentPage: '1' },
  costTime: 8 }
[2019-03-26T15:19:28.170] [INFO] response - { method: 'POST',
  url: '/user/pauseUser',
  body: { _id: '5c9490520d515f3f404baf07' },
  costTime: 6 }
[2019-03-26T15:19:28.184] [INFO] response - { method: 'POST',
  url: '/user/getUsers',
  body: { pageSize: '9', currentPage: '1' },
  costTime: 4 }
[2019-03-26T15:19:29.603] [INFO] response - { method: 'POST',
  url: '/user/RefreshUser',
  body: { _id: '5c9490520d515f3f404baf07' },
  costTime: 6 }
[2019-03-26T15:19:29.621] [INFO] response - { method: 'POST',
  url: '/user/getUsers',
  body: { pageSize: '9', currentPage: '1' },
  costTime: 5 }
[2019-03-26T15:19:36.929] [INFO] response - { method: 'POST',
  url: '/user/pauseUser',
  body: { _id: '5c948a9e9f7a333f0cce0ed0' },
  costTime: 5 }
[2019-03-26T15:19:36.951] [INFO] response - { method: 'POST',
  url: '/user/getUsers',
  body: { pageSize: '9', currentPage: '1' },
  costTime: 8 }
[2019-03-26T15:19:37.983] [INFO] response - { method: 'POST',
  url: '/user/RefreshUser',
  body: { _id: '5c948a9e9f7a333f0cce0ed0' },
  costTime: 5 }
[2019-03-26T15:19:38.006] [INFO] response - { method: 'POST',
  url: '/user/getUsers',
  body: { pageSize: '9', currentPage: '1' },
  costTime: 9 }
[2019-03-26T15:21:15.598] [INFO] response - { method: 'POST',
  url: '/user/pauseUser',
  body: { _id: '5c9490520d515f3f404baf07' },
  costTime: 26 }
[2019-03-26T15:21:15.636] [INFO] response - { method: 'POST',
  url: '/user/getUsers',
  body: { pageSize: '9', currentPage: '1' },
  costTime: 20 }
[2019-03-26T15:21:16.712] [INFO] response - { method: 'POST',
  url: '/user/RefreshUser',
  body: { _id: '5c9490520d515f3f404baf07' },
  costTime: 5 }
[2019-03-26T15:21:16.735] [INFO] response - { method: 'POST',
  url: '/user/getUsers',
  body: { pageSize: '9', currentPage: '1' },
  costTime: 9 }
[2019-03-26T15:22:04.000] [INFO] response - { method: 'POST',
  url: '/user/getUsers',
  body: { pageSize: '9', currentPage: '1' },
  costTime: 4 }
[2019-03-26T15:22:16.575] [INFO] response - { method: 'POST',
  url: '/user/check',
  body: { userName: 'test2' },
  costTime: 5 }
[2019-03-26T15:22:27.336] [INFO] response - { method: 'POST',
  url: '/user/save',
  body: 
   { showDialog: 'true',
     userName: 'test2',
     password: '123',
     status: 'normal',
     jobPosition: ' 用户',
     role: 'admin',
     jurisdiction: 
      { web: 'true',
        view: 'true',
        expert: 'true',
        out: 'true',
        res: 'false',
        cdLibrary: 'false',
        jurisdiction: 'false' } },
  costTime: 149 }
[2019-03-26T15:22:27.357] [INFO] response - { method: 'POST',
  url: '/user/getUsers',
  body: { pageSize: '9', currentPage: '1' },
  costTime: 3 }
[2019-03-26T15:22:29.413] [INFO] response - { method: 'POST',
  url: '/user/pauseUser',
  body: { _id: '5c99d333192e612b3cb357a5' },
  costTime: 5 }
[2019-03-26T15:22:29.437] [INFO] response - { method: 'POST',
  url: '/user/getUsers',
  body: { pageSize: '9', currentPage: '1' },
  costTime: 10 }
[2019-03-26T15:22:31.899] [INFO] response - { method: 'POST',
  url: '/user/RefreshUser',
  body: { _id: '5c99d333192e612b3cb357a5' },
  costTime: 3 }
[2019-03-26T15:22:31.921] [INFO] response - { method: 'POST',
  url: '/user/getUsers',
  body: { pageSize: '9', currentPage: '1' },
  costTime: 8 }
[2019-03-26T15:22:32.972] [INFO] response - { method: 'POST',
  url: '/user/pauseUser',
  body: { _id: '5c9490520d515f3f404baf07' },
  costTime: 4 }
[2019-03-26T15:22:32.995] [INFO] response - { method: 'POST',
  url: '/user/getUsers',
  body: { pageSize: '9', currentPage: '1' },
  costTime: 9 }
[2019-03-26T15:22:34.571] [INFO] response - { method: 'POST',
  url: '/user/RefreshUser',
  body: { _id: '5c9490520d515f3f404baf07' },
  costTime: 4 }
[2019-03-26T15:22:34.595] [INFO] response - { method: 'POST',
  url: '/user/getUsers',
  body: { pageSize: '9', currentPage: '1' },
  costTime: 9 }
[2019-03-26T15:23:06.999] [INFO] response - { method: 'POST',
  url: '/websites/getWebsites',
  body: {},
  costTime: 9 }
[2019-03-26T15:23:07.012] [INFO] response - { method: 'POST',
  url: '/resourceLibrary/getImgs',
  body: { pageSize: '18', currentPage: '1' },
  costTime: 25 }
[2019-03-26T15:23:09.070] [INFO] response - { method: 'POST',
  url: '/user/getUsers',
  body: { pageSize: '9', currentPage: '1' },
  costTime: 5 }
[2019-03-26T15:24:53.696] [INFO] response - { method: 'POST',
  url: '/user/getUsers',
  body: { pageSize: '9', currentPage: '1' },
  costTime: 3 }
[2019-03-26T15:24:55.949] [INFO] response - { method: 'POST',
  url: '/user/getUsers',
  body: { pageSize: '9', currentPage: '1' },
  costTime: 22 }
[2019-03-26T15:25:05.466] [INFO] response - { method: 'POST',
  url: '/user/getUsers',
  body: { pageSize: '9', currentPage: '1' },
  costTime: 3 }
[2019-03-26T15:25:14.622] [INFO] response - { method: 'POST',
  url: '/user/getUsers',
  body: { pageSize: '9', currentPage: '1' },
  costTime: 3 }
[2019-03-26T15:25:26.944] [INFO] response - { method: 'POST',
  url: '/user/getUsers',
  body: { pageSize: '9', currentPage: '1' },
  costTime: 2 }
[2019-03-26T15:25:33.906] [INFO] response - { method: 'POST',
  url: '/user/getUsers',
  body: { pageSize: '9', currentPage: '1' },
  costTime: 4 }
[2019-03-26T15:49:08.892] [INFO] response - { method: 'POST',
  url: '/user/getUsers',
  body: { pageSize: '9', currentPage: '1' },
  costTime: 4 }
[2019-03-26T15:50:04.325] [INFO] response - { method: 'POST',
  url: '/user/getUsers',
  body: { pageSize: '9', currentPage: '1' },
  costTime: 3 }
[2019-03-26T16:23:12.531] [INFO] response - { method: 'POST',
  url: '/user/getUsers',
  body: { pageSize: '9', currentPage: '1' },
  costTime: 3 }
[2019-03-26T16:30:25.277] [INFO] response - { method: 'POST',
  url: '/user/getUsers',
  body: { pageSize: '9', currentPage: '1' },
  costTime: 3 }
[2019-03-26T16:32:28.972] [INFO] response - { method: 'POST',
  url: '/user/getUsers',
  body: { pageSize: '9', currentPage: '1' },
  costTime: 3 }
[2019-03-26T16:38:22.413] [INFO] response - { method: 'POST',
  url: '/user/pauseUser',
  body: { _id: '5c99d333192e612b3cb357a5' },
  costTime: 4 }
[2019-03-26T16:38:22.441] [INFO] response - { method: 'POST',
  url: '/user/getUsers',
  body: { pageSize: '9', currentPage: '1' },
  costTime: 10 }
[2019-03-26T16:39:42.975] [INFO] response - { method: 'POST',
  url: '/user/getUsers',
  body: { pageSize: '9', currentPage: '1' },
  costTime: 6 }
[2019-03-26T16:40:01.840] [INFO] response - { method: 'POST',
  url: '/user/getUsers',
  body: { pageSize: '9', currentPage: '1' },
  costTime: 4 }
[2019-03-26T16:46:18.389] [INFO] response - { method: 'POST',
  url: '/user/login',
  body: { userName: 'test1', password: '123' },
  costTime: 129 }
[2019-03-26T16:46:18.426] [INFO] response - { method: 'POST',
  url: '/websites/getWebsites',
  body: {},
  costTime: 9 }
[2019-03-26T16:46:18.431] [INFO] response - { method: 'POST',
  url: '/resourceLibrary/getImgs',
  body: { pageSize: '18', currentPage: '1' },
  costTime: 18 }
[2019-03-26T16:46:35.254] [INFO] response - { method: 'POST',
  url: '/user/login',
  body: { userName: 'test1', password: '123' },
  costTime: 145 }
[2019-03-26T16:46:35.284] [INFO] response - { method: 'POST',
  url: '/websites/getWebsites',
  body: {},
  costTime: 7 }
[2019-03-26T16:46:35.289] [INFO] response - { method: 'POST',
  url: '/resourceLibrary/getImgs',
  body: { pageSize: '18', currentPage: '1' },
  costTime: 15 }
[2019-03-26T16:47:50.706] [INFO] response - { method: 'POST',
  url: '/user/login',
  body: { userName: 'test1', password: '123' },
  costTime: 59874 }
[2019-03-26T16:47:53.676] [INFO] response - { method: 'POST',
  url: '/user/login',
  body: { userName: 'test1', password: '123' },
  costTime: 2968 }
[2019-03-26T16:47:53.680] [INFO] response - { method: 'POST',
  url: '/websites/getWebsites',
  body: {},
  costTime: 3 }
[2019-03-26T16:47:53.682] [INFO] response - { method: 'POST',
  url: '/resourceLibrary/getImgs',
  body: { pageSize: '18', currentPage: '1' },
  costTime: 7 }
[2019-03-26T16:48:01.437] [INFO] response - { method: 'POST',
  url: '/user/login',
  body: { userName: 'admin', password: '123' },
  costTime: 143 }
[2019-03-26T16:48:01.457] [INFO] response - { method: 'POST',
  url: '/websites/getWebsites',
  body: {},
  costTime: 3 }
[2019-03-26T16:48:01.459] [INFO] response - { method: 'POST',
  url: '/resourceLibrary/getImgs',
  body: { pageSize: '18', currentPage: '1' },
  costTime: 6 }
[2019-03-26T16:48:03.049] [INFO] response - { method: 'POST',
  url: '/user/getUsers',
  body: { pageSize: '9', currentPage: '1' },
  costTime: 3 }
[2019-03-26T16:48:07.213] [INFO] response - { method: 'POST',
  url: '/user/pauseUser',
  body: { _id: '5c9490520d515f3f404baf07' },
  costTime: 16 }
[2019-03-26T16:48:07.230] [INFO] response - { method: 'POST',
  url: '/user/getUsers',
  body: { pageSize: '9', currentPage: '1' },
  costTime: 5 }
[2019-03-26T16:48:14.799] [INFO] response - { method: 'POST',
  url: '/user/login',
  body: { userName: 'test1', password: '123' },
  costTime: 6 }
[2019-03-26T16:48:41.400] [INFO] response - { method: 'POST',
  url: '/user/login',
  body: { userName: 'test1', password: '123' },
  costTime: 22 }
[2019-03-26T16:48:45.440] [INFO] response - { method: 'POST',
  url: '/user/login',
  body: { userName: 'admin', password: '123' },
  costTime: 124 }
[2019-03-26T16:48:45.488] [INFO] response - { method: 'POST',
  url: '/resourceLibrary/getImgs',
  body: { pageSize: '18', currentPage: '1' },
  costTime: 12 }
[2019-03-26T16:48:45.490] [INFO] response - { method: 'POST',
  url: '/websites/getWebsites',
  body: {},
  costTime: 12 }
[2019-03-26T16:48:53.401] [INFO] response - { method: 'POST',
  url: '/user/login',
  body: { userName: 'test1', password: '123' },
  costTime: 29 }
[2019-03-26T16:48:59.221] [INFO] response - { method: 'POST',
  url: '/user/login',
  body: { userName: 'test1', password: '123' },
  costTime: 7 }
[2019-03-26T16:51:50.328] [INFO] response - { method: 'POST',
  url: '/user/login',
  body: { userName: 'test1', password: '1231' },
  costTime: 11 }
[2019-03-26T16:52:01.088] [INFO] response - { method: 'POST',
  url: '/user/login',
  body: { userName: 'admin', password: '1231' },
  costTime: 156 }
[2019-03-26T16:53:37.611] [INFO] response - { method: 'POST',
  url: '/user/login',
  body: { userName: 'admin', password: '123' },
  costTime: 101 }
[2019-03-26T16:56:38.116] [INFO] response - { method: 'POST',
  url: '/websites/getWebsites',
  body: {},
  costTime: 12 }
[2019-03-26T16:56:38.123] [INFO] response - { method: 'POST',
  url: '/resourceLibrary/getImgs',
  body: { pageSize: '18', currentPage: '1' },
  costTime: 26 }
[2019-03-26T16:56:38.841] [INFO] response - { method: 'POST',
  url: '/websites/getWebsites',
  body: {},
  costTime: 2 }
[2019-03-26T16:56:38.843] [INFO] response - { method: 'POST',
  url: '/resourceLibrary/getImgs',
  body: { pageSize: '18', currentPage: '1' },
  costTime: 5 }
[2019-03-26T16:56:49.428] [INFO] response - { method: 'POST',
  url: '/user/login',
  body: { userName: 'test1', password: '123' },
  costTime: 19 }
[2019-03-26T16:56:55.563] [INFO] response - { method: 'POST',
  url: '/user/login',
  body: { userName: 'test1', password: '123' },
  costTime: 5 }
[2019-03-26T16:57:26.281] [INFO] response - { method: 'POST',
  url: '/user/login',
  body: { userName: 'test1', password: '123' },
  costTime: 6 }
[2019-03-26T16:59:53.974] [INFO] response - { method: 'POST',
  url: '/user/login',
  body: { userName: 'test1', password: '123' },
  costTime: 22 }
[2019-03-26T16:59:59.187] [INFO] response - { method: 'POST',
  url: '/user/login',
  body: { userName: 'test1', password: '123' },
  costTime: 10 }
[2019-03-26T17:00:02.346] [INFO] response - { method: 'POST',
  url: '/user/login',
  body: { userName: 'test1', password: '1231' },
  costTime: 4 }
[2019-03-26T17:00:10.424] [INFO] response - { method: 'POST',
  url: '/user/login',
  body: { userName: 'admin', password: '1231' },
  costTime: 182 }
[2019-03-26T17:00:16.300] [INFO] response - { method: 'POST',
  url: '/user/login',
  body: { userName: 'admin', password: '123' },
  costTime: 140 }
[2019-03-26T17:00:16.335] [INFO] response - { method: 'POST',
  url: '/resourceLibrary/getImgs',
  body: { pageSize: '18', currentPage: '1' },
  costTime: 13 }
[2019-03-26T17:00:16.338] [INFO] response - { method: 'POST',
  url: '/websites/getWebsites',
  body: {},
  costTime: 12 }
[2019-03-26T17:02:05.481] [INFO] response - { method: 'POST',
  url: '/integratedMachine/getUrl',
  body: {},
  costTime: 4 }
[2019-03-26T17:02:05.484] [INFO] response - { method: 'POST',
  url: '/resourceLibrary/getImgs',
  body: { pageSize: '18', currentPage: '1' },
  costTime: 8 }
[2019-03-26T17:02:07.497] [INFO] response - { method: 'POST',
  url: '/user/getUsersName',
  body: {},
  costTime: 3 }
[2019-03-26T17:02:07.500] [INFO] response - { method: 'POST',
  url: '/outRecord/getRecords',
  body: { pageSize: '9', currentPage: '1' },
  costTime: 8 }
[2019-03-26T17:02:08.344] [INFO] response - { method: 'POST',
  url: '/resourceLibrary/getImgs',
  body: { pageSize: '18', currentPage: '1' },
  costTime: 9 }
[2019-03-26T17:02:08.346] [INFO] response - { method: 'POST',
  url: '/resourceLibrary/getVideos',
  body: { pageSize: '18', currentPage: '1' },
  costTime: 10 }
[2019-03-26T17:02:09.435] [INFO] response - { method: 'POST',
  url: '/user/getUsers',
  body: { pageSize: '9', currentPage: '1' },
  costTime: 4 }
[2019-03-26T17:02:12.500] [INFO] response - { method: 'POST',
  url: '/user/RefreshUser',
  body: { _id: '5c9490520d515f3f404baf07' },
  costTime: 19 }
[2019-03-26T17:02:12.524] [INFO] response - { method: 'POST',
  url: '/user/getUsers',
  body: { pageSize: '9', currentPage: '1' },
  costTime: 9 }
[2019-03-26T17:02:13.483] [INFO] response - { method: 'POST',
  url: '/user/RefreshUser',
  body: { _id: '5c99d333192e612b3cb357a5' },
  costTime: 4 }
[2019-03-26T17:02:13.502] [INFO] response - { method: 'POST',
  url: '/user/getUsers',
  body: { pageSize: '9', currentPage: '1' },
  costTime: 7 }
[2019-03-26T17:02:21.449] [INFO] response - { method: 'POST',
  url: '/user/login',
  body: { userName: 'test1', password: '123' },
  costTime: 134 }
[2019-03-26T17:02:21.473] [INFO] response - { method: 'POST',
  url: '/websites/getWebsites',
  body: {},
  costTime: 3 }
[2019-03-26T17:02:21.475] [INFO] response - { method: 'POST',
  url: '/resourceLibrary/getImgs',
  body: { pageSize: '18', currentPage: '1' },
  costTime: 6 }
[2019-03-26T17:02:27.392] [INFO] response - { method: 'POST',
  url: '/user/login',
  body: { userName: 'admin', password: '123' },
  costTime: 174 }
[2019-03-26T17:02:27.416] [INFO] response - { method: 'POST',
  url: '/websites/getWebsites',
  body: {},
  costTime: 3 }
[2019-03-26T17:02:27.419] [INFO] response - { method: 'POST',
  url: '/resourceLibrary/getImgs',
  body: { pageSize: '18', currentPage: '1' },
  costTime: 8 }
[2019-03-26T17:02:28.529] [INFO] response - { method: 'POST',
  url: '/user/getUsers',
  body: { pageSize: '9', currentPage: '1' },
  costTime: 7 }
[2019-03-26T17:14:52.667] [INFO] response - { method: 'POST',
  url: '/user/login',
  body: { userName: 'admin', password: '123' },
  costTime: 137 }
[2019-03-26T17:16:20.871] [INFO] response - { method: 'POST',
  url: '/user/login',
  body: { userName: 'admin', password: '123' },
  costTime: 126 }
[2019-03-26T17:17:03.046] [INFO] response - { method: 'POST',
  url: '/user/login',
  body: { userName: 'admin', password: '123' },
  costTime: 120 }
[2019-03-26T17:17:44.787] [INFO] response - { method: 'POST',
  url: '/user/login',
  body: { userName: 'admin', password: '123' },
  costTime: 123 }
[2019-03-26T17:20:02.452] [INFO] response - { method: 'POST',
  url: '/user/login',
  body: { userName: 'admin', password: '123' },
  costTime: 114151 }
[2019-03-26T17:20:12.642] [INFO] response - { method: 'POST',
  url: '/user/login',
  body: { userName: 'admin', password: '123' },
  costTime: 3127 }
[2019-03-26T17:21:38.524] [INFO] response - { method: 'POST',
  url: '/user/login',
  body: { userName: 'admin', password: '123' },
  costTime: 149 }
[2019-03-26T17:21:38.612] [INFO] response - { method: 'POST',
  url: '/resourceLibrary/getImgs',
  body: { pageSize: '18', currentPage: '1' },
  costTime: 11 }
[2019-03-26T17:21:38.615] [INFO] response - { method: 'POST',
  url: '/websites/getWebsites',
  body: {},
  costTime: 11 }
[2019-03-26T17:22:45.412] [INFO] response - { method: 'POST',
  url: '/user/getUsers',
  body: { pageSize: '9', currentPage: '1' },
  costTime: 51389 }
[2019-03-26T17:23:00.551] [INFO] response - { method: 'POST',
  url: '/user/login',
  body: { userName: 'admin', password: '123' },
  costTime: 124 }
[2019-03-26T17:23:00.582] [INFO] response - { method: 'POST',
  url: '/websites/getWebsites',
  body: {},
  costTime: 6 }
[2019-03-26T17:23:00.587] [INFO] response - { method: 'POST',
  url: '/resourceLibrary/getImgs',
  body: { pageSize: '18', currentPage: '1' },
  costTime: 15 }
[2019-03-26T17:29:42.201] [INFO] response - { method: 'POST',
  url: '/user/getUsers',
  body: { pageSize: '9', currentPage: '1' },
  costTime: 398581 }
[2019-03-26T17:29:42.205] [INFO] response - { method: 'POST',
  url: '/user/getUsers',
  body: { pageSize: '9', currentPage: '1' },
  costTime: 10 }
[2019-03-26T17:30:09.939] [INFO] response - { method: 'POST',
  url: '/user/getUsers',
  body: { pageSize: '9', currentPage: '1' },
  costTime: 20046 }
[2019-03-26T17:30:10.041] [INFO] response - { method: 'POST',
  url: '/user/login',
  body: { userName: 'admin', password: '123' },
  costTime: 247 }
[2019-03-26T17:30:10.041] [INFO] response - { method: 'POST',
  url: '/user/login',
  body: { userName: 'admin', password: '123' },
  costTime: 238 }
[2019-03-26T17:30:10.073] [INFO] response - { method: 'POST',
  url: '/websites/getWebsites',
  body: {},
  costTime: 3 }
[2019-03-26T17:30:10.077] [INFO] response - { method: 'POST',
  url: '/resourceLibrary/getImgs',
  body: { pageSize: '18', currentPage: '1' },
  costTime: 9 }
[2019-03-26T17:31:07.332] [INFO] response - { method: 'POST',
  url: '/user/getUsers',
  body: { pageSize: '9', currentPage: '1' },
  costTime: 50165 }
[2019-03-26T17:31:07.339] [INFO] response - { method: 'POST',
  url: '/user/getUsers',
  body: { pageSize: '9', currentPage: '1' },
  costTime: 973 }
[2019-03-26T17:31:31.782] [INFO] response - { method: 'POST',
  url: '/user/login',
  body: { userName: 'admin', password: '123' },
  costTime: 126 }
[2019-03-26T17:31:31.819] [INFO] response - { method: 'POST',
  url: '/websites/getWebsites',
  body: {},
  costTime: 8 }
[2019-03-26T17:31:31.824] [INFO] response - { method: 'POST',
  url: '/resourceLibrary/getImgs',
  body: { pageSize: '18', currentPage: '1' },
  costTime: 16 }
[2019-03-26T17:31:42.084] [INFO] response - { method: 'POST',
  url: '/user/getUsers',
  body: { pageSize: '9', currentPage: '1' },
  costTime: 7218 }
[2019-03-26T17:33:11.947] [INFO] response - { method: 'POST',
  url: '/user/login',
  body: { userName: 'admin', password: '123' },
  costTime: 136 }
[2019-03-26T17:33:11.983] [INFO] response - { method: 'POST',
  url: '/resourceLibrary/getImgs',
  body: { pageSize: '18', currentPage: '1' },
  costTime: 11 }
[2019-03-26T17:33:11.986] [INFO] response - { method: 'POST',
  url: '/websites/getWebsites',
  body: {},
  costTime: 11 }
[2019-03-26T17:33:43.713] [INFO] response - { method: 'POST',
  url: '/user/getUsers',
  body: { pageSize: '9', currentPage: '1' },
  costTime: 28983 }
[2019-03-26T17:38:35.600] [INFO] response - { method: 'POST',
  url: '/user/getUsers',
  body: { pageSize: '9', currentPage: '1' },
  costTime: 21 }
[2019-03-26T17:38:46.207] [INFO] response - { method: 'POST',
  url: '/user/login',
  body: { userName: 'admin', password: '123' },
  costTime: 120 }
[2019-03-26T17:38:46.275] [INFO] response - { method: 'POST',
  url: '/resourceLibrary/getImgs',
  body: { pageSize: '18', currentPage: '1' },
  costTime: 12 }
[2019-03-26T17:38:46.277] [INFO] response - { method: 'POST',
  url: '/websites/getWebsites',
  body: {},
  costTime: 9 }
[2019-03-26T17:38:50.200] [INFO] response - { method: 'POST',
  url: '/user/getUsers',
  body: { pageSize: '9', currentPage: '1' },
  costTime: 8 }
[2019-03-26T17:39:47.905] [INFO] response - { method: 'POST',
  url: '/user/login',
  body: { userName: 'admin', password: '123' },
  costTime: 122 }
[2019-03-26T17:39:47.942] [INFO] response - { method: 'POST',
  url: '/resourceLibrary/getImgs',
  body: { pageSize: '18', currentPage: '1' },
  costTime: 11 }
[2019-03-26T17:39:47.945] [INFO] response - { method: 'POST',
  url: '/websites/getWebsites',
  body: {},
  costTime: 11 }
[2019-03-26T17:39:50.256] [INFO] response - { method: 'POST',
  url: '/user/getUsers',
  body: { pageSize: '9', currentPage: '1' },
  costTime: 5 }
[2019-03-26T17:50:11.254] [INFO] response - { method: 'POST',
  url: '/user/login',
  body: { userName: 'admin', password: '123' },
  costTime: 20456 }
[2019-03-26T17:50:11.366] [INFO] response - { method: 'POST',
  url: '/websites/getWebsites',
  body: {},
  costTime: 10 }
[2019-03-26T17:50:11.373] [INFO] response - { method: 'POST',
  url: '/resourceLibrary/getImgs',
  body: { pageSize: '18', currentPage: '1' },
  costTime: 21 }
[2019-03-26T17:50:29.117] [INFO] response - { method: 'POST',
  url: '/user/getUsers',
  body: { pageSize: '9', currentPage: '1' },
  costTime: 4 }
[2019-03-26T17:51:02.027] [INFO] response - { method: 'POST',
  url: '/resourceLibrary/getImgs',
  body: { pageSize: '18', currentPage: '1' },
  costTime: 10 }
[2019-03-26T17:51:02.030] [INFO] response - { method: 'POST',
  url: '/resourceLibrary/getVideos',
  body: { pageSize: '18', currentPage: '1' },
  costTime: 11 }
